number,value,datetime_start,datetime_complete,duration,params_alpha,params_beta,params_decay_factor,state
264,0.44126546465108274,2026-04-22 00:39:38.085367,2026-04-22 00:39:38.217039,0 days 00:00:00.131672,4.554966817064692,9.080381657273012,0.1804418020165639,COMPLETE
265,0.4356601591990676,2026-04-22 00:39:38.217071,2026-04-22 00:39:38.345321,0 days 00:00:00.128250,4.897374536431733,5.8457397253161085,0.15820913977246673,COMPLETE
266,0.4418892150915701,2026-04-22 00:39:38.345353,2026-04-22 00:39:38.478054,0 days 00:00:00.132701,4.041954540024003,8.681583780522669,0.2218035537734726,COMPLETE
267,0.440874892315398,2026-04-22 00:39:38.478087,2026-04-22 00:39:38.605318,0 days 00:00:00.127231,4.64371824899352,9.250209279394245,0.315291418547697,COMPLETE
268,0.4421051233223033,2026-04-22 00:39:38.605351,2026-04-22 00:39:38.731659,0 days 00:00:00.126308,4.346321469043373,9.52038914458701,0.2051711531117013,COMPLETE
269,0.4406254074479758,2026-04-22 00:39:38.731710,2026-04-22 00:39:38.898850,0 days 00:00:00.167140,5.710293349847545,9.789068923446052,0.2555748600313222,COMPLETE
270,0.4370858859585532,2026-04-22 00:39:38.898881,2026-04-22 00:39:39.025711,0 days 00:00:00.126830,5.12409173359166,9.064214421674007,0.12190009652576794,COMPLETE
271,0.4418184952289496,2026-04-22 00:39:39.025743,2026-04-22 00:39:39.150205,0 days 00:00:00.124462,4.171094432453294,8.84043722472995,0.29349377670007604,COMPLETE
272,0.4382036230472119,2026-04-22 00:39:39.150236,2026-04-22 00:39:39.282448,0 days 00:00:00.132212,4.535171387588751,8.611759318369549,0.3341461666181756,COMPLETE
273,0.4375831747441055,2026-04-22 00:39:39.282480,2026-04-22 00:39:39.410946,0 days 00:00:00.128466,3.9008215413711858,7.022872527632499,0.1829354478915075,COMPLETE
274,0.44330248898674834,2026-04-22 00:39:39.410979,2026-04-22 00:39:39.536709,0 days 00:00:00.125730,4.87156581612024,9.378606037816061,0.23933563312835388,COMPLETE
275,0.43949074100683005,2026-04-22 00:39:39.536740,2026-04-22 00:39:39.669003,0 days 00:00:00.132263,4.954072672560666,9.34550194386919,0.22893600791619212,COMPLETE
276,0.4439520475400294,2026-04-22 00:39:39.669033,2026-04-22 00:39:39.800630,0 days 00:00:00.131597,4.302661285466172,9.673696287239645,0.20493974497653838,COMPLETE
277,0.4393099284860447,2026-04-22 00:39:39.800660,2026-04-22 00:39:39.926868,0 days 00:00:00.126208,4.38101029495224,9.729300821599901,0.1474063348419558,COMPLETE
278,0.4171514686038728,2026-04-22 00:39:39.926900,2026-04-22 00:39:40.058345,0 days 00:00:00.131445,9.540456086969712,9.491947760344768,0.2008911758974294,COMPLETE
279,0.44078581409224227,2026-04-22 00:39:40.058375,2026-04-22 00:39:40.185887,0 days 00:00:00.127512,4.202282487284276,9.762918365752475,0.1725984252452457,COMPLETE
280,0.4418944508312965,2026-04-22 00:39:40.185918,2026-04-22 00:39:40.309984,0 days 00:00:00.124066,4.722424709619367,9.644747072629091,0.2393453772070766,COMPLETE
281,0.441710862817629,2026-04-22 00:39:40.310016,2026-04-22 00:39:40.437928,0 days 00:00:00.127912,4.514664543182514,9.37136825502427,0.1915179939564166,COMPLETE
282,0.44077736947127605,2026-04-22 00:39:40.437960,2026-04-22 00:39:40.566001,0 days 00:00:00.128041,5.32941664160839,9.848045229406194,0.2138218077107234,COMPLETE
283,0.4347841517296924,2026-04-22 00:39:40.566033,2026-04-22 00:39:40.697804,0 days 00:00:00.131771,4.930797620924813,9.233127770214189,0.7241303172952768,COMPLETE
284,0.44135099721430165,2026-04-22 00:39:40.697836,2026-04-22 00:39:40.832822,0 days 00:00:00.134986,4.122803911575487,9.541498372352342,0.16331094721044923,COMPLETE
285,0.44219918489225707,2026-04-22 00:39:40.832853,2026-04-22 00:39:40.962012,0 days 00:00:00.129159,4.3839527702144325,9.165955303344285,0.2451907260086972,COMPLETE
286,0.4197330878945824,2026-04-22 00:39:40.962044,2026-04-22 00:39:41.088199,0 days 00:00:00.126155,5.1859549829579406,0.635214799291882,0.18647422748846082,COMPLETE
287,0.4419225066206543,2026-04-22 00:39:41.088231,2026-04-22 00:39:41.215105,0 days 00:00:00.126874,3.9349878830569924,9.396517726323994,0.1367022714403412,COMPLETE
288,0.44037874233881225,2026-04-22 00:39:41.215135,2026-04-22 00:39:41.339096,0 days 00:00:00.123961,4.750937726859596,9.608557000197397,0.22386444944633926,COMPLETE
289,0.44299837790292007,2026-04-22 00:39:41.339129,2026-04-22 00:39:41.474387,0 days 00:00:00.135258,4.535562739579068,9.06220989839768,0.2687769307935903,COMPLETE
290,0.4379774360676705,2026-04-22 00:39:41.474432,2026-04-22 00:39:41.613776,0 days 00:00:00.139344,4.291232886168953,8.995841994007575,0.44073050685254744,COMPLETE
291,0.44259276214427834,2026-04-22 00:39:41.613820,2026-04-22 00:39:40.990661,-1 days +23:59:59.376841,4.536697248179478,9.119415408077106,0.2787485934160872,COMPLETE
292,0.44294679303895695,2026-04-22 00:39:40.990693,2026-04-22 00:39:41.120783,0 days 00:00:00.130090,4.723600813151265,8.993076811888463,0.28188801184697304,COMPLETE
293,0.443351915957297,2026-04-22 00:39:41.120814,2026-04-22 00:39:41.247794,0 days 00:00:00.126980,4.603904751514753,8.985879108298926,0.29724370807186373,COMPLETE
294,0.4409889295647947,2026-04-22 00:39:41.247825,2026-04-22 00:39:41.376477,0 days 00:00:00.128652,4.5514473213117,8.900877166751433,0.3141522453178814,COMPLETE
295,0.43968856318295446,2026-04-22 00:39:41.376509,2026-04-22 00:39:41.503175,0 days 00:00:00.126666,4.607649326904335,9.03890874038851,0.30056803244372243,COMPLETE
296,0.44130586762024443,2026-04-22 00:39:41.503208,2026-04-22 00:39:41.635312,0 days 00:00:00.132104,4.461748014099777,9.110337743847763,0.2795277762432909,COMPLETE
297,0.4415886701744957,2026-04-22 00:39:41.635344,2026-04-22 00:39:41.766859,0 days 00:00:00.131515,4.748912792416098,8.907719606371597,0.331308405379297,COMPLETE
298,0.4400021857977629,2026-04-22 00:39:41.766890,2026-04-22 00:39:41.896082,0 days 00:00:00.129192,4.592332961112473,8.592656508602355,0.2864277304950553,COMPLETE
299,0.44098671628862174,2026-04-22 00:39:41.896116,2026-04-22 00:39:42.027120,0 days 00:00:00.131004,4.270685168558882,9.140408751284795,0.2723081039114011,COMPLETE
300,0.4403833451018463,2026-04-22 00:39:42.027153,2026-04-22 00:39:42.159564,0 days 00:00:00.132411,4.788276774581375,8.850959843342098,0.30464865084039394,COMPLETE
301,0.443480463766444,2026-04-22 00:39:42.159596,2026-04-22 00:39:42.288406,0 days 00:00:00.128810,4.469067955078811,9.017491671795757,0.2675889393270172,COMPLETE
302,0.44039004116896835,2026-04-22 00:39:42.288437,2026-04-22 00:39:42.413660,0 days 00:00:00.125223,4.459481671426416,8.333696609715581,0.2887857703751864,COMPLETE
303,0.4419213350818878,2026-04-22 00:39:42.413689,2026-04-22 00:39:42.543544,0 days 00:00:00.129855,4.598563261171502,8.635771519645008,0.3121915732349817,COMPLETE
304,0.4408386245441392,2026-04-22 00:39:42.543576,2026-04-22 00:39:42.670568,0 days 00:00:00.126992,4.882947912756474,8.956293260384337,0.2710992540768632,COMPLETE
305,0.4415160500543769,2026-04-22 00:39:42.670603,2026-04-22 00:39:42.794208,0 days 00:00:00.123605,4.395255222925155,8.751800380832261,0.3340443979244898,COMPLETE
306,0.4433070433872619,2026-04-22 00:39:42.794239,2026-04-22 00:39:42.918552,0 days 00:00:00.124313,4.753385424625442,9.267514198096393,0.25974508719924116,COMPLETE
307,0.4394923624422114,2026-04-22 00:39:42.918580,2026-04-22 00:39:43.044415,0 days 00:00:00.125835,5.024457978104965,9.194186214515943,0.35277061155038103,COMPLETE
308,0.4424219470149436,2026-04-22 00:39:43.044447,2026-04-22 00:39:43.171374,0 days 00:00:00.126927,4.637714632904144,8.98628962312843,0.28843988638087914,COMPLETE
309,0.43916497640016106,2026-04-22 00:39:43.171405,2026-04-22 00:39:43.299213,0 days 00:00:00.127808,4.796846390796652,8.452619054003167,0.2672315746078704,COMPLETE
310,0.44190878824293445,2026-04-22 00:39:43.299251,2026-04-22 00:39:43.427606,0 days 00:00:00.128355,4.988000511423402,9.21060839786052,0.2530475528512662,COMPLETE
311,0.441385586764697,2026-04-22 00:39:43.427636,2026-04-22 00:39:43.555811,0 days 00:00:00.128175,4.728322440671157,8.82161591494212,0.27933658721509336,COMPLETE
312,0.4422909698338632,2026-04-22 00:39:43.555845,2026-04-22 00:39:43.683656,0 days 00:00:00.127811,4.123070727002377,8.99961840884809,0.3019546878830453,COMPLETE
313,0.44059953276647307,2026-04-22 00:39:43.683686,2026-04-22 00:39:43.813474,0 days 00:00:00.129788,4.552290000826473,8.703457549948439,0.25535525301369943,COMPLETE
314,0.44234953329796073,2026-04-22 00:39:43.813511,2026-04-22 00:39:43.943940,0 days 00:00:00.130429,4.797013801714756,9.253432128520025,0.3154344280599235,COMPLETE
315,0.4400321756418969,2026-04-22 00:39:43.943973,2026-04-22 00:39:44.077404,0 days 00:00:00.133431,5.125278563870993,9.02134255915429,0.266985266203538,COMPLETE
316,0.4388806359384455,2026-04-22 00:39:44.077437,2026-04-22 00:39:44.204153,0 days 00:00:00.126716,4.445030143306181,9.360523442372097,0.29364401328417067,COMPLETE
317,0.4351368204591426,2026-04-22 00:39:44.204183,2026-04-22 00:39:44.332170,0 days 00:00:00.127987,4.052789135585114,8.485138093068933,0.47910824387575607,COMPLETE
318,0.44026358714151687,2026-04-22 00:39:44.332202,2026-04-22 00:39:44.460818,0 days 00:00:00.128616,4.957696547525903,8.835489283367991,0.2501819044268821,COMPLETE
319,0.4313795186778047,2026-04-22 00:39:44.460850,2026-04-22 00:39:44.587693,0 days 00:00:00.126843,7.986814001884124,9.143285101498597,0.3269005847116606,COMPLETE
320,0.4418246858205703,2026-04-22 00:39:44.587727,2026-04-22 00:39:44.714975,0 days 00:00:00.127248,4.6465666016375415,9.394278099127371,0.2434838003373347,COMPLETE
321,0.44187861916064614,2026-04-22 00:39:44.715006,2026-04-22 00:39:44.840331,0 days 00:00:00.125325,4.271330580568797,8.69582706241986,0.2737467676863456,COMPLETE
322,0.441733431124321,2026-04-22 00:39:44.840363,2026-04-22 00:39:44.967927,0 days 00:00:00.127564,3.943199548383263,6.596165813703784,0.29096596512625794,COMPLETE
323,0.4415673953747644,2026-04-22 00:39:44.967958,2026-04-22 00:39:45.098881,0 days 00:00:00.130923,5.496577982179796,8.963731930861908,0.26207596274298334,COMPLETE
324,0.4420772624740281,2026-04-22 00:39:45.098913,2026-04-22 00:39:45.227330,0 days 00:00:00.128417,4.54409855768052,9.217873726085719,0.24762207170288858,COMPLETE
325,0.4363261627780079,2026-04-22 00:39:45.227364,2026-04-22 00:39:45.360675,0 days 00:00:00.133311,4.811326002806817,9.387665658336422,0.6521853355685443,COMPLETE
326,0.44171050242294996,2026-04-22 00:39:45.360707,2026-04-22 00:39:45.491323,0 days 00:00:00.130616,4.37939436695119,8.568184013009288,0.30037690743552126,COMPLETE
327,0.41781152802611216,2026-04-22 00:39:45.491352,2026-04-22 00:39:45.611478,0 days 00:00:00.120126,7.441888927575741,3.6303566326424876,0.23375374424984716,COMPLETE
328,0.4399118187652942,2026-04-22 00:39:45.611508,2026-04-22 00:39:45.738427,0 days 00:00:00.126919,4.181359406563693,9.043540984387567,0.3535577302639452,COMPLETE
329,0.4410098184279382,2026-04-22 00:39:45.738461,2026-04-22 00:39:45.869638,0 days 00:00:00.131177,5.0551327350883986,8.795154916408103,0.2712285952043616,COMPLETE
330,0.44138082557686054,2026-04-22 00:39:45.869673,2026-04-22 00:39:45.998152,0 days 00:00:00.128479,4.664174095310448,9.127315066039207,0.3182092889215329,COMPLETE
331,0.44073845805543854,2026-04-22 00:39:45.998185,2026-04-22 00:39:46.125665,0 days 00:00:00.127480,5.243863956602749,8.335351848212316,0.28411064888751125,COMPLETE
332,0.43910783289769745,2026-04-22 00:39:46.125697,2026-04-22 00:39:46.254914,0 days 00:00:00.129217,4.856795715249291,8.134064068099512,0.2223419046446139,COMPLETE
333,0.44167978352544035,2026-04-22 00:39:46.254948,2026-04-22 00:39:46.386050,0 days 00:00:00.131102,4.4283611903427,9.515965165413668,0.23813192017112408,COMPLETE
334,0.4406066078979644,2026-04-22 00:39:46.386081,2026-04-22 00:39:46.512997,0 days 00:00:00.126916,3.8585546867871385,8.87550449139839,0.25487124772830455,COMPLETE
335,0.43977148738044536,2026-04-22 00:39:46.513027,2026-04-22 00:39:46.639191,0 days 00:00:00.126164,4.09495632918395,9.3233250409144,0.29505011706926376,COMPLETE
336,0.4388593540554255,2026-04-22 00:39:46.639224,2026-04-22 00:39:46.769286,0 days 00:00:00.130062,4.570716707533287,9.073402292524388,0.2124545132277538,COMPLETE
337,0.4421708949502357,2026-04-22 00:39:46.769317,2026-04-22 00:39:46.901468,0 days 00:00:00.132151,4.257086961268415,8.62692795102908,0.15620264592126934,COMPLETE
338,0.44106612378521115,2026-04-22 00:39:46.901500,2026-04-22 00:39:47.036311,0 days 00:00:00.134811,4.930963673052247,8.90101435693265,0.27424951889016486,COMPLETE
339,0.42586570108193456,2026-04-22 00:39:47.036343,2026-04-22 00:39:47.161374,0 days 00:00:00.125031,4.654739463475964,1.4796412453725356,0.23682723065032407,COMPLETE
340,0.44169807777000386,2026-04-22 00:39:47.161406,2026-04-22 00:39:47.291982,0 days 00:00:00.130576,4.377856994823153,9.216699571626727,0.3049348753362753,COMPLETE
341,0.4387969280163572,2026-04-22 00:39:47.292014,2026-04-22 00:39:47.426528,0 days 00:00:00.134514,4.010005398290509,9.417697079502,0.2647686012526355,COMPLETE
342,0.4397966383670179,2026-04-22 00:39:47.426561,2026-04-22 00:39:47.561571,0 days 00:00:00.135010,4.795242932684027,9.017131270906827,0.33617496045503237,COMPLETE
343,0.43914644859538465,2026-04-22 00:39:47.561604,2026-04-22 00:39:47.698548,0 days 00:00:00.136944,5.165838429992731,8.810302126409518,0.21658392755993564,COMPLETE
344,0.43891955505248376,2026-04-22 00:39:47.698581,2026-04-22 00:39:47.831944,0 days 00:00:00.133363,4.496120966587026,9.525198552519926,0.3786476969158634,COMPLETE
345,0.43912161399203936,2026-04-22 00:39:47.831977,2026-04-22 00:39:47.961315,0 days 00:00:00.129338,4.244264362857005,9.228370555962234,0.1307545112960183,COMPLETE
346,0.4420714405078023,2026-04-22 00:39:47.961346,2026-04-22 00:39:48.091905,0 days 00:00:00.130559,3.847705273713205,8.569091594463794,0.17232532661353678,COMPLETE
347,0.4396519707477324,2026-04-22 00:39:48.091938,2026-04-22 00:39:48.223154,0 days 00:00:00.131216,5.046117848274555,9.05010768542831,0.25069588781425395,COMPLETE
348,0.44054094373639485,2026-04-22 00:39:48.223185,2026-04-22 00:39:48.352116,0 days 00:00:00.128931,4.727982945601955,9.357534620189579,0.2817092650022701,COMPLETE
349,0.43999046447059975,2026-04-22 00:39:48.352149,2026-04-22 00:39:48.484277,0 days 00:00:00.132128,5.450717319520297,8.736952475181855,0.2001137228837067,COMPLETE
350,0.4386172222684668,2026-04-22 00:39:48.484308,2026-04-22 00:39:48.612781,0 days 00:00:00.128473,4.495159195430459,9.632641880840517,0.31341474663134433,COMPLETE
351,0.44200001730156785,2026-04-22 00:39:48.612811,2026-04-22 00:39:48.737690,0 days 00:00:00.124879,4.165145338100474,9.142791016336517,0.23592833236941205,COMPLETE
352,0.4310943951012702,2026-04-22 00:39:48.737722,2026-04-22 00:39:48.861168,0 days 00:00:00.123446,4.825894416005821,8.461500210524278,0.09663309646075802,COMPLETE
353,0.44152748988339635,2026-04-22 00:39:48.861198,2026-04-22 00:39:48.987909,0 days 00:00:00.126711,4.337483188711048,8.883700267137488,0.16820113854715124,COMPLETE
354,0.44083706535517797,2026-04-22 00:39:48.987941,2026-04-22 00:39:49.114615,0 days 00:00:00.126674,4.598787339995241,9.444426417357336,0.2594319917446319,COMPLETE
355,0.43202220559267196,2026-04-22 00:39:49.114647,2026-04-22 00:39:49.243254,0 days 00:00:00.128607,4.044524514676105,9.213564246481507,0.8337049030278013,COMPLETE
356,0.4301472645107718,2026-04-22 00:39:49.243286,2026-04-22 00:39:49.369608,0 days 00:00:00.126322,4.993998154329556,2.4547459829783747,0.2099472794973243,COMPLETE
357,0.44197916865106546,2026-04-22 00:39:49.369638,2026-04-22 00:39:49.494807,0 days 00:00:00.125169,5.3087103986451,8.967724532934337,0.28575138024620456,COMPLETE
358,0.4411333266601933,2026-04-22 00:39:49.494838,2026-04-22 00:39:49.621890,0 days 00:00:00.127052,3.799230431277741,8.672776597446976,0.14695023420161596,COMPLETE
359,0.44109272175497405,2026-04-22 00:39:49.621923,2026-04-22 00:39:49.753162,0 days 00:00:00.131239,4.4301231056614725,9.296692797580993,0.22269155486385003,COMPLETE
360,0.4418060989466751,2026-04-22 00:39:49.753192,2026-04-22 00:39:49.881528,0 days 00:00:00.128336,4.701062348261073,9.627348077489003,0.3235478161993539,COMPLETE
361,0.4405427576834797,2026-04-22 00:39:49.881559,2026-04-22 00:39:50.014239,0 days 00:00:00.132680,4.879380192316147,8.261607000207299,0.19179843056386,COMPLETE
362,0.44180436567650894,2026-04-22 00:39:50.014271,2026-04-22 00:39:50.143027,0 days 00:00:00.128756,4.293941687744356,8.864780774242139,0.2410853729422778,COMPLETE
363,0.4391444285406584,2026-04-22 00:39:50.143059,2026-04-22 00:39:50.276871,0 days 00:00:00.133812,4.5812016715875625,9.074525875220234,0.2619704392156286,COMPLETE
364,0.4314811228189949,2026-04-22 00:39:50.276903,2026-04-22 00:39:50.406851,0 days 00:00:00.129948,4.191688150270785,9.49160522614638,0.7921972916095865,COMPLETE
365,0.44124026452650567,2026-04-22 00:39:50.406883,2026-04-22 00:39:50.532966,0 days 00:00:00.126083,5.091654106492867,9.26742731752826,0.2953661198107749,COMPLETE
366,0.4408310651832405,2026-04-22 00:39:50.533000,2026-04-22 00:39:50.666992,0 days 00:00:00.133992,3.959737778254387,8.777300752426726,0.1737677784553861,COMPLETE
367,0.44247169453997603,2026-04-22 00:39:50.667023,2026-04-22 00:39:50.797720,0 days 00:00:00.130697,4.746828377422063,8.49199582148885,0.2111506503478524,COMPLETE
368,0.4409529697663669,2026-04-22 00:39:50.797753,2026-04-22 00:39:50.929782,0 days 00:00:00.132029,4.482516047624925,8.525396744572248,0.19683714649267117,COMPLETE
369,0.4414455317972758,2026-04-22 00:39:50.929818,2026-04-22 00:39:51.066538,0 days 00:00:00.136720,4.621278726496665,8.565928424504317,0.21718809654137988,COMPLETE
370,0.4414228499558582,2026-04-22 00:39:51.066571,2026-04-22 00:39:51.197829,0 days 00:00:00.131258,4.357020881981582,6.0541909672912055,0.4171959722627142,COMPLETE
371,0.4412266006218268,2026-04-22 00:39:51.197862,2026-04-22 00:39:51.330037,0 days 00:00:00.132175,3.7663446041687116,8.389612869769326,0.15444857947658014,COMPLETE
372,0.43977012179605773,2026-04-22 00:39:51.330069,2026-04-22 00:39:51.463349,0 days 00:00:00.133280,4.737979470829588,7.997227621564415,0.17606472459879866,COMPLETE
373,0.4421458748661831,2026-04-22 00:39:51.463383,2026-04-22 00:39:51.599825,0 days 00:00:00.136442,4.052363468064353,8.699594589308099,0.20868957134419605,COMPLETE
374,0.43977458168852834,2026-04-22 00:39:51.599857,2026-04-22 00:39:51.730108,0 days 00:00:00.130251,3.445736747820865,9.01423447561189,0.23030726223718292,COMPLETE
375,0.43093621242566366,2026-04-22 00:39:51.730140,2026-04-22 00:39:51.861819,0 days 00:00:00.131679,4.222076603832611,4.539937918437133,0.11462950403756075,COMPLETE
376,0.4422510990673326,2026-04-22 00:39:51.861851,2026-04-22 00:39:51.996676,0 days 00:00:00.134825,4.474149582461422,8.82234338743997,0.18708048225785998,COMPLETE
377,0.4416686958511161,2026-04-22 00:39:51.996710,2026-04-22 00:39:52.135761,0 days 00:00:00.139051,4.925311137958888,8.995882913540905,0.20454595271255932,COMPLETE
378,0.44251223236313014,2026-04-22 00:39:52.135794,2026-04-22 00:39:52.277385,0 days 00:00:00.141591,4.674831126250704,8.200174323837091,0.23341586317853186,COMPLETE
379,0.44213400084460813,2026-04-22 00:39:52.277419,2026-04-22 00:39:52.412423,0 days 00:00:00.135004,4.363725351859467,9.161312686733808,0.2769525588663306,COMPLETE
380,0.4387319733125467,2026-04-22 00:39:52.412457,2026-04-22 00:39:52.549404,0 days 00:00:00.136947,4.1288218798951455,7.255280834603488,0.24389654167785996,COMPLETE
381,0.4362108418760119,2026-04-22 00:39:52.549439,2026-04-22 00:39:52.684566,0 days 00:00:00.135127,5.183998793532725,8.89435650826198,0.55312985749588,COMPLETE
382,0.43873580098871634,2026-04-22 00:39:52.684599,2026-04-22 00:39:52.820898,0 days 00:00:00.136299,4.576114803840946,8.266771708610241,0.30719675205820374,COMPLETE
383,0.44008408435537333,2026-04-22 00:39:52.820936,2026-04-22 00:39:52.952648,0 days 00:00:00.131712,3.777777428993747,5.094020666030273,0.3550099647599741,COMPLETE
384,0.4400967596114151,2026-04-22 00:39:52.952680,2026-04-22 00:39:53.084000,0 days 00:00:00.131320,4.017880632841021,9.122028304102379,0.2313707310603516,COMPLETE
385,0.4351861697291556,2026-04-22 00:39:53.084034,2026-04-22 00:39:53.211714,0 days 00:00:00.127680,1.2573770365658419,8.697255974657521,0.2697195842930196,COMPLETE
386,0.4382827524432279,2026-04-22 00:39:53.211749,2026-04-22 00:39:53.347588,0 days 00:00:00.135839,4.688684324573228,9.48202426270815,0.1551781081978367,COMPLETE
387,0.44031035832263626,2026-04-22 00:39:53.347623,2026-04-22 00:39:53.489780,0 days 00:00:00.142157,4.418700829470853,9.777793048860426,0.25269383881891544,COMPLETE
388,0.4410758553464942,2026-04-22 00:39:53.489814,2026-04-22 00:39:53.625323,0 days 00:00:00.135509,4.9634419918971915,8.929393244957152,0.28968649355079723,COMPLETE
389,0.43801951085080276,2026-04-22 00:39:53.625356,2026-04-22 00:39:53.758968,0 days 00:00:00.133612,4.2266904165372985,9.309683798520675,0.32652514622147544,COMPLETE
390,0.4432974335894261,2026-04-22 00:39:53.759001,2026-04-22 00:39:53.889341,0 days 00:00:00.130340,4.546352657916988,9.118552883540815,0.1886447481708281,COMPLETE
391,0.44065262482130346,2026-04-22 00:39:53.889434,2026-04-22 00:39:54.022433,0 days 00:00:00.132999,4.474161447977605,9.142673477056226,0.2297246082336508,COMPLETE
392,0.4412804081255335,2026-04-22 00:39:54.022467,2026-04-22 00:39:54.153338,0 days 00:00:00.130871,4.289266958727157,9.638325025016078,0.2751473277804945,COMPLETE
393,0.44028085503080644,2026-04-22 00:39:54.153371,2026-04-22 00:39:54.286925,0 days 00:00:00.133554,3.967729645048191,9.413337886547803,0.1861285557630034,COMPLETE
394,0.4411048830417924,2026-04-22 00:39:54.286956,2026-04-22 00:39:54.423715,0 days 00:00:00.136759,4.6115549463321495,9.190334069787983,0.24896052381265027,COMPLETE
395,0.4413461529037069,2026-04-22 00:39:54.423749,2026-04-22 00:39:54.561861,0 days 00:00:00.138112,4.779054390021299,8.94098220261719,0.2271368112718064,COMPLETE
