number,value,datetime_start,datetime_complete,duration,params_alpha,params_beta,params_decay_factor,state
0,0.4346867087055992,2026-04-22 00:39:05.087487,2026-04-22 00:39:05.207884,0 days 00:00:00.120397,1.3807375385573561,7.23304823863434,0.5433006747679426,COMPLETE
1,0.4139439791861614,2026-04-22 00:39:05.207915,2026-04-22 00:39:05.334245,0 days 00:00:00.126330,8.364890389087892,4.047254564062216,0.34038516040799394,COMPLETE
2,0.3901557873292525,2026-04-22 00:39:05.334277,2026-04-22 00:39:05.462844,0 days 00:00:00.128567,8.597884717857498,1.0679463488846919,0.8380739191246583,COMPLETE
3,0.4357474054879496,2026-04-22 00:39:05.462876,2026-04-22 00:39:05.588740,0 days 00:00:00.125864,4.939537066777252,7.2941429270895775,0.8205216619069667,COMPLETE
4,0.41804002419808406,2026-04-22 00:39:05.588774,2026-04-22 00:39:05.716576,0 days 00:00:00.127802,8.902904920611393,6.508202951324752,0.819903684011962,COMPLETE
5,0.4350642248636634,2026-04-22 00:39:05.716606,2026-04-22 00:39:05.841995,0 days 00:00:00.125389,3.1446856958372935,8.531560507714918,0.6099238157468256,COMPLETE
6,0.4331161312805428,2026-04-22 00:39:05.842025,2026-04-22 00:39:05.970731,0 days 00:00:00.128706,5.354762439298789,9.056845444368278,0.7027182613145165,COMPLETE
7,0.3914926782687503,2026-04-22 00:39:05.970764,2026-04-22 00:39:06.093093,0 days 00:00:00.122329,8.947127424856498,1.2409859839944548,0.7247918612856009,COMPLETE
8,0.4233026887857718,2026-04-22 00:39:06.093127,2026-04-22 00:39:06.220409,0 days 00:00:00.127282,7.731427027039281,5.476754825267891,0.8334766479202282,COMPLETE
9,0.41998783812225166,2026-04-22 00:39:06.220439,2026-04-22 00:39:06.347591,0 days 00:00:00.127152,9.447345884158823,8.584842044617881,0.4446300375958052,COMPLETE
10,0.42131738493252513,2026-04-22 00:39:06.347621,2026-04-22 00:39:06.467822,0 days 00:00:00.120201,5.426891576436952,3.883540596078977,0.12254348250908392,COMPLETE
11,0.431371037660408,2026-04-22 00:39:06.467851,2026-04-22 00:39:06.590379,0 days 00:00:00.122528,2.388964963500343,9.82846505918311,0.6029133158320379,COMPLETE
12,0.4310708780993016,2026-04-22 00:39:06.590409,2026-04-22 00:39:06.711309,0 days 00:00:00.120900,3.293393264119553,7.265076197072836,0.9883382549759682,COMPLETE
13,0.4273764638099294,2026-04-22 00:39:06.711341,2026-04-22 00:39:06.829713,0 days 00:00:00.118372,0.07704841478211044,8.037201735480505,0.31452631791815294,COMPLETE
14,0.43548177040320085,2026-04-22 00:39:06.829743,2026-04-22 00:39:06.949584,0 days 00:00:00.119841,4.008432135137806,5.396650798218941,0.9445720987690414,COMPLETE
15,0.4251542587321153,2026-04-22 00:39:06.949614,2026-04-22 00:39:07.072363,0 days 00:00:00.122749,6.702502090971024,5.158875613174736,0.9597700745921668,COMPLETE
16,0.4275601055140874,2026-04-22 00:39:07.072393,2026-04-22 00:39:07.194794,0 days 00:00:00.122401,4.172766019801074,3.670670091600894,0.9947718427367469,COMPLETE
17,0.27128285442488853,2026-04-22 00:39:07.194825,2026-04-22 00:39:07.305067,0 days 00:00:00.110242,6.566616907385812,2.581632597784022,0.03757042621260648,COMPLETE
18,0.4342420713683878,2026-04-22 00:39:07.305096,2026-04-22 00:39:07.425317,0 days 00:00:00.120221,4.432933144799721,6.216723606712103,0.8719775796382134,COMPLETE
19,0.43230804686443786,2026-04-22 00:39:07.425347,2026-04-22 00:39:07.549523,0 days 00:00:00.124176,6.621286200705015,5.665004507412303,0.6881819951557543,COMPLETE
20,0.428077005584955,2026-04-22 00:39:07.549552,2026-04-22 00:39:07.670426,0 days 00:00:00.120874,1.6988375879476676,2.6826879757816338,0.8919175805875998,COMPLETE
21,0.4338842043205133,2026-04-22 00:39:07.670459,2026-04-22 00:39:07.795178,0 days 00:00:00.124719,3.280976779854243,6.859943205175272,0.749283095367257,COMPLETE
22,0.4332517273874581,2026-04-22 00:39:07.795208,2026-04-22 00:39:07.921154,0 days 00:00:00.125946,3.5301694975558835,7.937429305429481,0.6259368805472838,COMPLETE
23,0.43646535466979025,2026-04-22 00:39:07.921184,2026-04-22 00:39:08.049746,0 days 00:00:00.128562,4.717273698234101,9.83668306126159,0.5130682106759745,COMPLETE
24,0.43820122291275826,2026-04-22 00:39:08.049778,2026-04-22 00:39:08.180066,0 days 00:00:00.130288,4.932329212895865,9.992334158758954,0.4494680421213969,COMPLETE
25,0.4380204370796449,2026-04-22 00:39:08.180098,2026-04-22 00:39:08.310081,0 days 00:00:00.129983,5.88254763049169,9.769388748052949,0.39565751613712224,COMPLETE
26,0.43946768549602666,2026-04-22 00:39:08.310114,2026-04-22 00:39:08.436026,0 days 00:00:00.125912,6.243682151018007,9.972982623274536,0.42383114742463596,COMPLETE
27,0.43751288336900984,2026-04-22 00:39:08.436061,2026-04-22 00:39:08.565485,0 days 00:00:00.129424,5.73182941510399,9.302306385820915,0.39865986046179697,COMPLETE
28,0.4349816028244482,2026-04-22 00:39:08.565517,2026-04-22 00:39:08.691176,0 days 00:00:00.125659,7.35069093486757,9.168704577836003,0.24558541464826436,COMPLETE
29,0.4411181097306768,2026-04-22 00:39:08.691208,2026-04-22 00:39:08.821195,0 days 00:00:00.129987,5.905083572461823,9.995449420355877,0.2306015269774902,COMPLETE
30,0.4004341295059153,2026-04-22 00:39:08.821229,2026-04-22 00:39:08.945367,0 days 00:00:00.124138,6.279728419529352,0.07942403400437481,0.17998503453574327,COMPLETE
31,0.4362633022956596,2026-04-22 00:39:08.945400,2026-04-22 00:39:09.071787,0 days 00:00:00.126387,7.187708530092123,9.963545498355948,0.46337011496189995,COMPLETE
32,0.4388873963753917,2026-04-22 00:39:09.071817,2026-04-22 00:39:09.199488,0 days 00:00:00.127671,5.94153447523062,8.687491495917495,0.3511507850563185,COMPLETE
33,0.4309432650781115,2026-04-22 00:39:09.199520,2026-04-22 00:39:09.325302,0 days 00:00:00.125782,7.940892406543054,8.485026623457255,0.2980117881192856,COMPLETE
34,0.44093573319614643,2026-04-22 00:39:09.325336,2026-04-22 00:39:09.451444,0 days 00:00:00.126108,5.073148969606859,7.810046430546386,0.22809904821829477,COMPLETE
35,0.43912053625079345,2026-04-22 00:39:09.451474,2026-04-22 00:39:09.580908,0 days 00:00:00.129434,6.1371024811480055,7.831675963541846,0.216242095679545,COMPLETE
36,0.43523597516276663,2026-04-22 00:39:09.580938,2026-04-22 00:39:09.707320,0 days 00:00:00.126382,7.182740853566004,7.771776488473754,0.20772015462571672,COMPLETE
37,0.4262342834435268,2026-04-22 00:39:09.707350,2026-04-22 00:39:09.833099,0 days 00:00:00.125749,5.282285586315749,6.203916071916884,0.10284597094040443,COMPLETE
38,0.2666612048367069,2026-04-22 00:39:09.833136,2026-04-22 00:39:09.948136,0 days 00:00:00.115000,8.184043085061512,7.615760913379941,0.004905935685069918,COMPLETE
39,0.43302927595497787,2026-04-22 00:39:09.948167,2026-04-22 00:39:10.073635,0 days 00:00:00.125468,6.357336272738111,4.724987954612798,0.24429393587522286,COMPLETE
40,0.4383729588591997,2026-04-22 00:39:10.073666,2026-04-22 00:39:10.202401,0 days 00:00:00.128735,3.9523122346864805,6.795115255568135,0.14867914760995776,COMPLETE
41,0.4393000207987607,2026-04-22 00:39:10.202433,2026-04-22 00:39:09.591453,-1 days +23:59:59.389020,5.7547991077460265,8.636246043594513,0.33709286352132306,COMPLETE
42,0.4394825720982855,2026-04-22 00:39:09.591484,2026-04-22 00:39:09.715763,0 days 00:00:00.124279,5.3939977720111045,9.280260826353661,0.25481255395430524,COMPLETE
43,0.44111722608664283,2026-04-22 00:39:09.715796,2026-04-22 00:39:09.841562,0 days 00:00:00.125766,5.460767444843429,9.054544852143815,0.29521508349394665,COMPLETE
44,0.44101843473574376,2026-04-22 00:39:09.841594,2026-04-22 00:39:09.965680,0 days 00:00:00.124086,5.156028676376368,9.491212933649356,0.26682656215337097,COMPLETE
45,0.44092743407694135,2026-04-22 00:39:09.965718,2026-04-22 00:39:10.091308,0 days 00:00:00.125590,4.60182867372126,9.303695708369274,0.27326537713623,COMPLETE
46,0.43033693047415994,2026-04-22 00:39:10.091339,2026-04-22 00:39:10.214256,0 days 00:00:00.122917,2.747276982627063,8.932900126302723,0.07770216572265029,COMPLETE
47,0.4410013964523415,2026-04-22 00:39:10.214287,2026-04-22 00:39:10.337651,0 days 00:00:00.123364,4.751932549969771,9.47250270727492,0.28792045482848816,COMPLETE
48,0.4408195306697728,2026-04-22 00:39:10.337681,2026-04-22 00:39:10.461654,0 days 00:00:00.123973,5.126783081429342,9.506984193043909,0.15327545893913233,COMPLETE
49,0.4398730943317236,2026-04-22 00:39:10.461683,2026-04-22 00:39:10.583871,0 days 00:00:00.122188,3.676253928595174,8.317096186565037,0.35825271985423235,COMPLETE
50,0.4390812440631234,2026-04-22 00:39:10.583901,2026-04-22 00:39:10.707251,0 days 00:00:00.123350,4.238319101819253,8.960599351036558,0.2986741382030303,COMPLETE
51,0.44150031491890956,2026-04-22 00:39:10.707281,2026-04-22 00:39:10.831683,0 days 00:00:00.124402,4.689354553585366,9.510957710849928,0.2757031551398305,COMPLETE
52,0.4400423306715611,2026-04-22 00:39:10.831714,2026-04-22 00:39:10.954163,0 days 00:00:00.122449,4.885392245314366,8.187534198711278,0.19657818543312947,COMPLETE
53,0.44117147509784066,2026-04-22 00:39:10.954193,2026-04-22 00:39:11.078417,0 days 00:00:00.124224,5.606467876881549,9.481882370115011,0.15962769783314806,COMPLETE
54,0.44004239990554533,2026-04-22 00:39:11.078446,2026-04-22 00:39:11.207913,0 days 00:00:00.129467,5.531863819462317,9.483324967323336,0.16223856856191665,COMPLETE
55,0.4159508044704126,2026-04-22 00:39:11.207945,2026-04-22 00:39:11.334538,0 days 00:00:00.126593,6.929896524652031,8.822738125372576,0.09422542547794686,COMPLETE
56,0.4395608716940521,2026-04-22 00:39:11.334569,2026-04-22 00:39:11.460240,0 days 00:00:00.125671,4.42518934491799,9.681348684850052,0.28358185194359736,COMPLETE
57,0.4389059834984643,2026-04-22 00:39:11.460270,2026-04-22 00:39:11.585777,0 days 00:00:00.125507,3.7819134766161113,7.423384774983882,0.37526788034915437,COMPLETE
58,0.4201143413269838,2026-04-22 00:39:11.585809,2026-04-22 00:39:11.711745,0 days 00:00:00.125936,2.888112583317609,8.265011576323774,0.05766435419213223,COMPLETE
59,0.40146064082389454,2026-04-22 00:39:11.711779,2026-04-22 00:39:11.840506,0 days 00:00:00.128727,9.878796254074427,9.020358912114906,0.13178748181088668,COMPLETE
60,0.43898148988932884,2026-04-22 00:39:11.840540,2026-04-22 00:39:11.973353,0 days 00:00:00.132813,4.616803334766053,9.543730474624965,0.3275123580552929,COMPLETE
61,0.44114380201864584,2026-04-22 00:39:11.973385,2026-04-22 00:39:12.100771,0 days 00:00:00.127386,5.003737756532497,9.523507344549323,0.23682537113258495,COMPLETE
62,0.43909845463938973,2026-04-22 00:39:12.100802,2026-04-22 00:39:12.230647,0 days 00:00:00.129845,5.343177281189057,9.104183549797144,0.19149661898243647,COMPLETE
63,0.4405910378687837,2026-04-22 00:39:12.230679,2026-04-22 00:39:12.359808,0 days 00:00:00.129129,5.620591371333175,9.604638699548488,0.31449553107532924,COMPLETE
64,0.4413387451906486,2026-04-22 00:39:12.359838,2026-04-22 00:39:12.485624,0 days 00:00:00.125786,4.21982181484859,8.767924235254007,0.2674499291144414,COMPLETE
65,0.4378166982715,2026-04-22 00:39:12.485655,2026-04-22 00:39:12.607151,0 days 00:00:00.121496,4.2391076777846095,8.52999729057479,0.5680033166049422,COMPLETE
66,0.4399075168723629,2026-04-22 00:39:12.607182,2026-04-22 00:39:12.732233,0 days 00:00:00.125051,5.986262851971476,8.868793435255483,0.24942627160508268,COMPLETE
67,0.43755846174108864,2026-04-22 00:39:12.732263,2026-04-22 00:39:12.857673,0 days 00:00:00.125410,4.953772307234967,9.924481975598296,0.12090640493111499,COMPLETE
68,0.42705676792809333,2026-04-22 00:39:12.857706,2026-04-22 00:39:12.981175,0 days 00:00:00.123469,0.526684608746713,9.240607859466452,0.4807060690992855,COMPLETE
69,0.4386851204004179,2026-04-22 00:39:12.981207,2026-04-22 00:39:13.106778,0 days 00:00:00.125571,6.565491483270746,8.696506955773513,0.22035499090196814,COMPLETE
70,0.43841691431776175,2026-04-22 00:39:13.106812,2026-04-22 00:39:13.234994,0 days 00:00:00.128182,3.4490797679816945,8.050804676338993,0.40261361022002506,COMPLETE
71,0.4404573926628592,2026-04-22 00:39:13.235025,2026-04-22 00:39:13.362209,0 days 00:00:00.127184,4.724702833479925,9.54264147689844,0.2729764201412164,COMPLETE
72,0.4390886733658317,2026-04-22 00:39:13.362242,2026-04-22 00:39:13.490586,0 days 00:00:00.128344,3.9527163730424024,9.405419218095995,0.17720552396422917,COMPLETE
73,0.43707909838811354,2026-04-22 00:39:13.490617,2026-04-22 00:39:13.610848,0 days 00:00:00.120231,5.169526929110914,3.01534277319349,0.3049916271563888,COMPLETE
74,0.4374623753978569,2026-04-22 00:39:13.610878,2026-04-22 00:39:13.737926,0 days 00:00:00.127048,4.4574942009195615,9.690825068503964,0.36599803567391864,COMPLETE
75,0.4408725311860842,2026-04-22 00:39:13.737958,2026-04-22 00:39:13.869871,0 days 00:00:00.131913,5.723314118383004,9.025538046037441,0.232095529600853,COMPLETE
76,0.43978181896667734,2026-04-22 00:39:13.869902,2026-04-22 00:39:14.001772,0 days 00:00:00.131870,4.789873517091959,9.99208231669617,0.26279797885349754,COMPLETE
77,0.43970595131230245,2026-04-22 00:39:14.001803,2026-04-22 00:39:14.128824,0 days 00:00:00.127021,6.090737180213745,8.443852397404576,0.3357455032762159,COMPLETE
78,0.43895520222824586,2026-04-22 00:39:14.128857,2026-04-22 00:39:14.260546,0 days 00:00:00.131689,5.493195711975549,9.244581929349335,0.42156453079393963,COMPLETE
79,0.43354860023384534,2026-04-22 00:39:14.260576,2026-04-22 00:39:14.385315,0 days 00:00:00.124739,4.180388006044186,1.7464556350839704,0.20683238572450113,COMPLETE
80,0.44046536414857695,2026-04-22 00:39:14.385344,2026-04-22 00:39:14.510017,0 days 00:00:00.124673,5.217909205867789,9.693115998237062,0.2824396608683732,COMPLETE
81,0.444329110932628,2026-04-22 00:39:14.510049,2026-04-22 00:39:14.634956,0 days 00:00:00.124907,5.02124142913726,8.668591476701131,0.23208481282826512,COMPLETE
82,0.44248298651043605,2026-04-22 00:39:14.634989,2026-04-22 00:39:14.761460,0 days 00:00:00.126471,5.000537535508519,8.683201325968016,0.18068950906128647,COMPLETE
83,0.4399005036830764,2026-04-22 00:39:14.761490,2026-04-22 00:39:14.893412,0 days 00:00:00.131922,5.047761595003561,8.599603681663343,0.18048553760590802,COMPLETE
84,0.43080494854163365,2026-04-22 00:39:14.893442,2026-04-22 00:39:15.022352,0 days 00:00:00.128910,6.398047497346252,8.787969224550567,0.13043655130270612,COMPLETE
85,0.43971631288102914,2026-04-22 00:39:15.022385,2026-04-22 00:39:15.159051,0 days 00:00:00.136666,5.884598750877609,7.495577228552248,0.23033217508460047,COMPLETE
86,0.4341556688588651,2026-04-22 00:39:15.159083,2026-04-22 00:39:15.286726,0 days 00:00:00.127643,5.53358373869325,4.700046814778439,0.15694824383459402,COMPLETE
87,0.4413623821034258,2026-04-22 00:39:15.286763,2026-04-22 00:39:15.425739,0 days 00:00:00.138976,4.447801636724501,8.078691642613514,0.20191575160231345,COMPLETE
88,0.43361185742771896,2026-04-22 00:39:15.425773,2026-04-22 00:39:15.564470,0 days 00:00:00.138697,4.417049515066607,8.274939686705423,0.10104029382287975,COMPLETE
89,0.3471512176172405,2026-04-22 00:39:15.564503,2026-04-22 00:39:15.683462,0 days 00:00:00.118959,3.8248764791818965,7.092981649119302,0.043187767475112326,COMPLETE
90,0.44010324947802515,2026-04-22 00:39:15.683504,2026-04-22 00:39:15.809849,0 days 00:00:00.126345,3.18977820420249,8.033607714882837,0.20882566689270066,COMPLETE
91,0.4410807895023179,2026-04-22 00:39:15.809881,2026-04-22 00:39:15.936479,0 days 00:00:00.126598,4.955199872136834,9.190482449143474,0.25722794061046106,COMPLETE
92,0.4433890755498025,2026-04-22 00:39:15.936512,2026-04-22 00:39:16.070512,0 days 00:00:00.134000,4.47747425185699,9.26146880244903,0.1767488395095965,COMPLETE
93,0.4403405450942493,2026-04-22 00:39:16.070544,2026-04-22 00:39:16.202206,0 days 00:00:00.131662,4.049118227652722,8.793365845226067,0.16425791925412941,COMPLETE
94,0.4382494568844591,2026-04-22 00:39:16.202238,2026-04-22 00:39:16.328698,0 days 00:00:00.126460,4.503461287706259,9.026053458326293,0.1398497565572049,COMPLETE
95,0.4197963846377837,2026-04-22 00:39:16.328730,2026-04-22 00:39:16.454648,0 days 00:00:00.125918,5.331358281023661,9.80695244383799,0.07634107264673667,COMPLETE
96,0.4351203454823768,2026-04-22 00:39:16.454678,2026-04-22 00:39:16.583817,0 days 00:00:00.129139,6.860751154786597,8.491446194506391,0.18786418778250202,COMPLETE
97,0.4417175776798809,2026-04-22 00:39:16.583851,2026-04-22 00:39:16.715546,0 days 00:00:00.131695,4.729775538210889,9.373271718119353,0.23508661386247987,COMPLETE
98,0.4370951777143549,2026-04-22 00:39:16.715578,2026-04-22 00:39:16.842427,0 days 00:00:00.126849,3.530917000572434,9.384749300616607,0.11705742630758394,COMPLETE
99,0.4411795389704607,2026-04-22 00:39:16.842458,2026-04-22 00:39:16.973582,0 days 00:00:00.131124,4.3293982189338855,9.764226273251538,0.23724379807207968,COMPLETE
100,0.43962295903338894,2026-04-22 00:39:16.973613,2026-04-22 00:39:17.102444,0 days 00:00:00.128831,4.2516547377981055,5.789824898221925,0.17241981924861938,COMPLETE
101,0.4413377608151044,2026-04-22 00:39:17.102474,2026-04-22 00:39:17.233016,0 days 00:00:00.130542,4.687178386087412,9.769003933270753,0.23007645767209803,COMPLETE
102,0.44013662653826385,2026-04-22 00:39:17.233045,2026-04-22 00:39:17.371739,0 days 00:00:00.138694,4.656229654507804,9.237976245067753,0.23012536775110987,COMPLETE
103,0.44234395139779237,2026-04-22 00:39:17.371772,2026-04-22 00:39:17.501849,0 days 00:00:00.130077,4.349591914551481,9.75704355999563,0.19951012208383564,COMPLETE
104,0.43907864873561164,2026-04-22 00:39:17.501880,2026-04-22 00:39:17.625999,0 days 00:00:00.124119,4.006295852431017,9.77274337468454,0.20239574347436576,COMPLETE
105,0.4421453632782527,2026-04-22 00:39:17.626028,2026-04-22 00:39:17.751124,0 days 00:00:00.125096,4.437459794219985,9.78438147944685,0.1496221694657184,COMPLETE
106,0.4423604572845335,2026-04-22 00:39:17.751156,2026-04-22 00:39:17.878174,0 days 00:00:00.127018,3.7161203117168373,9.791887338636958,0.19979227053620155,COMPLETE
107,0.4378957948028273,2026-04-22 00:39:17.878251,2026-04-22 00:39:18.005528,0 days 00:00:00.127277,2.897098714959137,8.904175956081303,0.191991038951308,COMPLETE
108,0.4413007297078467,2026-04-22 00:39:18.005559,2026-04-22 00:39:18.135518,0 days 00:00:00.129959,3.7791606900995776,9.127837410548544,0.13880400468190673,COMPLETE
109,0.4419759489996554,2026-04-22 00:39:18.135546,2026-04-22 00:39:18.264166,0 days 00:00:00.128620,3.5540798257202146,8.692106692008565,0.2134827387423677,COMPLETE
110,0.435243718557404,2026-04-22 00:39:18.264198,2026-04-22 00:39:18.388353,0 days 00:00:00.124155,2.535123312746105,8.347042646269067,0.2565677879729128,COMPLETE
111,0.44188630986865324,2026-04-22 00:39:18.388383,2026-04-22 00:39:18.516475,0 days 00:00:00.128092,3.4016570083683404,9.345071035112621,0.20921963033892876,COMPLETE
112,0.44147631106704466,2026-04-22 00:39:18.516508,2026-04-22 00:39:18.644899,0 days 00:00:00.128391,3.4301308196355476,8.69168739785183,0.2112962579821262,COMPLETE
113,0.44147871408717776,2026-04-22 00:39:18.644947,2026-04-22 00:39:18.773250,0 days 00:00:00.128303,3.4480754607311304,8.15911761678987,0.2111190074336611,COMPLETE
114,0.43454998802703065,2026-04-22 00:39:18.773280,2026-04-22 00:39:18.900710,0 days 00:00:00.127430,1.9078727773643762,9.319155853412102,0.14975022802130653,COMPLETE
115,0.43455266064664,2026-04-22 00:39:18.900743,2026-04-22 00:39:19.026095,0 days 00:00:00.125352,2.9990189119240744,7.655590114045819,0.11148671225997295,COMPLETE
116,0.44138211997213056,2026-04-22 00:39:19.026130,2026-04-22 00:39:19.154544,0 days 00:00:00.128414,3.4153349798379127,8.626814752269867,0.21322021353535897,COMPLETE
117,0.4332497370570313,2026-04-22 00:39:19.154576,2026-04-22 00:39:19.282915,0 days 00:00:00.128339,3.2778476899624613,9.349942907233684,0.6603815544478064,COMPLETE
118,0.4336665035711038,2026-04-22 00:39:19.282949,2026-04-22 00:39:19.411695,0 days 00:00:00.128746,2.610385877157961,8.96011881475555,0.08881449507402811,COMPLETE
119,0.4402972199550928,2026-04-22 00:39:19.411727,2026-04-22 00:39:19.541625,0 days 00:00:00.129898,3.589344608100409,9.987672316804977,0.1838776802938649,COMPLETE
120,0.4245910726065364,2026-04-22 00:39:19.541657,2026-04-22 00:39:19.668459,0 days 00:00:00.126802,3.1831066731874214,9.563921032069896,0.06676839335675736,COMPLETE
121,0.44020523665455435,2026-04-22 00:39:19.668502,2026-04-22 00:39:19.794161,0 days 00:00:00.125659,3.392930402506755,8.610064262676158,0.19922699902623037,COMPLETE
122,0.44227943737189107,2026-04-22 00:39:19.794194,2026-04-22 00:39:19.919047,0 days 00:00:00.124853,3.658051633909249,8.744041205550403,0.21700955407871672,COMPLETE
123,0.44205640386738276,2026-04-22 00:39:19.919079,2026-04-22 00:39:20.045999,0 days 00:00:00.126920,3.7418825037119223,9.117132394048484,0.16983200574632312,COMPLETE
124,0.4425623178396525,2026-04-22 00:39:20.046032,2026-04-22 00:39:20.175253,0 days 00:00:00.129221,3.6977954244720177,9.14960371640964,0.17024642115732205,COMPLETE
125,0.43300265335606986,2026-04-22 00:39:20.175284,2026-04-22 00:39:20.302400,0 days 00:00:00.127116,3.696595416665166,9.162372067259046,0.7829817691950625,COMPLETE
126,0.4405448389890116,2026-04-22 00:39:20.302430,2026-04-22 00:39:20.431171,0 days 00:00:00.128741,3.9479393700404595,9.611349504129159,0.1715962710022956,COMPLETE
127,0.43961688516131003,2026-04-22 00:39:20.431202,2026-04-22 00:39:20.558396,0 days 00:00:00.127194,4.079816352483454,9.385327795411158,0.1470023995915099,COMPLETE
128,0.2666612048367069,2026-04-22 00:39:20.558427,2026-04-22 00:39:20.670352,0 days 00:00:00.111925,3.8565581397557622,8.87951621074058,0.015492309070974541,COMPLETE
129,0.4363068823041291,2026-04-22 00:39:20.670382,2026-04-22 00:39:20.796304,0 days 00:00:00.125922,3.0869008309890633,9.1007647236785,0.16789195289042053,COMPLETE
130,0.43667285516299287,2026-04-22 00:39:20.796349,2026-04-22 00:39:20.924515,0 days 00:00:00.128166,2.244943245306046,9.840464666703264,0.12529039312650492,COMPLETE
131,0.44193342562632754,2026-04-22 00:39:20.924546,2026-04-22 00:39:21.054027,0 days 00:00:00.129481,3.611527009132372,8.329876566884415,0.2157417736697792,COMPLETE
