number,value,datetime_start,datetime_complete,duration,params_alpha,params_beta,params_decay_factor,state
396,0.44050869489321953,2026-04-22 00:39:54.561894,2026-04-22 00:39:54.700655,0 days 00:00:00.138761,4.391513704274762,9.988460800738007,0.1343207454853256,COMPLETE
397,0.4396938818914989,2026-04-22 00:39:54.700689,2026-04-22 00:39:54.848260,0 days 00:00:00.147571,3.62922403170938,9.367031802431994,0.19784115181717668,COMPLETE
398,0.4399987278379616,2026-04-22 00:39:54.848293,2026-04-22 00:39:54.987401,0 days 00:00:00.139108,4.113866323968177,9.049001015280819,0.17247760646642393,COMPLETE
399,0.44031443416514643,2026-04-22 00:39:54.987436,2026-04-22 00:39:55.118022,0 days 00:00:00.130586,4.517549483087441,9.59194899182987,0.3036115869561464,COMPLETE
400,0.44048166070828293,2026-04-22 00:39:55.118054,2026-04-22 00:39:55.255370,0 days 00:00:00.137316,4.702580845001193,8.741977533361025,0.2634630838928683,COMPLETE
401,0.44030202094548493,2026-04-22 00:39:55.255409,2026-04-22 00:39:55.391002,0 days 00:00:00.135593,4.271132018659976,9.231699096919005,0.2151170166498372,COMPLETE
402,0.4375616056324648,2026-04-22 00:39:55.391034,2026-04-22 00:39:55.517071,0 days 00:00:00.126037,3.9043555122771627,7.51454770201932,0.3395818071147213,COMPLETE
403,0.4421031194443102,2026-04-22 00:39:55.517103,2026-04-22 00:39:55.648162,0 days 00:00:00.131059,4.858231636480898,9.06280983032743,0.24553133498327948,COMPLETE
404,0.436763089029843,2026-04-22 00:39:55.648196,2026-04-22 00:39:55.781513,0 days 00:00:00.133317,4.589191088843795,8.853760495174134,0.6130038496256823,COMPLETE
405,0.4402946519610676,2026-04-22 00:39:55.781545,2026-04-22 00:39:55.914111,0 days 00:00:00.132566,4.151755373753657,9.344795904917866,0.28664803207358325,COMPLETE
406,0.4432681381854102,2026-04-22 00:39:55.914144,2026-04-22 00:39:56.046748,0 days 00:00:00.132604,4.402551900043731,9.518025704287629,0.1993355159361771,COMPLETE
407,0.44292182078595455,2026-04-22 00:39:56.046782,2026-04-22 00:39:56.179691,0 days 00:00:00.132909,4.336033266099793,9.59246152541812,0.19717012126697556,COMPLETE
408,0.4418213433401674,2026-04-22 00:39:56.179725,2026-04-22 00:39:56.311899,0 days 00:00:00.132174,3.895361973861015,9.71710703663792,0.16835894819065095,COMPLETE
409,0.44308457032014387,2026-04-22 00:39:56.311934,2026-04-22 00:39:56.446093,0 days 00:00:00.134159,4.285187932744563,9.764883077244198,0.19541760615861456,COMPLETE
410,0.44091099047401583,2026-04-22 00:39:56.446125,2026-04-22 00:39:56.583938,0 days 00:00:00.137813,4.28667428656066,9.93871115444282,0.19528799043209838,COMPLETE
411,0.44144058661820895,2026-04-22 00:39:56.583974,2026-04-22 00:39:56.721695,0 days 00:00:00.137721,4.12901543368726,9.75667397915547,0.20481684317638554,COMPLETE
412,0.4442226902008073,2026-04-22 00:39:56.721727,2026-04-22 00:39:56.865246,0 days 00:00:00.143519,4.308642053295185,9.771375581608696,0.18398721150384498,COMPLETE
413,0.44093817129087054,2026-04-22 00:39:56.865279,2026-04-22 00:39:57.003566,0 days 00:00:00.138287,4.349322240265034,9.839855081335088,0.18432628685704597,COMPLETE
414,0.44275108221049037,2026-04-22 00:39:57.003599,2026-04-22 00:39:57.132729,0 days 00:00:00.129130,4.028449040487185,9.878502753362246,0.1448422120486084,COMPLETE
415,0.44008364750978596,2026-04-22 00:39:57.132762,2026-04-22 00:39:57.259812,0 days 00:00:00.127050,3.9425911053987166,9.99827395139637,0.14685638512035176,COMPLETE
416,0.4360014450938915,2026-04-22 00:39:57.259844,2026-04-22 00:39:57.390209,0 days 00:00:00.130365,4.026696129302918,9.847022901125644,0.11884068244275034,COMPLETE
417,0.44005520349543925,2026-04-22 00:39:57.390243,2026-04-22 00:39:57.525244,0 days 00:00:00.135001,4.192310151319082,9.704118959309797,0.1605900742483028,COMPLETE
418,0.44197892300416375,2026-04-22 00:39:57.525278,2026-04-22 00:39:57.653618,0 days 00:00:00.128340,4.090016214984278,9.876862149436006,0.20120240637773162,COMPLETE
419,0.4394020293041482,2026-04-22 00:39:57.653651,2026-04-22 00:39:57.784200,0 days 00:00:00.130549,3.81603342842321,9.694747426445057,0.134244990513405,COMPLETE
420,0.4422262619027268,2026-04-22 00:39:57.784232,2026-04-22 00:39:57.917253,0 days 00:00:00.133021,4.320662710715068,9.602055518924562,0.15730275060728163,COMPLETE
421,0.440989471555048,2026-04-22 00:39:57.917285,2026-04-22 00:39:58.047767,0 days 00:00:00.130482,4.436176410590683,9.949870369198505,0.21647267282229574,COMPLETE
422,0.44260844344982087,2026-04-22 00:39:58.047800,2026-04-22 00:39:58.186339,0 days 00:00:00.138539,4.133588790712243,9.590659473951218,0.18423874866488968,COMPLETE
423,0.44069502614416395,2026-04-22 00:39:58.186372,2026-04-22 00:39:58.316982,0 days 00:00:00.130610,3.728380585653569,9.528205570410767,0.19419330532745882,COMPLETE
424,0.44053202824538257,2026-04-22 00:39:58.317013,2026-04-22 00:39:58.442639,0 days 00:00:00.125626,4.2762334081107864,9.838394546662585,0.22365382785841867,COMPLETE
425,0.4397934048884355,2026-04-22 00:39:58.442671,2026-04-22 00:39:58.569354,0 days 00:00:00.126683,3.962407178076119,9.62646177597356,0.170479096682166,COMPLETE
426,0.4398962806491835,2026-04-22 00:39:58.569387,2026-04-22 00:39:58.699085,0 days 00:00:00.129698,4.476323915627047,9.98972983882941,0.1432706968283448,COMPLETE
427,0.4405144226319164,2026-04-22 00:39:58.699118,2026-04-22 00:39:58.827837,0 days 00:00:00.128719,4.872324563584717,9.507689529264512,0.21257809375039205,COMPLETE
428,0.4378140298436949,2026-04-22 00:39:58.827868,2026-04-22 00:39:58.957121,0 days 00:00:00.129253,4.6257628727981395,9.741421413275612,0.5188296158320544,COMPLETE
429,0.44013955143782935,2026-04-22 00:39:58.957154,2026-04-22 00:39:59.088796,0 days 00:00:00.131642,5.093276850952112,9.442357646012383,0.18426922250357688,COMPLETE
430,0.44033301565314426,2026-04-22 00:39:59.088829,2026-04-22 00:39:59.221358,0 days 00:00:00.132529,4.22790728333869,9.699895263574648,0.20777494572872598,COMPLETE
431,0.4413656663753988,2026-04-22 00:39:59.221391,2026-04-22 00:39:59.352760,0 days 00:00:00.131369,4.456361813954408,9.521141860722288,0.15780152587535173,COMPLETE
432,0.43447793190442074,2026-04-22 00:39:59.352793,2026-04-22 00:39:59.481899,0 days 00:00:00.129106,4.0048069491999225,9.736768732863021,0.09774946990946003,COMPLETE
433,0.4405715918183895,2026-04-22 00:39:59.481931,2026-04-22 00:39:59.610473,0 days 00:00:00.128542,3.5593217550672938,9.42572013884255,0.22363240436559256,COMPLETE
434,0.4410835672465773,2026-04-22 00:39:59.610507,2026-04-22 00:39:59.747227,0 days 00:00:00.136720,5.31854853480032,9.424963227268302,0.19648897906749116,COMPLETE
435,0.3819982073314568,2026-04-22 00:39:59.747262,2026-04-22 00:39:59.875165,0 days 00:00:00.127903,4.81966853353075,9.740386214015517,0.04776026856038845,COMPLETE
436,0.4410472156465411,2026-04-22 00:39:59.875199,2026-04-22 00:40:00.003491,0 days 00:00:00.128292,4.3364681264300655,9.536265133424457,0.24213492377045367,COMPLETE
437,0.4401696109681235,2026-04-22 00:40:00.003522,2026-04-22 00:40:00.133979,0 days 00:00:00.130457,4.6888046842543645,9.996451069965698,0.17812069655169457,COMPLETE
438,0.44139393152058853,2026-04-22 00:40:00.134011,2026-04-22 00:40:00.263479,0 days 00:00:00.129468,3.768221995249915,9.350808100468084,0.22884934068478163,COMPLETE
439,0.4412049624303749,2026-04-22 00:40:00.263511,2026-04-22 00:40:00.393190,0 days 00:00:00.129679,5.603751807031157,9.784611882029672,0.17071069311917414,COMPLETE
440,0.4405047379723444,2026-04-22 00:40:00.393221,2026-04-22 00:40:00.522826,0 days 00:00:00.129605,4.13181903555101,9.31967520754629,0.19560825416456062,COMPLETE
441,0.4407150482526284,2026-04-22 00:40:00.522858,2026-04-22 00:40:00.653237,0 days 00:00:00.130379,4.522493657850429,9.580755418375842,0.2454847596055238,COMPLETE
442,0.4383771380864943,2026-04-22 00:40:00.653283,2026-04-22 00:40:00.785834,0 days 00:00:00.132551,5.051311970921275,9.338018439110776,0.1390296414062679,COMPLETE
443,0.4411247799154107,2026-04-22 00:40:00.785868,2026-04-22 00:40:00.918726,0 days 00:00:00.132858,4.338272827526327,9.635201104509386,0.22100586723382654,COMPLETE
444,0.44162067592480647,2026-04-22 00:40:00.918758,2026-04-22 00:40:01.048868,0 days 00:00:00.130110,4.581887828017011,9.266369508314517,0.20275044989701724,COMPLETE
445,0.4413734271486896,2026-04-22 00:40:01.048901,2026-04-22 00:40:01.179652,0 days 00:00:00.130751,4.8855357083705115,9.829918311719016,0.2546129107962073,COMPLETE
446,0.4396493511400028,2026-04-22 00:40:01.179685,2026-04-22 00:40:01.312359,0 days 00:00:00.132674,3.991039928308301,9.514032852268874,0.1579514592823623,COMPLETE
447,0.431105880320481,2026-04-22 00:40:01.312392,2026-04-22 00:40:01.447872,0 days 00:00:00.135480,4.126028418568371,9.187328680792533,0.9244595860983986,COMPLETE
448,0.43495943824688443,2026-04-22 00:40:01.447905,2026-04-22 00:40:01.577871,0 days 00:00:00.129966,4.738882373766086,4.219251611744408,0.17837635674372113,COMPLETE
449,0.4374521863766016,2026-04-22 00:40:01.577903,2026-04-22 00:40:01.712710,0 days 00:00:00.134807,4.386984803474282,9.460601864728643,0.11713196834090933,COMPLETE
450,0.44072534645143385,2026-04-22 00:40:01.712745,2026-04-22 00:40:01.853639,0 days 00:00:00.140894,3.8120315603146793,9.280482926951453,0.20456407767017332,COMPLETE
451,0.44149560696485224,2026-04-22 00:40:01.853672,2026-04-22 00:40:01.989286,0 days 00:00:00.135614,4.538470708275173,9.74785680520949,0.2360384734316631,COMPLETE
452,0.43535272421280696,2026-04-22 00:40:01.989318,2026-04-22 00:40:02.122806,0 days 00:00:00.133488,4.993636480638554,3.1408401648941098,0.26373892907064056,COMPLETE
453,0.44230275022126586,2026-04-22 00:40:02.122838,2026-04-22 00:40:02.258528,0 days 00:00:00.135690,4.2436023909311364,8.999107209578124,0.21337722002952395,COMPLETE
454,0.44140229920615537,2026-04-22 00:40:02.258561,2026-04-22 00:40:02.391417,0 days 00:00:00.132856,4.716255371909399,9.985878118093435,0.18519626422159288,COMPLETE
455,0.4403477995522955,2026-04-22 00:40:02.391452,2026-04-22 00:40:02.522050,0 days 00:00:00.130598,4.429385060538134,9.558948589754559,0.1540730218905749,COMPLETE
456,0.2666612048367069,2026-04-22 00:40:02.522081,2026-04-22 00:40:02.635656,0 days 00:00:00.113575,5.216346311229214,9.199060690474942,0.01812984511802379,COMPLETE
457,0.4400729025749772,2026-04-22 00:40:02.635687,2026-04-22 00:40:02.770780,0 days 00:00:00.135093,4.146519482660017,9.443850664436463,0.23705361108542938,COMPLETE
458,0.4390874497803409,2026-04-22 00:40:02.770814,2026-04-22 00:40:02.903400,0 days 00:00:00.132586,3.5843793488506686,8.973378120041913,0.2589944421887748,COMPLETE
459,0.4419734210488014,2026-04-22 00:40:02.903432,2026-04-22 00:40:03.037861,0 days 00:00:00.134429,3.902899072987574,9.194937696451374,0.1991086372294168,COMPLETE
460,0.440808370878849,2026-04-22 00:40:03.037893,2026-04-22 00:40:03.167810,0 days 00:00:00.129917,4.649082648999886,9.793811716138503,0.1710631554952011,COMPLETE
461,0.44305923590983043,2026-04-22 00:40:03.167841,2026-04-22 00:40:03.294686,0 days 00:00:00.126845,4.87128541722966,8.70783228565173,0.21939312445579467,COMPLETE
462,0.4407658363625169,2026-04-22 00:40:03.294716,2026-04-22 00:40:03.427186,0 days 00:00:00.132470,5.373283516164091,8.65437118084178,0.2833599859764221,COMPLETE
463,0.4399679447924346,2026-04-22 00:40:03.427217,2026-04-22 00:40:03.556227,0 days 00:00:00.129010,4.944721446962105,8.613668591128834,0.2253092707256188,COMPLETE
464,0.4399979182316598,2026-04-22 00:40:03.556258,2026-04-22 00:40:03.684019,0 days 00:00:00.127761,4.81849980936903,5.536153393542946,0.2548950508503573,COMPLETE
465,0.4409739028867529,2026-04-22 00:40:03.684050,2026-04-22 00:40:03.813778,0 days 00:00:00.129728,5.107707253392652,8.900272932349116,0.2747944672145257,COMPLETE
466,0.43878980722022903,2026-04-22 00:40:03.813809,2026-04-22 00:40:03.946471,0 days 00:00:00.132662,4.832398594116473,8.397966235589621,0.13549063961126978,COMPLETE
467,0.44037344930262523,2026-04-22 00:40:03.946503,2026-04-22 00:40:04.078762,0 days 00:00:00.132259,4.573855709876683,8.83701842708362,0.18148066166157703,COMPLETE
468,0.44177179407888956,2026-04-22 00:40:04.078795,2026-04-22 00:40:04.210693,0 days 00:00:00.131898,4.976312310961569,8.647491307278262,0.21715379019398706,COMPLETE
469,0.4437659140544217,2026-04-22 00:40:04.210725,2026-04-22 00:40:04.338248,0 days 00:00:00.127523,4.4106380391533015,9.023293678270287,0.24231022342005712,COMPLETE
470,0.4428015504456032,2026-04-22 00:40:04.338282,2026-04-22 00:40:04.470489,0 days 00:00:00.132207,4.621766710668366,9.039204187238834,0.24039478215915003,COMPLETE
471,0.4419556568461668,2026-04-22 00:40:04.470521,2026-04-22 00:40:04.606225,0 days 00:00:00.135704,4.713191191384083,9.071118139269297,0.23953437037201228,COMPLETE
472,0.4396001350188229,2026-04-22 00:40:04.606259,2026-04-22 00:40:04.737000,0 days 00:00:00.130741,5.123804610267445,8.984592083996917,0.2405084848450502,COMPLETE
473,0.4417170699772176,2026-04-22 00:40:04.737032,2026-04-22 00:40:04.864693,0 days 00:00:00.127661,4.785469182468075,9.10046676137337,0.2220559467210113,COMPLETE
474,0.43834141392505255,2026-04-22 00:40:04.864725,2026-04-22 00:40:04.997800,0 days 00:00:00.133075,5.809252802622361,8.826312278436,0.2502331033856564,COMPLETE
475,0.43858813660696794,2026-04-22 00:40:04.997832,2026-04-22 00:40:05.125488,0 days 00:00:00.127656,4.587182839564975,4.857191670463144,0.20678785378814268,COMPLETE
476,0.43310736864262084,2026-04-22 00:40:05.125522,2026-04-22 00:40:05.254577,0 days 00:00:00.129055,4.475689451817013,9.28008556533312,0.9907803104014271,COMPLETE
477,0.44110630559896663,2026-04-22 00:40:05.254608,2026-04-22 00:40:05.383303,0 days 00:00:00.128695,4.78991742891891,9.000252765996919,0.22212918895027262,COMPLETE
478,0.44022239624497894,2026-04-22 00:40:05.383335,2026-04-22 00:40:05.514539,0 days 00:00:00.131204,4.942405673684112,9.137858247158263,0.26333114025260623,COMPLETE
479,0.44304054334205145,2026-04-22 00:40:05.514573,2026-04-22 00:40:05.645535,0 days 00:00:00.130962,5.252535434956153,8.747143227081782,0.23627921500512172,COMPLETE
480,0.4406129929588494,2026-04-22 00:40:05.645566,2026-04-22 00:40:05.776810,0 days 00:00:00.131244,5.602219052387246,8.462371573103457,0.20104518056201057,COMPLETE
481,0.4420233795143058,2026-04-22 00:40:05.776841,2026-04-22 00:40:05.904993,0 days 00:00:00.128152,5.275488911124473,8.742055479764913,0.22612289623253307,COMPLETE
482,0.41930746854091183,2026-04-22 00:40:05.905025,2026-04-22 00:40:06.029719,0 days 00:00:00.124694,5.170372128560448,0.812013082885791,0.1875374657201637,COMPLETE
483,0.442333578352003,2026-04-22 00:40:06.029751,2026-04-22 00:40:06.160997,0 days 00:00:00.131246,5.330304033826863,6.774173754720429,0.2581650025089722,COMPLETE
484,0.4398704939346865,2026-04-22 00:40:06.161030,2026-04-22 00:40:06.289437,0 days 00:00:00.128407,5.506753819272979,8.808437266084338,0.21278708588785397,COMPLETE
485,0.4403101358891706,2026-04-22 00:40:06.289468,2026-04-22 00:40:06.418539,0 days 00:00:00.129071,5.045822367950134,9.343733182614626,0.194768315056033,COMPLETE
486,0.4424884562873927,2026-04-22 00:40:06.418570,2026-04-22 00:40:06.547126,0 days 00:00:00.128556,4.899441616087327,8.549682932802046,0.2416224843909171,COMPLETE
487,0.4406112352059984,2026-04-22 00:40:06.547155,2026-04-22 00:40:06.674188,0 days 00:00:00.127033,4.401656270121495,8.776659456557194,0.2686862735408688,COMPLETE
488,0.43931008424766094,2026-04-22 00:40:06.674219,2026-04-22 00:40:06.802059,0 days 00:00:00.127840,5.100602026629304,9.223716990834536,0.2958642438189919,COMPLETE
489,0.44073647476289146,2026-04-22 00:40:06.802090,2026-04-22 00:40:06.930818,0 days 00:00:00.128728,4.6519370923380965,9.474945593157917,0.23210294998366243,COMPLETE
490,0.4419012990173035,2026-04-22 00:40:06.930850,2026-04-22 00:40:07.058476,0 days 00:00:00.127626,4.411572059088428,8.948813865546645,0.19992947795259353,COMPLETE
491,0.4410196330191189,2026-04-22 00:40:07.058509,2026-04-22 00:40:07.187602,0 days 00:00:00.129093,5.296277429298513,9.227649759894533,0.16988775376231305,COMPLETE
492,0.43920415089451553,2026-04-22 00:40:07.187636,2026-04-22 00:40:07.319962,0 days 00:00:00.132326,5.4855459990837545,8.525040765735854,0.21762035752099917,COMPLETE
493,0.44411963854772785,2026-04-22 00:40:07.319994,2026-04-22 00:40:07.448440,0 days 00:00:00.128446,4.746710372315948,8.8887001148064,0.2697630246953441,COMPLETE
494,0.4277790149978656,2026-04-22 00:40:07.448473,2026-04-22 00:40:07.576971,0 days 00:00:00.128498,8.552585664468758,8.320822854712551,0.31516859626703136,COMPLETE
495,0.43935793255502203,2026-04-22 00:40:07.577004,2026-04-22 00:40:07.709292,0 days 00:00:00.132288,4.927081732389596,8.660281308235366,0.46190492689214624,COMPLETE
496,0.44076730017174515,2026-04-22 00:40:07.709330,2026-04-22 00:40:07.839636,0 days 00:00:00.130306,4.820325990590804,8.841588351981523,0.2968474550906421,COMPLETE
497,0.44053529729275254,2026-04-22 00:40:07.839668,2026-04-22 00:40:07.974274,0 days 00:00:00.134606,4.512312363045761,8.955899790043937,0.26815332851001505,COMPLETE
498,0.4407251775376912,2026-04-22 00:40:07.974314,2026-04-22 00:40:08.106279,0 days 00:00:00.131965,5.214050331548079,8.718312221637802,0.2548025985173065,COMPLETE
499,0.4420498812207526,2026-04-22 00:40:08.106309,2026-04-22 00:40:08.233572,0 days 00:00:00.127263,4.300309803770092,9.097814501018375,0.29460638854983545,COMPLETE
