number,value,datetime_start,datetime_complete,duration,params_alpha,params_beta,params_decay_factor,state
0,0.2663032405844347,2026-04-22 00:16:27.385865,2026-04-22 00:16:27.545268,0 days 00:00:00.159403,8.735371883347426,6.34060951738169,0.696696231709252,COMPLETE
1,0.29854816835311654,2026-04-22 00:16:27.545295,2026-04-22 00:16:27.698764,0 days 00:00:00.153469,1.5812352372148442,4.890673879146437,0.21981667208605804,COMPLETE
2,0.26407579508866635,2026-04-22 00:16:27.698797,2026-04-22 00:16:27.849296,0 days 00:00:00.150499,6.256463975165722,3.893706661855527,0.9258033370729815,COMPLETE
3,0.2682882409685452,2026-04-22 00:16:27.849328,2026-04-22 00:16:28.007311,0 days 00:00:00.157983,9.869154301476353,9.346345082292006,0.8847154539186471,COMPLETE
4,0.25623370160062775,2026-04-22 00:16:28.007344,2026-04-22 00:16:28.151729,0 days 00:00:00.144385,0.8491929097531603,0.8720457366488377,0.9156582840680653,COMPLETE
5,0.27743698516648485,2026-04-22 00:16:28.151781,2026-04-22 00:16:28.311723,0 days 00:00:00.159942,7.805086074208985,2.674219905309916,0.3011763649228125,COMPLETE
6,0.2612733400345699,2026-04-22 00:16:28.311753,2026-04-22 00:16:28.463471,0 days 00:00:00.151718,5.213522833300449,1.8241390790617018,0.8319844444112483,COMPLETE
7,0.2859409655373755,2026-04-22 00:16:28.463501,2026-04-22 00:16:28.616934,0 days 00:00:00.153433,3.179996952529182,8.500509639262727,0.8157281976589955,COMPLETE
8,0.283446826524888,2026-04-22 00:16:28.616966,2026-04-22 00:16:28.772677,0 days 00:00:00.155711,1.133208764686242,7.439572399727032,0.8869495700321889,COMPLETE
9,0.27218807753597685,2026-04-22 00:16:28.772709,2026-04-22 00:16:28.928640,0 days 00:00:00.155931,6.366269820702818,3.5438871435217467,0.5887199403313174,COMPLETE
10,0.23505537337419347,2026-04-22 00:16:28.928672,2026-04-22 00:16:29.083898,0 days 00:00:00.155226,3.0095827912192634,5.560636181313894,0.04716217473266321,COMPLETE
11,0.2956029070562907,2026-04-22 00:16:29.083928,2026-04-22 00:16:29.243114,0 days 00:00:00.159186,3.1235042749953483,9.903553776252407,0.35372628199507816,COMPLETE
12,0.3039312771461891,2026-04-22 00:16:29.243144,2026-04-22 00:16:29.395450,0 days 00:00:00.152306,3.0202424183532717,4.873099056519636,0.29726683967190326,COMPLETE
13,0.28754430844058065,2026-04-22 00:16:29.395480,2026-04-22 00:16:29.543637,0 days 00:00:00.148157,0.07078787434985445,4.659518577058227,0.10274197787343277,COMPLETE
14,0.29980261058341495,2026-04-22 00:16:29.543666,2026-04-22 00:16:29.865441,0 days 00:00:00.321775,2.333515078766588,6.7206758154098045,0.24220964458408972,COMPLETE
15,0.29599304880903843,2026-04-22 00:16:29.865473,2026-04-22 00:16:30.031043,0 days 00:00:00.165570,3.9037411424499657,6.960211408948835,0.4436082904994828,COMPLETE
16,0.29964278351898543,2026-04-22 00:16:30.031083,2026-04-22 00:16:30.191423,0 days 00:00:00.160340,1.9904228028578352,8.031408822320202,0.1798999776715274,COMPLETE
17,0.2976355768185309,2026-04-22 00:16:30.191456,2026-04-22 00:16:30.345943,0 days 00:00:00.154487,4.514032646176081,6.196716415192199,0.470740270164301,COMPLETE
18,0.28180696509558034,2026-04-22 00:16:30.345975,2026-04-22 00:16:30.493982,0 days 00:00:00.148007,2.6949717036365497,0.23414096234355242,0.3379305779048305,COMPLETE
19,0.2788637592100453,2026-04-22 00:16:30.494014,2026-04-22 00:16:30.648759,0 days 00:00:00.154745,5.643125407408249,3.654720135422324,0.5723524891572969,COMPLETE
20,0.3081117148382955,2026-04-22 00:16:30.648790,2026-04-22 00:16:30.802918,0 days 00:00:00.154128,4.043593884516801,5.660723780340773,0.2076958644052439,COMPLETE
21,0.3083969189762829,2026-04-22 00:16:30.802951,2026-04-22 00:16:30.962320,0 days 00:00:00.159369,3.9432350146751745,5.504132532343712,0.21309984822971195,COMPLETE
22,0.3100115983041231,2026-04-22 00:16:30.962352,2026-04-22 00:16:31.122137,0 days 00:00:00.159785,4.095237627813113,5.5305172911994065,0.13770085817320857,COMPLETE
23,0.30899569624700235,2026-04-22 00:16:31.122169,2026-04-22 00:16:31.279598,0 days 00:00:00.157429,4.320575594334696,5.74938662277959,0.12612292677708864,COMPLETE
24,0.1352768079887852,2026-04-22 00:16:31.279628,2026-04-22 00:16:31.437589,0 days 00:00:00.157961,4.480756731877795,5.74640020636067,0.0027073093287590666,COMPLETE
25,0.3008574575702363,2026-04-22 00:16:31.437620,2026-04-22 00:16:31.592265,0 days 00:00:00.154645,6.9733309926233025,4.1866890041928135,0.1465767668551692,COMPLETE
26,0.2587838685122429,2026-04-22 00:16:31.592303,2026-04-22 00:16:31.743772,0 days 00:00:00.151469,5.251307886614707,2.8010553822020445,0.07289348340029293,COMPLETE
27,0.2987940214589281,2026-04-22 00:16:31.743802,2026-04-22 00:16:31.901772,0 days 00:00:00.157970,3.876748701703105,5.440044299589419,0.4078342954050106,COMPLETE
28,0.31010018767945313,2026-04-22 00:16:31.901809,2026-04-22 00:16:32.063025,0 days 00:00:00.161216,6.036843177169638,7.53155091657301,0.14217327407976033,COMPLETE
29,0.3008897226305506,2026-04-22 00:16:32.063056,2026-04-22 00:16:32.217722,0 days 00:00:00.154666,8.553334198286343,7.768794939278833,0.13742975324112197,COMPLETE
30,0.1352768079887852,2026-04-22 00:16:32.217753,2026-04-22 00:16:32.361908,0 days 00:00:00.144155,7.236843720869878,8.436850902233886,0.013805295235665052,COMPLETE
31,0.302521928088957,2026-04-22 00:16:32.361941,2026-04-22 00:16:32.518320,0 days 00:00:00.156379,5.957528929000903,6.540622101239034,0.2572764810633904,COMPLETE
32,0.3095468461516809,2026-04-22 00:16:32.518354,2026-04-22 00:16:32.022326,-1 days +23:59:59.503972,4.4183963816978045,7.182601917291078,0.10957411912282244,COMPLETE
33,0.30924542023237167,2026-04-22 00:16:32.022357,2026-04-22 00:16:32.182744,0 days 00:00:00.160387,4.81269145917501,7.327560020777872,0.10595418484289665,COMPLETE
34,0.2882599142054782,2026-04-22 00:16:32.182775,2026-04-22 00:16:32.342716,0 days 00:00:00.159941,4.884678940206522,7.21752609356981,0.06623306503770691,COMPLETE
35,0.31132034513960605,2026-04-22 00:16:32.342748,2026-04-22 00:16:32.497155,0 days 00:00:00.154407,6.370158139558308,8.30125810847489,0.1391869429503593,COMPLETE
36,0.3074577415463681,2026-04-22 00:16:32.497186,2026-04-22 00:16:32.656915,0 days 00:00:00.159729,6.753868670249894,8.812608515161088,0.1725693530063006,COMPLETE
37,0.27490017670010064,2026-04-22 00:16:32.656946,2026-04-22 00:16:32.815353,0 days 00:00:00.158407,8.054616862078461,9.167556782845356,0.9794890986373999,COMPLETE
38,0.283087515198833,2026-04-22 00:16:32.815383,2026-04-22 00:16:32.970035,0 days 00:00:00.154652,9.773742960597186,8.032929805375607,0.3845911541217777,COMPLETE
39,0.2994567996720323,2026-04-22 00:16:32.970063,2026-04-22 00:16:33.123600,0 days 00:00:00.153537,5.831101371684582,9.829325096893356,0.2689043107880027,COMPLETE
40,0.28508685235452463,2026-04-22 00:16:33.123630,2026-04-22 00:16:33.292602,0 days 00:00:00.168972,6.384185178943937,6.314335823296894,0.5920155422248592,COMPLETE
41,0.3035279256263593,2026-04-22 00:16:33.292634,2026-04-22 00:16:33.453658,0 days 00:00:00.161024,4.89373292635625,7.739368885882467,0.08405748996078524,COMPLETE
42,0.30650497659276976,2026-04-22 00:16:33.453693,2026-04-22 00:16:33.618367,0 days 00:00:00.164674,5.427859268795878,8.469951596364474,0.17883957974248343,COMPLETE
43,0.27753764177165724,2026-04-22 00:16:33.618399,2026-04-22 00:16:33.780475,0 days 00:00:00.162076,7.6356566620599216,7.438126357230902,0.744724618073322,COMPLETE
44,0.136484237553014,2026-04-22 00:16:33.780519,2026-04-22 00:16:33.927868,0 days 00:00:00.147349,3.6403576879359516,7.01603595586906,0.030067768876035114,COMPLETE
45,0.3088428638115647,2026-04-22 00:16:33.927898,2026-04-22 00:16:34.086206,0 days 00:00:00.158308,6.2751332860349365,9.01051736892174,0.11617937664575748,COMPLETE
46,0.29960818881034257,2026-04-22 00:16:34.086237,2026-04-22 00:16:34.240446,0 days 00:00:00.154209,3.5283297610683895,8.173563498064068,0.3035419519782258,COMPLETE
47,0.26851369439070105,2026-04-22 00:16:34.240475,2026-04-22 00:16:34.390532,0 days 00:00:00.150057,4.974366556658187,9.494403550956605,0.05594792510365228,COMPLETE
48,0.30553628095913743,2026-04-22 00:16:34.390563,2026-04-22 00:16:34.543945,0 days 00:00:00.153382,6.62998467383464,6.1523500543505145,0.2063895837008242,COMPLETE
49,0.3089756039006165,2026-04-22 00:16:34.543976,2026-04-22 00:16:34.703645,0 days 00:00:00.159669,5.985540663571617,7.588455870702947,0.15745885949746408,COMPLETE
50,0.3095759246705813,2026-04-22 00:16:34.703675,2026-04-22 00:16:34.859443,0 days 00:00:00.155768,4.877875260073964,6.779978448044749,0.10635139797432142,COMPLETE
51,0.3100122596503446,2026-04-22 00:16:34.859474,2026-04-22 00:16:35.010931,0 days 00:00:00.151457,4.732306273916876,6.900120420020637,0.10156994391137195,COMPLETE
52,0.30526126017976773,2026-04-22 00:16:35.010972,2026-04-22 00:16:35.165119,0 days 00:00:00.154147,5.384226665723335,6.594852086304852,0.08959927896535266,COMPLETE
53,0.3025600181594441,2026-04-22 00:16:35.165150,2026-04-22 00:16:35.323560,0 days 00:00:00.158410,3.3465644629858096,6.895285124014471,0.2476576177507911,COMPLETE
54,0.21591291076316443,2026-04-22 00:16:35.323592,2026-04-22 00:16:35.471612,0 days 00:00:00.148020,4.4029475934496105,5.053441348853371,0.05117681401886886,COMPLETE
55,0.3003082118066392,2026-04-22 00:16:35.471642,2026-04-22 00:16:35.628473,0 days 00:00:00.156831,2.6892315674042195,8.697094394396588,0.19938704079174047,COMPLETE
56,0.2942942746738002,2026-04-22 00:16:35.628505,2026-04-22 00:16:35.784877,0 days 00:00:00.156372,7.26829717317096,6.07420892357468,0.30261014168333966,COMPLETE
57,0.3066207674078888,2026-04-22 00:16:35.784908,2026-04-22 00:16:35.937325,0 days 00:00:00.152417,5.5735674525984065,4.447007645964617,0.15497072433329473,COMPLETE
58,0.3088878947438824,2026-04-22 00:16:35.937354,2026-04-22 00:16:36.094027,0 days 00:00:00.156673,4.5709824658850575,7.132934928740982,0.10641475961965685,COMPLETE
59,0.1352768079887852,2026-04-22 00:16:36.094058,2026-04-22 00:16:36.240201,0 days 00:00:00.146143,4.036801981826962,6.611186249381284,0.005006444006236746,COMPLETE
60,0.30869332199242233,2026-04-22 00:16:36.240229,2026-04-22 00:16:36.398467,0 days 00:00:00.158238,5.1455386282415105,8.169054260387153,0.13838634427599908,COMPLETE
61,0.3085115744983837,2026-04-22 00:16:36.398497,2026-04-22 00:16:36.555380,0 days 00:00:00.156883,4.706881212113502,7.336877181787621,0.10457679545766677,COMPLETE
62,0.21879581594428207,2026-04-22 00:16:36.555410,2026-04-22 00:16:36.706062,0 days 00:00:00.150652,4.258458859406779,7.808954326121677,0.04452552740417136,COMPLETE
63,0.3090962904356366,2026-04-22 00:16:36.706094,2026-04-22 00:16:36.864747,0 days 00:00:00.158653,5.773614448126094,6.731144648459382,0.11254180994444252,COMPLETE
64,0.30513888340905326,2026-04-22 00:16:36.864777,2026-04-22 00:16:37.020473,0 days 00:00:00.155696,5.070716127417777,7.531327626579252,0.22477854356736768,COMPLETE
65,0.3071482924206035,2026-04-22 00:16:37.020504,2026-04-22 00:16:37.171332,0 days 00:00:00.150828,3.6848803778954564,5.344032912114679,0.1840730508006323,COMPLETE
66,0.28705784800363227,2026-04-22 00:16:37.171362,2026-04-22 00:16:37.320962,0 days 00:00:00.149600,6.013323248306962,7.20350261331223,0.07469912693452221,COMPLETE
67,0.30523591649742504,2026-04-22 00:16:37.320992,2026-04-22 00:16:37.469338,0 days 00:00:00.148346,4.643858132403052,5.951448470819343,0.27569059098243565,COMPLETE
68,0.2731597493767218,2026-04-22 00:16:37.469367,2026-04-22 00:16:37.615513,0 days 00:00:00.146146,4.144201328564092,1.5421250352641156,0.5548603481539149,COMPLETE
69,0.2980888055739398,2026-04-22 00:16:37.615551,2026-04-22 00:16:37.764870,0 days 00:00:00.149319,1.6601617910041933,5.1811803907476035,0.34686658634562406,COMPLETE
70,0.3033800617247102,2026-04-22 00:16:37.764900,2026-04-22 00:16:37.923369,0 days 00:00:00.158469,2.755579184590555,6.314255899098846,0.14356160561850764,COMPLETE
71,0.3098319234885138,2026-04-22 00:16:37.923400,2026-04-22 00:16:38.077320,0 days 00:00:00.153920,5.692499823840616,6.736746294539304,0.12079732020181339,COMPLETE
72,0.1359058323161159,2026-04-22 00:16:38.077349,2026-04-22 00:16:38.216036,0 days 00:00:00.138687,6.587659964481322,7.832280103810017,0.028893761134957632,COMPLETE
73,0.306565797003111,2026-04-22 00:16:38.216067,2026-04-22 00:16:38.376012,0 days 00:00:00.159945,5.3552190099769685,6.902189299793467,0.22381357534236462,COMPLETE
74,0.2997882548545134,2026-04-22 00:16:38.376043,2026-04-22 00:16:38.534152,0 days 00:00:00.158109,5.605894647988492,6.475096714501513,0.0858471701239958,COMPLETE
75,0.3079321405968832,2026-04-22 00:16:38.534183,2026-04-22 00:16:38.687356,0 days 00:00:00.153173,6.107951104618937,8.328339459534421,0.17121404588194114,COMPLETE
76,0.3107190426169194,2026-04-22 00:16:38.687387,2026-04-22 00:16:38.840782,0 days 00:00:00.153395,4.656533567092545,5.919811741513057,0.12308699910932833,COMPLETE
77,0.3030130673391745,2026-04-22 00:16:38.840813,2026-04-22 00:16:38.997013,0 days 00:00:00.156200,7.0345963698532685,5.767560589465816,0.12492811653262087,COMPLETE
78,0.30743539446737184,2026-04-22 00:16:38.997043,2026-04-22 00:16:39.149027,0 days 00:00:00.151984,5.118795040320333,4.805859995447633,0.18889251669540372,COMPLETE
79,0.28152545573262466,2026-04-22 00:16:39.149057,2026-04-22 00:16:39.298650,0 days 00:00:00.149593,6.373169931624203,5.908440432458198,0.6552154543714491,COMPLETE
80,0.14154517754627532,2026-04-22 00:16:39.298683,2026-04-22 00:16:39.444382,0 days 00:00:00.145699,3.865916149013858,6.8376785407461895,0.033092252202318526,COMPLETE
81,0.2995373524049187,2026-04-22 00:16:39.444413,2026-04-22 00:16:39.600075,0 days 00:00:00.155662,4.661662133207044,7.330999958195701,0.07301138356795962,COMPLETE
82,0.3100963617128227,2026-04-22 00:16:39.600106,2026-04-22 00:16:39.755236,0 days 00:00:00.155130,4.320062693470081,6.315808064433524,0.12348402626415095,COMPLETE
83,0.3094318993806297,2026-04-22 00:16:39.755267,2026-04-22 00:16:39.906905,0 days 00:00:00.151638,4.322475953076889,6.354685022145556,0.13441818881652406,COMPLETE
84,0.306944118027134,2026-04-22 00:16:39.906935,2026-04-22 00:16:40.055819,0 days 00:00:00.148884,3.340397237650518,6.107194388895409,0.15663484087509294,COMPLETE
85,0.30608648564350754,2026-04-22 00:16:40.055848,2026-04-22 00:16:40.211575,0 days 00:00:00.155727,4.957609124141839,5.634261156195051,0.23468261301909085,COMPLETE
86,0.30477379006331634,2026-04-22 00:16:40.211606,2026-04-22 00:16:40.367499,0 days 00:00:00.155893,5.637185069549942,7.04656073531762,0.09249825752615527,COMPLETE
87,0.211772821347226,2026-04-22 00:16:40.367530,2026-04-22 00:16:40.517636,0 days 00:00:00.150106,5.309813134905802,5.279062459012167,0.052721572950574024,COMPLETE
88,0.3081875298354422,2026-04-22 00:16:40.517667,2026-04-22 00:16:40.672507,0 days 00:00:00.154840,4.441987249828658,6.649174657956748,0.16961764145128885,COMPLETE
89,0.28830567434718796,2026-04-22 00:16:40.672537,2026-04-22 00:16:40.824170,0 days 00:00:00.151633,0.05017387265783846,4.524344099244174,0.12421581242945086,COMPLETE
90,0.30426541901467435,2026-04-22 00:16:40.824202,2026-04-22 00:16:40.980169,0 days 00:00:00.155967,3.782301142326358,7.955361427431757,0.19605210485634217,COMPLETE
91,0.30998165697780206,2026-04-22 00:16:40.980201,2026-04-22 00:16:41.134644,0 days 00:00:00.154443,4.273033583017899,6.493389573156078,0.1352493158266111,COMPLETE
92,0.3085919918268508,2026-04-22 00:16:41.134675,2026-04-22 00:16:41.291229,0 days 00:00:00.156554,4.167885764202974,6.417208364150926,0.0979137079632865,COMPLETE
93,0.3085780858054752,2026-04-22 00:16:41.291261,2026-04-22 00:16:41.451696,0 days 00:00:00.160435,4.859879212466561,7.5663991499032885,0.1492539417864063,COMPLETE
94,0.307353266389912,2026-04-22 00:16:41.451729,2026-04-22 00:16:41.604344,0 days 00:00:00.152615,3.4712831825848163,5.969188188059117,0.11779009549590153,COMPLETE
95,0.29977433009893795,2026-04-22 00:16:41.604375,2026-04-22 00:16:41.755063,0 days 00:00:00.150688,4.5589135941841805,6.769274093425797,0.07377449520180449,COMPLETE
96,0.1352768079887852,2026-04-22 00:16:41.755093,2026-04-22 00:16:41.896986,0 days 00:00:00.141893,4.045808136689086,5.545844369354708,0.02441685538782859,COMPLETE
97,0.3002740058587062,2026-04-22 00:16:41.897018,2026-04-22 00:16:42.052578,0 days 00:00:00.155560,3.1519639243319517,8.73504655099867,0.20489225813715456,COMPLETE
98,0.3084622041849724,2026-04-22 00:16:42.052610,2026-04-22 00:16:42.205451,0 days 00:00:00.152841,4.77639937590748,7.033213792092647,0.15770592364586436,COMPLETE
99,0.3042969849328858,2026-04-22 00:16:42.205480,2026-04-22 00:16:42.354891,0 days 00:00:00.149411,5.465750031778923,6.281752553553211,0.27690058748411184,COMPLETE
100,0.24082022851589227,2026-04-22 00:16:42.354921,2026-04-22 00:16:42.503786,0 days 00:00:00.148865,6.2065855976781314,7.615191931646185,0.05838621827724236,COMPLETE
101,0.3100639507113503,2026-04-22 00:16:42.503820,2026-04-22 00:16:42.659377,0 days 00:00:00.155557,4.2408223177534214,6.3558644934919855,0.11484429353362817,COMPLETE
102,0.2853071131225654,2026-04-22 00:16:42.659409,2026-04-22 00:16:42.812360,0 days 00:00:00.152951,4.343190719339062,5.832021258569965,0.8301485396872883,COMPLETE
103,0.3109412271173015,2026-04-22 00:16:42.812394,2026-04-22 00:16:42.968543,0 days 00:00:00.156149,5.900272852217714,6.520200016640278,0.1336122160184342,COMPLETE
104,0.2922165879434843,2026-04-22 00:16:42.968574,2026-04-22 00:16:43.121343,0 days 00:00:00.152769,0.5089893846039892,6.0879203175532615,0.13429821103615514,COMPLETE
105,0.30751089657252867,2026-04-22 00:16:43.121374,2026-04-22 00:16:43.276485,0 days 00:00:00.155111,6.776731776261648,6.5309244281356955,0.17763528585302496,COMPLETE
106,0.29457407289164206,2026-04-22 00:16:43.276518,2026-04-22 00:16:43.430859,0 days 00:00:00.154341,5.868399164938526,5.061780694986159,0.0897034999297425,COMPLETE
107,0.1352768079887852,2026-04-22 00:16:43.430890,2026-04-22 00:16:43.586175,0 days 00:00:00.155285,5.152821688872631,6.7710129402575285,0.00048741693472219294,COMPLETE
108,0.3050680885656978,2026-04-22 00:16:43.586207,2026-04-22 00:16:43.737054,0 days 00:00:00.150847,6.519437633839893,5.411760583484514,0.11510685398020593,COMPLETE
109,0.2984570954692915,2026-04-22 00:16:43.737084,2026-04-22 00:16:43.888918,0 days 00:00:00.151834,5.811926309007848,3.130441105135482,0.2167320382284951,COMPLETE
110,0.2843720715686634,2026-04-22 00:16:43.888950,2026-04-22 00:16:44.042843,0 days 00:00:00.153893,5.003680186861001,6.511371150378962,0.7750002909296525,COMPLETE
111,0.3079123257907132,2026-04-22 00:16:44.042873,2026-04-22 00:16:44.200083,0 days 00:00:00.157210,3.9683004970589173,7.100861108437035,0.09920988840591496,COMPLETE
112,0.3094837879978978,2026-04-22 00:16:44.200150,2026-04-22 00:16:44.358023,0 days 00:00:00.157873,4.541391458211375,7.288042603914576,0.13759737656985221,COMPLETE
113,0.3086126462939448,2026-04-22 00:16:44.358053,2026-04-22 00:16:44.514632,0 days 00:00:00.156579,4.208715403364577,6.165914355781365,0.16831258960075568,COMPLETE
114,0.27666464545273867,2026-04-22 00:16:44.514662,2026-04-22 00:16:44.673938,0 days 00:00:00.159276,4.821951796265149,6.886980155327983,0.06260490625148826,COMPLETE
115,0.1645610635676739,2026-04-22 00:16:44.673969,2026-04-22 00:16:44.823240,0 days 00:00:00.149271,5.266839599001261,6.260767626117443,0.040999508002561025,COMPLETE
116,0.3061359303647108,2026-04-22 00:16:44.823271,2026-04-22 00:16:44.981628,0 days 00:00:00.158357,3.5760441222760475,7.4551268430062265,0.1174959540289991,COMPLETE
117,0.3103875397568629,2026-04-22 00:16:44.981660,2026-04-22 00:16:45.136094,0 days 00:00:00.154434,5.508499457803604,5.685091651767968,0.14722544389386832,COMPLETE
118,0.29041066334781335,2026-04-22 00:16:45.136126,2026-04-22 00:16:45.288151,0 days 00:00:00.152025,6.095651162468452,5.558382837371106,0.44500688607245464,COMPLETE
119,0.3061177872630518,2026-04-22 00:16:45.288181,2026-04-22 00:16:45.437393,0 days 00:00:00.149212,5.737184568721164,4.881081153425519,0.18570090669296002,COMPLETE
120,0.3034595416948413,2026-04-22 00:16:45.437423,2026-04-22 00:16:45.592268,0 days 00:00:00.154845,5.5119523266448756,5.688928925788139,0.24691023243952676,COMPLETE
121,0.30898362920985556,2026-04-22 00:16:45.592296,2026-04-22 00:16:45.743422,0 days 00:00:00.151126,3.789011471469079,6.669611497414752,0.15037578110524508,COMPLETE
122,0.25845589565406907,2026-04-22 00:16:45.743453,2026-04-22 00:16:45.897332,0 days 00:00:00.153879,4.711853596349607,0.005562755946734832,0.08145901591501825,COMPLETE
123,0.309810487810732,2026-04-22 00:16:45.897364,2026-04-22 00:16:46.047059,0 days 00:00:00.149695,4.43908344537739,6.416259325461099,0.10403157697939067,COMPLETE
124,0.30819221169530214,2026-04-22 00:16:46.047092,2026-04-22 00:16:46.205369,0 days 00:00:00.158277,6.289450382697594,6.011545297180385,0.12560335966703964,COMPLETE
125,0.30904017687590907,2026-04-22 00:16:46.205401,2026-04-22 00:16:46.356825,0 days 00:00:00.151424,5.143557338430088,6.30748933623297,0.100948349078035,COMPLETE
126,0.3093020663483591,2026-04-22 00:16:46.356855,2026-04-22 00:16:46.507481,0 days 00:00:00.150626,4.420219513815337,5.760124893040093,0.14546405131694345,COMPLETE
127,0.2518498813753566,2026-04-22 00:16:46.507510,2026-04-22 00:16:46.656423,0 days 00:00:00.148913,5.970867431652071,6.463139698644315,0.06278665131139197,COMPLETE
128,0.30950629038638494,2026-04-22 00:16:46.656453,2026-04-22 00:16:46.808176,0 days 00:00:00.151723,4.150823138593107,5.869991203120069,0.16369112378561348,COMPLETE
129,0.30385668196697635,2026-04-22 00:16:46.808207,2026-04-22 00:16:46.962849,0 days 00:00:00.154642,6.815534780365206,5.2122023245631395,0.19495657396473498,COMPLETE
130,0.2990948775108531,2026-04-22 00:16:46.962879,2026-04-22 00:16:47.116082,0 days 00:00:00.153203,5.421360529011067,6.940036598835018,0.08218263267766233,COMPLETE
131,0.30881188684740546,2026-04-22 00:16:47.116113,2026-04-22 00:16:47.277008,0 days 00:00:00.160895,4.4953691543609215,7.191693285162344,0.1420344123827906,COMPLETE
