number,value,datetime_start,datetime_complete,duration,params_alpha,params_beta,params_decay_factor,state
264,0.31002601889613324,2026-04-22 00:17:07.344614,2026-04-22 00:17:07.503297,0 days 00:00:00.158683,6.024385558536119,6.759995861365941,0.12538054444465524,COMPLETE
265,0.3086111737089809,2026-04-22 00:17:07.503328,2026-04-22 00:17:07.657319,0 days 00:00:00.153991,6.901339919014255,7.495733612429429,0.14978387804603216,COMPLETE
266,0.3088654674358269,2026-04-22 00:17:07.657348,2026-04-22 00:17:07.813502,0 days 00:00:00.156154,6.206893332826712,6.9841080845581684,0.20296227484165552,COMPLETE
267,0.30754692780127785,2026-04-22 00:17:07.813533,2026-04-22 00:17:07.966607,0 days 00:00:00.153074,6.4357905496915455,6.559714543110019,0.11241859175292156,COMPLETE
268,0.30850536139599843,2026-04-22 00:17:07.966639,2026-04-22 00:17:08.120216,0 days 00:00:00.153577,5.72069907505377,7.797644503718806,0.17423077483815652,COMPLETE
269,0.3082725951430896,2026-04-22 00:17:08.120247,2026-04-22 00:17:08.276768,0 days 00:00:00.156521,5.972412826533616,6.79062547671968,0.1343067257830222,COMPLETE
270,0.3084377089884569,2026-04-22 00:17:08.276799,2026-04-22 00:17:08.431864,0 days 00:00:00.155065,6.166880784076581,6.427211464195159,0.15881336015532624,COMPLETE
271,0.2989549583961145,2026-04-22 00:17:08.431895,2026-04-22 00:17:08.585804,0 days 00:00:00.153909,6.669002134989349,7.167656845120761,0.31704677541658777,COMPLETE
272,0.30375159997539947,2026-04-22 00:17:08.585835,2026-04-22 00:17:08.746383,0 days 00:00:00.160548,5.618299678932776,5.716813606454378,0.09544726624468527,COMPLETE
273,0.31118010337955243,2026-04-22 00:17:08.746416,2026-04-22 00:17:08.911667,0 days 00:00:00.165251,5.94191320190862,7.378524349928381,0.1356607845148063,COMPLETE
274,0.3014889370288372,2026-04-22 00:17:08.911701,2026-04-22 00:17:09.068832,0 days 00:00:00.157131,6.320394784596408,3.8371299083161508,0.18550216094054342,COMPLETE
275,0.30708783075964247,2026-04-22 00:17:09.068861,2026-04-22 00:17:09.228359,0 days 00:00:00.159498,6.479243633246777,7.435859165803285,0.11467807921198782,COMPLETE
276,0.28442837142611704,2026-04-22 00:17:09.228388,2026-04-22 00:17:09.381681,0 days 00:00:00.153293,6.038771702461309,7.344266567978915,0.72491422289012,COMPLETE
277,0.30910661506640874,2026-04-22 00:17:09.381712,2026-04-22 00:17:09.534781,0 days 00:00:00.153069,5.7913524712906845,7.525027260427818,0.1607720206487046,COMPLETE
278,0.3095953680015236,2026-04-22 00:17:09.534811,2026-04-22 00:17:09.692626,0 days 00:00:00.157815,6.185411813546796,6.990833493808174,0.13533063561032316,COMPLETE
279,0.30747105058120355,2026-04-22 00:17:09.692658,2026-04-22 00:17:09.848228,0 days 00:00:00.155570,5.899355111560195,7.759672143406621,0.2134570427235545,COMPLETE
280,0.2919435658908704,2026-04-22 00:17:09.848257,2026-04-22 00:17:10.000196,0 days 00:00:00.151939,5.51110219345237,7.257726412554606,0.075447398580167,COMPLETE
281,0.275537771989336,2026-04-22 00:17:10.000226,2026-04-22 00:17:10.157246,0 days 00:00:00.157020,7.063387286365081,0.9652830055941823,0.14272415250875606,COMPLETE
282,0.3074823546404283,2026-04-22 00:17:10.157278,2026-04-22 00:17:10.313278,0 days 00:00:00.156000,6.341214511714,6.939714517499829,0.11186095987158752,COMPLETE
283,0.3086972741158298,2026-04-22 00:17:10.313308,2026-04-22 00:17:10.473145,0 days 00:00:00.159837,6.614124890311913,7.999050337090237,0.17158104499475355,COMPLETE
284,0.30958567895468075,2026-04-22 00:17:10.473177,2026-04-22 00:17:10.628869,0 days 00:00:00.155692,6.065214041986498,6.7002513693492025,0.1270157278259214,COMPLETE
285,0.30950655916444864,2026-04-22 00:17:10.628901,2026-04-22 00:17:10.786168,0 days 00:00:00.157267,5.3095055311260015,7.19960026361466,0.15623829765599578,COMPLETE
286,0.3080668256274309,2026-04-22 00:17:10.786201,2026-04-22 00:17:10.942991,0 days 00:00:00.156790,5.6913216808050135,6.031812721672874,0.19173948198301055,COMPLETE
287,0.30017617181942674,2026-04-22 00:17:10.943023,2026-04-22 00:17:11.103258,0 days 00:00:00.160235,6.2191613417455995,6.60090360226418,0.09217030693992495,COMPLETE
288,0.3101115566999033,2026-04-22 00:17:11.103288,2026-04-22 00:17:11.257232,0 days 00:00:00.153944,5.9314118896055925,6.895005798187393,0.1401984807234106,COMPLETE
289,0.30568650495152977,2026-04-22 00:17:11.257263,2026-04-22 00:17:11.408199,0 days 00:00:00.150936,6.455268397874401,5.428212784756604,0.11637618100394634,COMPLETE
290,0.3096944379178956,2026-04-22 00:17:11.408229,2026-04-22 00:17:11.562042,0 days 00:00:00.153813,6.113486664118756,7.347703810880508,0.16532919285052,COMPLETE
291,0.3099046728261193,2026-04-22 00:17:11.562075,2026-04-22 00:17:11.715999,0 days 00:00:00.153924,5.850049591178927,7.0642160202178115,0.1486693938661985,COMPLETE
292,0.307116949610867,2026-04-22 00:17:11.716031,2026-04-22 00:17:11.868504,0 days 00:00:00.152473,6.762630814069969,7.572094753962975,0.18192193052764596,COMPLETE
293,0.3081658068696708,2026-04-22 00:17:11.868535,2026-04-22 00:17:12.029408,0 days 00:00:00.160873,5.501436703381945,8.979595933324877,0.12512517714055937,COMPLETE
294,0.30564156535613596,2026-04-22 00:17:12.029438,2026-04-22 00:17:12.185579,0 days 00:00:00.156141,6.25949031344057,6.747041821418341,0.10293238391279873,COMPLETE
295,0.3104368634535355,2026-04-22 00:17:12.185610,2026-04-22 00:17:12.343981,0 days 00:00:00.158371,6.503589827567213,5.918022818797548,0.15275228622842524,COMPLETE
296,0.30763891931054166,2026-04-22 00:17:12.344012,2026-04-22 00:17:12.498318,0 days 00:00:00.154306,6.508007343788692,6.322721322809529,0.16256832187164522,COMPLETE
297,0.3066823746998037,2026-04-22 00:17:12.498348,2026-04-22 00:17:12.653116,0 days 00:00:00.154768,6.724199550089868,5.9369049805791585,0.13295024185109713,COMPLETE
298,0.30545810441840765,2026-04-22 00:17:12.653146,2026-04-22 00:17:12.811423,0 days 00:00:00.158277,6.361731759551645,6.173117450126368,0.21880743841633293,COMPLETE
299,0.30870664768385303,2026-04-22 00:17:12.811453,2026-04-22 00:17:12.978434,0 days 00:00:00.166981,6.116475334667538,6.583238304212233,0.1793156477392823,COMPLETE
300,0.2825552817206283,2026-04-22 00:17:12.978465,2026-04-22 00:17:13.139420,0 days 00:00:00.160955,6.55622628295572,7.042462320364926,0.07946447879425794,COMPLETE
301,0.3087929807216893,2026-04-22 00:17:13.139454,2026-04-22 00:17:13.302166,0 days 00:00:00.162712,6.860117638508312,6.8447898551589414,0.15001636480737876,COMPLETE
302,0.30869584283794577,2026-04-22 00:17:13.302198,2026-04-22 00:17:13.456933,0 days 00:00:00.154735,6.007213321287744,6.504588212637517,0.11243848182862345,COMPLETE
303,0.3071181027740779,2026-04-22 00:17:13.456963,2026-04-22 00:17:13.615637,0 days 00:00:00.158674,6.288211694637713,7.3004076207968005,0.19589904696264654,COMPLETE
304,0.2934177394463898,2026-04-22 00:17:13.615667,2026-04-22 00:17:13.775815,0 days 00:00:00.160148,8.419755256199476,6.280801224567341,0.13139664357754297,COMPLETE
305,0.3093698513892369,2026-04-22 00:17:13.775847,2026-04-22 00:17:13.934393,0 days 00:00:00.158546,5.76951728368141,6.019068971818054,0.16461546025933183,COMPLETE
306,0.3018563163497853,2026-04-22 00:17:13.934425,2026-04-22 00:17:14.092989,0 days 00:00:00.158564,6.43800051721141,6.7207201450169896,0.09858523141565753,COMPLETE
307,0.291114276950193,2026-04-22 00:17:14.093021,2026-04-22 00:17:14.252877,0 days 00:00:00.159856,0.9481652676242618,8.141541619971148,0.4517562913546852,COMPLETE
308,0.29517352567018756,2026-04-22 00:17:14.252910,2026-04-22 00:17:14.411283,0 days 00:00:00.158373,5.990199011299287,7.062927734960691,0.4116727021790784,COMPLETE
309,0.30954263578181784,2026-04-22 00:17:14.411315,2026-04-22 00:17:14.570107,0 days 00:00:00.158792,6.296389664016015,5.850806240417475,0.14824021971426846,COMPLETE
310,0.3037314451007445,2026-04-22 00:17:14.570145,2026-04-22 00:17:14.726671,0 days 00:00:00.156526,6.177360067093496,6.445077889319748,0.244014091095858,COMPLETE
311,0.3100705703748301,2026-04-22 00:17:14.726704,2026-04-22 00:17:14.887099,0 days 00:00:00.160395,5.77048438942026,6.912472323409619,0.12979024373039513,COMPLETE
312,0.3083269747881245,2026-04-22 00:17:14.887134,2026-04-22 00:17:15.040488,0 days 00:00:00.153354,6.5932791034671165,7.250532309899726,0.1780055550748643,COMPLETE
313,0.30945363003173126,2026-04-22 00:17:15.040519,2026-04-22 00:17:15.200594,0 days 00:00:00.160075,7.043084085455829,7.522097693577734,0.15058707382456907,COMPLETE
314,0.29893419908787483,2026-04-22 00:17:15.200627,2026-04-22 00:17:15.357729,0 days 00:00:00.157102,1.9610447654116552,6.1492506943495115,0.11651116307297399,COMPLETE
315,0.30553440571588036,2026-04-22 00:17:15.357760,2026-04-22 00:17:15.511047,0 days 00:00:00.153287,5.977363034486105,6.607742793965819,0.19802720963657386,COMPLETE
316,0.23738541271312744,2026-04-22 00:17:15.511078,2026-04-22 00:17:15.665783,0 days 00:00:00.154705,6.169899056682468,6.801526772578965,0.05845904228451017,COMPLETE
317,0.30595460181727324,2026-04-22 00:17:15.665812,2026-04-22 00:17:15.821396,0 days 00:00:00.155584,7.602478239755025,7.708592280937122,0.16572768592881787,COMPLETE
318,0.31043400235847307,2026-04-22 00:17:15.821425,2026-04-22 00:17:15.974249,0 days 00:00:00.152824,6.421589453270494,7.1127387112909926,0.14054071038791552,COMPLETE
319,0.30107599391701173,2026-04-22 00:17:15.974279,2026-04-22 00:17:16.131022,0 days 00:00:00.156743,6.564758090586016,6.403688922432452,0.10519023863657233,COMPLETE
320,0.27642602252733983,2026-04-22 00:17:16.131052,2026-04-22 00:17:16.287507,0 days 00:00:00.156455,6.815422803309285,4.6606390939787214,0.08808893492404749,COMPLETE
321,0.30866838965719806,2026-04-22 00:17:16.287537,2026-04-22 00:17:16.443649,0 days 00:00:00.156112,5.678090042459338,5.751683755383542,0.13568978297899634,COMPLETE
322,0.3072137222634002,2026-04-22 00:17:16.443691,2026-04-22 00:17:16.598426,0 days 00:00:00.154735,6.438119962078786,6.684318191534289,0.12261550461816208,COMPLETE
323,0.2815745113923348,2026-04-22 00:17:16.598455,2026-04-22 00:17:16.748154,0 days 00:00:00.149699,5.923460173299748,6.953549563995727,0.9457143748316966,COMPLETE
324,0.30879569005036894,2026-04-22 00:17:16.748185,2026-04-22 00:17:16.904578,0 days 00:00:00.156393,6.08494740433399,6.2448973773292815,0.17379213751701647,COMPLETE
325,0.3112381375117883,2026-04-22 00:17:16.904608,2026-04-22 00:17:17.067222,0 days 00:00:00.162614,6.359113665017439,7.375106163103574,0.14092920620394103,COMPLETE
326,0.30984724897763494,2026-04-22 00:17:17.067254,2026-04-22 00:17:17.223745,0 days 00:00:00.156491,6.3978395103095,7.423130077335201,0.13439549079574134,COMPLETE
327,0.3017683032951487,2026-04-22 00:17:17.223777,2026-04-22 00:17:17.380898,0 days 00:00:00.157121,6.703745979530728,7.102369044849737,0.10242072562244088,COMPLETE
328,0.2884210925238498,2026-04-22 00:17:17.380931,2026-04-22 00:17:17.540504,0 days 00:00:00.159573,6.337635772211822,7.630849307504001,0.6114328959984845,COMPLETE
329,0.3092595510899875,2026-04-22 00:17:17.540538,2026-04-22 00:17:17.697549,0 days 00:00:00.157011,6.555050553896863,7.344742099372876,0.1253174534312251,COMPLETE
330,0.30982722768744736,2026-04-22 00:17:17.697580,2026-04-22 00:17:17.858600,0 days 00:00:00.161020,6.219208489628599,6.856801605198552,0.1553980244748098,COMPLETE
331,0.3088007398486775,2026-04-22 00:17:17.858633,2026-04-22 00:17:18.017382,0 days 00:00:00.158749,6.051539463376687,7.182438930715078,0.11661556393181516,COMPLETE
332,0.30968826869083915,2026-04-22 00:17:18.017414,2026-04-22 00:17:18.175885,0 days 00:00:00.158471,6.467544165559203,7.784230825067799,0.1398244810311203,COMPLETE
333,0.3084757413062613,2026-04-22 00:17:18.175915,2026-04-22 00:17:18.331126,0 days 00:00:00.155211,6.2052543029571705,6.614686958554154,0.1816775962332201,COMPLETE
334,0.29402963294282153,2026-04-22 00:17:18.331155,2026-04-22 00:17:18.488037,0 days 00:00:00.156882,6.749978248302601,9.229500036333945,0.08142053609774733,COMPLETE
335,0.3088019175217778,2026-04-22 00:17:18.488069,2026-04-22 00:17:18.645987,0 days 00:00:00.157918,5.846054864186186,7.090929018534597,0.1615675314436589,COMPLETE
336,0.309958776939038,2026-04-22 00:17:18.646017,2026-04-22 00:17:18.801774,0 days 00:00:00.155757,6.347818177883896,7.446555621763965,0.14195256078569687,COMPLETE
337,0.3080419722423819,2026-04-22 00:17:18.801803,2026-04-22 00:17:18.960539,0 days 00:00:00.158736,6.008848710923076,6.759603379075049,0.20461335924306948,COMPLETE
338,0.3098843060909275,2026-04-22 00:17:18.960570,2026-04-22 00:17:19.122479,0 days 00:00:00.161909,5.599101224376224,6.932075128427309,0.11678045763350435,COMPLETE
339,0.3072427762851881,2026-04-22 00:17:19.122513,2026-04-22 00:17:19.284527,0 days 00:00:00.162014,6.568569100299302,6.474701458211379,0.16812688752872987,COMPLETE
340,0.2794831938981749,2026-04-22 00:17:19.284564,2026-04-22 00:17:19.444221,0 days 00:00:00.159657,6.148663817560157,7.217949416194221,0.8626710247200802,COMPLETE
341,0.2837171828401039,2026-04-22 00:17:19.444254,2026-04-22 00:17:19.605057,0 days 00:00:00.160803,7.030499193639118,4.2472508798904895,0.10326706020510037,COMPLETE
342,0.30828515964410397,2026-04-22 00:17:19.605088,2026-04-22 00:17:19.762709,0 days 00:00:00.157621,6.342295919736867,6.995151127657351,0.14141454966046588,COMPLETE
343,0.30701588553386483,2026-04-22 00:17:19.762740,2026-04-22 00:17:19.916017,0 days 00:00:00.153277,5.687235288801335,6.600229824638208,0.17941697566780887,COMPLETE
344,0.3107002412352734,2026-04-22 00:17:19.916048,2026-04-22 00:17:20.070813,0 days 00:00:00.154765,5.902639617990592,7.291194953865829,0.12873256300732475,COMPLETE
345,0.2858606491936801,2026-04-22 00:17:20.070845,2026-04-22 00:17:20.223374,0 days 00:00:00.152529,5.324829375426954,7.39499239495595,0.06847651319415221,COMPLETE
346,0.3111755245857393,2026-04-22 00:17:20.223403,2026-04-22 00:17:20.381654,0 days 00:00:00.158251,5.877816542021034,7.606478975699829,0.11839935830571109,COMPLETE
347,0.3038795119540003,2026-04-22 00:17:20.381685,2026-04-22 00:17:20.535524,0 days 00:00:00.153839,5.839970822972686,7.936888664585392,0.08854106949497287,COMPLETE
348,0.31181314914414976,2026-04-22 00:17:20.535555,2026-04-22 00:17:20.693620,0 days 00:00:00.158065,5.564356183225743,7.673563352543057,0.10895795140976298,COMPLETE
349,0.30680942379516124,2026-04-22 00:17:20.693652,2026-04-22 00:17:20.849850,0 days 00:00:00.156198,5.4453171084725,8.107500385326427,0.0924400805702652,COMPLETE
350,0.3098153074276204,2026-04-22 00:17:20.849890,2026-04-22 00:17:21.003385,0 days 00:00:00.153495,5.57994332914772,7.768882995517543,0.11975582254350398,COMPLETE
351,0.28325426118145197,2026-04-22 00:17:21.003418,2026-04-22 00:17:21.162216,0 days 00:00:00.158798,5.762041823825237,7.5759252513187,0.7871811585452244,COMPLETE
352,0.3083435597714444,2026-04-22 00:17:21.162247,2026-04-22 00:17:21.320597,0 days 00:00:00.158350,5.197533234858194,7.626584573542556,0.10224241409966796,COMPLETE
353,0.25346171959074726,2026-04-22 00:17:21.320629,2026-04-22 00:17:21.472865,0 days 00:00:00.152236,5.470186737490154,7.92599914521993,0.05697859775282185,COMPLETE
354,0.2935174777549037,2026-04-22 00:17:21.472895,2026-04-22 00:17:21.624851,0 days 00:00:00.151956,5.931442446776124,7.465136396340397,0.0783852374227706,COMPLETE
355,0.3091282740680727,2026-04-22 00:17:21.624885,2026-04-22 00:17:21.779508,0 days 00:00:00.154623,5.677257602545724,7.334720615397548,0.11695797630360986,COMPLETE
356,0.31019781436110566,2026-04-22 00:17:21.779539,2026-04-22 00:17:21.933415,0 days 00:00:00.153876,5.94859166628066,7.722224757415137,0.12244380755530401,COMPLETE
357,0.3066666742460094,2026-04-22 00:17:21.933447,2026-04-22 00:17:22.091724,0 days 00:00:00.158277,5.761099220463568,8.256940749496808,0.10052258288713997,COMPLETE
358,0.30894393467884973,2026-04-22 00:17:22.091754,2026-04-22 00:17:22.250098,0 days 00:00:00.158344,5.2489650797755445,7.53385278722662,0.13121617185409665,COMPLETE
359,0.3083426313310147,2026-04-22 00:17:22.250145,2026-04-22 00:17:22.405745,0 days 00:00:00.155600,6.030189782354106,7.33225522820104,0.10565921339457035,COMPLETE
360,0.30861411788822024,2026-04-22 00:17:22.405777,2026-04-22 00:17:22.562070,0 days 00:00:00.156293,5.538650288364703,8.509989226516831,0.13018431214174614,COMPLETE
361,0.3094728282019269,2026-04-22 00:17:22.562101,2026-04-22 00:17:22.722910,0 days 00:00:00.160809,5.84634281744735,8.80738279903133,0.15591571270652838,COMPLETE
362,0.29397765764461364,2026-04-22 00:17:22.722944,2026-04-22 00:17:22.877572,0 days 00:00:00.154628,6.073953810109886,7.238564613584255,0.08139628465629631,COMPLETE
363,0.3100402931769864,2026-04-22 00:17:22.877604,2026-04-22 00:17:23.037379,0 days 00:00:00.159775,5.683202942970359,7.952087068295821,0.1208589739076303,COMPLETE
364,0.30927075423183514,2026-04-22 00:17:23.037418,2026-04-22 00:17:23.195747,0 days 00:00:00.158329,6.2173619756258685,7.552324722904737,0.16347169789887903,COMPLETE
365,0.30702515952320825,2026-04-22 00:17:23.195778,2026-04-22 00:17:23.351828,0 days 00:00:00.156050,5.952698221322785,7.166084755546518,0.18951619828282346,COMPLETE
366,0.30927398534352457,2026-04-22 00:17:23.351858,2026-04-22 00:17:23.511751,0 days 00:00:00.159893,6.039696999121545,6.901097674979484,0.1415803527836692,COMPLETE
367,0.27701697410691467,2026-04-22 00:17:23.511782,2026-04-22 00:17:23.664714,0 days 00:00:00.152932,9.113693217586146,7.375169604121434,0.10792869149673008,COMPLETE
368,0.31020303467759436,2026-04-22 00:17:23.664745,2026-04-22 00:17:23.820566,0 days 00:00:00.155821,6.1919476311821615,7.679609857660243,0.13286185962388028,COMPLETE
369,0.3087869107904824,2026-04-22 00:17:23.820599,2026-04-22 00:17:23.977698,0 days 00:00:00.157099,5.853782706231777,7.03732647756532,0.16566301722768068,COMPLETE
370,0.30778782070874916,2026-04-22 00:17:23.977730,2026-04-22 00:17:24.134209,0 days 00:00:00.156479,5.506588355114966,6.842211792485503,0.22355866070919111,COMPLETE
371,0.3085963819638607,2026-04-22 00:17:24.134240,2026-04-22 00:17:24.292247,0 days 00:00:00.158007,6.20301744807579,7.2491067557329805,0.1449988776526733,COMPLETE
372,0.30584248002446973,2026-04-22 00:17:24.292277,2026-04-22 00:17:24.451804,0 days 00:00:00.159527,5.7122215932165075,7.037156832977265,0.09486884549302287,COMPLETE
373,0.3102184500325066,2026-04-22 00:17:24.451836,2026-04-22 00:17:24.606104,0 days 00:00:00.154268,5.063048918780889,6.728614242091628,0.11968714178617802,COMPLETE
374,0.30773799688204007,2026-04-22 00:17:24.606146,2026-04-22 00:17:24.761403,0 days 00:00:00.155257,5.354774712294634,7.437938698073162,0.18081735635528326,COMPLETE
375,0.3085613363922388,2026-04-22 00:17:24.761433,2026-04-22 00:17:24.918648,0 days 00:00:00.157215,5.980646395764935,6.280907091204671,0.15475527163060077,COMPLETE
376,0.31099853607519223,2026-04-22 00:17:24.918679,2026-04-22 00:17:25.075859,0 days 00:00:00.157180,6.33746798256785,7.830003647852676,0.13153064651027943,COMPLETE
377,0.27292742855511204,2026-04-22 00:17:25.075894,2026-04-22 00:17:25.233869,0 days 00:00:00.157975,6.269337254697544,7.632145076619285,0.06919937892315528,COMPLETE
378,0.30805946038726456,2026-04-22 00:17:25.233900,2026-04-22 00:17:25.391717,0 days 00:00:00.157817,5.811660052861442,7.732178147744877,0.10960825513292272,COMPLETE
379,0.20080266229972532,2026-04-22 00:17:25.391749,2026-04-22 00:17:25.541380,0 days 00:00:00.149631,6.105924657651382,8.310271362007658,0.04583993506689059,COMPLETE
380,0.3103100258910532,2026-04-22 00:17:25.541411,2026-04-22 00:17:25.694388,0 days 00:00:00.152977,5.6145187121474684,8.124549640529072,0.1338658872740355,COMPLETE
381,0.2904495220206999,2026-04-22 00:17:25.694417,2026-04-22 00:17:25.845712,0 days 00:00:00.151295,5.898943217148444,8.441729551292543,0.5554062958020441,COMPLETE
382,0.3027449732633343,2026-04-22 00:17:25.845742,2026-04-22 00:17:26.000834,0 days 00:00:00.155092,6.349180008272722,7.69855709335631,0.09271006084896113,COMPLETE
383,0.3095370946881296,2026-04-22 00:17:26.000867,2026-04-22 00:17:26.155309,0 days 00:00:00.154442,6.104751847558728,7.89457201443121,0.12791848071655446,COMPLETE
384,0.29152698880646766,2026-04-22 00:17:26.155339,2026-04-22 00:17:26.309798,0 days 00:00:00.154459,6.5789853335182915,3.2382494662176136,0.2707315319276651,COMPLETE
385,0.3107737855669956,2026-04-22 00:17:26.309827,2026-04-22 00:17:26.467006,0 days 00:00:00.157179,5.403633667629176,6.4550479275068895,0.11891285991399449,COMPLETE
386,0.3010543909235563,2026-04-22 00:17:26.467042,2026-04-22 00:17:26.623160,0 days 00:00:00.156118,5.281923590866876,7.980589564522861,0.0851461537696159,COMPLETE
387,0.31074168982919936,2026-04-22 00:17:26.623189,2026-04-22 00:17:26.780568,0 days 00:00:00.157379,5.509403189605353,6.349044686181232,0.1111181925461032,COMPLETE
388,0.3105336603951009,2026-04-22 00:17:26.780601,2026-04-22 00:17:26.937256,0 days 00:00:00.156655,5.183344643622384,6.416050208921986,0.10603921636622349,COMPLETE
389,0.2713358862830229,2026-04-22 00:17:26.937289,2026-04-22 00:17:27.093774,0 days 00:00:00.156485,5.44651072702567,6.398053224676622,0.06656152292364578,COMPLETE
390,0.30741857615310264,2026-04-22 00:17:27.093805,2026-04-22 00:17:27.251421,0 days 00:00:00.157616,5.427983285510917,7.477963866602528,0.10456093138033637,COMPLETE
391,0.3096866757209778,2026-04-22 00:17:27.251453,2026-04-22 00:17:27.409616,0 days 00:00:00.158163,4.907908553941066,7.832863293612089,0.11628395881222477,COMPLETE
392,0.31037665397184444,2026-04-22 00:17:27.409648,2026-04-22 00:17:27.573533,0 days 00:00:00.163885,5.008105390127895,6.507064087753742,0.12331523439801072,COMPLETE
393,0.29701053387069304,2026-04-22 00:17:27.573564,2026-04-22 00:17:27.731587,0 days 00:00:00.158023,5.625310959948125,6.190467904811085,0.0835408907852063,COMPLETE
394,0.30835938477840413,2026-04-22 00:17:27.731617,2026-04-22 00:17:27.890281,0 days 00:00:00.158664,5.352179055579256,7.241372767276759,0.16434896367627497,COMPLETE
395,0.30755043352492484,2026-04-22 00:17:27.890313,2026-04-22 00:17:28.050556,0 days 00:00:00.160243,5.56001491071931,7.517902323522759,0.09478469385182119,COMPLETE
