number,value,datetime_start,datetime_complete,duration,params_alpha,params_beta,params_decay_factor,state
396,0.30949509719137686,2026-04-22 00:17:28.050589,2026-04-22 00:17:28.216157,0 days 00:00:00.165568,5.733130188289679,6.586607712363399,0.13345396010288899,COMPLETE
397,0.3097654372303218,2026-04-22 00:17:28.216190,2026-04-22 00:17:28.377033,0 days 00:00:00.160843,5.176463910653156,7.301044987477404,0.11354096543472814,COMPLETE
398,0.30952934321491654,2026-04-22 00:17:28.377063,2026-04-22 00:17:28.534849,0 days 00:00:00.157786,5.830689598518935,8.073256294256911,0.14996560992716973,COMPLETE
399,0.28625326247465216,2026-04-22 00:17:28.534881,2026-04-22 00:17:28.697598,0 days 00:00:00.162717,5.565153435745913,6.843924041821989,0.07046623858241803,COMPLETE
400,0.1352768079887852,2026-04-22 00:17:28.697631,2026-04-22 00:17:28.844365,0 days 00:00:00.146734,5.944159783236911,6.339731606829539,0.022674301317725715,COMPLETE
401,0.3081495355408735,2026-04-22 00:17:28.844399,2026-04-22 00:17:29.002727,0 days 00:00:00.158328,5.3271301053410625,7.1407520450313315,0.1733701068378002,COMPLETE
402,0.29931867505117604,2026-04-22 00:17:29.002759,2026-04-22 00:17:29.161830,0 days 00:00:00.159071,5.75456665539212,2.391178647354395,0.12660521332643598,COMPLETE
403,0.30706480375289874,2026-04-22 00:17:29.161862,2026-04-22 00:17:29.339920,0 days 00:00:00.178058,6.118810388456801,6.082677350842242,0.1978561309436747,COMPLETE
404,0.3090365525540799,2026-04-22 00:17:29.339956,2026-04-22 00:17:29.514366,0 days 00:00:00.174410,5.616962893300018,7.793918218677098,0.14681279721052842,COMPLETE
405,0.30283414598527547,2026-04-22 00:17:29.514401,2026-04-22 00:17:29.678854,0 days 00:00:00.164453,6.69650663305611,7.42169722625572,0.10004315783195852,COMPLETE
406,0.31020395903816145,2026-04-22 00:17:29.678887,2026-04-22 00:17:29.842592,0 days 00:00:00.163705,5.89552446420792,6.720115850268984,0.12830116159819036,COMPLETE
407,0.30976539121004837,2026-04-22 00:17:29.842624,2026-04-22 00:17:30.008822,0 days 00:00:00.166198,6.369878910980475,6.497695863415039,0.15400378710333915,COMPLETE
408,0.27587770355919355,2026-04-22 00:17:30.008858,2026-04-22 00:17:30.169530,0 days 00:00:00.160672,6.109799566594352,1.5084397686792395,0.3815155029694518,COMPLETE
409,0.30703500089310765,2026-04-22 00:17:30.169565,2026-04-22 00:17:30.326696,0 days 00:00:00.157131,5.081205559820888,7.015299872033338,0.1719420185224299,COMPLETE
410,0.3102377666725839,2026-04-22 00:17:30.326730,2026-04-22 00:17:30.487978,0 days 00:00:00.161248,5.762833557255474,7.559781189183644,0.1105119172728324,COMPLETE
411,0.28776693772271916,2026-04-22 00:17:30.488010,2026-04-22 00:17:30.651588,0 days 00:00:00.163578,5.451249662107277,7.216014337718708,0.6679017758410342,COMPLETE
412,0.3097347969940326,2026-04-22 00:17:30.651629,2026-04-22 00:17:30.817347,0 days 00:00:00.165718,6.311016886488022,6.88408806324873,0.13773322334838617,COMPLETE
413,0.2934808629744817,2026-04-22 00:17:30.817378,2026-04-22 00:17:30.974157,0 days 00:00:00.156779,5.975675657089539,6.289726890226602,0.08418352769116114,COMPLETE
414,0.2936714863841305,2026-04-22 00:17:30.974188,2026-04-22 00:17:31.126532,0 days 00:00:00.152344,0.5147036832521028,6.640665953409841,0.1890926408455717,COMPLETE
415,0.3089744971257009,2026-04-22 00:17:31.126564,2026-04-22 00:17:31.284210,0 days 00:00:00.157646,6.482190716491493,7.358544153913487,0.1573508397081018,COMPLETE
416,0.3095002253091507,2026-04-22 00:17:31.284244,2026-04-22 00:17:31.441656,0 days 00:00:00.157412,4.786080471502862,6.04451994871497,0.11731632387726121,COMPLETE
417,0.30961318724832365,2026-04-22 00:17:31.441688,2026-04-22 00:17:31.602169,0 days 00:00:00.160481,6.2293602442249245,8.587208915845526,0.12685233066900903,COMPLETE
418,0.3069116017146068,2026-04-22 00:17:31.602204,2026-04-22 00:17:31.761639,0 days 00:00:00.159435,6.840435103109301,7.0333731799017665,0.1441661259284564,COMPLETE
419,0.3048873558269388,2026-04-22 00:17:31.761672,2026-04-22 00:17:31.920059,0 days 00:00:00.158387,5.667046208454178,6.729136216952393,0.09751150963554653,COMPLETE
420,0.29731903680262073,2026-04-22 00:17:31.920091,2026-04-22 00:17:32.072494,0 days 00:00:00.152403,2.836634763290243,7.638266771634716,0.327938264914743,COMPLETE
421,0.3083645318290335,2026-04-22 00:17:32.072525,2026-04-22 00:17:32.229881,0 days 00:00:00.157356,5.987548163990839,7.89963177134219,0.16518884249482507,COMPLETE
422,0.3081314154086887,2026-04-22 00:17:32.229915,2026-04-22 00:17:32.387505,0 days 00:00:00.157590,5.801333276539028,6.502016821420417,0.20786199202127198,COMPLETE
423,0.3098034412909288,2026-04-22 00:17:32.387537,2026-04-22 00:17:32.546556,0 days 00:00:00.159019,6.144760339408926,7.223636268386431,0.13433292377909767,COMPLETE
424,0.22502804391424439,2026-04-22 00:17:32.546589,2026-04-22 00:17:32.698328,0 days 00:00:00.151739,5.376673734576179,8.273806963158556,0.04830691137946999,COMPLETE
425,0.307013063621031,2026-04-22 00:17:32.698361,2026-04-22 00:17:32.861806,0 days 00:00:00.163445,6.339812882965128,6.887706034118958,0.11043841519028967,COMPLETE
426,0.30778572920258024,2026-04-22 00:17:32.861840,2026-04-22 00:17:33.014629,0 days 00:00:00.152789,6.551392953499208,6.354760092761724,0.17866911725778575,COMPLETE
427,0.3129028741271029,2026-04-22 00:17:33.014658,2026-04-22 00:17:33.171976,0 days 00:00:00.157318,5.935056184986911,7.45835520379347,0.14653536841965298,COMPLETE
428,0.2940972378481424,2026-04-22 00:17:33.172007,2026-04-22 00:17:33.333047,0 days 00:00:00.161040,5.5783314843032175,6.171706725433412,0.07906082442352821,COMPLETE
429,0.31090920174446696,2026-04-22 00:17:33.333078,2026-04-22 00:17:33.495163,0 days 00:00:00.162085,5.8383674732664925,7.029604170487925,0.1216153401071568,COMPLETE
430,0.30664752866798867,2026-04-22 00:17:33.495194,2026-04-22 00:17:33.651963,0 days 00:00:00.156769,5.142519813685483,6.602525167000288,0.0998930316112153,COMPLETE
431,0.31014710912311755,2026-04-22 00:17:33.651995,2026-04-22 00:17:33.815516,0 days 00:00:00.163521,5.7134134708257545,7.023126038175938,0.15509612545307602,COMPLETE
432,0.2934678409748879,2026-04-22 00:17:33.815552,2026-04-22 00:17:33.975719,0 days 00:00:00.160167,5.484234824981675,6.805170354919039,0.4900648584135368,COMPLETE
433,0.3087295085670095,2026-04-22 00:17:33.975753,2026-04-22 00:17:34.131297,0 days 00:00:00.155544,5.93831515368526,6.414802071374358,0.11538512860221542,COMPLETE
434,0.3103923726054211,2026-04-22 00:17:34.131327,2026-04-22 00:17:34.284997,0 days 00:00:00.153670,6.06213198098728,5.980728008630054,0.139923124040916,COMPLETE
435,0.2642612568435741,2026-04-22 00:17:34.285028,2026-04-22 00:17:34.444298,0 days 00:00:00.159270,5.809533370159959,6.770427101323961,0.0641212451947176,COMPLETE
436,0.30660147941512333,2026-04-22 00:17:34.444329,2026-04-22 00:17:34.605930,0 days 00:00:00.161601,5.30515537786916,7.127051064093791,0.09057499736208954,COMPLETE
437,0.30859437958869723,2026-04-22 00:17:34.605961,2026-04-22 00:17:34.762744,0 days 00:00:00.156783,5.567067686099595,6.611280101093679,0.16802023918300046,COMPLETE
438,0.3096750508844448,2026-04-22 00:17:34.762776,2026-04-22 00:17:34.917079,0 days 00:00:00.154303,6.047389933891573,8.106794728890668,0.12138076814683753,COMPLETE
439,0.29606111668561363,2026-04-22 00:17:34.917109,2026-04-22 00:17:35.070632,0 days 00:00:00.153523,5.809031757834401,7.747008731327566,0.41587436100663755,COMPLETE
440,0.3099580779296283,2026-04-22 00:17:35.070663,2026-04-22 00:17:35.228190,0 days 00:00:00.157527,6.183722151361281,6.248700205277511,0.14798192984185554,COMPLETE
441,0.30727398511877235,2026-04-22 00:17:35.228222,2026-04-22 00:17:35.388359,0 days 00:00:00.160137,6.4577502350974765,6.892577486289385,0.191744579373346,COMPLETE
442,0.3112297763503237,2026-04-22 00:17:35.388390,2026-04-22 00:17:35.546859,0 days 00:00:00.158469,5.599041554517501,7.510233769106106,0.1336362569747188,COMPLETE
443,0.31061515461318284,2026-04-22 00:17:35.546891,2026-04-22 00:17:35.708657,0 days 00:00:00.161766,5.6766483979425875,7.434782562679837,0.1703136333923707,COMPLETE
444,0.30782000027073314,2026-04-22 00:17:35.708687,2026-04-22 00:17:35.212108,-1 days +23:59:59.503421,5.420565401598255,7.5908963314517806,0.13961369004891722,COMPLETE
445,0.3007254332772023,2026-04-22 00:17:35.212138,2026-04-22 00:17:35.368831,0 days 00:00:00.156693,5.568676205852642,7.815813946327333,0.29421534307640806,COMPLETE
446,0.3078650493526984,2026-04-22 00:17:35.368859,2026-04-22 00:17:35.529116,0 days 00:00:00.160257,5.86384650854886,7.537739813617457,0.10944587381383052,COMPLETE
447,0.3097796073868892,2026-04-22 00:17:35.529148,2026-04-22 00:17:35.685897,0 days 00:00:00.156749,5.978851736060155,7.224354104810973,0.1560916722589779,COMPLETE
448,0.3100770908870812,2026-04-22 00:17:35.685928,2026-04-22 00:17:35.850956,0 days 00:00:00.165028,5.702800881481403,7.121972000665065,0.13127351213182895,COMPLETE
449,0.3077209935293588,2026-04-22 00:17:35.850990,2026-04-22 00:17:36.012501,0 days 00:00:00.161511,5.230557479367641,7.45525495256805,0.1849800094466293,COMPLETE
450,0.2974709800709301,2026-04-22 00:17:36.012532,2026-04-22 00:17:36.169313,0 days 00:00:00.156781,6.169777131111799,7.029531404799564,0.0883438608358616,COMPLETE
451,0.30945771006881007,2026-04-22 00:17:36.169344,2026-04-22 00:17:36.329334,0 days 00:00:00.159990,5.515153442401549,7.958405620809783,0.11944711271276433,COMPLETE
452,0.30902351447769144,2026-04-22 00:17:36.329364,2026-04-22 00:17:36.484101,0 days 00:00:00.154737,6.667011136403228,7.69097252243803,0.1546558155706122,COMPLETE
453,0.30899604251719653,2026-04-22 00:17:36.484131,2026-04-22 00:17:36.637304,0 days 00:00:00.153173,5.872050128098946,7.313233854563965,0.13476961034092189,COMPLETE
454,0.30661067770416883,2026-04-22 00:17:36.637336,2026-04-22 00:17:36.800628,0 days 00:00:00.163292,6.317364910824479,6.789712077237565,0.10556502201324483,COMPLETE
455,0.3076245687842312,2026-04-22 00:17:36.800658,2026-04-22 00:17:36.962170,0 days 00:00:00.161512,6.067486586301578,6.954486512920749,0.20777801711711735,COMPLETE
456,0.3096560466255531,2026-04-22 00:17:36.962203,2026-04-22 00:17:37.120736,0 days 00:00:00.158533,5.389913179562955,6.525711972162302,0.16910903403974886,COMPLETE
457,0.3092982890427935,2026-04-22 00:17:37.120767,2026-04-22 00:17:37.277326,0 days 00:00:00.156559,5.7317975093250935,7.4149006733263665,0.14077242891274033,COMPLETE
458,0.3088539745628652,2026-04-22 00:17:37.277357,2026-04-22 00:17:37.433722,0 days 00:00:00.156365,6.37419734631319,7.098569217033503,0.11924503338862957,COMPLETE
459,0.2844215120191698,2026-04-22 00:17:37.433751,2026-04-22 00:17:37.585788,0 days 00:00:00.152037,6.024868216160156,7.644843646541695,0.0724673859045129,COMPLETE
460,0.3104365757043842,2026-04-22 00:17:37.585819,2026-04-22 00:17:37.742593,0 days 00:00:00.156774,6.205576097302373,6.680735363510815,0.16253665819190183,COMPLETE
461,0.30880193503493425,2026-04-22 00:17:37.742625,2026-04-22 00:17:37.905003,0 days 00:00:00.162378,5.815588935588831,8.08862368805461,0.09945443683780422,COMPLETE
462,0.3044432601123198,2026-04-22 00:17:37.905036,2026-04-22 00:17:38.066621,0 days 00:00:00.161585,6.528503599297815,7.15877736629358,0.23746910508264663,COMPLETE
463,0.31013960284324643,2026-04-22 00:17:38.066653,2026-04-22 00:17:38.232562,0 days 00:00:00.165909,5.530384144312022,6.876708701371878,0.1401122192396413,COMPLETE
464,0.3098921685051124,2026-04-22 00:17:38.232594,2026-04-22 00:17:38.398136,0 days 00:00:00.165542,6.0160747618992465,7.317056266829578,0.18532980349075023,COMPLETE
465,0.3065961036059357,2026-04-22 00:17:38.398169,2026-04-22 00:17:38.567377,0 days 00:00:00.169208,6.84112103473462,6.487346806910018,0.1263290599883705,COMPLETE
466,0.3112935840881968,2026-04-22 00:17:38.567410,2026-04-22 00:17:38.733703,0 days 00:00:00.166293,5.7436204457135265,7.776662277815267,0.15574631207680073,COMPLETE
467,0.3088510418042385,2026-04-22 00:17:38.733733,2026-04-22 00:17:38.900908,0 days 00:00:00.167175,6.208899661138079,7.865141256101883,0.1787317061063199,COMPLETE
468,0.30722613897455164,2026-04-22 00:17:38.900941,2026-04-22 00:17:39.069481,0 days 00:00:00.168540,5.882717431385417,7.780578993608715,0.15854343433385942,COMPLETE
469,0.3060200135696557,2026-04-22 00:17:39.069515,2026-04-22 00:17:39.239698,0 days 00:00:00.170183,6.329227644981049,8.251432196324423,0.20673723427122903,COMPLETE
470,0.28835078423364047,2026-04-22 00:17:39.239733,2026-04-22 00:17:39.402358,0 days 00:00:00.162625,9.992837018188457,7.593236473335894,0.16125147430364012,COMPLETE
471,0.3107905126020636,2026-04-22 00:17:39.402390,2026-04-22 00:17:39.560165,0 days 00:00:00.157775,5.701054540999779,7.967142330178621,0.14401653806942835,COMPLETE
472,0.30793310212876696,2026-04-22 00:17:39.560197,2026-04-22 00:17:39.723552,0 days 00:00:00.163355,5.720736878226294,8.012128765752504,0.18870638958662717,COMPLETE
473,0.30791171947788426,2026-04-22 00:17:39.723585,2026-04-22 00:17:39.884051,0 days 00:00:00.160466,5.937537794482408,8.347894081918003,0.14966129561617547,COMPLETE
474,0.30848143528640926,2026-04-22 00:17:39.884082,2026-04-22 00:17:40.045414,0 days 00:00:00.161332,6.105238377079935,7.8774141725238165,0.1717869730695416,COMPLETE
475,0.30835588365326927,2026-04-22 00:17:40.045444,2026-04-22 00:17:40.204079,0 days 00:00:00.158635,5.771697661513951,8.052748501040885,0.14685186910111098,COMPLETE
476,0.3054802847324592,2026-04-22 00:17:40.204110,2026-04-22 00:17:40.363766,0 days 00:00:00.159656,6.4880845218898635,8.420746722353472,0.22078046786158362,COMPLETE
477,0.3070224674558899,2026-04-22 00:17:40.363801,2026-04-22 00:17:40.524974,0 days 00:00:00.161173,5.987007217310073,8.199198178317122,0.18374555632011175,COMPLETE
478,0.2801939456259887,2026-04-22 00:17:40.525006,2026-04-22 00:17:40.678125,0 days 00:00:00.153119,6.229335167011861,0.49867505959259883,0.13877533324037153,COMPLETE
479,0.30919965489001744,2026-04-22 00:17:40.678156,2026-04-22 00:17:40.840531,0 days 00:00:00.162375,6.691086643757703,7.8017695372322455,0.16218857875181514,COMPLETE
480,0.30863768187330043,2026-04-22 00:17:40.840561,2026-04-22 00:17:41.003773,0 days 00:00:00.163212,5.665075527269081,7.60652885056865,0.13598807277225627,COMPLETE
481,0.30795014688408756,2026-04-22 00:17:41.003803,2026-04-22 00:17:41.163272,0 days 00:00:00.159469,5.9016904451015755,8.098117039489468,0.19879913980001368,COMPLETE
482,0.30833079670350627,2026-04-22 00:17:41.163309,2026-04-22 00:17:41.322075,0 days 00:00:00.158766,6.143767767047075,7.854406971433621,0.15368772407791728,COMPLETE
483,0.3080895513586118,2026-04-22 00:17:41.322108,2026-04-22 00:17:41.481914,0 days 00:00:00.159806,6.436859434003132,7.558502021626538,0.17031449154887912,COMPLETE
484,0.2990030435176548,2026-04-22 00:17:41.481943,2026-04-22 00:17:41.643021,0 days 00:00:00.161078,1.5936251418117875,7.419050208141021,0.1283339712566561,COMPLETE
485,0.30992242096730654,2026-04-22 00:17:41.643065,2026-04-22 00:17:41.803191,0 days 00:00:00.160126,5.655850425807126,7.924711122805714,0.14710404746322955,COMPLETE
486,0.3094090108407694,2026-04-22 00:17:41.803223,2026-04-22 00:17:41.960925,0 days 00:00:00.157702,6.085658384418045,8.634109103450978,0.11809545286316624,COMPLETE
487,0.30675819793508186,2026-04-22 00:17:41.960955,2026-04-22 00:17:42.116705,0 days 00:00:00.155750,5.875581665994409,7.476468156595933,0.09922087587835618,COMPLETE
488,0.29638062271421023,2026-04-22 00:17:42.116736,2026-04-22 00:17:42.274377,0 days 00:00:00.157641,6.37532668928179,7.6542030757154285,0.3550306356571655,COMPLETE
489,0.308456490705603,2026-04-22 00:17:42.274407,2026-04-22 00:17:42.434115,0 days 00:00:00.159708,6.191103505016039,7.154534070867709,0.1744738737574301,COMPLETE
490,0.3093904586852232,2026-04-22 00:17:42.434146,2026-04-22 00:17:42.589605,0 days 00:00:00.155459,5.958891386299618,7.316979402138764,0.13479196455391312,COMPLETE
491,0.30187186091575835,2026-04-22 00:17:42.589635,2026-04-22 00:17:42.745061,0 days 00:00:00.155426,2.456916453875137,8.168048468855739,0.15037360982409934,COMPLETE
492,0.30842657769331105,2026-04-22 00:17:42.745090,2026-04-22 00:17:42.901881,0 days 00:00:00.156791,6.672353535217596,7.693328309125438,0.11816259660683287,COMPLETE
493,0.3084447477706499,2026-04-22 00:17:42.901912,2026-04-22 00:17:43.054985,0 days 00:00:00.153073,5.717386214125001,6.974010623665677,0.19554721448926748,COMPLETE
494,0.3095335490599691,2026-04-22 00:17:43.055015,2026-04-22 00:17:43.213655,0 days 00:00:00.158640,6.27200719533554,7.303793702418067,0.16333554459980018,COMPLETE
495,0.3097029482122084,2026-04-22 00:17:43.213686,2026-04-22 00:17:43.370507,0 days 00:00:00.156821,6.0352581340132465,7.871574658849496,0.13367261173192482,COMPLETE
496,0.3073170009944916,2026-04-22 00:17:43.370538,2026-04-22 00:17:43.524473,0 days 00:00:00.153935,5.662782940564409,7.452364904868891,0.1002109203946383,COMPLETE
497,0.3093052195050896,2026-04-22 00:17:43.524503,2026-04-22 00:17:43.682950,0 days 00:00:00.158447,6.467141250862977,7.147972713699815,0.14968477372181116,COMPLETE
498,0.3075619339657696,2026-04-22 00:17:43.682979,2026-04-22 00:17:43.838946,0 days 00:00:00.155967,5.831983239719638,6.972540075006757,0.17711276275599416,COMPLETE
499,0.2821060023366602,2026-04-22 00:17:43.838976,2026-04-22 00:17:43.994302,0 days 00:00:00.155326,7.206000328080321,7.674209749110253,0.08193570540082845,COMPLETE
