number,value,datetime_start,datetime_complete,duration,params_alpha,params_beta,params_decay_factor,state
132,0.30948950588117746,2026-04-22 00:16:47.277040,2026-04-22 00:16:47.434232,0 days 00:00:00.157192,4.895790246733006,6.675955575659302,0.10960766766493805,COMPLETE
133,0.3080603863094187,2026-04-22 00:16:47.434263,2026-04-22 00:16:47.587533,0 days 00:00:00.153270,4.015174952240649,6.244214145063664,0.12831526782078545,COMPLETE
134,0.3077582539042379,2026-04-22 00:16:47.587562,2026-04-22 00:16:47.740766,0 days 00:00:00.153204,4.2583033967798185,6.534016413268144,0.0952102712803051,COMPLETE
135,0.28844475634139843,2026-04-22 00:16:47.740796,2026-04-22 00:16:47.899955,0 days 00:00:00.159159,9.576232081214258,6.865841456712536,0.16706561221434738,COMPLETE
136,0.18880356617537752,2026-04-22 00:16:47.899987,2026-04-22 00:16:48.052846,0 days 00:00:00.152859,5.058585341757426,8.18543216726588,0.04075618640606153,COMPLETE
137,0.30907539986936955,2026-04-22 00:16:48.052879,2026-04-22 00:16:48.209663,0 days 00:00:00.156784,4.666411499947147,6.058224804762793,0.10806101467466198,COMPLETE
138,0.3007391751471763,2026-04-22 00:16:48.209695,2026-04-22 00:16:48.370285,0 days 00:00:00.160590,3.777504642113372,7.713385015820819,0.07380893924619061,COMPLETE
139,0.30845800063078727,2026-04-22 00:16:48.370314,2026-04-22 00:16:48.530435,0 days 00:00:00.160121,4.421079082390486,7.088965780556232,0.12963182151752775,COMPLETE
140,0.3079946434988711,2026-04-22 00:16:48.530466,2026-04-22 00:16:48.693537,0 days 00:00:00.163071,5.60299870458552,6.397758217347917,0.19164639202758083,COMPLETE
141,0.3087493824272294,2026-04-22 00:16:48.693568,2026-04-22 00:16:48.853699,0 days 00:00:00.160131,4.139441720778806,5.823031970857278,0.15841714516531819,COMPLETE
142,0.29481388237651995,2026-04-22 00:16:48.853729,2026-04-22 00:16:49.010161,0 days 00:00:00.156432,4.257929115948316,5.43514925271282,0.5011868158781839,COMPLETE
143,0.30814249468512717,2026-04-22 00:16:49.010193,2026-04-22 00:16:49.168724,0 days 00:00:00.158531,3.914792358948611,6.040525400176365,0.16305958902803452,COMPLETE
144,0.2853654406308299,2026-04-22 00:16:49.168753,2026-04-22 00:16:49.322537,0 days 00:00:00.153784,4.712256468242313,6.69827089832201,0.8816487578649318,COMPLETE
145,0.307707192889565,2026-04-22 00:16:49.322567,2026-04-22 00:16:49.478272,0 days 00:00:00.155705,6.501799108825629,5.793839181818948,0.12235492142902497,COMPLETE
146,0.30562566678154424,2026-04-22 00:16:49.478302,2026-04-22 00:16:49.631307,0 days 00:00:00.153005,5.291889190886234,7.376323243217456,0.09432492443465139,COMPLETE
147,0.3100564529339335,2026-04-22 00:16:49.631336,2026-04-22 00:16:49.785867,0 days 00:00:00.154531,4.088119921580319,6.231246638179167,0.14025533749260263,COMPLETE
148,0.31018527697673587,2026-04-22 00:16:49.785897,2026-04-22 00:16:49.942738,0 days 00:00:00.156841,4.933425356080762,6.481207427338599,0.13793305276519774,COMPLETE
149,0.3085955652694301,2026-04-22 00:16:49.942770,2026-04-22 00:16:50.100633,0 days 00:00:00.157863,4.978396322220577,6.2629970833536275,0.20908561201725534,COMPLETE
150,0.3065866883772022,2026-04-22 00:16:50.100665,2026-04-22 00:16:50.254636,0 days 00:00:00.153971,3.379104718736859,6.4939332846885724,0.18404982133650657,COMPLETE
151,0.3077065282634612,2026-04-22 00:16:50.254666,2026-04-22 00:16:50.413304,0 days 00:00:00.158638,4.430933157746904,6.835784864448283,0.14017876607619933,COMPLETE
152,0.3096004103210038,2026-04-22 00:16:50.413334,2026-04-22 00:16:50.569179,0 days 00:00:00.155845,4.58560498723828,6.627173743520799,0.11097711453896275,COMPLETE
153,0.3086707400532999,2026-04-22 00:16:50.569210,2026-04-22 00:16:50.724019,0 days 00:00:00.154809,4.6150542723923085,6.19636098201787,0.11127429054574767,COMPLETE
154,0.3100239564192513,2026-04-22 00:16:50.724049,2026-04-22 00:16:50.877420,0 days 00:00:00.153371,4.862755906184086,6.6345943408843455,0.14430471056199132,COMPLETE
155,0.3110400811496436,2026-04-22 00:16:50.877451,2026-04-22 00:16:51.032453,0 days 00:00:00.155002,6.100075126231867,6.594451334742828,0.14526921615104713,COMPLETE
156,0.3110355100129409,2026-04-22 00:16:51.032484,2026-04-22 00:16:51.188200,0 days 00:00:00.155716,5.912720350310798,6.384525061135086,0.14726665590730068,COMPLETE
157,0.31090863731536633,2026-04-22 00:16:51.188230,2026-04-22 00:16:51.344860,0 days 00:00:00.156630,6.109257338713214,6.009051436172526,0.14892752232857043,COMPLETE
158,0.3080127956549428,2026-04-22 00:16:51.344889,2026-04-22 00:16:51.498558,0 days 00:00:00.153669,6.068836867006356,5.989740367108513,0.1535725779624571,COMPLETE
159,0.3046856840215193,2026-04-22 00:16:51.498589,2026-04-22 00:16:51.656646,0 days 00:00:00.158057,6.1762502344198635,9.01737349520536,0.2227105664488322,COMPLETE
160,0.30743362981813915,2026-04-22 00:16:51.656678,2026-04-22 00:16:51.813499,0 days 00:00:00.156821,6.429190041976435,5.57265396222123,0.1777050861136669,COMPLETE
161,0.3102845746874951,2026-04-22 00:16:51.813528,2026-04-22 00:16:51.963670,0 days 00:00:00.150142,5.7906305123534105,6.135851632446606,0.14138338192663497,COMPLETE
162,0.30956443623103425,2026-04-22 00:16:51.963697,2026-04-22 00:16:52.116989,0 days 00:00:00.153292,5.685412976326264,6.202766875293172,0.14322281039271828,COMPLETE
163,0.30869021277384273,2026-04-22 00:16:52.117019,2026-04-22 00:16:52.273256,0 days 00:00:00.156237,5.93229658882193,5.898555149824179,0.17369108496864885,COMPLETE
164,0.3103207575321385,2026-04-22 00:16:52.273284,2026-04-22 00:16:52.429888,0 days 00:00:00.156604,5.915012138952175,6.396422099189691,0.13924851958707152,COMPLETE
165,0.3104128843145704,2026-04-22 00:16:52.429918,2026-04-22 00:16:52.585202,0 days 00:00:00.155284,5.858410788001191,5.653791438400231,0.15182406414165808,COMPLETE
166,0.3087375024040185,2026-04-22 00:16:52.585234,2026-04-22 00:16:52.741763,0 days 00:00:00.156529,6.20698945800908,6.1084135836291935,0.15269844067071392,COMPLETE
167,0.3079119004107143,2026-04-22 00:16:52.741792,2026-04-22 00:16:52.895898,0 days 00:00:00.154106,5.88462331633592,6.3743473704830045,0.20579650641863576,COMPLETE
168,0.30751650149911025,2026-04-22 00:16:52.895938,2026-04-22 00:16:53.050436,0 days 00:00:00.154498,6.32584000112637,5.644559789437043,0.13364032752630453,COMPLETE
169,0.30898447951100233,2026-04-22 00:16:53.050467,2026-04-22 00:16:53.210851,0 days 00:00:00.160384,5.816946638734852,5.929170122007767,0.18201935502546696,COMPLETE
170,0.26893495940189294,2026-04-22 00:16:53.210883,2026-04-22 00:16:53.363550,0 days 00:00:00.152667,6.691884179318025,5.325369671430973,0.08208559047098185,COMPLETE
171,0.3098123393643236,2026-04-22 00:16:53.363578,2026-04-22 00:16:53.518396,0 days 00:00:00.154818,5.508228606576405,5.613670893353938,0.15079097521111043,COMPLETE
172,0.3096048915435582,2026-04-22 00:16:53.518426,2026-04-22 00:16:53.683790,0 days 00:00:00.165364,6.993950176125381,9.490272711533436,0.12562799753314158,COMPLETE
173,0.3084111220384325,2026-04-22 00:16:53.683823,2026-04-22 00:16:53.840219,0 days 00:00:00.156396,6.071135004158676,5.07968818560851,0.15880237439420175,COMPLETE
174,0.3090555549990131,2026-04-22 00:16:53.840247,2026-04-22 00:16:53.997708,0 days 00:00:00.157461,5.629616740663954,6.143513071108646,0.12842971485105495,COMPLETE
175,0.3094695154860312,2026-04-22 00:16:53.997738,2026-04-22 00:16:54.151614,0 days 00:00:00.153876,5.299983539321354,6.366816615896967,0.1935468676407333,COMPLETE
176,0.3101332758456982,2026-04-22 00:16:54.151644,2026-04-22 00:16:54.304020,0 days 00:00:00.152376,5.9330821941876675,6.595553291304472,0.16929111407756361,COMPLETE
177,0.3076389807356054,2026-04-22 00:16:54.304051,2026-04-22 00:16:54.461397,0 days 00:00:00.157346,5.876459648373574,7.019683603740173,0.1706578818058713,COMPLETE
178,0.31046777712820744,2026-04-22 00:16:54.461427,2026-04-22 00:16:54.619528,0 days 00:00:00.158101,6.127860013271891,6.640641035153294,0.14684250552699132,COMPLETE
179,0.3099386727947412,2026-04-22 00:16:54.619558,2026-04-22 00:16:54.775441,0 days 00:00:00.155883,6.436909908572134,6.5423009321127115,0.1443662242977458,COMPLETE
180,0.3049475839874085,2026-04-22 00:16:54.775473,2026-04-22 00:16:54.928556,0 days 00:00:00.153083,6.284395106376465,6.680190312413581,0.22783813675873452,COMPLETE
181,0.30983178256473287,2026-04-22 00:16:54.928589,2026-04-22 00:16:55.086232,0 days 00:00:00.157643,5.9846144462835085,6.333492511797278,0.1197392788901538,COMPLETE
182,0.29604256072399504,2026-04-22 00:16:55.086262,2026-04-22 00:16:55.240309,0 days 00:00:00.154047,6.186574824657047,6.881873712762504,0.38010378138370676,COMPLETE
183,0.304823790896351,2026-04-22 00:16:55.240341,2026-04-22 00:16:55.397973,0 days 00:00:00.157632,5.529343422709689,6.648237965321311,0.09395761443311033,COMPLETE
184,0.30849561214114274,2026-04-22 00:16:55.398139,2026-04-22 00:16:55.557327,0 days 00:00:00.159188,5.734581183579782,5.99226230919071,0.1670866934726497,COMPLETE
185,0.3111976358096017,2026-04-22 00:16:55.557357,2026-04-22 00:16:55.712517,0 days 00:00:00.155160,6.06738229076598,6.469900413081888,0.14316532283128552,COMPLETE
186,0.31061804425970585,2026-04-22 00:16:55.712547,2026-04-22 00:16:55.865994,0 days 00:00:00.153447,6.03316846912015,6.1650350209476095,0.14146989264477067,COMPLETE
187,0.3069594958175128,2026-04-22 00:16:55.866023,2026-04-22 00:16:56.019503,0 days 00:00:00.153480,6.590240845214384,6.188888131021469,0.18638542586684065,COMPLETE
188,0.30967865736111405,2026-04-22 00:16:56.019531,2026-04-22 00:16:56.172845,0 days 00:00:00.153314,6.0225319040410294,5.752389767762857,0.1345325349382231,COMPLETE
189,0.30721134470467515,2026-04-22 00:16:56.172874,2026-04-22 00:16:56.328446,0 days 00:00:00.155572,6.379194237554115,6.354161088975778,0.1629910186959714,COMPLETE
190,0.30729027639165235,2026-04-22 00:16:56.328476,2026-04-22 00:16:56.482620,0 days 00:00:00.154144,5.811470731525491,6.072986061937753,0.2045683166689074,COMPLETE
191,0.30856940408115135,2026-04-22 00:16:56.482651,2026-04-22 00:16:56.643489,0 days 00:00:00.160838,6.178826320705802,6.564158640839361,0.15010738126277792,COMPLETE
192,0.31010815520818225,2026-04-22 00:16:56.643519,2026-04-22 00:16:56.800960,0 days 00:00:00.157441,6.071417591223897,6.469920544497143,0.12154489279684255,COMPLETE
193,0.30849605304397015,2026-04-22 00:16:56.800992,2026-04-22 00:16:56.986545,0 days 00:00:00.185553,6.036031734845142,6.231797002530253,0.11699376874187722,COMPLETE
194,0.29747466465565164,2026-04-22 00:16:56.986577,2026-04-22 00:16:57.144211,0 days 00:00:00.157634,5.771382118989427,2.160787733607333,0.12785612801643573,COMPLETE
195,0.30304991723316255,2026-04-22 00:16:57.144243,2026-04-22 00:16:57.305925,0 days 00:00:00.161682,6.287317594237901,6.402960580277818,0.1027715095448673,COMPLETE
196,0.3075619252548947,2026-04-22 00:16:57.305957,2026-04-22 00:16:57.459168,0 days 00:00:00.153211,6.547111165049672,5.965952219120053,0.1741808872179104,COMPLETE
197,0.2934231480159874,2026-04-22 00:16:57.459200,2026-04-22 00:16:57.613807,0 days 00:00:00.154607,6.023714808332053,5.809784462927191,0.08587417767432723,COMPLETE
198,0.28065305090292514,2026-04-22 00:16:57.613835,2026-04-22 00:16:57.771287,0 days 00:00:00.157452,6.781284934677661,6.167472657620915,0.6399999926944362,COMPLETE
199,0.3086520959506692,2026-04-22 00:16:57.771318,2026-04-22 00:16:57.931997,0 days 00:00:00.160679,5.4895858714796,6.500811821611444,0.1400817413833828,COMPLETE
200,0.30905976884406555,2026-04-22 00:16:57.932028,2026-04-22 00:16:58.090448,0 days 00:00:00.158420,5.895616905302103,6.822049868638821,0.11799063171167017,COMPLETE
201,0.3084574393372379,2026-04-22 00:16:58.090475,2026-04-22 00:16:58.245148,0 days 00:00:00.154673,6.183577673959078,6.630072759963038,0.15142733417301432,COMPLETE
202,0.30975120599707967,2026-04-22 00:16:58.245179,2026-04-22 00:16:58.397283,0 days 00:00:00.152104,5.668461037722603,6.426002648456347,0.14195664857082635,COMPLETE
203,0.3092695594572855,2026-04-22 00:16:58.397313,2026-04-22 00:16:58.552697,0 days 00:00:00.155384,5.878850521828,6.749083085699829,0.15289319942914092,COMPLETE
204,0.3080829445217033,2026-04-22 00:16:58.552734,2026-04-22 00:16:58.709120,0 days 00:00:00.156386,6.413190350775571,6.325023920374411,0.178399454328737,COMPLETE
205,0.31144129197447656,2026-04-22 00:16:58.709153,2026-04-22 00:16:58.865751,0 days 00:00:00.156598,5.393133830367958,6.09264636828853,0.12366581951034616,COMPLETE
206,0.3082066599157708,2026-04-22 00:16:58.865785,2026-04-22 00:16:59.020540,0 days 00:00:00.154755,5.647457327850232,5.992026914371562,0.11053927704018206,COMPLETE
207,0.309849643581,2026-04-22 00:16:59.020571,2026-04-22 00:16:59.181866,0 days 00:00:00.161295,5.355733502188545,5.874138443718911,0.12341328998654486,COMPLETE
208,0.27038994167646263,2026-04-22 00:16:59.181896,2026-04-22 00:16:59.335353,0 days 00:00:00.153457,6.103128585320804,6.162324060338942,0.07173049739522809,COMPLETE
209,0.3085129895350554,2026-04-22 00:16:59.335383,2026-04-22 00:16:59.490135,0 days 00:00:00.154752,5.7512444807767835,5.562571188897701,0.16626453189268037,COMPLETE
210,0.3065245035563349,2026-04-22 00:16:59.490164,2026-04-22 00:16:59.648442,0 days 00:00:00.158278,5.40184668541878,6.246180842500711,0.09773606870209567,COMPLETE
211,0.30934409287394593,2026-04-22 00:16:59.648478,2026-04-22 00:16:59.809278,0 days 00:00:00.160800,5.134064189998192,6.5559026924461135,0.13148844739820534,COMPLETE
212,0.31013756191571357,2026-04-22 00:16:59.809317,2026-04-22 00:16:59.963205,0 days 00:00:00.153888,6.076589064419257,6.993020237752692,0.1428009240240803,COMPLETE
213,0.3109563486623001,2026-04-22 00:16:59.963238,2026-04-22 00:17:00.122630,0 days 00:00:00.159392,6.066033323581503,7.003146859155585,0.16103916748047137,COMPLETE
214,0.3102305649125557,2026-04-22 00:17:00.122661,2026-04-22 00:17:00.278146,0 days 00:00:00.155485,5.858399730680936,6.871349182849058,0.16483399203313898,COMPLETE
215,0.3096274206090137,2026-04-22 00:17:00.278177,2026-04-22 00:17:00.435959,0 days 00:00:00.157782,6.000958060380976,7.0894412023293425,0.19076958948172038,COMPLETE
216,0.30745655887965656,2026-04-22 00:17:00.435988,2026-04-22 00:17:00.591787,0 days 00:00:00.155799,6.261092943395135,7.286457723599016,0.16544884866939477,COMPLETE
217,0.31003537693759786,2026-04-22 00:17:00.591818,2026-04-22 00:17:00.750149,0 days 00:00:00.158331,5.90000278651723,6.951032635998371,0.1571815362101269,COMPLETE
218,0.3068363012466576,2026-04-22 00:17:00.750180,2026-04-22 00:17:00.907454,0 days 00:00:00.157274,6.1204797564408695,7.034901157387145,0.185775320366586,COMPLETE
219,0.30831567124015563,2026-04-22 00:17:00.907484,2026-04-22 00:17:01.064840,0 days 00:00:00.157356,5.62752405164218,6.818082211850637,0.13375019550782427,COMPLETE
220,0.30928003283013383,2026-04-22 00:17:01.064875,2026-04-22 00:17:01.221003,0 days 00:00:00.156128,6.468959274035763,7.226415864538097,0.16448390186250936,COMPLETE
221,0.30824518507152976,2026-04-22 00:17:01.221035,2026-04-22 00:17:01.385593,0 days 00:00:00.164558,5.888193783333446,6.447752481037699,0.11363478224779996,COMPLETE
222,0.31055066415626054,2026-04-22 00:17:01.385627,2026-04-22 00:17:01.547088,0 days 00:00:00.161461,6.273550333214688,6.718505911715844,0.1408972797432785,COMPLETE
223,0.30954970089449774,2026-04-22 00:17:01.547120,2026-04-22 00:17:01.703312,0 days 00:00:00.156192,6.242768279499637,6.690859829885466,0.14499975478237914,COMPLETE
224,0.31086915249288977,2026-04-22 00:17:01.703342,2026-04-22 00:17:01.861912,0 days 00:00:00.158570,6.063335236770895,6.766497018186012,0.13130224850628153,COMPLETE
225,0.3105447617284614,2026-04-22 00:17:01.861947,2026-04-22 00:17:02.018115,0 days 00:00:00.156168,6.369721296176253,6.980744270723834,0.15367765497735006,COMPLETE
226,0.30742529206625197,2026-04-22 00:17:02.018144,2026-04-22 00:17:02.173231,0 days 00:00:00.155087,6.677141256340763,6.909662253285198,0.1764027134952202,COMPLETE
227,0.2780124076814484,2026-04-22 00:17:02.173262,2026-04-22 00:17:02.333249,0 days 00:00:00.159987,6.273479275223661,6.77933246302944,0.9917045849427771,COMPLETE
228,0.30645011499260266,2026-04-22 00:17:02.333279,2026-04-22 00:17:02.491571,0 days 00:00:00.158292,6.0660077162954416,7.129802978600308,0.20521906600823228,COMPLETE
229,0.30839849299401617,2026-04-22 00:17:02.491603,2026-04-22 00:17:02.648718,0 days 00:00:00.157115,6.410516200356018,6.582398660414181,0.15362924673148468,COMPLETE
230,0.31160188760874535,2026-04-22 00:17:02.648747,2026-04-22 00:17:02.806194,0 days 00:00:00.157447,5.7587581618099986,6.835779708686808,0.13234135611026618,COMPLETE
231,0.30984903772034555,2026-04-22 00:17:02.806226,2026-04-22 00:17:02.960910,0 days 00:00:00.154684,5.7727388751094,6.859243080156045,0.13273879231442598,COMPLETE
232,0.31156192147597356,2026-04-22 00:17:02.960940,2026-04-22 00:17:03.115818,0 days 00:00:00.154878,6.031247350554016,7.037823869088353,0.15806551514368392,COMPLETE
233,0.309247535461734,2026-04-22 00:17:03.115849,2026-04-22 00:17:03.269776,0 days 00:00:00.153927,5.604667206185954,7.088675698341068,0.15840446385470222,COMPLETE
234,0.30512802296556774,2026-04-22 00:17:03.269808,2026-04-22 00:17:03.427338,0 days 00:00:00.157530,5.9146361117239215,9.829183694747956,0.1726993306134069,COMPLETE
235,0.31130417609007693,2026-04-22 00:17:03.427368,2026-04-22 00:17:03.582643,0 days 00:00:00.155275,6.17276712314128,7.022298844739477,0.1445663004710093,COMPLETE
236,0.3075510757275348,2026-04-22 00:17:03.582672,2026-04-22 00:17:03.737970,0 days 00:00:00.155298,6.556111188655671,6.992292706366125,0.13314376872636494,COMPLETE
237,0.31124494757200094,2026-04-22 00:17:03.738001,2026-04-22 00:17:03.893531,0 days 00:00:00.155530,6.289033168571451,7.194429127552681,0.14643576804214675,COMPLETE
238,0.3041249897453163,2026-04-22 00:17:03.893563,2026-04-22 00:17:04.057880,0 days 00:00:00.164317,6.894660703543263,7.464139299789206,0.10732167173832519,COMPLETE
239,0.3106975330843319,2026-04-22 00:17:04.057912,2026-04-22 00:17:04.216163,0 days 00:00:00.158251,6.249152029529133,7.385485211181383,0.1498422999048754,COMPLETE
240,0.30724388401586084,2026-04-22 00:17:04.216194,2026-04-22 00:17:03.708044,-1 days +23:59:59.491850,6.355729763882081,7.368259359394626,0.18879777102834053,COMPLETE
241,0.3104126784747656,2026-04-22 00:17:03.708075,2026-04-22 00:17:03.863636,0 days 00:00:00.155561,6.243414653008813,7.168548067230215,0.14900909709143464,COMPLETE
242,0.3108249119679903,2026-04-22 00:17:03.863668,2026-04-22 00:17:04.021585,0 days 00:00:00.157917,6.26650316834782,7.192678681723203,0.15556281804945835,COMPLETE
243,0.30851611053444955,2026-04-22 00:17:04.021618,2026-04-22 00:17:04.179983,0 days 00:00:00.158365,6.55215782793299,7.338347899084176,0.15138114478096115,COMPLETE
244,0.30957864909282046,2026-04-22 00:17:04.180014,2026-04-22 00:17:04.335132,0 days 00:00:00.155118,6.278673300326589,7.923780055959042,0.12715818497973394,COMPLETE
245,0.3096803593715071,2026-04-22 00:17:04.335162,2026-04-22 00:17:04.491621,0 days 00:00:00.156459,6.29287452594787,7.644371102314175,0.15516543222182008,COMPLETE
246,0.308841168153172,2026-04-22 00:17:04.491653,2026-04-22 00:17:04.653120,0 days 00:00:00.161467,6.671973290620108,7.174636234664871,0.14676164747028395,COMPLETE
247,0.3093822926259521,2026-04-22 00:17:04.653152,2026-04-22 00:17:04.817983,0 days 00:00:00.164831,6.1252572360157425,7.461027893949765,0.10815114455697379,COMPLETE
248,0.30937139630094884,2026-04-22 00:17:04.818017,2026-04-22 00:17:04.980471,0 days 00:00:00.162454,6.439247794835271,7.187354312755885,0.12434900276257797,COMPLETE
249,0.3062068694247544,2026-04-22 00:17:04.980503,2026-04-22 00:17:05.151557,0 days 00:00:00.171054,7.263419388342862,8.59695827329222,0.18276090475241463,COMPLETE
250,0.3087240169192888,2026-04-22 00:17:05.151590,2026-04-22 00:17:05.313355,0 days 00:00:00.161765,6.101631173190912,7.25506067765592,0.14027870116405045,COMPLETE
251,0.3018954728096298,2026-04-22 00:17:05.313388,2026-04-22 00:17:05.474044,0 days 00:00:00.160656,6.264351147719922,7.0574422348405355,0.09128382430723073,COMPLETE
252,0.30960853113711945,2026-04-22 00:17:05.474077,2026-04-22 00:17:05.630123,0 days 00:00:00.156046,5.740391039401587,6.861072936597,0.16065351812918724,COMPLETE
253,0.309646055898939,2026-04-22 00:17:05.630153,2026-04-22 00:17:05.783124,0 days 00:00:00.152971,6.477361325967983,7.313714055795674,0.12250683320203495,COMPLETE
254,0.3072712141189019,2026-04-22 00:17:05.783154,2026-04-22 00:17:05.939848,0 days 00:00:00.156694,6.004190986652087,7.6091120625584585,0.1947784550255715,COMPLETE
255,0.3085613884284925,2026-04-22 00:17:05.939878,2026-04-22 00:17:06.093399,0 days 00:00:00.153521,6.194988002627577,6.73893730483419,0.14370691344796285,COMPLETE
256,0.3086933695341631,2026-04-22 00:17:06.093428,2026-04-22 00:17:06.246961,0 days 00:00:00.153533,5.484413942907946,7.002800900430749,0.16856727103112562,COMPLETE
257,0.293001884544462,2026-04-22 00:17:06.246992,2026-04-22 00:17:06.399166,0 days 00:00:00.152174,5.881437231172156,7.163112975092595,0.521409539644389,COMPLETE
258,0.30429099047871355,2026-04-22 00:17:06.399198,2026-04-22 00:17:06.553432,0 days 00:00:00.154234,6.6862759032473384,6.647726732811398,0.10762562635598052,COMPLETE
259,0.31144586071115704,2026-04-22 00:17:06.553462,2026-04-22 00:17:06.712708,0 days 00:00:00.159246,6.37324566532535,6.780328605221206,0.136120921581925,COMPLETE
260,0.3078103452014454,2026-04-22 00:17:06.712739,2026-04-22 00:17:06.873438,0 days 00:00:00.160699,6.37501163838508,6.7662129510126015,0.12601084109949895,COMPLETE
261,0.30794681814162655,2026-04-22 00:17:06.873649,2026-04-22 00:17:07.033315,0 days 00:00:00.159666,6.574547564313901,6.924103357753808,0.1754567432510526,COMPLETE
262,0.3047776006865974,2026-04-22 00:17:07.033345,2026-04-22 00:17:07.189830,0 days 00:00:00.156485,6.131917632700586,7.123451090599493,0.09562315775516338,COMPLETE
263,0.30931098157736686,2026-04-22 00:17:07.189859,2026-04-22 00:17:07.344583,0 days 00:00:00.154724,6.341249251972718,8.347130165159136,0.152933915190591,COMPLETE
