number,value,datetime_start,datetime_complete,duration,params_alpha,params_beta,params_decay_factor,state
132,0.07611160994980419,2026-04-22 00:26:19.698258,2026-04-22 00:26:20.378732,0 days 00:00:00.680474,2.6582448189591252,8.719490833261666,0.577251748123039,COMPLETE
133,0.07642040295747461,2026-04-22 00:26:20.378763,2026-04-22 00:26:21.068467,0 days 00:00:00.689704,2.942074386734457,9.074380896957898,0.5214667833909431,COMPLETE
134,0.07572168626905618,2026-04-22 00:26:21.068498,2026-04-22 00:26:21.756689,0 days 00:00:00.688191,1.7915025663635378,9.440587952569869,0.22803399976413918,COMPLETE
135,0.07598344074449766,2026-04-22 00:26:21.756721,2026-04-22 00:26:22.440069,0 days 00:00:00.683348,2.104577500525271,9.107323108694233,0.5533697479226919,COMPLETE
136,0.07559342074102679,2026-04-22 00:26:22.440102,2026-04-22 00:26:23.129526,0 days 00:00:00.689424,2.388651969662247,8.574753924093388,0.4016030362669204,COMPLETE
137,0.07660655567440543,2026-04-22 00:26:23.129558,2026-04-22 00:26:23.820961,0 days 00:00:00.691403,3.1809999880877253,8.86157742703811,0.577474063389754,COMPLETE
138,0.07643165398647492,2026-04-22 00:26:23.820998,2026-04-22 00:26:24.508827,0 days 00:00:00.687829,3.1620807434836684,8.943781711268372,0.578028141579334,COMPLETE
139,0.07595688415029204,2026-04-22 00:26:24.508858,2026-04-22 00:26:25.202186,0 days 00:00:00.693328,2.8888009429378525,8.255956451276804,0.44275367777153374,COMPLETE
140,0.06490516213446149,2026-04-22 00:26:25.202216,2026-04-22 00:26:25.870969,0 days 00:00:00.668753,2.4744416875359523,3.003336555408853,0.4685859023393455,COMPLETE
141,0.07608783471880871,2026-04-22 00:26:25.871001,2026-04-22 00:26:26.561242,0 days 00:00:00.690241,2.6313564690654094,9.287423515391472,0.34300351924862227,COMPLETE
142,0.07663594832409976,2026-04-22 00:26:26.561275,2026-04-22 00:26:27.247652,0 days 00:00:00.686377,3.180981938418103,9.571529156951495,0.5454176348894668,COMPLETE
143,0.07643381386082813,2026-04-22 00:26:27.247684,2026-04-22 00:26:27.935319,0 days 00:00:00.687635,3.1629552073412,8.836021291437135,0.5282434244264663,COMPLETE
144,0.07661774481458464,2026-04-22 00:26:27.935350,2026-04-22 00:26:28.617962,0 days 00:00:00.682612,2.7580163692235042,9.520180379128714,0.5434819309828982,COMPLETE
145,0.076347168737534,2026-04-22 00:26:28.617993,2026-04-22 00:26:29.297590,0 days 00:00:00.679597,2.6764578632725646,9.062955127985301,0.5455038769211812,COMPLETE
146,0.07568437939615259,2026-04-22 00:26:29.297622,2026-04-22 00:26:29.975499,0 days 00:00:00.677877,2.221235689374658,9.19430898502272,0.5135334161059321,COMPLETE
147,0.07578210799130047,2026-04-22 00:26:29.975529,2026-04-22 00:26:30.657221,0 days 00:00:00.681692,1.3727915458514788,9.523071273545048,0.5909226800903318,COMPLETE
148,0.044851261465174805,2026-04-22 00:26:30.657254,2026-04-22 00:26:31.327103,0 days 00:00:00.669849,7.132163574734713,8.743590198932184,0.2711336547564202,COMPLETE
149,0.071336102387099,2026-04-22 00:26:31.327134,2026-04-22 00:26:32.004457,0 days 00:00:00.677323,2.8530521735875847,4.788487342802823,0.4896070625686312,COMPLETE
150,0.07590294146602623,2026-04-22 00:26:32.004490,2026-04-22 00:26:31.917350,-1 days +23:59:59.912860,2.022137779439012,8.07014263058132,0.4501887359365879,COMPLETE
151,0.076268555826467,2026-04-22 00:26:31.917381,2026-04-22 00:26:32.594986,0 days 00:00:00.677605,3.051498930086599,9.346994316749186,0.5668244955232944,COMPLETE
152,0.07641624642964,2026-04-22 00:26:32.595018,2026-04-22 00:26:33.288964,0 days 00:00:00.693946,3.2824084970907914,9.765850053547856,0.5905491439707626,COMPLETE
153,0.07615919036294053,2026-04-22 00:26:33.288997,2026-04-22 00:26:33.984511,0 days 00:00:00.695514,2.617551244532367,9.416740422086935,0.5445414469137351,COMPLETE
154,0.07651127181987485,2026-04-22 00:26:33.984548,2026-04-22 00:26:34.671871,0 days 00:00:00.687323,3.025704987993666,9.017107257105332,0.4179112000476383,COMPLETE
155,0.07600430131997173,2026-04-22 00:26:34.671903,2026-04-22 00:26:35.351187,0 days 00:00:00.679284,2.372377230791449,8.936210915414689,0.3884723379298055,COMPLETE
156,0.07638603418664335,2026-04-22 00:26:35.351219,2026-04-22 00:26:36.042164,0 days 00:00:00.690945,2.813248729663381,8.578901046348308,0.4042536678448066,COMPLETE
157,0.07625547887143296,2026-04-22 00:26:36.042197,2026-04-22 00:26:36.743269,0 days 00:00:00.701072,3.2481998667927527,9.092988877414664,0.4645777283847464,COMPLETE
158,0.07658409268307204,2026-04-22 00:26:36.743302,2026-04-22 00:26:37.434175,0 days 00:00:00.690873,3.5887508094629395,9.610290269895659,0.4226461536801765,COMPLETE
159,0.07724030718198041,2026-04-22 00:26:37.434207,2026-04-22 00:26:38.118059,0 days 00:00:00.683852,3.6323065589708214,9.606303461090041,0.4199057793009176,COMPLETE
160,0.07695970504286072,2026-04-22 00:26:38.118091,2026-04-22 00:26:38.807689,0 days 00:00:00.689598,3.6080032597441383,9.844363485911508,0.6324272872561102,COMPLETE
161,0.07608338481001158,2026-04-22 00:26:38.807720,2026-04-22 00:26:39.488657,0 days 00:00:00.680937,3.6207205323908904,9.816918299678413,0.6302425141162593,COMPLETE
162,0.07634704801010173,2026-04-22 00:26:39.488688,2026-04-22 00:26:40.173829,0 days 00:00:00.685141,3.5583567358217345,9.621849117645091,0.5200841445585017,COMPLETE
163,0.0768149338148396,2026-04-22 00:26:40.173860,2026-04-22 00:26:40.888223,0 days 00:00:00.714363,3.3325164408924213,9.983977588465935,0.5546490097271373,COMPLETE
164,0.07650271005053445,2026-04-22 00:26:40.888256,2026-04-22 00:26:41.587773,0 days 00:00:00.699517,3.8926691721468845,9.626810111295514,0.5507146211553369,COMPLETE
165,0.07656842462243191,2026-04-22 00:26:41.587804,2026-04-22 00:26:42.283478,0 days 00:00:00.695674,3.3810438916974053,9.992463467952735,0.5857659430633728,COMPLETE
166,0.07627965911163391,2026-04-22 00:26:42.283510,2026-04-22 00:26:42.967884,0 days 00:00:00.684374,3.327151954817532,9.992241057410673,0.5891868523662166,COMPLETE
167,0.07605447319649562,2026-04-22 00:26:42.967917,2026-04-22 00:26:43.658779,0 days 00:00:00.690862,4.044916379652978,9.79324666919014,0.5670591782640898,COMPLETE
168,0.07661824438545894,2026-04-22 00:26:43.658809,2026-04-22 00:26:44.339256,0 days 00:00:00.680447,3.6758397232718947,9.859985752821569,0.6387833286909621,COMPLETE
169,0.07637744257809935,2026-04-22 00:26:44.339287,2026-04-22 00:26:45.021317,0 days 00:00:00.682030,3.741419450610606,9.856634476702965,0.6084281410447216,COMPLETE
170,0.07640918907560115,2026-04-22 00:26:45.021348,2026-04-22 00:26:45.708663,0 days 00:00:00.687315,3.5320487674444676,9.559519218161604,0.6289130592854992,COMPLETE
171,0.0764599256042035,2026-04-22 00:26:45.708694,2026-04-22 00:26:46.394002,0 days 00:00:00.685308,3.3201512249695733,9.95550701644231,0.588432731783145,COMPLETE
172,0.07664630160374543,2026-04-22 00:26:46.394033,2026-04-22 00:26:47.086987,0 days 00:00:00.692954,3.8262095632840727,9.60595059864304,0.5397666718411162,COMPLETE
173,0.07616102917993012,2026-04-22 00:26:47.087020,2026-04-22 00:26:47.782375,0 days 00:00:00.695355,3.798854539152026,9.617828667613567,0.5338490411459285,COMPLETE
174,0.07669730703755455,2026-04-22 00:26:47.782409,2026-04-22 00:26:48.466218,0 days 00:00:00.683809,3.5690846598397066,9.703941082318217,0.6358774552675612,COMPLETE
175,0.07563279278296431,2026-04-22 00:26:48.466249,2026-04-22 00:26:49.147512,0 days 00:00:00.681263,4.169277044007684,9.814038227352558,0.6356050451213424,COMPLETE
176,0.07741497162265432,2026-04-22 00:26:49.147542,2026-04-22 00:26:49.833075,0 days 00:00:00.685533,3.528651473418302,9.999267862108997,0.554479651036217,COMPLETE
177,0.07644087279055603,2026-04-22 00:26:49.833106,2026-04-22 00:26:50.528548,0 days 00:00:00.695442,3.946461729235437,9.588689256555277,0.5598776943602228,COMPLETE
178,0.07657917235490842,2026-04-22 00:26:50.528578,2026-04-22 00:26:51.215113,0 days 00:00:00.686535,3.612438819557867,9.756096959145035,0.5066432886575144,COMPLETE
179,0.07492877521686556,2026-04-22 00:26:51.215144,2026-04-22 00:26:51.906525,0 days 00:00:00.691381,4.332772437581928,9.759029090288175,0.4960562356824835,COMPLETE
180,0.0764086756524372,2026-04-22 00:26:51.906555,2026-04-22 00:26:52.592138,0 days 00:00:00.685583,3.504605377820226,9.452326386037637,0.5173962042294611,COMPLETE
181,0.07632122111508348,2026-04-22 00:26:52.592168,2026-04-22 00:26:53.274426,0 days 00:00:00.682258,3.6603573185710854,9.2963717094254,0.5465923634558515,COMPLETE
182,0.07610824105877119,2026-04-22 00:26:53.274456,2026-04-22 00:26:53.977110,0 days 00:00:00.702654,3.841818500034307,9.7431517080545,0.6088038280358818,COMPLETE
183,0.07674267380218026,2026-04-22 00:26:53.977141,2026-04-22 00:26:54.662311,0 days 00:00:00.685170,3.5522978866771013,9.495678796394488,0.5705942454325686,COMPLETE
184,0.07687222204449917,2026-04-22 00:26:54.662352,2026-04-22 00:26:55.348125,0 days 00:00:00.685773,3.5946226354965365,9.597611617034124,0.5642041419133784,COMPLETE
185,0.0760698779402179,2026-04-22 00:26:55.348157,2026-04-22 00:26:56.040039,0 days 00:00:00.691882,3.254587720696522,9.532158273382352,0.5630394633992027,COMPLETE
186,0.07658621799818474,2026-04-22 00:26:56.040070,2026-04-22 00:26:56.723115,0 days 00:00:00.683045,3.578225316090251,9.328887126390264,0.5326467600016566,COMPLETE
187,0.07541292620516712,2026-04-22 00:26:56.723149,2026-04-22 00:26:57.424219,0 days 00:00:00.701070,4.012443354344995,9.256671802393058,0.5328829507768972,COMPLETE
188,0.07705820750502276,2026-04-22 00:26:57.424252,2026-04-22 00:26:58.109393,0 days 00:00:00.685141,3.4341481765592565,9.453274172673,0.5703394450610912,COMPLETE
189,0.07648504751916495,2026-04-22 00:26:58.109425,2026-04-22 00:26:58.797073,0 days 00:00:00.687648,3.209469798104057,9.962164923033994,0.5671321984803293,COMPLETE
190,0.07652037124332052,2026-04-22 00:26:58.797104,2026-04-22 00:26:59.487961,0 days 00:00:00.690857,3.4520029079604515,9.47034971751936,0.6135441001501339,COMPLETE
191,0.07657133589611348,2026-04-22 00:26:59.487994,2026-04-22 00:27:00.191044,0 days 00:00:00.703050,3.77587026293195,9.330433209270796,0.5468927120102044,COMPLETE
192,0.0770689370260768,2026-04-22 00:27:00.191078,2026-04-22 00:27:00.881378,0 days 00:00:00.690300,3.4111747698043344,9.645230602669344,0.5757354148524749,COMPLETE
193,0.07703677773188862,2026-04-22 00:27:00.881410,2026-04-22 00:27:01.561475,0 days 00:00:00.680065,3.3979103524262437,9.761421183820705,0.5943169892581864,COMPLETE
194,0.07661288989346951,2026-04-22 00:27:01.561506,2026-04-22 00:27:02.249223,0 days 00:00:00.687717,3.368157477862548,9.782505242716182,0.5941001053658965,COMPLETE
195,0.07649886353626058,2026-04-22 00:27:02.249255,2026-04-22 00:27:02.937230,0 days 00:00:00.687975,3.8859244622095956,9.6107119401575,0.6414140926216112,COMPLETE
196,0.07602334483102652,2026-04-22 00:27:02.937261,2026-04-22 00:27:03.617838,0 days 00:00:00.680577,3.0580705652795093,9.992102070096252,0.6013548851872693,COMPLETE
197,0.07643641661154817,2026-04-22 00:27:03.617869,2026-04-22 00:27:03.624782,0 days 00:00:00.006913,3.4214564215866567,9.507470453608942,0.5588184357711284,COMPLETE
198,0.07546349201303346,2026-04-22 00:27:03.624813,2026-04-22 00:27:04.306217,0 days 00:00:00.681404,4.144204275040445,9.795057916210508,0.6239253172154103,COMPLETE
199,0.04040436559025272,2026-04-22 00:27:04.306250,2026-04-22 00:27:04.974237,0 days 00:00:00.667987,8.753577203439722,9.242358013008598,0.5719500662686275,COMPLETE
200,0.04484847449735394,2026-04-22 00:27:04.974267,2026-04-22 00:27:05.644496,0 days 00:00:00.670229,3.7473243138840875,0.13297693463477245,0.6039961584657257,COMPLETE
201,0.07659487009777695,2026-04-22 00:27:05.644528,2026-04-22 00:27:06.330707,0 days 00:00:00.686179,3.366526718301193,9.748078904780542,0.5878357229971338,COMPLETE
202,0.07648055411749809,2026-04-22 00:27:06.330740,2026-04-22 00:27:07.020341,0 days 00:00:00.689601,3.249135964769784,9.783138482500869,0.5808732747479882,COMPLETE
203,0.07667255076820356,2026-04-22 00:27:07.020372,2026-04-22 00:27:07.705233,0 days 00:00:00.684861,3.505338906890435,9.570584458655276,0.5493999426344184,COMPLETE
204,0.07610316498154931,2026-04-22 00:27:07.705265,2026-04-22 00:27:08.389699,0 days 00:00:00.684434,3.627287074370047,9.502463574499288,0.5444465122626452,COMPLETE
205,0.07613824577560559,2026-04-22 00:27:08.389731,2026-04-22 00:27:09.081157,0 days 00:00:00.691426,2.985464456119633,9.605253965968034,0.5236809878610945,COMPLETE
206,0.07681388504925912,2026-04-22 00:27:09.081190,2026-04-22 00:27:09.774065,0 days 00:00:00.692875,3.5659807801570294,9.231402473945884,0.5550380563971002,COMPLETE
207,0.07603185534627835,2026-04-22 00:27:09.774097,2026-04-22 00:27:10.468402,0 days 00:00:00.694305,3.9832118743059626,9.244090551013871,0.5537250698433616,COMPLETE
208,0.07713507653376979,2026-04-22 00:27:10.468433,2026-04-22 00:27:11.159927,0 days 00:00:00.691494,3.5792771687926868,9.998569142961886,0.5660686204732372,COMPLETE
209,0.0767418278551358,2026-04-22 00:27:11.159958,2026-04-22 00:27:11.853831,0 days 00:00:00.693873,3.6818419012555923,9.927589824425338,0.5678338444718307,COMPLETE
210,0.0739756615061383,2026-04-22 00:27:11.853866,2026-04-22 00:27:12.552881,0 days 00:00:00.699015,3.505279561260731,6.550592955770758,0.5685212253152763,COMPLETE
211,0.07670191277740854,2026-04-22 00:27:12.552914,2026-04-22 00:27:13.238660,0 days 00:00:00.685746,3.721638840920965,9.999746282131941,0.5703021334198166,COMPLETE
212,0.07654870965483943,2026-04-22 00:27:13.238691,2026-04-22 00:27:13.929271,0 days 00:00:00.690580,3.773917166652377,9.870174353521417,0.566548159426493,COMPLETE
213,0.07691536106955663,2026-04-22 00:27:13.929303,2026-04-22 00:27:14.621904,0 days 00:00:00.692601,3.50413169702209,9.67635020599308,0.5233440926869382,COMPLETE
214,0.0767696409403664,2026-04-22 00:27:14.621936,2026-04-22 00:27:15.308629,0 days 00:00:00.686693,3.858455200073262,9.974337111092062,0.5246110261971185,COMPLETE
215,0.0767682259109574,2026-04-22 00:27:15.308660,2026-04-22 00:27:15.989178,0 days 00:00:00.680518,3.589447212242156,9.946509782869315,0.5149547651264677,COMPLETE
216,0.07654324343192054,2026-04-22 00:27:15.989209,2026-04-22 00:27:16.686054,0 days 00:00:00.696845,3.5692585716283043,9.97205678950021,0.5083070324131898,COMPLETE
217,0.07563006992225418,2026-04-22 00:27:16.686086,2026-04-22 00:27:17.383126,0 days 00:00:00.697040,4.087515372568728,9.98948232041304,0.48295942041744944,COMPLETE
218,0.07671920109222095,2026-04-22 00:27:17.383157,2026-04-22 00:27:18.071024,0 days 00:00:00.687867,3.9341115832674087,9.760940274062868,0.519144166941933,COMPLETE
219,0.07536772488888255,2026-04-22 00:27:18.071061,2026-04-22 00:27:18.761971,0 days 00:00:00.690910,4.360967103875365,9.989628906890019,0.5174088053065075,COMPLETE
220,0.07681108287648665,2026-04-22 00:27:18.762002,2026-04-22 00:27:19.441739,0 days 00:00:00.679737,3.918121590337024,9.74650231517312,0.5069084806917385,COMPLETE
221,0.07595829406250976,2026-04-22 00:27:19.441769,2026-04-22 00:27:20.121624,0 days 00:00:00.679855,3.9897280071806427,9.757214771173494,0.4921139276385437,COMPLETE
222,0.07702416110297193,2026-04-22 00:27:20.121655,2026-04-22 00:27:20.805926,0 days 00:00:00.684271,3.7549122527153096,9.726834009313752,0.530886239535305,COMPLETE
223,0.07662571349028247,2026-04-22 00:27:20.805958,2026-04-22 00:27:21.500568,0 days 00:00:00.694610,3.8558145298893542,9.97927116503806,0.5220346902182462,COMPLETE
224,0.07680770195126153,2026-04-22 00:27:21.500599,2026-04-22 00:27:22.181126,0 days 00:00:00.680527,3.674514425443281,9.756205355103791,0.5112068780988672,COMPLETE
225,0.07575731791584152,2026-04-22 00:27:22.181157,2026-04-22 00:27:22.865008,0 days 00:00:00.683851,4.080709739283537,9.710594598396407,0.4947343312279715,COMPLETE
226,0.07697667327938162,2026-04-22 00:27:22.865039,2026-04-22 00:27:23.553301,0 days 00:00:00.688262,3.3385099350476874,9.815903269961249,0.47112397950844076,COMPLETE
227,0.0768282244138937,2026-04-22 00:27:23.553333,2026-04-22 00:27:24.237436,0 days 00:00:00.684103,3.3052421131594123,9.784219634570656,0.47201184284579356,COMPLETE
228,0.07639150315568723,2026-04-22 00:27:24.237467,2026-04-22 00:27:24.915121,0 days 00:00:00.677654,3.228598065107551,9.404069129674408,0.47701262737398653,COMPLETE
229,0.07667203460919908,2026-04-22 00:27:24.915151,2026-04-22 00:27:25.600788,0 days 00:00:00.685637,3.347897657210019,9.648152094552536,0.4961776034609692,COMPLETE
230,0.07669451977511973,2026-04-22 00:27:25.600820,2026-04-22 00:27:26.281451,0 days 00:00:00.680631,3.4240807523341115,9.72317988692623,0.52875532825834,COMPLETE
231,0.07681184944318499,2026-04-22 00:27:26.281481,2026-04-22 00:27:26.970657,0 days 00:00:00.689176,3.690536658039707,9.819463631763453,0.4649854121296262,COMPLETE
232,0.07708432513281137,2026-04-22 00:27:26.970689,2026-04-22 00:27:27.671593,0 days 00:00:00.700904,3.4680563138003198,9.783198933054127,0.45948116989541626,COMPLETE
233,0.07640101583292427,2026-04-22 00:27:27.671626,2026-04-22 00:27:28.363049,0 days 00:00:00.691423,3.1150425853850523,9.817022680943406,0.4832441876353784,COMPLETE
234,0.07628648687897076,2026-04-22 00:27:28.363080,2026-04-22 00:27:29.047099,0 days 00:00:00.684019,3.3789194412766754,9.789653792051114,0.46818143791715944,COMPLETE
235,0.07667872313698001,2026-04-22 00:27:29.047130,2026-04-22 00:27:29.722674,0 days 00:00:00.675544,3.7201374324239564,9.592609299107286,0.4521659177698365,COMPLETE
236,0.0766207982186617,2026-04-22 00:27:29.722704,2026-04-22 00:27:30.406111,0 days 00:00:00.683407,3.2157174450762023,9.81343416756734,0.46036137066868643,COMPLETE
237,0.07706155281897413,2026-04-22 00:27:30.406143,2026-04-22 00:27:31.097823,0 days 00:00:00.691680,3.5217516781819858,9.489693641150339,0.5061883171938364,COMPLETE
238,0.07685644559111668,2026-04-22 00:27:31.097855,2026-04-22 00:27:31.784847,0 days 00:00:00.686992,3.3872354957584903,9.363746985588863,0.4841026087019085,COMPLETE
239,0.07645039746850364,2026-04-22 00:27:31.784878,2026-04-22 00:27:32.461953,0 days 00:00:00.677075,3.3951711222180725,9.1615839873106,0.4674618194608925,COMPLETE
240,0.07622004427974657,2026-04-22 00:27:32.461984,2026-04-22 00:27:33.145644,0 days 00:00:00.683660,3.0900303289586377,9.3606275635391,0.43172552206411097,COMPLETE
241,0.07686270826785749,2026-04-22 00:27:33.145675,2026-04-22 00:27:33.847119,0 days 00:00:00.701444,3.4546915462324073,9.436275662156989,0.5026998105121404,COMPLETE
242,0.07691100332769742,2026-04-22 00:27:33.847152,2026-04-22 00:27:34.542027,0 days 00:00:00.694875,3.4342605814573064,9.35182483500417,0.4989112995014343,COMPLETE
243,0.07657360773248673,2026-04-22 00:27:34.542060,2026-04-22 00:27:35.225933,0 days 00:00:00.683873,3.3038034915218395,9.444358897601518,0.486884654401283,COMPLETE
244,0.07647890488240511,2026-04-22 00:27:35.225964,2026-04-22 00:27:35.931307,0 days 00:00:00.705343,3.511809641589377,9.184116461191262,0.47896497422410267,COMPLETE
245,0.07647967579996928,2026-04-22 00:27:35.931341,2026-04-22 00:27:35.936544,0 days 00:00:00.005203,2.980211454298481,9.600088994590458,0.44989859096503315,COMPLETE
246,0.07655098630769105,2026-04-22 00:27:35.936576,2026-04-22 00:27:36.627845,0 days 00:00:00.691269,3.2445522402755174,9.401538302435151,0.4920455189796911,COMPLETE
247,0.076429512626379,2026-04-22 00:27:36.627876,2026-04-22 00:27:37.326986,0 days 00:00:00.699110,3.6561632558020203,9.699301357524714,0.5083887594315094,COMPLETE
248,0.07706655464892652,2026-04-22 00:27:37.327020,2026-04-22 00:27:38.027254,0 days 00:00:00.700234,3.4337278795263195,9.578394173730143,0.4971623253824586,COMPLETE
249,0.07637797238694376,2026-04-22 00:27:38.027286,2026-04-22 00:27:38.728687,0 days 00:00:00.701401,3.4177408091946497,9.229505345334841,0.46146962503182487,COMPLETE
250,0.07604825920899456,2026-04-22 00:27:38.728720,2026-04-22 00:27:39.422915,0 days 00:00:00.694195,3.127940062443555,9.439858699938329,0.47537730552457996,COMPLETE
251,0.07680644577342118,2026-04-22 00:27:39.422946,2026-04-22 00:27:40.113191,0 days 00:00:00.690245,3.33627040760745,9.584987571356063,0.4529094606771389,COMPLETE
252,0.07693668297848133,2026-04-22 00:27:40.113223,2026-04-22 00:27:40.835351,0 days 00:00:00.722128,2.9943904358811424,9.308866996752508,0.5022889084936599,COMPLETE
253,0.07609826748174493,2026-04-22 00:27:40.835384,2026-04-22 00:27:41.560033,0 days 00:00:00.724649,2.958198233994002,9.129692693597177,0.5414482461416453,COMPLETE
254,0.07625583026099866,2026-04-22 00:27:41.560066,2026-04-22 00:27:42.292346,0 days 00:00:00.732280,3.13089351970891,9.32372267614545,0.49725615750923513,COMPLETE
255,0.07631270976516889,2026-04-22 00:27:42.292379,2026-04-22 00:27:42.978390,0 days 00:00:00.686011,3.469901786086312,9.501918298049523,0.44231858434527865,COMPLETE
256,0.07653322987341864,2026-04-22 00:27:42.978422,2026-04-22 00:27:43.660628,0 days 00:00:00.682206,2.9871633805108853,9.125858802358492,0.4822844619728278,COMPLETE
257,0.07692458156230156,2026-04-22 00:27:43.660664,2026-04-22 00:27:44.348089,0 days 00:00:00.687425,3.2396990867977715,9.589490202653902,0.5371049881408232,COMPLETE
258,0.0762022621013045,2026-04-22 00:27:44.348121,2026-04-22 00:27:45.038200,0 days 00:00:00.690079,3.1557373772703423,9.293305305652034,0.5415054185726109,COMPLETE
259,0.07246332966817086,2026-04-22 00:27:45.038233,2026-04-22 00:27:45.723080,0 days 00:00:00.684847,2.9256665936687805,5.76637156574366,0.5299741246568961,COMPLETE
260,0.07694318619131726,2026-04-22 00:27:45.723111,2026-04-22 00:27:46.412339,0 days 00:00:00.689228,3.3256150077499664,9.53431601377459,0.5536697086465834,COMPLETE
261,0.07697138524385848,2026-04-22 00:27:46.412370,2026-04-22 00:27:47.096957,0 days 00:00:00.684587,3.309903454751348,9.594825419762813,0.5300753616963108,COMPLETE
262,0.06681514690375118,2026-04-22 00:27:47.096991,2026-04-22 00:27:47.789981,0 days 00:00:00.692990,3.2293514849409704,3.794780409930115,0.505279540466705,COMPLETE
263,0.07656254320638213,2026-04-22 00:27:47.790013,2026-04-22 00:27:48.476133,0 days 00:00:00.686120,2.917749673079948,9.508504143181266,0.51918487137227,COMPLETE
