number,value,datetime_start,datetime_complete,duration,params_alpha,params_beta,params_decay_factor,state
396,0.13902701280818114,2026-04-22 00:37:58.176884,2026-04-22 00:37:58.803530,0 days 00:00:00.626646,3.375351496811705,9.67180396741409,0.5268379289353493,COMPLETE
397,0.13964875761858747,2026-04-22 00:37:58.803565,2026-04-22 00:37:59.428953,0 days 00:00:00.625388,3.0060572703278696,8.844212174785616,0.5741642056984483,COMPLETE
398,0.1397685510870101,2026-04-22 00:37:59.428985,2026-04-22 00:38:00.056396,0 days 00:00:00.627411,1.6414469446050404,9.25657444068067,0.36999966073820845,COMPLETE
399,0.140505190587408,2026-04-22 00:38:00.056431,2026-04-22 00:38:00.687733,0 days 00:00:00.631302,3.2230597930772973,9.99509634350905,0.4059848450605036,COMPLETE
400,0.13959072161422456,2026-04-22 00:38:00.687767,2026-04-22 00:38:01.315799,0 days 00:00:00.628032,3.6552483858415807,9.521903574453153,0.2591563405685553,COMPLETE
401,0.14064987122070483,2026-04-22 00:38:01.315834,2026-04-22 00:38:01.942886,0 days 00:00:00.627052,2.819198847697682,9.78726154981766,0.2925658030473734,COMPLETE
402,0.13938555521739504,2026-04-22 00:38:01.942919,2026-04-22 00:38:02.573286,0 days 00:00:00.630367,4.092783697299588,8.55580268201787,0.3255601573753106,COMPLETE
403,0.13214541913962166,2026-04-22 00:38:02.573319,2026-04-22 00:38:03.190303,0 days 00:00:00.616984,3.41485266324754,9.666416789157152,0.0952004877160752,COMPLETE
404,0.1390163198589882,2026-04-22 00:38:03.190336,2026-04-22 00:38:03.822496,0 days 00:00:00.632160,3.035076247858805,9.397618726083355,0.5999143719725946,COMPLETE
405,0.14006732809363484,2026-04-22 00:38:03.822527,2026-04-22 00:38:04.455598,0 days 00:00:00.633071,2.546700552455965,9.15158649698766,0.3605485540912532,COMPLETE
406,0.1395331828822192,2026-04-22 00:38:04.455632,2026-04-22 00:38:05.077541,0 days 00:00:00.621909,3.2143240550812386,9.83960364281004,0.6315076436605734,COMPLETE
407,0.14107508236008243,2026-04-22 00:38:05.077574,2026-04-22 00:38:05.708304,0 days 00:00:00.630730,3.8160990117944085,9.529623208977783,0.34467159987884705,COMPLETE
408,0.1401805028317812,2026-04-22 00:38:05.708338,2026-04-22 00:38:06.332412,0 days 00:00:00.624074,4.17199758097888,9.295133710850195,0.34215326660075307,COMPLETE
409,0.14049367530702492,2026-04-22 00:38:06.332446,2026-04-22 00:38:06.980726,0 days 00:00:00.648280,3.9323999514639882,9.503402280377443,0.3870883473817612,COMPLETE
410,0.13838627173240486,2026-04-22 00:38:06.980758,2026-04-22 00:38:06.909218,-1 days +23:59:59.928460,4.734116807092371,8.953259251876718,0.36866775027427157,COMPLETE
411,0.13903969953614806,2026-04-22 00:38:06.909252,2026-04-22 00:38:07.539980,0 days 00:00:00.630728,3.816490662668375,7.245629723493214,0.34611559723645763,COMPLETE
412,0.14005586632209308,2026-04-22 00:38:07.540010,2026-04-22 00:38:08.150580,0 days 00:00:00.610570,3.5867545156400364,9.539967143081368,0.3217636128363734,COMPLETE
413,0.14009953696718172,2026-04-22 00:38:08.150614,2026-04-22 00:38:08.768301,0 days 00:00:00.617687,3.6418141050354604,9.192825160587303,0.3999795839576111,COMPLETE
414,0.1406081145166843,2026-04-22 00:38:08.768335,2026-04-22 00:38:09.395226,0 days 00:00:00.626891,1.9178937793802109,9.655815174471812,0.3611068985034021,COMPLETE
415,0.14080854489267128,2026-04-22 00:38:09.395259,2026-04-22 00:38:10.020891,0 days 00:00:00.625632,3.7617119926726454,9.41147911470764,0.3369975788162326,COMPLETE
416,0.1403262619950683,2026-04-22 00:38:10.020927,2026-04-22 00:38:10.651373,0 days 00:00:00.630446,4.007814675590922,9.661374447964826,0.37800652658421113,COMPLETE
417,0.1402178029790633,2026-04-22 00:38:10.651408,2026-04-22 00:38:11.282513,0 days 00:00:00.631105,2.3397985233046033,9.348199292552366,0.4148585966728407,COMPLETE
418,0.14060910666931267,2026-04-22 00:38:11.282546,2026-04-22 00:38:11.919767,0 days 00:00:00.637221,3.4890083354796007,9.822533771079206,0.3074255946969876,COMPLETE
419,0.13998052682856094,2026-04-22 00:38:11.919801,2026-04-22 00:38:12.559164,0 days 00:00:00.639363,2.7453235043258877,9.568291162795807,0.3473393329164849,COMPLETE
420,0.11902418862811893,2026-04-22 00:38:12.559197,2026-04-22 00:38:13.204997,0 days 00:00:00.645800,7.11263517363651,9.063140220067416,0.3258774826920744,COMPLETE
421,0.12230222748030366,2026-04-22 00:38:13.205030,2026-04-22 00:38:13.821615,0 days 00:00:00.616585,4.418058401604866,3.2471452382090673,0.36781929021686477,COMPLETE
422,0.13998953467997943,2026-04-22 00:38:13.821646,2026-04-22 00:38:14.440723,0 days 00:00:00.619077,1.2666493095207818,9.852485317842921,0.39154058991213786,COMPLETE
423,0.12337455292788434,2026-04-22 00:38:14.440755,2026-04-22 00:38:15.051895,0 days 00:00:00.611140,2.994004466184978,2.452174010867325,0.3089621082455094,COMPLETE
424,0.1391763197694764,2026-04-22 00:38:15.051926,2026-04-22 00:38:15.665328,0 days 00:00:00.613402,0.1325943453812557,9.479371852093646,0.35221397941148375,COMPLETE
425,0.14063110924285782,2026-04-22 00:38:15.665361,2026-04-22 00:38:16.284592,0 days 00:00:00.619231,3.4140048033388797,9.67758905378852,0.33176638227291066,COMPLETE
426,0.13987253504204128,2026-04-22 00:38:16.284625,2026-04-22 00:38:16.921806,0 days 00:00:00.637181,3.8170488574211827,9.253091736868258,0.29941810643859545,COMPLETE
427,0.13971042935871886,2026-04-22 00:38:16.921838,2026-04-22 00:38:17.556604,0 days 00:00:00.634766,1.543372209693293,9.844837661384396,0.4496286595961788,COMPLETE
428,0.14067534213723387,2026-04-22 00:38:17.556636,2026-04-22 00:38:18.176075,0 days 00:00:00.619439,2.5694887183135404,9.976369917818477,0.37560851701776093,COMPLETE
429,0.10177767143142419,2026-04-22 00:38:18.176107,2026-04-22 00:38:18.801456,0 days 00:00:00.625349,9.889379558907928,9.532020180359682,0.6556300654663589,COMPLETE
430,0.14071968180850963,2026-04-22 00:38:18.801491,2026-04-22 00:38:19.427972,0 days 00:00:00.626481,3.1945658130883077,9.652488038065842,0.3205538169319997,COMPLETE
431,0.13996265425453222,2026-04-22 00:38:19.428006,2026-04-22 00:38:20.053674,0 days 00:00:00.625668,2.8873972307927254,9.361152829190786,0.501941918368519,COMPLETE
432,0.1404457324897423,2026-04-22 00:38:20.053709,2026-04-22 00:38:20.685325,0 days 00:00:00.631616,3.472330388375892,9.749209863724259,0.42560125685527256,COMPLETE
433,0.13983555619207888,2026-04-22 00:38:20.685357,2026-04-22 00:38:21.301890,0 days 00:00:00.616533,4.21218258000655,9.989497643654204,0.5498430711455308,COMPLETE
434,0.13497338419541272,2026-04-22 00:38:21.301924,2026-04-22 00:38:21.921534,0 days 00:00:00.619610,2.071599999053997,4.781317476535006,0.3512880443188473,COMPLETE
435,0.14035898782196587,2026-04-22 00:38:21.921566,2026-04-22 00:38:22.548280,0 days 00:00:00.626714,3.080329849909404,9.436319467139787,0.2808699686924537,COMPLETE
436,0.1409175577343073,2026-04-22 00:38:22.548312,2026-04-22 00:38:23.170095,0 days 00:00:00.621783,3.676723819742022,9.675765603156524,0.33499424730255906,COMPLETE
437,0.13995958043436066,2026-04-22 00:38:23.170129,2026-04-22 00:38:23.787402,0 days 00:00:00.617273,2.694463535622903,9.043898923896979,0.4033714796216128,COMPLETE
438,0.14123365659654205,2026-04-22 00:38:23.787436,2026-04-22 00:38:24.417932,0 days 00:00:00.630496,3.337887087791578,9.285286560020635,0.3861681558194127,COMPLETE
439,0.14089010476586802,2026-04-22 00:38:24.417965,2026-04-22 00:38:25.043978,0 days 00:00:00.626013,3.298835988179843,9.23259524479514,0.39663043173883145,COMPLETE
440,0.1404640131070408,2026-04-22 00:38:25.044010,2026-04-22 00:38:25.666826,0 days 00:00:00.622816,3.3928096332356366,9.146336092851666,0.384895031897897,COMPLETE
441,0.1401480410211643,2026-04-22 00:38:25.666860,2026-04-22 00:38:26.295844,0 days 00:00:00.628984,2.9963264310540914,8.975138140011548,0.43273031149479024,COMPLETE
442,0.1406854196088372,2026-04-22 00:38:26.295878,2026-04-22 00:38:26.934505,0 days 00:00:00.638627,3.5585756959153745,9.298389257721256,0.3654122474044503,COMPLETE
443,0.13967068742299454,2026-04-22 00:38:26.934537,2026-04-22 00:38:27.552098,0 days 00:00:00.617561,3.9664636431083915,8.780021013006827,0.3810751290407992,COMPLETE
444,0.1397725253079702,2026-04-22 00:38:27.552131,2026-04-22 00:38:28.186871,0 days 00:00:00.634740,3.2046683025342793,9.488280527834636,0.41523311795206774,COMPLETE
445,0.1401796321535882,2026-04-22 00:38:28.186904,2026-04-22 00:38:28.819048,0 days 00:00:00.632144,2.8567803817922544,9.389782335636628,0.3465639894027509,COMPLETE
446,0.13986496712243707,2026-04-22 00:38:28.819080,2026-04-22 00:38:29.438232,0 days 00:00:00.619152,3.76463732120988,9.10500204082424,0.36278529789359715,COMPLETE
447,0.1401137190286606,2026-04-22 00:38:29.438265,2026-04-22 00:38:30.064966,0 days 00:00:00.626701,3.311987661988968,8.701697099390012,0.3183237902369569,COMPLETE
448,0.14003385197927196,2026-04-22 00:38:30.064999,2026-04-22 00:38:30.693594,0 days 00:00:00.628595,3.0882327942060783,9.550392679999764,0.4718324901674702,COMPLETE
449,0.14003807646690825,2026-04-22 00:38:30.693624,2026-04-22 00:38:31.312194,0 days 00:00:00.618570,3.5356568827643473,9.710993653258583,0.2969111790413913,COMPLETE
450,0.14025897062153866,2026-04-22 00:38:31.312226,2026-04-22 00:38:31.947117,0 days 00:00:00.634891,2.6436171690889907,9.249692094621054,0.39476470309798545,COMPLETE
451,0.14109540056198797,2026-04-22 00:38:31.947151,2026-04-22 00:38:32.564994,0 days 00:00:00.617843,3.3922681369208574,9.807999967330229,0.33155957241086337,COMPLETE
452,0.14087167983645546,2026-04-22 00:38:32.565026,2026-04-22 00:38:33.217775,0 days 00:00:00.652749,3.2530881975080086,9.992972106859451,0.3566468895386252,COMPLETE
453,0.14094549981430146,2026-04-22 00:38:33.217810,2026-04-22 00:38:33.856341,0 days 00:00:00.638531,2.883098208223772,9.810145229230644,0.30955832064721206,COMPLETE
454,0.14017302217171967,2026-04-22 00:38:33.856375,2026-04-22 00:38:34.493358,0 days 00:00:00.636983,3.1100218214748185,9.679638548269136,0.2688907549928288,COMPLETE
455,0.140848225285816,2026-04-22 00:38:34.493390,2026-04-22 00:38:35.124498,0 days 00:00:00.631108,3.4303802951625064,9.805808732315626,0.3781141430944961,COMPLETE
456,0.14028682370357115,2026-04-22 00:38:35.124531,2026-04-22 00:38:35.750713,0 days 00:00:00.626182,2.4680132007971545,9.992541132115315,0.33299323782200047,COMPLETE
457,0.14092738734375346,2026-04-22 00:38:35.750746,2026-04-22 00:38:36.369880,0 days 00:00:00.619134,3.002023279519364,9.556101991900876,0.2939882467525643,COMPLETE
458,0.14061769304326954,2026-04-22 00:38:36.369912,2026-04-22 00:38:37.002807,0 days 00:00:00.632895,3.332724340430747,9.69781533769485,0.41133268569234643,COMPLETE
459,0.1402697106072394,2026-04-22 00:38:37.002840,2026-04-22 00:38:37.625279,0 days 00:00:00.622439,2.788122141627074,9.495209893093513,0.35152539901852947,COMPLETE
460,0.1403144519942994,2026-04-22 00:38:37.625312,2026-04-22 00:38:38.265536,0 days 00:00:00.640224,3.1978605365120507,9.822859612890813,0.3184019732348386,COMPLETE
461,0.1408607485587273,2026-04-22 00:38:38.265569,2026-04-22 00:38:38.194532,-1 days +23:59:59.928963,3.6026446201099454,9.57582543709646,0.3734706871631762,COMPLETE
462,0.1411815785330276,2026-04-22 00:38:38.194565,2026-04-22 00:38:38.822643,0 days 00:00:00.628078,2.9552385087777924,9.811703941185447,0.34110518468568407,COMPLETE
463,0.14024721357597716,2026-04-22 00:38:38.822676,2026-04-22 00:38:39.445290,0 days 00:00:00.622614,2.289036846241311,9.838896831809167,0.3358410006411348,COMPLETE
464,0.14068868544022498,2026-04-22 00:38:39.445324,2026-04-22 00:38:40.085206,0 days 00:00:00.639882,2.8894517669055246,9.994561443311905,0.35525006936075615,COMPLETE
465,0.13950596332853984,2026-04-22 00:38:40.085240,2026-04-22 00:38:40.729291,0 days 00:00:00.644051,2.628810138889776,9.705061281288868,0.3127832142519932,COMPLETE
466,0.14115685002220954,2026-04-22 00:38:40.729328,2026-04-22 00:38:41.355828,0 days 00:00:00.626500,3.0825172700349333,9.803619723604243,0.33907157835664475,COMPLETE
467,0.14076824592684656,2026-04-22 00:38:41.355864,2026-04-22 00:38:41.977439,0 days 00:00:00.621575,3.367230257792155,9.992485157030782,0.36613912910890256,COMPLETE
468,0.1407747400307096,2026-04-22 00:38:41.977471,2026-04-22 00:38:42.604621,0 days 00:00:00.627150,3.02836575449261,9.461459252978116,0.3883216141343802,COMPLETE
469,0.1406509298537598,2026-04-22 00:38:42.604655,2026-04-22 00:38:43.235959,0 days 00:00:00.631304,3.194897429261652,9.81716211252432,0.34155226437894,COMPLETE
470,0.140200547481811,2026-04-22 00:38:43.235994,2026-04-22 00:38:43.862500,0 days 00:00:00.626506,2.4544040627739645,9.622940307791351,0.3325361589085767,COMPLETE
471,0.14047480260853287,2026-04-22 00:38:43.862535,2026-04-22 00:38:44.503253,0 days 00:00:00.640718,2.745860724681407,9.996658860858417,0.3635700240368863,COMPLETE
472,0.14064907811191255,2026-04-22 00:38:44.503287,2026-04-22 00:38:45.154262,0 days 00:00:00.650975,3.4947597919874323,9.387769582053345,0.3935927643018618,COMPLETE
473,0.14088014764324588,2026-04-22 00:38:45.154295,2026-04-22 00:38:45.803584,0 days 00:00:00.649289,2.98874307119993,9.698446092126225,0.3469922448569565,COMPLETE
474,0.14037141788805624,2026-04-22 00:38:45.803616,2026-04-22 00:38:46.437475,0 days 00:00:00.633859,3.2242480086453873,9.48192119549875,0.32091996323515015,COMPLETE
475,0.14027964400859372,2026-04-22 00:38:46.437510,2026-04-22 00:38:47.082208,0 days 00:00:00.644698,3.804025282931484,9.817343717671415,0.37684358904931947,COMPLETE
476,0.140519549906656,2026-04-22 00:38:47.082241,2026-04-22 00:38:47.710686,0 days 00:00:00.628445,2.2183588649120707,9.63895065590283,0.4202490081067941,COMPLETE
477,0.14038613121907018,2026-04-22 00:38:47.710721,2026-04-22 00:38:48.342329,0 days 00:00:00.631608,2.851052124895018,9.822488824722129,0.2844128334146211,COMPLETE
478,0.1409723676971965,2026-04-22 00:38:48.342362,2026-04-22 00:38:48.960148,0 days 00:00:00.617786,3.4831294235428176,9.349853571215096,0.34751431611678585,COMPLETE
479,0.13975304342210704,2026-04-22 00:38:48.960181,2026-04-22 00:38:49.586902,0 days 00:00:00.626721,2.6320252962518538,9.539750267093071,0.3697575713163138,COMPLETE
480,0.14123286131323778,2026-04-22 00:38:49.586935,2026-04-22 00:38:50.226848,0 days 00:00:00.639913,3.662323977057497,9.830209614478296,0.3285840775210964,COMPLETE
481,0.14069403421653343,2026-04-22 00:38:50.226882,2026-04-22 00:38:50.873199,0 days 00:00:00.646317,4.009083643613291,9.983076126383473,0.32869664658706726,COMPLETE
482,0.1407889500079084,2026-04-22 00:38:50.873232,2026-04-22 00:38:51.507872,0 days 00:00:00.634640,3.687362625185825,9.998753084850225,0.39831505164513176,COMPLETE
483,0.14007079889848992,2026-04-22 00:38:51.507904,2026-04-22 00:38:52.145985,0 days 00:00:00.638081,3.8402250084213345,9.789009462959678,0.3567592256661358,COMPLETE
484,0.14000865566253054,2026-04-22 00:38:52.146018,2026-04-22 00:38:52.774590,0 days 00:00:00.628572,4.170050003497714,9.678918362717216,0.32903150313368595,COMPLETE
485,0.14049735488738957,2026-04-22 00:38:52.774624,2026-04-22 00:38:53.400902,0 days 00:00:00.626278,3.620322306013065,9.83182592283264,0.3848108099656694,COMPLETE
486,0.1386361671514556,2026-04-22 00:38:53.400933,2026-04-22 00:38:54.019451,0 days 00:00:00.618518,3.4067557564190123,6.596120016017249,0.34502184452238704,COMPLETE
487,0.1386626072618133,2026-04-22 00:38:54.019485,2026-04-22 00:38:54.642952,0 days 00:00:00.623467,4.482149988781862,9.271480752939777,0.36788013919185314,COMPLETE
488,0.1104554873841694,2026-04-22 00:38:54.642985,2026-04-22 00:38:55.245323,0 days 00:00:00.602338,3.131681759533851,1.3637873375677296,0.31462999477020714,COMPLETE
489,0.14052538015848728,2026-04-22 00:38:55.245356,2026-04-22 00:38:55.883096,0 days 00:00:00.637740,3.8813741301978135,9.53011280134698,0.3425220382522125,COMPLETE
490,0.14033592910908346,2026-04-22 00:38:55.883137,2026-04-22 00:38:56.503913,0 days 00:00:00.620776,2.4714537750107506,9.676803231447696,0.43557650677548176,COMPLETE
491,0.14059513711638122,2026-04-22 00:38:56.503946,2026-04-22 00:38:57.131505,0 days 00:00:00.627559,2.9388252596070794,9.43806252584518,0.41041359113931847,COMPLETE
492,0.1404696295595891,2026-04-22 00:38:57.131541,2026-04-22 00:38:57.775858,0 days 00:00:00.644317,3.654947159469946,9.814158250554367,0.3041271405796074,COMPLETE
493,0.14049399238240026,2026-04-22 00:38:57.775890,2026-04-22 00:38:58.393315,0 days 00:00:00.617425,3.328086271860482,9.114526281737898,0.35835734688294446,COMPLETE
494,0.1398845187869353,2026-04-22 00:38:58.393348,2026-04-22 00:38:59.009911,0 days 00:00:00.616563,2.7617184934958803,9.618344140966247,0.3281423549195419,COMPLETE
495,0.14100624213568044,2026-04-22 00:38:59.009942,2026-04-22 00:38:59.640678,0 days 00:00:00.630736,3.5047327396097736,9.840156777028517,0.3858151396387516,COMPLETE
496,0.14097276849084217,2026-04-22 00:38:59.640710,2026-04-22 00:39:00.262589,0 days 00:00:00.621879,3.13926913073508,9.349622301972254,0.367615118268568,COMPLETE
497,0.13348758947728462,2026-04-22 00:39:00.262621,2026-04-22 00:39:00.886062,0 days 00:00:00.623441,5.712194032225271,9.996972770638356,0.30400689214898025,COMPLETE
498,0.1401251114077947,2026-04-22 00:39:00.886097,2026-04-22 00:39:01.499470,0 days 00:00:00.613373,2.3483578434690933,8.921834958647109,0.34222131487789237,COMPLETE
499,0.1399615313458973,2026-04-22 00:39:01.499502,2026-04-22 00:39:02.126779,0 days 00:00:00.627277,4.048541525916802,9.54725242114048,0.40009147302413867,COMPLETE
