number,value,datetime_start,datetime_complete,duration,params_alpha,params_beta,params_decay_factor,state
264,0.1579501317025854,2026-04-22 00:06:33.065122,2026-04-22 00:06:33.621624,0 days 00:00:00.556502,4.750055338145847,9.485143231930413,0.7660312421939091,COMPLETE
265,0.15883904393324605,2026-04-22 00:06:33.621675,2026-04-22 00:06:34.143971,0 days 00:00:00.522296,3.87537653187892,9.851522499464163,0.6691691953760922,COMPLETE
266,0.15884719900115232,2026-04-22 00:06:34.144003,2026-04-22 00:06:34.658222,0 days 00:00:00.514219,4.187261179800773,9.46924801160178,0.6697683061027411,COMPLETE
267,0.15854453114748396,2026-04-22 00:06:34.658254,2026-04-22 00:06:35.177974,0 days 00:00:00.519720,3.8070797698317715,9.9992416742003,0.7175337500563096,COMPLETE
268,0.15944546717596636,2026-04-22 00:06:35.178007,2026-04-22 00:06:35.713119,0 days 00:00:00.535112,3.97747582970214,9.712376284145098,0.6967656228935823,COMPLETE
269,0.15920063725721983,2026-04-22 00:06:35.713149,2026-04-22 00:06:36.240034,0 days 00:00:00.526885,4.045654155294945,9.785964513823085,0.6915265959297189,COMPLETE
270,0.1588548958994096,2026-04-22 00:06:36.240246,2026-04-22 00:06:36.771091,0 days 00:00:00.530845,4.360013619995134,9.826844752569386,0.6613461071583885,COMPLETE
271,0.1582069760440223,2026-04-22 00:06:36.771123,2026-04-22 00:06:37.297311,0 days 00:00:00.526188,4.075810801590226,9.307330009220019,0.6481203463386132,COMPLETE
272,0.1588243066378046,2026-04-22 00:06:37.297343,2026-04-22 00:06:37.824993,0 days 00:00:00.527650,3.907914031492259,9.984410557145337,0.6865267038094944,COMPLETE
273,0.158447629186688,2026-04-22 00:06:37.825024,2026-04-22 00:06:38.356619,0 days 00:00:00.531595,4.59434645399962,9.710284903803213,0.5570170959676172,COMPLETE
274,0.15872026195772837,2026-04-22 00:06:38.356652,2026-04-22 00:06:38.880346,0 days 00:00:00.523694,3.7324498970699937,9.526099020674367,0.6823169534594177,COMPLETE
275,0.158583898300048,2026-04-22 00:06:38.880380,2026-04-22 00:06:39.406823,0 days 00:00:00.526443,4.372412510970954,9.997477634169593,0.7421973709773099,COMPLETE
276,0.1590383622206508,2026-04-22 00:06:39.406860,2026-04-22 00:06:39.967453,0 days 00:00:00.560593,3.4583667058674257,9.810785587407048,0.6942902303546973,COMPLETE
277,0.1486096323857596,2026-04-22 00:06:39.967485,2026-04-22 00:06:40.498740,0 days 00:00:00.531255,4.099764999823624,4.689905674214179,0.6485924430406005,COMPLETE
278,0.15865450226542255,2026-04-22 00:06:40.498778,2026-04-22 00:06:41.042421,0 days 00:00:00.543643,3.839771548571415,9.363313139455514,0.6677788741766367,COMPLETE
279,0.1586424512487632,2026-04-22 00:06:41.042455,2026-04-22 00:06:41.582646,0 days 00:00:00.540191,3.564711084839605,9.686413773575646,0.6969931595139941,COMPLETE
280,0.15866069046289624,2026-04-22 00:06:41.582679,2026-04-22 00:06:42.103372,0 days 00:00:00.520693,3.0429504892710297,9.786007330259496,0.602283560501232,COMPLETE
281,0.1585093933752756,2026-04-22 00:06:42.103405,2026-04-22 00:06:42.641610,0 days 00:00:00.538205,4.2551850933248545,9.49104423839226,0.6626583794977834,COMPLETE
282,0.15891320283921073,2026-04-22 00:06:42.641642,2026-04-22 00:06:43.182557,0 days 00:00:00.540915,3.2524285683597007,9.246796278088732,0.733629781128138,COMPLETE
283,0.15847691650558704,2026-04-22 00:06:43.182590,2026-04-22 00:06:43.724517,0 days 00:00:00.541927,3.7192194009444264,9.63358514705301,0.5372972491624496,COMPLETE
284,0.1583109377885583,2026-04-22 00:06:43.724553,2026-04-22 00:06:44.268658,0 days 00:00:00.544105,3.977224380931705,9.78487444946426,0.6402408887477832,COMPLETE
285,0.14482840774991687,2026-04-22 00:06:44.268690,2026-04-22 00:06:44.809839,0 days 00:00:00.541149,3.4446316908854238,3.682031261711523,0.689537329775082,COMPLETE
286,0.15945077243662992,2026-04-22 00:06:44.809873,2026-04-22 00:06:45.351037,0 days 00:00:00.541164,2.9088141640322775,9.531772801649648,0.5651334031810293,COMPLETE
287,0.159203147237153,2026-04-22 00:06:45.351070,2026-04-22 00:06:45.886915,0 days 00:00:00.535845,2.8902693824036607,9.13088355988301,0.5557444372702192,COMPLETE
288,0.15800972165649127,2026-04-22 00:06:45.886952,2026-04-22 00:06:46.430743,0 days 00:00:00.543791,2.884148581271027,9.19818529146413,0.5655215840395686,COMPLETE
289,0.158091783483828,2026-04-22 00:06:46.430776,2026-04-22 00:06:46.968528,0 days 00:00:00.537752,2.816018549196272,9.0113577170705,0.5791253707713825,COMPLETE
290,0.15797593855284023,2026-04-22 00:06:46.968562,2026-04-22 00:06:47.507264,0 days 00:00:00.538702,2.97170249758008,9.149717660589813,0.5274428985854471,COMPLETE
291,0.15914785021606834,2026-04-22 00:06:47.507298,2026-04-22 00:06:48.042541,0 days 00:00:00.535243,3.0830011813159297,9.39128724378443,0.5610182525406212,COMPLETE
292,0.15807142663180823,2026-04-22 00:06:48.042576,2026-04-22 00:06:48.594771,0 days 00:00:00.552195,2.5105804951672814,9.453577614432383,0.5913549475022026,COMPLETE
293,0.15860968179482382,2026-04-22 00:06:48.594806,2026-04-22 00:06:49.157959,0 days 00:00:00.563153,2.7791651807070767,9.542465577461543,0.5509816065257481,COMPLETE
294,0.15876250807672393,2026-04-22 00:06:49.158004,2026-04-22 00:06:49.713554,0 days 00:00:00.555550,3.1694825815465295,9.213242496492686,0.5448291385072125,COMPLETE
295,0.15803074811668347,2026-04-22 00:06:49.713587,2026-04-22 00:06:50.262252,0 days 00:00:00.548665,2.9606399037080604,9.598859409649373,0.5784683576290126,COMPLETE
296,0.15811116375952597,2026-04-22 00:06:50.262301,2026-04-22 00:06:50.815458,0 days 00:00:00.553157,3.3114210123033287,9.286363243872433,0.611465084375637,COMPLETE
297,0.15498373164351484,2026-04-22 00:06:50.815492,2026-04-22 00:06:51.367363,0 days 00:00:00.551871,2.657559103637052,5.6538722926867555,0.5316763881809411,COMPLETE
298,0.15879200185867479,2026-04-22 00:06:51.367396,2026-04-22 00:06:51.918810,0 days 00:00:00.551414,3.6368445068780444,9.43303437271749,0.5955616536810793,COMPLETE
299,0.1569109071690718,2026-04-22 00:06:51.918843,2026-04-22 00:06:52.473637,0 days 00:00:00.554794,0.28317234302235406,9.690708681128276,0.7697892239262175,COMPLETE
300,0.15883237396145058,2026-04-22 00:06:52.473673,2026-04-22 00:06:53.043374,0 days 00:00:00.569701,3.1859114168986578,9.787507402235345,0.5585311141365842,COMPLETE
301,0.15887572277931136,2026-04-22 00:06:53.043408,2026-04-22 00:06:53.589722,0 days 00:00:00.546314,3.4675909541098595,9.557103985494331,0.7207778822327545,COMPLETE
302,0.1585624943135935,2026-04-22 00:06:53.589755,2026-04-22 00:06:54.152844,0 days 00:00:00.563089,2.9636463896278267,8.865163111475717,0.5763283747802685,COMPLETE
303,0.1582149793916271,2026-04-22 00:06:54.152887,2026-04-22 00:06:54.709544,0 days 00:00:00.556657,3.8432556960114614,9.15316581866057,0.7501991268129057,COMPLETE
304,0.15816390522897347,2026-04-22 00:06:54.709578,2026-04-22 00:06:55.284269,0 days 00:00:00.574691,4.523968524747351,9.413399732767694,0.6269501875896681,COMPLETE
305,0.15846684472474595,2026-04-22 00:06:55.284301,2026-04-22 00:06:55.839003,0 days 00:00:00.554702,3.34298527643845,9.814034346322867,0.514862624210928,COMPLETE
306,0.157727882998139,2026-04-22 00:06:55.839036,2026-04-22 00:06:56.380716,0 days 00:00:00.541680,3.5924210000855425,7.526457448040106,0.6095161398313176,COMPLETE
307,0.15856274413062088,2026-04-22 00:06:56.380749,2026-04-22 00:06:56.910690,0 days 00:00:00.529941,3.0910233420571953,9.572099465634127,0.7052006032526137,COMPLETE
308,0.15652130186525376,2026-04-22 00:06:56.910724,2026-04-22 00:06:57.464201,0 days 00:00:00.553477,5.790890654805544,9.823456360077392,0.6432132096436494,COMPLETE
309,0.1586718885734501,2026-04-22 00:06:57.464251,2026-04-22 00:06:58.028341,0 days 00:00:00.564090,4.18043133091191,9.637860303102688,0.5971739573610586,COMPLETE
310,0.15783695774965467,2026-04-22 00:06:58.028374,2026-04-22 00:06:58.563532,0 days 00:00:00.535158,4.879520334600746,9.351980904153846,0.732390097062632,COMPLETE
311,0.15864456605690852,2026-04-22 00:06:58.563564,2026-04-22 00:06:59.089854,0 days 00:00:00.526290,3.248112237338595,9.793030817906835,0.795459028663893,COMPLETE
312,0.15916419625998132,2026-04-22 00:06:59.089885,2026-04-22 00:06:59.634299,0 days 00:00:00.544414,3.7257894410560386,9.086802880544315,0.6737184790845777,COMPLETE
313,0.1572242579028263,2026-04-22 00:06:59.634332,2026-04-22 00:07:00.155357,0 days 00:00:00.521025,0.7733629127072943,9.982928761255106,0.4965687945591741,COMPLETE
314,0.15921064671589827,2026-04-22 00:07:00.155397,2026-04-22 00:07:00.692156,0 days 00:00:00.536759,3.4628375991778046,9.643722189652035,0.5408475025598646,COMPLETE
315,0.15841459251581214,2026-04-22 00:07:00.692193,2026-04-22 00:07:01.245923,0 days 00:00:00.553730,2.857624235025048,9.411308234658913,0.5396435326611194,COMPLETE
316,0.1593950858977021,2026-04-22 00:07:01.245957,2026-04-22 00:07:01.802755,0 days 00:00:00.556798,3.4935386347866353,9.674726063736063,0.5578086567856783,COMPLETE
317,0.15936297027890547,2026-04-22 00:07:01.802791,2026-04-22 00:07:02.360031,0 days 00:00:00.557240,3.3511155134185695,9.769339769050083,0.5190594344316661,COMPLETE
318,0.1583680358072895,2026-04-22 00:07:02.360062,2026-04-22 00:07:02.901439,0 days 00:00:00.541377,3.3472756844430687,9.661617648276097,0.5132932031473448,COMPLETE
319,0.15895014200348104,2026-04-22 00:07:02.901471,2026-04-22 00:07:03.439735,0 days 00:00:00.538264,3.4718147043642014,9.799898637561178,0.527894357752379,COMPLETE
320,0.15876583577073466,2026-04-22 00:07:03.439768,2026-04-22 00:07:03.384702,-1 days +23:59:59.944934,3.1115635346080546,9.987979159137279,0.5575590021398492,COMPLETE
321,0.15873403091441826,2026-04-22 00:07:03.384734,2026-04-22 00:07:03.967960,0 days 00:00:00.583226,3.4714597420650057,9.523078107790298,0.4875630223967565,COMPLETE
322,0.15903054598126795,2026-04-22 00:07:03.967992,2026-04-22 00:07:04.557852,0 days 00:00:00.589860,3.198564695706854,9.313532466706079,0.5394388828036553,COMPLETE
323,0.15911356216185973,2026-04-22 00:07:04.557885,2026-04-22 00:07:05.139125,0 days 00:00:00.581240,2.649884868385511,9.722000912127742,0.5501200276128593,COMPLETE
324,0.1569728813253815,2026-04-22 00:07:05.139157,2026-04-22 00:07:05.733288,0 days 00:00:00.594131,3.0436000905870726,6.716540751218454,0.5732195768548974,COMPLETE
325,0.1591203795784938,2026-04-22 00:07:05.733321,2026-04-22 00:07:06.325714,0 days 00:00:00.592393,3.3421505227178847,9.604384473336056,0.5270708973429384,COMPLETE
326,0.15883984172156937,2026-04-22 00:07:06.325746,2026-04-22 00:07:06.912185,0 days 00:00:00.586439,3.582117911972833,9.988467885131039,0.5706118525729379,COMPLETE
327,0.15869658659061214,2026-04-22 00:07:06.912218,2026-04-22 00:07:07.476592,0 days 00:00:00.564374,2.9414170441651395,9.039706505918163,0.5039259513397647,COMPLETE
328,0.1562857629601172,2026-04-22 00:07:07.476626,2026-04-22 00:07:08.040209,0 days 00:00:00.563583,3.2404347147808115,6.067803010424594,0.5505514613645991,COMPLETE
329,0.15845074611195847,2026-04-22 00:07:08.040248,2026-04-22 00:07:08.603488,0 days 00:00:00.563240,3.5722377747913767,9.388905474119207,0.4538301414366548,COMPLETE
330,0.15841773986575264,2026-04-22 00:07:08.603521,2026-04-22 00:07:09.172090,0 days 00:00:00.568569,3.4091674886646515,9.803253509251794,0.4689753633264934,COMPLETE
331,0.15936715729534565,2026-04-22 00:07:09.172128,2026-04-22 00:07:09.716398,0 days 00:00:00.544270,2.8302944217833317,9.624999391738417,0.5772217671645561,COMPLETE
332,0.15793245422935315,2026-04-22 00:07:09.716431,2026-04-22 00:07:10.245625,0 days 00:00:00.529194,2.4944516913238868,9.538174289135078,0.5900332390981519,COMPLETE
333,0.15897160730037316,2026-04-22 00:07:10.245659,2026-04-22 00:07:10.808484,0 days 00:00:00.562825,2.787835691065872,9.229333015792657,0.572993399878975,COMPLETE
334,0.1585691184780954,2026-04-22 00:07:10.808520,2026-04-22 00:07:11.366687,0 days 00:00:00.558167,2.960005315825371,9.641671606437017,0.5874140315932782,COMPLETE
335,0.15861298627694906,2026-04-22 00:07:11.366717,2026-04-22 00:07:11.904533,0 days 00:00:00.537816,2.698425145344962,9.416768056995982,0.5536969418875904,COMPLETE
336,0.15850948315466099,2026-04-22 00:07:11.904568,2026-04-22 00:07:12.441963,0 days 00:00:00.537395,3.164901054038606,9.827281818942431,0.6057253430892411,COMPLETE
337,0.15934273835660187,2026-04-22 00:07:12.441997,2026-04-22 00:07:12.997866,0 days 00:00:00.555869,2.876145973558355,9.603843750493565,0.5249453577071765,COMPLETE
338,0.15885261407254003,2026-04-22 00:07:12.997900,2026-04-22 00:07:13.538445,0 days 00:00:00.540545,3.1634371934331775,9.6471676311922,0.5093361171243495,COMPLETE
339,0.1594045138287343,2026-04-22 00:07:13.538477,2026-04-22 00:07:14.078415,0 days 00:00:00.539938,3.3576546081976217,9.528400716409482,0.48142855945611823,COMPLETE
340,0.15900440909407818,2026-04-22 00:07:14.078447,2026-04-22 00:07:14.598509,0 days 00:00:00.520062,2.32090766682939,9.98894985693291,0.47772541592257683,COMPLETE
341,0.15844812522627721,2026-04-22 00:07:14.598541,2026-04-22 00:07:15.158593,0 days 00:00:00.560052,3.0314446977610485,9.45636014538779,0.5056137782989384,COMPLETE
342,0.15814838075003132,2026-04-22 00:07:15.158640,2026-04-22 00:07:15.729036,0 days 00:00:00.570396,2.7505228092639724,9.99538168783099,0.6208200753681171,COMPLETE
343,0.11573667385866135,2026-04-22 00:07:15.729069,2026-04-22 00:07:16.272242,0 days 00:00:00.543173,3.28878531777694,1.3584335786420314,0.48200481060609335,COMPLETE
344,0.15933448678595905,2026-04-22 00:07:16.272274,2026-04-22 00:07:16.820981,0 days 00:00:00.548707,3.355313771380252,9.768792803090758,0.5222700696871343,COMPLETE
345,0.11522500824915703,2026-04-22 00:07:16.821012,2026-04-22 00:07:17.344784,0 days 00:00:00.523772,8.880119895575023,9.334448441978639,0.4890505342599014,COMPLETE
346,0.15887637553981995,2026-04-22 00:07:17.344816,2026-04-22 00:07:17.863125,0 days 00:00:00.518309,3.1308053403451814,9.567330259791753,0.5161723949963182,COMPLETE
347,0.15844981426246574,2026-04-22 00:07:17.863157,2026-04-22 00:07:18.384444,0 days 00:00:00.521287,2.581497331483009,9.704014768543365,0.46227607020128947,COMPLETE
348,0.15308486193698947,2026-04-22 00:07:18.384487,2026-04-22 00:07:18.925809,0 days 00:00:00.541322,3.623780969196738,5.324425564511711,0.5150702616259887,COMPLETE
349,0.15883632023547564,2026-04-22 00:07:18.925844,2026-04-22 00:07:19.462784,0 days 00:00:00.536940,3.3098025307734495,9.821310126133168,0.5258535484343398,COMPLETE
350,0.15877899764672815,2026-04-22 00:07:19.462818,2026-04-22 00:07:20.069411,0 days 00:00:00.606593,2.8874319469294063,9.484110528200498,0.5323879828578083,COMPLETE
351,0.1587313264087484,2026-04-22 00:07:20.069446,2026-04-22 00:07:20.684141,0 days 00:00:00.614695,3.7155665742792294,9.802164886691205,0.49568871984526475,COMPLETE
352,0.15892339490742236,2026-04-22 00:07:20.684177,2026-04-22 00:07:21.302156,0 days 00:00:00.617979,3.0972293168060783,9.267920536363178,0.5675199662051956,COMPLETE
353,0.15844111882792652,2026-04-22 00:07:21.302208,2026-04-22 00:07:21.911224,0 days 00:00:00.609016,2.14776402903246,9.540433023528216,0.44220253420010414,COMPLETE
354,0.15923202159957509,2026-04-22 00:07:21.911258,2026-04-22 00:07:22.511295,0 days 00:00:00.600037,3.356750777431722,9.810360308176943,0.42300749806756743,COMPLETE
355,0.15832021112455455,2026-04-22 00:07:22.511329,2026-04-22 00:07:23.050830,0 days 00:00:00.539501,3.8300530431339643,9.66371113148795,0.9592983164478448,COMPLETE
356,0.15803901427081082,2026-04-22 00:07:23.050870,2026-04-22 00:07:23.624979,0 days 00:00:00.574109,3.515159857175513,9.375628957250074,0.6307156154777716,COMPLETE
357,0.15306686398386116,2026-04-22 00:07:23.625021,2026-04-22 00:07:24.199234,0 days 00:00:00.574213,6.443204326004157,9.993862077385664,0.5358200555405624,COMPLETE
358,0.15902833012902817,2026-04-22 00:07:24.199270,2026-04-22 00:07:24.753356,0 days 00:00:00.554086,3.0114824858529725,9.610403031162257,0.5800014329978034,COMPLETE
359,0.15757321721595577,2026-04-22 00:07:24.753390,2026-04-22 00:07:25.301435,0 days 00:00:00.548045,3.2502682823505107,9.138913669360406,0.6093155360039552,COMPLETE
360,0.14958020422240748,2026-04-22 00:07:25.301469,2026-04-22 00:07:25.840850,0 days 00:00:00.539381,2.827961615693294,4.244359451952185,0.6453729032552717,COMPLETE
361,0.15847985399638453,2026-04-22 00:07:25.840883,2026-04-22 00:07:26.391733,0 days 00:00:00.550850,3.5384143768401164,8.861594283007033,0.5613157002594683,COMPLETE
362,0.15892943219661324,2026-04-22 00:07:26.391768,2026-04-22 00:07:26.976012,0 days 00:00:00.584244,3.4085175455323515,9.817753010500152,0.4813919664182366,COMPLETE
363,0.15882764861147516,2026-04-22 00:07:26.976046,2026-04-22 00:07:27.550714,0 days 00:00:00.574668,3.7312965193193515,9.454034219862468,0.5248439551109874,COMPLETE
364,0.1581762298937441,2026-04-22 00:07:27.550752,2026-04-22 00:07:28.122848,0 days 00:00:00.572096,2.4446602778205744,9.678495777455334,0.6523039698335341,COMPLETE
365,0.15879077137192552,2026-04-22 00:07:28.122883,2026-04-22 00:07:28.690447,0 days 00:00:00.567564,3.087260220972974,9.988570509204083,0.5890998160723065,COMPLETE
366,0.15828319916812011,2026-04-22 00:07:28.690484,2026-04-22 00:07:29.254993,0 days 00:00:00.564509,3.8932372896050755,9.29106572269722,0.6159259200081248,COMPLETE
367,0.15910075817904265,2026-04-22 00:07:29.255029,2026-04-22 00:07:29.806289,0 days 00:00:00.551260,3.246421355357524,9.504126820304108,0.5412388091959117,COMPLETE
368,0.15892758149586578,2026-04-22 00:07:29.806323,2026-04-22 00:07:30.383696,0 days 00:00:00.577373,2.8555064286444853,9.822505659933123,0.49901034706679637,COMPLETE
369,0.15861647678410604,2026-04-22 00:07:30.383740,2026-04-22 00:07:30.944326,0 days 00:00:00.560586,3.5399832305377994,9.628601298429292,0.5954436879726722,COMPLETE
370,0.15899973227176975,2026-04-22 00:07:30.944373,2026-04-22 00:07:31.530303,0 days 00:00:00.585930,2.614732072251048,9.992712754204522,0.5666019700627445,COMPLETE
371,0.15757361890778657,2026-04-22 00:07:31.530356,2026-04-22 00:07:32.102795,0 days 00:00:00.572439,3.3680742812490068,7.2250915187651135,0.6239769395461019,COMPLETE
372,0.15877198971732803,2026-04-22 00:07:32.102871,2026-04-22 00:07:32.669702,0 days 00:00:00.566831,3.049245950759653,9.327094851943963,0.6552745313633438,COMPLETE
373,0.13662639935099932,2026-04-22 00:07:32.669748,2026-04-22 00:07:33.207214,0 days 00:00:00.537466,3.6942565901684263,2.852617538223607,0.5071612851759784,COMPLETE
374,0.15917724142592027,2026-04-22 00:07:33.207259,2026-04-22 00:07:33.758998,0 days 00:00:00.551739,3.203878922540545,9.70605907742846,0.5540983114399216,COMPLETE
375,0.15797353528847385,2026-04-22 00:07:33.759033,2026-04-22 00:07:34.336053,0 days 00:00:00.577020,3.89670136695467,9.0699304603314,0.6388233624095425,COMPLETE
376,0.15886950395296773,2026-04-22 00:07:34.336089,2026-04-22 00:07:34.888234,0 days 00:00:00.552145,2.928481867327026,9.508132444531876,0.7690715320907673,COMPLETE
377,0.1586696024987188,2026-04-22 00:07:34.888271,2026-04-22 00:07:34.838381,-1 days +23:59:59.950110,3.5396028031975053,9.82615507677234,0.5826964886461333,COMPLETE
378,0.15872405369591053,2026-04-22 00:07:34.838417,2026-04-22 00:07:35.399503,0 days 00:00:00.561086,3.2958145430711734,9.698789602778378,0.6650448068173505,COMPLETE
379,0.15871492108207821,2026-04-22 00:07:35.399540,2026-04-22 00:07:35.960194,0 days 00:00:00.560654,3.4294628368578173,9.99934594346036,0.5261905563164986,COMPLETE
380,0.1584875700369795,2026-04-22 00:07:35.960228,2026-04-22 00:07:36.533696,0 days 00:00:00.573468,3.0816354528698495,9.459304138271186,0.7475546281422896,COMPLETE
381,0.15819648356111707,2026-04-22 00:07:36.533732,2026-04-22 00:07:37.091523,0 days 00:00:00.557791,2.7321814886671794,9.207163915823555,0.5423949473366925,COMPLETE
382,0.15892914086906162,2026-04-22 00:07:37.091559,2026-04-22 00:07:37.678626,0 days 00:00:00.587067,5.090395217294513,9.824876633218302,0.6123896352408367,COMPLETE
383,0.1584206325388429,2026-04-22 00:07:37.678663,2026-04-22 00:07:38.241276,0 days 00:00:00.562613,3.7335927061176184,9.60006172311563,0.6856498034149611,COMPLETE
384,0.15872723282814938,2026-04-22 00:07:38.241312,2026-04-22 00:07:38.813877,0 days 00:00:00.572565,3.2266604575290803,9.364795095022101,0.6322546186116609,COMPLETE
385,0.15886890774870036,2026-04-22 00:07:38.813915,2026-04-22 00:07:39.396189,0 days 00:00:00.582274,3.5108163962723693,9.819682481258804,0.4736411761422866,COMPLETE
386,0.15822153614564316,2026-04-22 00:07:39.396226,2026-04-22 00:07:39.954569,0 days 00:00:00.558343,2.9424143893806036,9.619176356506426,0.5706553423521178,COMPLETE
387,0.14068045490029485,2026-04-22 00:07:39.954606,2026-04-22 00:07:40.509088,0 days 00:00:00.554482,3.906350060650248,3.2895165816484573,0.5996993063552297,COMPLETE
388,0.1586217152430942,2026-04-22 00:07:40.509125,2026-04-22 00:07:41.067471,0 days 00:00:00.558346,3.6750522737095133,9.823553755739487,0.698923500607075,COMPLETE
389,0.15800726880109997,2026-04-22 00:07:41.067518,2026-04-22 00:07:41.629018,0 days 00:00:00.561500,3.3625035678189157,9.461683634345068,0.6716603515087034,COMPLETE
390,0.14123036645481435,2026-04-22 00:07:41.629053,2026-04-22 00:07:42.184687,0 days 00:00:00.555634,7.345856212552964,9.670550157236653,0.5049634921331015,COMPLETE
391,0.15886005418940238,2026-04-22 00:07:42.184721,2026-04-22 00:07:42.742515,0 days 00:00:00.557794,2.685838515421539,9.999307411472243,0.7261677108973069,COMPLETE
392,0.15873980256339576,2026-04-22 00:07:42.742551,2026-04-22 00:07:43.294558,0 days 00:00:00.552007,3.1539536491710165,8.952145356499017,0.547181385288143,COMPLETE
393,0.15894497405864488,2026-04-22 00:07:43.294591,2026-04-22 00:07:43.848399,0 days 00:00:00.553808,3.92506991299547,9.32245727036422,0.6490658920991167,COMPLETE
394,0.15853985719695235,2026-04-22 00:07:43.848438,2026-04-22 00:07:44.404756,0 days 00:00:00.556318,2.929161175314834,9.544346276663699,0.8125294304428758,COMPLETE
395,0.158844686686404,2026-04-22 00:07:44.404792,2026-04-22 00:07:44.961991,0 days 00:00:00.557199,3.5377870183288094,9.756748050946227,0.5826150178217968,COMPLETE
