number,value,datetime_start,datetime_complete,duration,params_alpha,params_beta,params_decay_factor,state
396,0.14586657429191233,2026-04-22 00:11:38.542378,2026-04-22 00:11:38.995563,0 days 00:00:00.453185,2.7902161773620358,9.847253609392572,0.42559185837365643,COMPLETE
397,0.14611350474130438,2026-04-22 00:11:38.995601,2026-04-22 00:11:39.433506,0 days 00:00:00.437905,2.335064541451143,9.444898497132252,0.3616332109482333,COMPLETE
398,0.14719076270017353,2026-04-22 00:11:39.433541,2026-04-22 00:11:39.897166,0 days 00:00:00.463625,3.5130123159511855,9.827764915950715,0.3029806267762751,COMPLETE
399,0.14527474898084142,2026-04-22 00:11:39.897199,2026-04-22 00:11:40.352340,0 days 00:00:00.455141,3.7894592625432995,9.829700500176086,0.31275757527092013,COMPLETE
400,0.1452512400136607,2026-04-22 00:11:40.352371,2026-04-22 00:11:40.795402,0 days 00:00:00.443031,3.926588569159264,9.843968154177901,0.2837166687435638,COMPLETE
401,0.14563360163663963,2026-04-22 00:11:40.795436,2026-04-22 00:11:41.230577,0 days 00:00:00.435141,3.5458720411015743,9.651032480912862,0.2986107686607118,COMPLETE
402,0.14611705876756942,2026-04-22 00:11:41.230610,2026-04-22 00:11:41.653494,0 days 00:00:00.422884,3.5353554357461827,9.822590743719449,0.32423497389273753,COMPLETE
403,0.14665702638179345,2026-04-22 00:11:41.653526,2026-04-22 00:11:42.083205,0 days 00:00:00.429679,3.4122285362868183,9.990094809142562,0.30134872840282034,COMPLETE
404,0.14582942460068296,2026-04-22 00:11:42.083238,2026-04-22 00:11:42.505090,0 days 00:00:00.421852,3.1749853136278037,9.985977918175333,0.2694073466681065,COMPLETE
405,0.14599399530858276,2026-04-22 00:11:42.505121,2026-04-22 00:11:42.947165,0 days 00:00:00.442044,3.6695319903859493,9.603195440573073,0.2518210715808258,COMPLETE
406,0.14703628067403182,2026-04-22 00:11:42.947201,2026-04-22 00:11:43.402573,0 days 00:00:00.455372,3.4173535695793844,9.996093302233191,0.5050396830888579,COMPLETE
407,0.14608993867363085,2026-04-22 00:11:43.402607,2026-04-22 00:11:43.847173,0 days 00:00:00.444566,3.7617095164140086,9.714223521984602,0.3393861129650831,COMPLETE
408,0.1451146589900273,2026-04-22 00:11:43.847212,2026-04-22 00:11:44.317378,0 days 00:00:00.470166,4.0887780934081235,9.516494548089687,0.531919507764058,COMPLETE
409,0.14636693892890484,2026-04-22 00:11:44.317425,2026-04-22 00:11:44.764660,0 days 00:00:00.447235,3.454977628650089,9.229017709847051,0.5066503152661384,COMPLETE
410,0.1471861344890617,2026-04-22 00:11:44.764691,2026-04-22 00:11:45.208188,0 days 00:00:00.443497,3.340720091948004,9.998500172809688,0.5441154005829862,COMPLETE
411,0.1467725804415567,2026-04-22 00:11:45.208221,2026-04-22 00:11:45.648919,0 days 00:00:00.440698,3.6505925702521913,9.798573492239045,0.5832603253358456,COMPLETE
412,0.14712705165625242,2026-04-22 00:11:45.648952,2026-04-22 00:11:46.108085,0 days 00:00:00.459133,3.881627012857497,9.995188404491238,0.5334471766225791,COMPLETE
413,0.1457745149000526,2026-04-22 00:11:46.108118,2026-04-22 00:11:46.547070,0 days 00:00:00.438952,3.971964530651766,9.867299186599551,0.5189305957456668,COMPLETE
414,0.1466582296133222,2026-04-22 00:11:46.547105,2026-04-22 00:11:46.999227,0 days 00:00:00.452122,3.6801443392500737,9.985429461148565,0.5318780593730457,COMPLETE
415,0.14551676567966668,2026-04-22 00:11:46.999261,2026-04-22 00:11:47.432468,0 days 00:00:00.433207,4.196159834640144,9.990658079171595,0.5531056713374024,COMPLETE
416,0.14494805086613521,2026-04-22 00:11:47.432502,2026-04-22 00:11:47.867777,0 days 00:00:00.435275,3.8133862984229085,9.745368363595292,0.563527257855317,COMPLETE
417,0.14207577185067224,2026-04-22 00:11:47.867809,2026-04-22 00:11:48.286726,0 days 00:00:00.418917,3.4445470985647506,4.976929402993523,0.5447495612115207,COMPLETE
418,0.14527228195791392,2026-04-22 00:11:48.286757,2026-04-22 00:11:48.095717,-1 days +23:59:59.808960,3.570947188526138,9.983698855735433,0.5007654716276666,COMPLETE
419,0.14733547590151,2026-04-22 00:11:48.095751,2026-04-22 00:11:48.534692,0 days 00:00:00.438941,3.3398765296759216,9.701619223809173,0.548340376186189,COMPLETE
420,0.14636297107217602,2026-04-22 00:11:48.534729,2026-04-22 00:11:48.985275,0 days 00:00:00.450546,3.9223206605942034,9.561410806330429,0.5518185431121266,COMPLETE
421,0.14609933066323397,2026-04-22 00:11:48.985308,2026-04-22 00:11:49.424204,0 days 00:00:00.438896,3.4371923246718925,9.724706798481234,0.5743520289437599,COMPLETE
422,0.146657842310619,2026-04-22 00:11:49.424239,2026-04-22 00:11:49.876886,0 days 00:00:00.452647,3.362283595894224,9.996684409950335,0.5348847348824861,COMPLETE
423,0.14667517799881574,2026-04-22 00:11:49.876921,2026-04-22 00:11:50.334833,0 days 00:00:00.457912,3.7634281690219673,9.486735409361176,0.5113923243361777,COMPLETE
424,0.14643929929615496,2026-04-22 00:11:50.334867,2026-04-22 00:11:50.775411,0 days 00:00:00.440544,3.6128187613967446,9.69416743360737,0.5686825181610705,COMPLETE
425,0.14581910044240148,2026-04-22 00:11:50.775446,2026-04-22 00:11:51.208639,0 days 00:00:00.433193,3.3225240383411796,9.31466498375518,0.5517194462342928,COMPLETE
426,0.14606397770955282,2026-04-22 00:11:51.208671,2026-04-22 00:11:51.649967,0 days 00:00:00.441296,3.528540321021324,9.804092019749229,0.529221785205581,COMPLETE
427,0.1457186129366807,2026-04-22 00:11:51.650000,2026-04-22 00:11:52.087580,0 days 00:00:00.437580,3.288094691184972,9.582734461818893,0.4867506534826941,COMPLETE
428,0.1440376841715662,2026-04-22 00:11:52.087614,2026-04-22 00:11:52.518448,0 days 00:00:00.430834,3.889526407196901,9.813609668357499,0.19931847036179312,COMPLETE
429,0.14636354776129132,2026-04-22 00:11:52.518480,2026-04-22 00:11:52.936874,0 days 00:00:00.418394,3.2816664063132883,9.431337316005514,0.5066671669841021,COMPLETE
430,0.144801556190595,2026-04-22 00:11:52.936907,2026-04-22 00:11:53.369835,0 days 00:00:00.432928,4.350046018831282,9.658064514809137,0.3161241059608747,COMPLETE
431,0.1466242869988423,2026-04-22 00:11:53.369870,2026-04-22 00:11:53.824804,0 days 00:00:00.454934,3.5362808582561676,9.990096320101086,0.5338324683165859,COMPLETE
432,0.14578631941549275,2026-04-22 00:11:53.824836,2026-04-22 00:11:54.259126,0 days 00:00:00.434290,3.2114414800264672,9.996145081470985,0.5935465957143956,COMPLETE
433,0.14168943738495313,2026-04-22 00:11:54.259158,2026-04-22 00:11:54.683820,0 days 00:00:00.424662,3.412187413720218,5.878344617566408,0.2685812497541845,COMPLETE
434,0.14521153000491657,2026-04-22 00:11:54.683855,2026-04-22 00:11:55.112794,0 days 00:00:00.428939,3.751785009091385,9.787289088909723,0.48884758844796344,COMPLETE
435,0.14613987688937585,2026-04-22 00:11:55.112825,2026-04-22 00:11:55.551224,0 days 00:00:00.438399,3.0052471969562102,9.57236379395059,0.3429716261095552,COMPLETE
436,0.14627780836745016,2026-04-22 00:11:55.551266,2026-04-22 00:11:55.997287,0 days 00:00:00.446021,3.2574350851192797,9.159636545692695,0.29716171113820083,COMPLETE
437,0.14687897047964904,2026-04-22 00:11:55.997321,2026-04-22 00:11:56.440128,0 days 00:00:00.442807,3.5707876939395913,9.40732375386002,0.5511506721387445,COMPLETE
438,0.10898786387867158,2026-04-22 00:11:56.440159,2026-04-22 00:11:56.872320,0 days 00:00:00.432161,9.346728290210464,9.814151595321379,0.5159173386769808,COMPLETE
439,0.1463787084539524,2026-04-22 00:11:56.872352,2026-04-22 00:11:57.320486,0 days 00:00:00.448134,3.0381927042830696,9.651817586097698,0.3283772184953573,COMPLETE
440,0.14459819349188313,2026-04-22 00:11:57.320520,2026-04-22 00:11:57.765654,0 days 00:00:00.445134,4.041988762221553,8.151851459638664,0.3607633006947307,COMPLETE
441,0.146076963566141,2026-04-22 00:11:57.765685,2026-04-22 00:11:58.201142,0 days 00:00:00.435457,3.309127978465835,8.855692497509077,0.47445232097198503,COMPLETE
442,0.14428156638903886,2026-04-22 00:11:58.201177,2026-04-22 00:11:58.644949,0 days 00:00:00.443772,3.474878458600219,9.995572781429926,0.9182540155573573,COMPLETE
443,0.14604782653781292,2026-04-22 00:11:58.644982,2026-04-22 00:11:59.087681,0 days 00:00:00.442699,3.116211884149133,9.31336934573003,0.49732532208488706,COMPLETE
444,0.12566977357388395,2026-04-22 00:11:59.087716,2026-04-22 00:11:59.533634,0 days 00:00:00.445918,7.5463875013315675,9.797254835471438,0.35500751052584356,COMPLETE
445,0.14567970660410207,2026-04-22 00:11:59.533670,2026-04-22 00:11:59.986532,0 days 00:00:00.452862,3.7000535494765874,9.577509845392465,0.5260082407271597,COMPLETE
446,0.14173949956488022,2026-04-22 00:11:59.986566,2026-04-22 00:12:00.437392,0 days 00:00:00.450826,5.338870284327276,9.770275013997724,0.3137869549757526,COMPLETE
447,0.14608126840534424,2026-04-22 00:12:00.437427,2026-04-22 00:12:00.880404,0 days 00:00:00.442977,3.0666714632175114,9.526557893430054,0.3743387895461012,COMPLETE
448,0.14609337922662838,2026-04-22 00:12:00.880443,2026-04-22 00:12:01.309727,0 days 00:00:00.429284,3.3858782171691337,9.992827294867986,0.5720935522088813,COMPLETE
449,0.1467533682765665,2026-04-22 00:12:01.309760,2026-04-22 00:12:01.750661,0 days 00:00:00.440901,3.21180699001889,9.810433431087812,0.4611072555515624,COMPLETE
450,0.14413281818421747,2026-04-22 00:12:01.750693,2026-04-22 00:12:02.181128,0 days 00:00:00.430435,4.491246878199612,9.371839851654604,0.33906778469840376,COMPLETE
451,0.1457005913682941,2026-04-22 00:12:02.181160,2026-04-22 00:12:02.621182,0 days 00:00:00.440022,3.591795996654164,9.998883922846275,0.28465891336026355,COMPLETE
452,0.14647816372162156,2026-04-22 00:12:02.621214,2026-04-22 00:12:03.050588,0 days 00:00:00.429374,3.836720687795229,9.674399533960003,0.4872176626521695,COMPLETE
453,0.14674549346534957,2026-04-22 00:12:03.050637,2026-04-22 00:12:03.556892,0 days 00:00:00.506255,2.918221558202251,9.645352503250537,0.3615198091783593,COMPLETE
454,0.14566504114959156,2026-04-22 00:12:03.556927,2026-04-22 00:12:04.010240,0 days 00:00:00.453313,3.407740469379276,9.07629647146175,0.5134438372485647,COMPLETE
455,0.14588432982764182,2026-04-22 00:12:04.010276,2026-04-22 00:12:04.482932,0 days 00:00:00.472656,3.1549995880739585,9.812663349374413,0.5437433561615658,COMPLETE
456,0.14561652947786582,2026-04-22 00:12:04.482967,2026-04-22 00:12:04.933909,0 days 00:00:00.450942,3.308176515350504,9.457494979174264,0.381126351500323,COMPLETE
457,0.1467085955294302,2026-04-22 00:12:04.933944,2026-04-22 00:12:05.390794,0 days 00:00:00.456850,3.0766232922111647,9.9983604231792,0.3275251377024673,COMPLETE
458,0.14567319421048183,2026-04-22 00:12:05.390831,2026-04-22 00:12:05.853758,0 days 00:00:00.462927,3.479791419918527,9.244688220206765,0.3506153584772632,COMPLETE
459,0.14313574035176438,2026-04-22 00:12:05.853794,2026-04-22 00:12:06.370997,0 days 00:00:00.517203,4.896465249175989,9.626551772610204,0.44051835593356453,COMPLETE
460,0.1465005561821663,2026-04-22 00:12:06.371033,2026-04-22 00:12:06.842335,0 days 00:00:00.471302,2.899941237969742,9.800666688540485,0.46250884080757876,COMPLETE
461,0.14582698283136192,2026-04-22 00:12:06.842371,2026-04-22 00:12:07.296039,0 days 00:00:00.453668,3.6115819271329888,9.49869350842545,0.38118973884052165,COMPLETE
462,0.14672530767549677,2026-04-22 00:12:07.296074,2026-04-22 00:12:07.740123,0 days 00:00:00.444049,3.2041766942278307,9.809214896265324,0.4951039194672224,COMPLETE
463,0.14507162851449168,2026-04-22 00:12:07.740160,2026-04-22 00:12:08.178670,0 days 00:00:00.438510,3.807953699882452,9.648416067267577,0.3014208554563738,COMPLETE
464,0.14695315079744523,2026-04-22 00:12:08.178704,2026-04-22 00:12:08.616465,0 days 00:00:00.437761,2.6811039271276265,9.308047796474293,0.4034522829748684,COMPLETE
465,0.14162999925153888,2026-04-22 00:12:08.616498,2026-04-22 00:12:09.059317,0 days 00:00:00.442819,2.9941928144290824,6.178918148900419,0.2295743223421161,COMPLETE
466,0.1465786485086798,2026-04-22 00:12:09.059354,2026-04-22 00:12:09.537950,0 days 00:00:00.478596,3.371305816240643,9.833737831037235,0.3416589932488705,COMPLETE
467,0.14619888729595568,2026-04-22 00:12:09.537987,2026-04-22 00:12:10.027158,0 days 00:00:00.489171,3.608118023443156,9.514909057644982,0.5639991127643605,COMPLETE
468,0.1459951887163869,2026-04-22 00:12:10.027193,2026-04-22 00:12:10.483221,0 days 00:00:00.456028,4.059287517150739,9.992053451315599,0.7414428764810794,COMPLETE
469,0.1457870725886767,2026-04-22 00:12:10.483255,2026-04-22 00:12:10.932986,0 days 00:00:00.449731,3.2294003921051804,9.713232694831627,0.3684741047039305,COMPLETE
470,0.1382589377677075,2026-04-22 00:12:10.933017,2026-04-22 00:12:11.355827,0 days 00:00:00.422810,2.8512040271711947,9.820365942863097,0.0973673216806828,COMPLETE
471,0.14614564811706884,2026-04-22 00:12:11.355860,2026-04-22 00:12:11.781990,0 days 00:00:00.426130,3.0516098805069167,9.99674847269566,0.5228862066315731,COMPLETE
472,0.1455347747275779,2026-04-22 00:12:11.782025,2026-04-22 00:12:12.232990,0 days 00:00:00.450965,3.447964344458948,9.433523224495712,0.8688116082166966,COMPLETE
473,0.14625536261090608,2026-04-22 00:12:12.233023,2026-04-22 00:12:12.679953,0 days 00:00:00.446930,3.2651464242414154,9.637888064739956,0.32713174397709216,COMPLETE
474,0.14511777031157255,2026-04-22 00:12:12.679990,2026-04-22 00:12:13.104373,0 days 00:00:00.424383,2.5471179743767416,9.195865354498691,0.4222540447904535,COMPLETE
475,0.14630735107940165,2026-04-22 00:12:13.104406,2026-04-22 00:12:13.534589,0 days 00:00:00.430183,3.760525718352826,9.768658630974103,0.3889248114270583,COMPLETE
476,0.14544969126907356,2026-04-22 00:12:13.534622,2026-04-22 00:12:13.988332,0 days 00:00:00.453710,2.8374908437130277,9.99760653641556,0.4750269048705282,COMPLETE
477,0.14677834406949591,2026-04-22 00:12:13.988368,2026-04-22 00:12:14.421491,0 days 00:00:00.433123,3.073799893884831,9.535248726389506,0.5057691001833033,COMPLETE
478,0.14388578883699868,2026-04-22 00:12:14.421525,2026-04-22 00:12:14.862169,0 days 00:00:00.440644,3.434097789929442,7.02296393676513,0.3485727456094037,COMPLETE
479,0.14637780901916683,2026-04-22 00:12:14.862205,2026-04-22 00:12:15.326213,0 days 00:00:00.464008,3.641452323903058,9.79429164516518,0.31244441892391844,COMPLETE
480,0.1466694437490251,2026-04-22 00:12:15.326250,2026-04-22 00:12:15.833694,0 days 00:00:00.507444,3.2397346430377754,9.396835433028379,0.5401036888083329,COMPLETE
481,0.1473045630336581,2026-04-22 00:12:15.833732,2026-04-22 00:12:16.352257,0 days 00:00:00.518525,2.9606581957604785,9.626446682117145,0.3654374234413842,COMPLETE
482,0.14602143493098313,2026-04-22 00:12:16.352296,2026-04-22 00:12:16.864235,0 days 00:00:00.511939,2.6502048814414425,9.044733826495001,0.4503736094195198,COMPLETE
483,0.1451758399704591,2026-04-22 00:12:16.864280,2026-04-22 00:12:17.317155,0 days 00:00:00.452875,3.9624806669303485,9.242624415377247,0.36236707916149535,COMPLETE
484,0.14529503862556858,2026-04-22 00:12:17.317188,2026-04-22 00:12:17.753934,0 days 00:00:00.436746,2.9141668761046127,9.539597733455581,0.47760442010199206,COMPLETE
485,0.14576584853400062,2026-04-22 00:12:17.753972,2026-04-22 00:12:18.196361,0 days 00:00:00.442389,3.4807557454529827,9.34787110688769,0.39952948881151984,COMPLETE
486,0.13802682383607315,2026-04-22 00:12:18.196395,2026-04-22 00:12:18.628276,0 days 00:00:00.431881,6.413563774726298,9.638986077381045,0.6012494481404884,COMPLETE
487,0.14526818293461638,2026-04-22 00:12:18.628312,2026-04-22 00:12:19.075918,0 days 00:00:00.447606,3.230419011195916,8.978934846936228,0.3348344985451165,COMPLETE
488,0.14667378213842364,2026-04-22 00:12:19.075951,2026-04-22 00:12:19.513489,0 days 00:00:00.437538,3.0265538126246754,9.652147482760848,0.43694147702708847,COMPLETE
489,0.14532217426409186,2026-04-22 00:12:19.513524,2026-04-22 00:12:19.311246,-1 days +23:59:59.797722,2.7422915651699977,9.421666261620805,0.5160406348639073,COMPLETE
490,0.14686395460019155,2026-04-22 00:12:19.311280,2026-04-22 00:12:19.748088,0 days 00:00:00.436808,3.653874817312019,9.793029375416932,0.37343689477081426,COMPLETE
491,0.14455254636492174,2026-04-22 00:12:19.748124,2026-04-22 00:12:20.187579,0 days 00:00:00.439455,3.371397914377606,8.36778778685739,0.35467723500727333,COMPLETE
492,0.1427178518071936,2026-04-22 00:12:20.187612,2026-04-22 00:12:20.619770,0 days 00:00:00.432158,0.5570492883280078,8.7014015870295,0.3147808456892521,COMPLETE
493,0.14587701563548894,2026-04-22 00:12:20.619804,2026-04-22 00:12:21.047664,0 days 00:00:00.427860,3.192973106720652,9.591698754226105,0.5483808954340523,COMPLETE
494,0.14652788743829384,2026-04-22 00:12:21.047697,2026-04-22 00:12:21.499890,0 days 00:00:00.452193,2.9569350713530156,9.83334450708512,0.2720115084145901,COMPLETE
495,0.14618245180833125,2026-04-22 00:12:21.499923,2026-04-22 00:12:21.931483,0 days 00:00:00.431560,3.5119356195551235,9.211453757635944,0.41265559405464886,COMPLETE
496,0.14618726151110265,2026-04-22 00:12:21.931518,2026-04-22 00:12:22.364990,0 days 00:00:00.433472,3.8824422380508925,9.495570111093848,0.4867413430900431,COMPLETE
497,0.14629914442780795,2026-04-22 00:12:22.365022,2026-04-22 00:12:22.799567,0 days 00:00:00.434545,2.5016830991482824,9.818962744375069,0.2955952563422519,COMPLETE
498,0.14567350983722213,2026-04-22 00:12:22.799598,2026-04-22 00:12:23.233888,0 days 00:00:00.434290,4.204864827896746,9.652587577838478,0.3854195362865062,COMPLETE
499,0.14688148493450767,2026-04-22 00:12:23.233921,2026-04-22 00:12:23.667815,0 days 00:00:00.433894,3.1435770025339496,9.831162304603964,0.34435811889903745,COMPLETE
