number,value,datetime_start,datetime_complete,duration,params_alpha,params_beta,params_decay_factor,state
396,0.11203728704241292,2026-04-22 00:00:40.725797,2026-04-22 00:00:41.179458,0 days 00:00:00.453661,2.3771832618373296,3.616743863222726,0.9335498135204205,COMPLETE
397,0.12110758144095095,2026-04-22 00:00:41.179490,2026-04-22 00:00:41.644135,0 days 00:00:00.464645,3.7871685995462734,9.347595497882418,0.7165324819342006,COMPLETE
398,0.12080367684963776,2026-04-22 00:00:41.644172,2026-04-22 00:00:42.092483,0 days 00:00:00.448311,3.360063783237166,9.643020358653043,0.8677661500812823,COMPLETE
399,0.12132066705642872,2026-04-22 00:00:42.092515,2026-04-22 00:00:42.543458,0 days 00:00:00.450943,2.6905011712402738,8.853561153680632,0.977524408957274,COMPLETE
400,0.1209908359773127,2026-04-22 00:00:42.543492,2026-04-22 00:00:42.993565,0 days 00:00:00.450073,3.12284781923814,8.559438205345684,0.5633126451032591,COMPLETE
401,0.12059185897651292,2026-04-22 00:00:42.993598,2026-04-22 00:00:43.462638,0 days 00:00:00.469040,3.578513258337577,9.230532270248814,0.4932329250220581,COMPLETE
402,0.12145706981317143,2026-04-22 00:00:43.462675,2026-04-22 00:00:43.920948,0 days 00:00:00.458273,2.810216355887867,9.498524220810049,0.9123201072961099,COMPLETE
403,0.12141490060548753,2026-04-22 00:00:43.920980,2026-04-22 00:00:43.760158,-1 days +23:59:59.839178,3.443460722281518,9.806315986220277,0.9602155208786585,COMPLETE
404,0.1213069779142374,2026-04-22 00:00:43.760190,2026-04-22 00:00:44.213277,0 days 00:00:00.453087,3.979192304704864,9.019790133961624,0.8941682722535412,COMPLETE
405,0.11957727051510743,2026-04-22 00:00:44.213310,2026-04-22 00:00:44.671866,0 days 00:00:00.458556,2.2421618368162206,8.273180333622017,0.4704519600889035,COMPLETE
406,0.12114273165757447,2026-04-22 00:00:44.671901,2026-04-22 00:00:45.125394,0 days 00:00:00.453493,2.5363755090512075,8.78366665872273,0.5420312402894859,COMPLETE
407,0.12109156145855517,2026-04-22 00:00:45.125427,2026-04-22 00:00:45.590663,0 days 00:00:00.465236,1.6957187344095064,9.282730245102387,0.536064270178085,COMPLETE
408,0.12169319364406302,2026-04-22 00:00:45.590696,2026-04-22 00:00:46.039367,0 days 00:00:00.448671,3.1833005424910388,9.041300433501215,0.9399804389851173,COMPLETE
409,0.12099096330739977,2026-04-22 00:00:46.039402,2026-04-22 00:00:46.489222,0 days 00:00:00.449820,2.9342577591340504,9.986120537006887,0.8743080353871234,COMPLETE
410,0.12157331068938305,2026-04-22 00:00:46.489255,2026-04-22 00:00:46.950432,0 days 00:00:00.461177,3.8013810494439033,9.531748736628042,0.9207995537450244,COMPLETE
411,0.1205911876173528,2026-04-22 00:00:46.950466,2026-04-22 00:00:47.406057,0 days 00:00:00.455591,3.544599446684798,8.721626685350538,0.8338352078841725,COMPLETE
412,0.12150267735564244,2026-04-22 00:00:47.406091,2026-04-22 00:00:47.862509,0 days 00:00:00.456418,3.249824014459886,9.402050440141124,0.8918526658470353,COMPLETE
413,0.1211904750514064,2026-04-22 00:00:47.862542,2026-04-22 00:00:48.327442,0 days 00:00:00.464900,2.771489408236313,9.16563378694512,0.8500558296818979,COMPLETE
414,0.1214910724766342,2026-04-22 00:00:48.327475,2026-04-22 00:00:48.783140,0 days 00:00:00.455665,2.9423845238065693,9.662537515951023,0.9380631831066177,COMPLETE
415,0.08205782474059212,2026-04-22 00:00:48.783173,2026-04-22 00:00:49.235100,0 days 00:00:00.451927,9.199290389644045,8.895769286150692,0.9136298973241378,COMPLETE
416,0.08922329898135542,2026-04-22 00:00:49.235134,2026-04-22 00:00:49.681201,0 days 00:00:00.446067,8.167606891070088,8.534271402188908,0.8655210869894848,COMPLETE
417,0.12152456576910388,2026-04-22 00:00:49.681234,2026-04-22 00:00:50.140897,0 days 00:00:00.459663,4.15761053471365,9.257398118658296,0.8887010227209979,COMPLETE
418,0.12034780177751701,2026-04-22 00:00:50.140932,2026-04-22 00:00:50.591623,0 days 00:00:00.450691,2.3842318827245688,9.792580032109733,0.9628666232344631,COMPLETE
419,0.12161065461583394,2026-04-22 00:00:50.591657,2026-04-22 00:00:51.060843,0 days 00:00:00.469186,3.645112730055094,9.015753515837321,0.8069185298325833,COMPLETE
420,0.12071106924543107,2026-04-22 00:00:51.060876,2026-04-22 00:00:51.516038,0 days 00:00:00.455162,2.5933994774591858,8.676315327998006,0.9244661713292409,COMPLETE
421,0.12112654727905267,2026-04-22 00:00:51.516073,2026-04-22 00:00:51.976055,0 days 00:00:00.459982,3.3706325398938883,9.472388037836494,0.8444538046498629,COMPLETE
422,0.12100397820930978,2026-04-22 00:00:51.976088,2026-04-22 00:00:52.436455,0 days 00:00:00.460367,3.06399369185633,8.891413824266426,0.8710894949277135,COMPLETE
423,0.1211192691641636,2026-04-22 00:00:52.436488,2026-04-22 00:00:52.900291,0 days 00:00:00.463803,3.902798355968328,9.129610795577143,0.9014173722700723,COMPLETE
424,0.11875009458542682,2026-04-22 00:00:52.900324,2026-04-22 00:00:53.353414,0 days 00:00:00.453090,2.711844491230985,5.5527784040855455,0.9456172510048177,COMPLETE
425,0.12121723660389801,2026-04-22 00:00:53.353447,2026-04-22 00:00:53.810891,0 days 00:00:00.457444,3.73205682660544,9.625191382313261,0.8946955956731514,COMPLETE
426,0.11990632497117186,2026-04-22 00:00:53.810926,2026-04-22 00:00:54.261181,0 days 00:00:00.450255,2.041119458146026,9.35629211584664,0.3546293363858152,COMPLETE
427,0.12069533087011772,2026-04-22 00:00:54.261215,2026-04-22 00:00:54.714207,0 days 00:00:00.452992,3.2513343397431105,8.474305220983888,0.8569786303858471,COMPLETE
428,0.12069768636577875,2026-04-22 00:00:54.714241,2026-04-22 00:00:55.179869,0 days 00:00:00.465628,3.033529398558279,9.06873780052327,0.9212542254691305,COMPLETE
429,0.12147634026940063,2026-04-22 00:00:55.179905,2026-04-22 00:00:55.650582,0 days 00:00:00.470677,3.443265668984641,8.776809008699574,0.8188473306897839,COMPLETE
430,0.12117518994762586,2026-04-22 00:00:55.650618,2026-04-22 00:00:56.110680,0 days 00:00:00.460062,2.452327443824296,9.288318657440547,0.5979607525852646,COMPLETE
431,0.12050413326866954,2026-04-22 00:00:56.110714,2026-04-22 00:00:56.566895,0 days 00:00:00.456181,4.310867323183001,9.83819007431374,0.9710139734488717,COMPLETE
432,0.12137926320606778,2026-04-22 00:00:56.566929,2026-04-22 00:00:57.020875,0 days 00:00:00.453946,2.819878826375116,9.531581337415751,0.879666868737954,COMPLETE
433,0.10231518393663243,2026-04-22 00:00:57.020908,2026-04-22 00:00:57.468802,0 days 00:00:00.447894,3.9839182336452077,2.458457358082157,0.8346342371683793,COMPLETE
434,0.12093264627745955,2026-04-22 00:00:57.468835,2026-04-22 00:00:57.920360,0 days 00:00:00.451525,3.5775459324609047,8.944495397832178,0.9095450106187821,COMPLETE
435,0.12111963625342097,2026-04-22 00:00:57.920392,2026-04-22 00:00:58.369783,0 days 00:00:00.449391,3.0974633051078997,9.210025608959333,0.6568932436777264,COMPLETE
436,0.11990156676623395,2026-04-22 00:00:58.369816,2026-04-22 00:00:58.824473,0 days 00:00:00.454657,4.917474703064105,8.643984430143506,0.9417265484409096,COMPLETE
437,0.11988836034643582,2026-04-22 00:00:58.824506,2026-04-22 00:00:59.281855,0 days 00:00:00.457349,2.245305927066676,9.664450635214319,0.8740698239896629,COMPLETE
438,0.12066038870915483,2026-04-22 00:00:59.281889,2026-04-22 00:00:59.733604,0 days 00:00:00.451715,2.615196920150011,9.42915265361087,0.8914944750159419,COMPLETE
439,0.12065414227564439,2026-04-22 00:00:59.733637,2026-04-22 00:01:00.196820,0 days 00:00:00.463183,3.3031663351461575,8.937852915927232,0.926181717230296,COMPLETE
440,0.11587855343463721,2026-04-22 00:01:00.196854,2026-04-22 00:01:00.648737,0 days 00:00:00.451883,3.7043055978003703,4.764869942274721,0.8596837230235584,COMPLETE
441,0.0727583140290067,2026-04-22 00:01:00.648772,2026-04-22 00:01:01.096565,0 days 00:00:00.447793,2.9285236801967827,0.01963841078061712,0.78280963156161,COMPLETE
442,0.11895129724626773,2026-04-22 00:01:01.096625,2026-04-22 00:01:01.542299,0 days 00:00:00.445674,3.442492744000548,6.610119234157792,0.9560623436866904,COMPLETE
443,0.1213818473938711,2026-04-22 00:01:01.542333,2026-04-22 00:01:01.988705,0 days 00:00:00.446372,2.711644535889709,9.188328324250953,0.9069774660061519,COMPLETE
444,0.1216784145684585,2026-04-22 00:01:01.988738,2026-04-22 00:01:02.460932,0 days 00:00:00.472194,4.103641279094162,9.416722768801115,0.8500727335562153,COMPLETE
445,0.11655172585865202,2026-04-22 00:01:02.460966,2026-04-22 00:01:02.915700,0 days 00:00:00.454734,3.181227398329758,8.763863500615956,0.1327481775657603,COMPLETE
446,0.12106768360195022,2026-04-22 00:01:02.915731,2026-04-22 00:01:03.370322,0 days 00:00:00.454591,2.4295593669154325,8.371114485171946,0.8858136557456608,COMPLETE
447,0.1212422432965195,2026-04-22 00:01:03.370356,2026-04-22 00:01:03.826687,0 days 00:00:00.456331,3.821696869550922,9.06640990498502,0.9771718411828625,COMPLETE
448,0.12018495410421415,2026-04-22 00:01:03.826721,2026-04-22 00:01:04.285010,0 days 00:00:00.458289,1.1251639984507458,9.980643219619807,0.9328678953161066,COMPLETE
449,0.12109649556604682,2026-04-22 00:01:04.285045,2026-04-22 00:01:04.734081,0 days 00:00:00.449036,2.934294809800628,9.647492178222018,0.8386031361574947,COMPLETE
450,0.12128013237534908,2026-04-22 00:01:04.734114,2026-04-22 00:01:05.195928,0 days 00:00:00.461814,3.3895757215833213,9.328313576930075,0.9058173730275441,COMPLETE
451,0.12148074007402222,2026-04-22 00:01:05.195961,2026-04-22 00:01:05.655544,0 days 00:00:00.459583,3.6363568967711966,8.920170790710163,0.8756234201531585,COMPLETE
452,0.12108867690004338,2026-04-22 00:01:05.655578,2026-04-22 00:01:06.127291,0 days 00:00:00.471713,2.5288357022261887,9.78655876085485,0.9523304840838365,COMPLETE
453,0.12121827365794664,2026-04-22 00:01:06.127325,2026-04-22 00:01:06.578736,0 days 00:00:00.451411,3.101798666383545,8.036836487606124,0.8611187489668548,COMPLETE
454,0.12094107247005677,2026-04-22 00:01:06.578769,2026-04-22 00:01:07.036264,0 days 00:00:00.457495,2.7467797763049835,8.585666053858393,0.8245939276005189,COMPLETE
455,0.10728734074811541,2026-04-22 00:01:07.036298,2026-04-22 00:01:07.506456,0 days 00:00:00.470158,6.764648938740937,9.1417393035262,0.9214870409040273,COMPLETE
456,0.12128129222090958,2026-04-22 00:01:07.506491,2026-04-22 00:01:07.958131,0 days 00:00:00.451640,2.155630639468882,9.533829372529864,0.7337486793383896,COMPLETE
457,0.11886447674848208,2026-04-22 00:01:07.958164,2026-04-22 00:01:08.416858,0 days 00:00:00.458694,5.281006299660493,8.854027738428156,0.9018076802806841,COMPLETE
458,0.1218234698989795,2026-04-22 00:01:08.416893,2026-04-22 00:01:08.877678,0 days 00:00:00.460785,3.5373675118816745,9.2899189964598,0.9973461221385438,COMPLETE
459,0.12102585255202701,2026-04-22 00:01:08.877712,2026-04-22 00:01:09.339794,0 days 00:00:00.462082,3.8772232295806495,9.026217778822684,0.887463272477693,COMPLETE
460,0.12124124398453864,2026-04-22 00:01:09.339831,2026-04-22 00:01:09.799256,0 days 00:00:00.459425,3.2073272534610293,9.48090510602976,0.941965782461814,COMPLETE
461,0.12139052591119316,2026-04-22 00:01:09.799290,2026-04-22 00:01:10.258310,0 days 00:00:00.459020,2.8395866653827784,8.70787766370189,0.8693960062593015,COMPLETE
462,0.12041204812323224,2026-04-22 00:01:10.258344,2026-04-22 00:01:10.709652,0 days 00:00:00.451308,2.640524691059849,9.205185665352179,0.9135235392088072,COMPLETE
463,0.12153938461692873,2026-04-22 00:01:10.709684,2026-04-22 00:01:11.161519,0 days 00:00:00.451835,3.0352396085660978,9.681682100937074,0.8445972734752278,COMPLETE
464,0.12171312309581149,2026-04-22 00:01:11.161566,2026-04-22 00:01:11.627363,0 days 00:00:00.465797,4.078517559215175,8.991466850841126,0.8130979704413939,COMPLETE
465,0.12030784362232252,2026-04-22 00:01:11.627398,2026-04-22 00:01:12.076867,0 days 00:00:00.449469,3.3013175304443827,7.031927780139666,0.9307286342891361,COMPLETE
466,0.12092076421890806,2026-04-22 00:01:12.076900,2026-04-22 00:01:12.529676,0 days 00:00:00.452776,2.345440576595531,9.38996496188712,0.8896978603370616,COMPLETE
467,0.12127897817853936,2026-04-22 00:01:12.529713,2026-04-22 00:01:12.981317,0 days 00:00:00.451604,3.7133410789957852,9.867944192435468,0.961539636013517,COMPLETE
468,0.12178693601665326,2026-04-22 00:01:12.981351,2026-04-22 00:01:13.451602,0 days 00:00:00.470251,2.8999659733305947,8.833699639901319,0.8614107890184429,COMPLETE
469,0.12072604666735168,2026-04-22 00:01:13.451657,2026-04-22 00:01:13.910740,0 days 00:00:00.459083,4.391049472943693,8.489623614150828,0.9117349441893847,COMPLETE
470,0.12124059158382615,2026-04-22 00:01:13.910775,2026-04-22 00:01:14.366736,0 days 00:00:00.455961,3.4847396500923193,9.163685913332134,0.8767832045956018,COMPLETE
471,0.07512289710214233,2026-04-22 00:01:14.366770,2026-04-22 00:01:14.809642,0 days 00:00:00.442872,2.5034660905867336,0.47847178454407224,0.9406736771936992,COMPLETE
472,0.12068461802675866,2026-04-22 00:01:14.809677,2026-04-22 00:01:15.255778,0 days 00:00:00.446101,3.2172149893996442,8.202243069924789,0.7988748731365471,COMPLETE
473,0.12126236150966606,2026-04-22 00:01:15.255815,2026-04-22 00:01:15.714071,0 days 00:00:00.458256,3.861612467393986,9.589020857079948,0.8352865196448387,COMPLETE
474,0.12158844197366406,2026-04-22 00:01:15.714105,2026-04-22 00:01:15.558299,-1 days +23:59:59.844194,2.6850292199245045,9.298960587913731,0.8980047916508334,COMPLETE
475,0.12150805661168437,2026-04-22 00:01:15.558331,2026-04-22 00:01:16.019702,0 days 00:00:00.461371,2.988789862541548,8.726044195899592,0.8540435953322063,COMPLETE
476,0.12091603148604896,2026-04-22 00:01:16.019734,2026-04-22 00:01:16.474225,0 days 00:00:00.454491,3.470346376548499,9.107557646413037,0.9195877918880113,COMPLETE
477,0.12134432808116855,2026-04-22 00:01:16.474258,2026-04-22 00:01:16.929258,0 days 00:00:00.455000,3.7026637501624644,9.764874603580935,0.9624879737929167,COMPLETE
478,0.12018485708534914,2026-04-22 00:01:16.929291,2026-04-22 00:01:17.384551,0 days 00:00:00.455260,2.288894795608459,8.935458550246398,0.980592198085844,COMPLETE
479,0.12075174635554198,2026-04-22 00:01:17.384586,2026-04-22 00:01:17.829793,0 days 00:00:00.445207,1.8937451378374472,9.456980572803346,0.4195022048473183,COMPLETE
480,0.12157742799734238,2026-04-22 00:01:17.829827,2026-04-22 00:01:18.279651,0 days 00:00:00.449824,2.8227646059221745,8.65082692801438,0.7585974975951952,COMPLETE
481,0.12229073477997483,2026-04-22 00:01:18.279687,2026-04-22 00:01:18.731600,0 days 00:00:00.451913,3.298379194177809,9.332455406295315,0.8845626817542565,COMPLETE
482,0.12180979317339415,2026-04-22 00:01:18.731633,2026-04-22 00:01:19.201208,0 days 00:00:00.469575,3.3138162829600772,9.108679852980828,0.9351032473563717,COMPLETE
483,0.12157993511846296,2026-04-22 00:01:19.201241,2026-04-22 00:01:19.659480,0 days 00:00:00.458239,3.5519736771194848,9.594645458462502,0.8953400679446558,COMPLETE
484,0.12132835546201153,2026-04-22 00:01:19.659513,2026-04-22 00:01:20.117428,0 days 00:00:00.457915,3.13968391246937,8.959899762748346,0.8659719227136979,COMPLETE
485,0.12177507992394541,2026-04-22 00:01:20.117462,2026-04-22 00:01:20.575615,0 days 00:00:00.458153,3.3299886778935437,9.984584896334,0.829664076621514,COMPLETE
486,0.1213698894112946,2026-04-22 00:01:20.575652,2026-04-22 00:01:21.024025,0 days 00:00:00.448373,3.0786976657651026,8.396679716592757,0.9190428253873828,COMPLETE
487,0.12072529520332115,2026-04-22 00:01:21.024059,2026-04-22 00:01:21.481264,0 days 00:00:00.457205,3.9680802360733143,9.386201696428484,0.8758470420088282,COMPLETE
488,0.12194441974430975,2026-04-22 00:01:21.481297,2026-04-22 00:01:21.938950,0 days 00:00:00.457653,3.607721472319216,8.797867922053024,0.9505062527940118,COMPLETE
489,0.12090211999312411,2026-04-22 00:01:21.938984,2026-04-22 00:01:22.396514,0 days 00:00:00.457530,3.7367130559322503,8.530648943207659,0.9801330527892381,COMPLETE
490,0.1215341210253616,2026-04-22 00:01:22.396547,2026-04-22 00:01:22.857335,0 days 00:00:00.460788,3.6134218379205714,8.744048063557251,0.9501799068435577,COMPLETE
491,0.1206492711992382,2026-04-22 00:01:22.857368,2026-04-22 00:01:23.323535,0 days 00:00:00.466167,3.972549546301107,8.806187095236208,0.9486441906384769,COMPLETE
492,0.10963143735728677,2026-04-22 00:01:23.323567,2026-04-22 00:01:23.775436,0 days 00:00:00.451869,3.426933954573463,3.397043179271635,0.2857424988676593,COMPLETE
493,0.12109068194641054,2026-04-22 00:01:23.775470,2026-04-22 00:01:24.227071,0 days 00:00:00.451601,4.138862573525756,8.911373139483077,0.6311235785700516,COMPLETE
494,0.12069766385217569,2026-04-22 00:01:24.227104,2026-04-22 00:01:24.687160,0 days 00:00:00.460056,3.8099378954507386,8.595396482846828,0.9682377243343713,COMPLETE
495,0.12080242073125048,2026-04-22 00:01:24.687194,2026-04-22 00:01:25.140836,0 days 00:00:00.453642,3.6176417779865653,9.060312198680014,0.8437089631199529,COMPLETE
496,0.12119955105471507,2026-04-22 00:01:25.140873,2026-04-22 00:01:25.596916,0 days 00:00:00.456043,3.448353934654818,8.300039015811059,0.9019784619877589,COMPLETE
497,0.12137557304067738,2026-04-22 00:01:25.596949,2026-04-22 00:01:26.057231,0 days 00:00:00.460282,3.274786073385251,8.851321797893451,0.9313517222936377,COMPLETE
498,0.12162016418099167,2026-04-22 00:01:26.057267,2026-04-22 00:01:26.518329,0 days 00:00:00.461062,3.7379902633869158,9.179196644370382,0.9569872065408661,COMPLETE
499,0.11604698993039993,2026-04-22 00:01:26.518364,2026-04-22 00:01:26.975498,0 days 00:00:00.457134,5.813549634400663,8.658249189580923,0.6675466619037521,COMPLETE
