number,value,datetime_start,datetime_complete,duration,params_alpha,params_beta,params_decay_factor,state
396,0.15854008599447564,2026-04-22 00:07:44.962028,2026-04-22 00:07:45.515459,0 days 00:00:00.553431,4.307235993152497,9.175282529272533,0.6255789804478753,COMPLETE
397,0.15893200890180476,2026-04-22 00:07:45.515493,2026-04-22 00:07:46.074785,0 days 00:00:00.559292,3.296404114618742,9.829639167108457,0.7041783692865491,COMPLETE
398,0.15919826487078004,2026-04-22 00:07:46.074819,2026-04-22 00:07:46.629265,0 days 00:00:00.554446,3.6620639506248316,9.520561119329113,0.518081252406642,COMPLETE
399,0.1595113014780481,2026-04-22 00:07:46.629299,2026-04-22 00:07:47.180717,0 days 00:00:00.551418,3.100872147273073,9.99857194125806,0.5629611543960322,COMPLETE
400,0.15826521637273588,2026-04-22 00:07:47.180752,2026-04-22 00:07:47.732408,0 days 00:00:00.551656,2.448718946712014,9.86160361726177,0.5576477818937629,COMPLETE
401,0.1587614479610164,2026-04-22 00:07:47.732455,2026-04-22 00:07:48.283896,0 days 00:00:00.551441,2.777645997913368,9.646460843264878,0.5737398991957722,COMPLETE
402,0.15955613496070226,2026-04-22 00:07:48.283930,2026-04-22 00:07:48.838693,0 days 00:00:00.554763,3.0696855406334445,9.839938029203106,0.52979555193295,COMPLETE
403,0.1592411188372642,2026-04-22 00:07:48.838729,2026-04-22 00:07:49.394099,0 days 00:00:00.555370,3.0257119613826178,9.97376867532515,0.5313965759294663,COMPLETE
404,0.016084549234706248,2026-04-22 00:07:49.394133,2026-04-22 00:07:49.929864,0 days 00:00:00.535731,2.8623237027011843,9.978981119351408,0.010952289414042027,COMPLETE
405,0.1591410346601612,2026-04-22 00:07:49.929899,2026-04-22 00:07:50.483524,0 days 00:00:00.553625,3.119809667186891,9.994781379089273,0.5501429531375394,COMPLETE
406,0.15798300309553112,2026-04-22 00:07:50.483608,2026-04-22 00:07:51.031273,0 days 00:00:00.547665,2.993112624526325,9.402710922055963,0.4534895727433055,COMPLETE
407,0.15876544971634898,2026-04-22 00:07:51.031308,2026-04-22 00:07:51.591609,0 days 00:00:00.560301,2.7603881142735145,9.626194996901967,0.4947101156496082,COMPLETE
408,0.15850670139002332,2026-04-22 00:07:51.591644,2026-04-22 00:07:52.163385,0 days 00:00:00.571741,2.6129633544774036,9.751150242605041,0.523887353081133,COMPLETE
409,0.15904297930462113,2026-04-22 00:07:52.163433,2026-04-22 00:07:52.719024,0 days 00:00:00.555591,3.175481044141827,9.336854656568974,0.5587764845865354,COMPLETE
410,0.15897216408153414,2026-04-22 00:07:52.719096,2026-04-22 00:07:53.283122,0 days 00:00:00.564026,3.408453568157589,9.54312750011335,0.5859278634996811,COMPLETE
411,0.15852913719565373,2026-04-22 00:07:53.283157,2026-04-22 00:07:53.845199,0 days 00:00:00.562042,3.3564927624752845,9.7903263109462,0.5308608320501694,COMPLETE
412,0.13468692532746768,2026-04-22 00:07:53.845233,2026-04-22 00:07:54.392548,0 days 00:00:00.547315,2.3335349042355062,2.443265016417295,0.50762040368148,COMPLETE
413,0.15815780162184662,2026-04-22 00:07:54.392584,2026-04-22 00:07:54.951189,0 days 00:00:00.558605,3.070461015015484,9.625934471686474,0.5414755777342961,COMPLETE
414,0.15951277931767585,2026-04-22 00:07:54.951225,2026-04-22 00:07:55.514367,0 days 00:00:00.563142,2.8576095150292793,9.991194013239431,0.5991053518258871,COMPLETE
415,0.1588834962793298,2026-04-22 00:07:55.514405,2026-04-22 00:07:56.093712,0 days 00:00:00.579307,2.7608736642327294,9.848607466484944,0.6035480548562632,COMPLETE
416,0.15827948082796975,2026-04-22 00:07:56.093749,2026-04-22 00:07:56.647501,0 days 00:00:00.553752,2.5002232866178136,9.987295447992137,0.5963294197498588,COMPLETE
417,0.15939841873750793,2026-04-22 00:07:56.647540,2026-04-22 00:07:57.191421,0 days 00:00:00.543881,3.1096784125156756,9.993658794115133,0.5767092655271848,COMPLETE
418,0.15973011515527677,2026-04-22 00:07:57.191454,2026-04-22 00:07:57.746431,0 days 00:00:00.554977,2.894824784275562,9.998970128969122,0.5772879698319212,COMPLETE
419,0.15687200080852065,2026-04-22 00:07:57.746465,2026-04-22 00:07:58.306777,0 days 00:00:00.560312,5.527134325738689,9.996619414185087,0.5727981857098332,COMPLETE
420,0.15800518136882802,2026-04-22 00:07:58.306812,2026-04-22 00:07:58.856534,0 days 00:00:00.549722,2.606109453053111,9.997479839851088,0.580260835109037,COMPLETE
421,0.15903035093327356,2026-04-22 00:07:58.856575,2026-04-22 00:07:59.407156,0 days 00:00:00.550581,2.9579023061791654,9.998442325695105,0.570177992388686,COMPLETE
422,0.15927545674023433,2026-04-22 00:07:59.407192,2026-04-22 00:07:59.955404,0 days 00:00:00.548212,2.9347445044021003,9.822177317452281,0.6013698892199961,COMPLETE
423,0.15829941407924453,2026-04-22 00:07:59.955438,2026-04-22 00:08:00.511984,0 days 00:00:00.556546,3.1382045509931666,9.834868977426241,0.5609649702879967,COMPLETE
424,0.15883445523560236,2026-04-22 00:08:00.512019,2026-04-22 00:08:01.059225,0 days 00:00:00.547206,2.768253099179739,9.802069581082641,0.5876296228276143,COMPLETE
425,0.08977450697649975,2026-04-22 00:08:01.059258,2026-04-22 00:08:01.598797,0 days 00:00:00.539539,2.823236704580318,0.004968564852290136,0.5589934925336062,COMPLETE
426,0.15781904139959577,2026-04-22 00:08:01.598830,2026-04-22 00:08:02.154562,0 days 00:00:00.555732,2.579224217844885,7.877653086978036,0.5872794843187229,COMPLETE
427,0.15918872374845755,2026-04-22 00:08:02.154596,2026-04-22 00:08:02.712705,0 days 00:00:00.558109,2.999400884272229,9.990599932980492,0.5448363598785746,COMPLETE
428,0.15578439718153061,2026-04-22 00:08:02.712741,2026-04-22 00:08:03.269819,0 days 00:00:00.557078,2.372009313354509,6.492139326521028,0.6103613975448277,COMPLETE
429,0.15884330416888046,2026-04-22 00:08:03.269866,2026-04-22 00:08:03.824643,0 days 00:00:00.554777,3.1465095745239253,9.733240449888129,0.5702898737300086,COMPLETE
430,0.15802163316033543,2026-04-22 00:08:03.824678,2026-04-22 00:08:04.379486,0 days 00:00:00.554808,1.993299550556233,9.671206504138272,0.5463158444569235,COMPLETE
431,0.158935405009482,2026-04-22 00:08:04.379520,2026-04-22 00:08:04.928373,0 days 00:00:00.548853,2.8409499456995526,9.775351639275971,0.5987624197622671,COMPLETE
432,0.15873411695712683,2026-04-22 00:08:04.928407,2026-04-22 00:08:05.475470,0 days 00:00:00.547063,3.281702990726057,9.986274432661508,0.58157015509968,COMPLETE
433,0.15792146413045824,2026-04-22 00:08:05.475506,2026-04-22 00:08:06.020779,0 days 00:00:00.545273,3.0600926219605067,9.568916442202413,0.7898839864423599,COMPLETE
434,0.15937634979942072,2026-04-22 00:08:06.020826,2026-04-22 00:08:06.571743,0 days 00:00:00.550917,2.6188216477522137,9.821389263521967,0.5603286360716395,COMPLETE
435,0.1586415514960451,2026-04-22 00:08:06.571778,2026-04-22 00:08:06.442468,-1 days +23:59:59.870690,2.405400969513452,9.471579633281397,0.5666687567689804,COMPLETE
436,0.15875238251331356,2026-04-22 00:08:06.442503,2026-04-22 00:08:06.992696,0 days 00:00:00.550193,2.5129568990513116,9.65705971123961,0.5360320882486949,COMPLETE
437,0.15865806158541287,2026-04-22 00:08:06.992731,2026-04-22 00:08:07.539237,0 days 00:00:00.546506,2.5918996689135305,9.299708824975603,0.5570162207748921,COMPLETE
438,0.1585833673613097,2026-04-22 00:08:07.539273,2026-04-22 00:08:08.092556,0 days 00:00:00.553283,2.6801221035784994,9.812989888512703,0.6115557587706073,COMPLETE
439,0.15913162757969326,2026-04-22 00:08:08.092589,2026-04-22 00:08:08.634242,0 days 00:00:00.541653,2.7759901235064386,9.498531308860972,0.5846620138319559,COMPLETE
440,0.15854837813835532,2026-04-22 00:08:08.634276,2026-04-22 00:08:09.178502,0 days 00:00:00.544226,2.279401210659358,9.673902244937704,0.5156350847858965,COMPLETE
441,0.1582824592250416,2026-04-22 00:08:09.178539,2026-04-22 00:08:09.721137,0 days 00:00:00.542598,2.192754560934665,9.812528480442392,0.5488990048485611,COMPLETE
442,0.1585336024747872,2026-04-22 00:08:09.721174,2026-04-22 00:08:10.261544,0 days 00:00:00.540370,2.895546501199636,9.130979769971777,0.5972117187428172,COMPLETE
443,0.1591823094572793,2026-04-22 00:08:10.261577,2026-04-22 00:08:10.808647,0 days 00:00:00.547070,3.0549106280826335,9.439818793820573,0.5675029200820201,COMPLETE
444,0.15815600134935162,2026-04-22 00:08:10.808682,2026-04-22 00:08:11.360979,0 days 00:00:00.552297,3.440288094356516,9.641216854420696,0.5287516979035026,COMPLETE
445,0.1590704331067596,2026-04-22 00:08:11.361011,2026-04-22 00:08:11.921829,0 days 00:00:00.560818,2.7137557003732247,9.822247250956424,0.48978676681861133,COMPLETE
446,0.15182641313002038,2026-04-22 00:08:11.921864,2026-04-22 00:08:12.466172,0 days 00:00:00.544308,3.2638234869727345,4.84956769823899,0.6105581732250577,COMPLETE
447,0.1584653813263395,2026-04-22 00:08:12.466206,2026-04-22 00:08:13.020574,0 days 00:00:00.554368,2.9802000707633782,9.488531156021384,0.5722637076628398,COMPLETE
448,0.15943687248626795,2026-04-22 00:08:13.020609,2026-04-22 00:08:13.573556,0 days 00:00:00.552947,3.1586387776863982,9.998232823370293,0.5892547408748621,COMPLETE
449,0.1585890792639703,2026-04-22 00:08:13.573592,2026-04-22 00:08:14.116559,0 days 00:00:00.542967,3.20879016581886,9.994459397268745,0.6150102797319882,COMPLETE
450,0.1590124120259812,2026-04-22 00:08:14.116593,2026-04-22 00:08:14.668947,0 days 00:00:00.552354,3.4856637881865487,9.281626234274812,0.5919855805174911,COMPLETE
451,0.15869730843941565,2026-04-22 00:08:14.668985,2026-04-22 00:08:15.230239,0 days 00:00:00.561254,3.447149659319461,9.752843783021367,0.5837757043460178,COMPLETE
452,0.1574599378421289,2026-04-22 00:08:15.230275,2026-04-22 00:08:15.794449,0 days 00:00:00.564174,3.1810007875538666,9.629072057872515,0.22129265047425084,COMPLETE
453,0.15840326372304833,2026-04-22 00:08:15.794485,2026-04-22 00:08:16.359069,0 days 00:00:00.564584,3.6209511651535418,9.997544833870709,0.6121990793496357,COMPLETE
454,0.1593939491434092,2026-04-22 00:08:16.359116,2026-04-22 00:08:16.921737,0 days 00:00:00.562621,2.8830592545727822,9.471779837077865,0.6284269630491695,COMPLETE
455,0.15836489918342198,2026-04-22 00:08:16.921772,2026-04-22 00:08:17.475400,0 days 00:00:00.553628,2.858409626586922,8.997009153894021,0.6319251170976469,COMPLETE
456,0.1578389357686897,2026-04-22 00:08:17.475435,2026-04-22 00:08:18.034306,0 days 00:00:00.558871,2.5385665315057673,9.31828678815516,0.3977234947813004,COMPLETE
457,0.15852662453159502,2026-04-22 00:08:18.034345,2026-04-22 00:08:18.592747,0 days 00:00:00.558402,2.7140797399724774,9.77907808114578,0.631267026010934,COMPLETE
458,0.1587585969708103,2026-04-22 00:08:18.592781,2026-04-22 00:08:19.151576,0 days 00:00:00.558795,2.9265327311219225,9.634539223445664,0.6197466636928372,COMPLETE
459,0.15915101375172216,2026-04-22 00:08:19.151632,2026-04-22 00:08:19.712492,0 days 00:00:00.560860,3.1193171109777036,9.833637483565559,0.5975520733741512,COMPLETE
460,0.15853081748523729,2026-04-22 00:08:19.712528,2026-04-22 00:08:20.271215,0 days 00:00:00.558687,2.9715370328290267,9.39954779049259,0.5720396576435592,COMPLETE
461,0.15802273173518092,2026-04-22 00:08:20.271251,2026-04-22 00:08:20.819885,0 days 00:00:00.548634,3.2519841892569397,8.717745503388327,0.5958660923186155,COMPLETE
462,0.15909963305997057,2026-04-22 00:08:20.819921,2026-04-22 00:08:21.381459,0 days 00:00:00.561538,2.65543375521656,9.820480874169242,0.5453583441062715,COMPLETE
463,0.15774656994381853,2026-04-22 00:08:21.381495,2026-04-22 00:08:21.934747,0 days 00:00:00.553252,1.8841099545332485,9.163969046953927,0.6194875490872231,COMPLETE
464,0.15874194470942368,2026-04-22 00:08:21.934783,2026-04-22 00:08:22.491123,0 days 00:00:00.556340,2.8786666135594667,9.519639168391896,0.5224382186857268,COMPLETE
465,0.1030594226645525,2026-04-22 00:08:22.491156,2026-04-22 00:08:23.029482,0 days 00:00:00.538326,3.3487937859467682,0.6594710138244677,0.5665163442360609,COMPLETE
466,0.1586832552709147,2026-04-22 00:08:23.029516,2026-04-22 00:08:23.583099,0 days 00:00:00.553583,3.1074663310800643,9.68776578269379,0.5857160498628987,COMPLETE
467,0.1584170894622058,2026-04-22 00:08:23.583134,2026-04-22 00:08:24.129468,0 days 00:00:00.546334,2.3611709692216882,9.985803903991545,0.4623337439839858,COMPLETE
468,0.15865863426738755,2026-04-22 00:08:24.129503,2026-04-22 00:08:24.676862,0 days 00:00:00.547359,2.7833973356553545,9.501144255742597,0.54966048456291,COMPLETE
469,0.15855055581497876,2026-04-22 00:08:24.676897,2026-04-22 00:08:25.219483,0 days 00:00:00.542586,3.2489765574648217,9.998826839242954,0.6046999625769357,COMPLETE
470,0.1594206080248807,2026-04-22 00:08:25.219520,2026-04-22 00:08:25.766919,0 days 00:00:00.547399,3.0372449283562304,9.681877448541231,0.6282086326937312,COMPLETE
471,0.15793844043420746,2026-04-22 00:08:25.766952,2026-04-22 00:08:26.303078,0 days 00:00:00.536126,2.551565454496806,9.266745307919978,0.6327417090576843,COMPLETE
472,0.15895280962927172,2026-04-22 00:08:26.303113,2026-04-22 00:08:26.852228,0 days 00:00:00.549115,2.9450741559775127,9.5999877409526,0.6246653913096482,COMPLETE
473,0.15865619187791422,2026-04-22 00:08:26.852262,2026-04-22 00:08:27.393860,0 days 00:00:00.541598,2.7802870217124025,9.413534157699628,0.6394145333037193,COMPLETE
474,0.13592051688758136,2026-04-22 00:08:27.393908,2026-04-22 00:08:27.955951,0 days 00:00:00.562043,6.843991364907837,6.955216868860541,0.6080290918677663,COMPLETE
475,0.13625152142239463,2026-04-22 00:08:27.955987,2026-04-22 00:08:28.508232,0 days 00:00:00.552245,7.930734009461306,9.812131786148854,0.5890791728961262,COMPLETE
476,0.15913767207583276,2026-04-22 00:08:28.508267,2026-04-22 00:08:29.046883,0 days 00:00:00.538616,3.0987107615127725,9.642529535694791,0.6153853001614855,COMPLETE
477,0.157728676040259,2026-04-22 00:08:29.046917,2026-04-22 00:08:29.603635,0 days 00:00:00.556718,2.630524346711869,9.08725444268554,0.6393701943124908,COMPLETE
478,0.15826774478951042,2026-04-22 00:08:29.603670,2026-04-22 00:08:30.159689,0 days 00:00:00.556019,2.1843397426440303,9.809128054736679,0.5807034475381945,COMPLETE
479,0.15838815846173396,2026-04-22 00:08:30.159725,2026-04-22 00:08:30.714977,0 days 00:00:00.555252,3.0219341636189374,9.477458161689102,0.5710967657805411,COMPLETE
480,0.15818096170943563,2026-04-22 00:08:30.715014,2026-04-22 00:08:31.265324,0 days 00:00:00.550310,3.4710513228549384,9.644986562143156,0.861846366939946,COMPLETE
481,0.1592883646706726,2026-04-22 00:08:31.265358,2026-04-22 00:08:31.812557,0 days 00:00:00.547199,2.90237198766705,9.997806023484474,0.6014701719910165,COMPLETE
482,0.15331835491453386,2026-04-22 00:08:31.812594,2026-04-22 00:08:32.362884,0 days 00:00:00.550290,6.121887201650889,9.302141925309742,0.5583992604570096,COMPLETE
483,0.15867622924178967,2026-04-22 00:08:32.362922,2026-04-22 00:08:32.914232,0 days 00:00:00.551310,3.180498782439791,9.757169256082086,0.6302957552204793,COMPLETE
484,0.1590669332438279,2026-04-22 00:08:32.914267,2026-04-22 00:08:33.462098,0 days 00:00:00.547831,3.065069639113979,9.997510079609357,0.5827584902797808,COMPLETE
485,0.15849700753004722,2026-04-22 00:08:33.462138,2026-04-22 00:08:34.028743,0 days 00:00:00.566605,2.4623277109578954,9.526643646550685,0.6151219521038768,COMPLETE
486,0.1589023203112863,2026-04-22 00:08:34.028784,2026-04-22 00:08:34.579458,0 days 00:00:00.550674,2.747528740234671,9.803771484387337,0.5964612839781768,COMPLETE
487,0.15826645662785635,2026-04-22 00:08:34.579494,2026-04-22 00:08:35.128602,0 days 00:00:00.549108,3.3678993418193333,9.348622559612693,0.8278868878089163,COMPLETE
488,0.1590135529708107,2026-04-22 00:08:35.128636,2026-04-22 00:08:35.676341,0 days 00:00:00.547705,3.5767463395310384,9.64954326188222,0.6469904016006868,COMPLETE
489,0.15856793199793745,2026-04-22 00:08:35.676378,2026-04-22 00:08:36.225155,0 days 00:00:00.548777,3.1979530673067136,9.824794034863874,0.5483303322734615,COMPLETE
490,0.15834986312875352,2026-04-22 00:08:36.225190,2026-04-22 00:08:36.772629,0 days 00:00:00.547439,2.97169080392807,9.160019865627032,0.5613353667705255,COMPLETE
491,0.15850070510511055,2026-04-22 00:08:36.772664,2026-04-22 00:08:37.313204,0 days 00:00:00.540540,2.8076006226497907,9.509455932206553,0.5890630457577009,COMPLETE
492,0.15817356348154207,2026-04-22 00:08:37.313240,2026-04-22 00:08:37.860711,0 days 00:00:00.547471,3.2852872086150473,8.978166188754269,0.6251801661421703,COMPLETE
493,0.1592539960440199,2026-04-22 00:08:37.860748,2026-04-22 00:08:38.406730,0 days 00:00:00.545982,3.5013709770466774,9.676647100752358,0.5346859799217047,COMPLETE
494,0.1589764560634004,2026-04-22 00:08:38.406766,2026-04-22 00:08:38.279842,-1 days +23:59:59.873076,2.598097003683565,9.813272541663785,0.5676232301705744,COMPLETE
495,0.1585834781491692,2026-04-22 00:08:38.279882,2026-04-22 00:08:38.821944,0 days 00:00:00.542062,3.160604805802319,9.39534590275769,0.6041444840525498,COMPLETE
496,0.15867492869154406,2026-04-22 00:08:38.821979,2026-04-22 00:08:39.372586,0 days 00:00:00.550607,2.949368007664417,9.855704237652084,0.4999200941698207,COMPLETE
497,0.1589275946336499,2026-04-22 00:08:39.372624,2026-04-22 00:08:39.944529,0 days 00:00:00.571905,3.6405403913592385,9.634203005309386,0.6470593519575912,COMPLETE
498,0.15899597290418419,2026-04-22 00:08:39.944563,2026-04-22 00:08:40.482233,0 days 00:00:00.537670,3.361569886401082,9.988152383698628,0.5834102728003079,COMPLETE
499,0.1578947877893673,2026-04-22 00:08:40.482269,2026-04-22 00:08:41.013330,0 days 00:00:00.531061,1.6798712849427464,9.473107305462742,0.5461986934103066,COMPLETE
