number,value,datetime_start,datetime_complete,duration,params_alpha,params_beta,params_decay_factor,state
396,0.2196352918960257,2026-04-22 00:46:01.931057,2026-04-22 00:46:02.313209,0 days 00:00:00.382152,2.6692473974563207,9.423047081159698,0.26390869894064783,COMPLETE
397,0.2193459196970118,2026-04-22 00:46:02.313240,2026-04-22 00:46:02.698007,0 days 00:00:00.384767,2.212359411750511,9.827869862427121,0.31190328821069646,COMPLETE
398,0.2201404610108981,2026-04-22 00:46:02.698039,2026-04-22 00:46:03.071826,0 days 00:00:00.373787,1.7381448749067028,9.997190238294719,0.2898933684534738,COMPLETE
399,0.21842494285029548,2026-04-22 00:46:03.071860,2026-04-22 00:46:03.456036,0 days 00:00:00.384176,3.810950741981932,9.977494772137616,0.2352795578855263,COMPLETE
400,0.21773510312917826,2026-04-22 00:46:03.456068,2026-04-22 00:46:03.841015,0 days 00:00:00.384947,1.4617242916032167,9.999388835992233,0.17787659834105451,COMPLETE
401,0.2190079732403091,2026-04-22 00:46:03.841049,2026-04-22 00:46:04.228479,0 days 00:00:00.387430,1.6812508235990045,9.726015095127117,0.27468578970680896,COMPLETE
402,0.21921045566428682,2026-04-22 00:46:04.228514,2026-04-22 00:46:04.617037,0 days 00:00:00.388523,1.787155822662378,9.76939578360171,0.29290834846890196,COMPLETE
403,0.21836357700874134,2026-04-22 00:46:04.617071,2026-04-22 00:46:05.002600,0 days 00:00:00.385529,1.4951832089036625,9.994394563855286,0.24950528799009203,COMPLETE
404,0.2157784741335863,2026-04-22 00:46:05.002634,2026-04-22 00:46:05.382384,0 days 00:00:00.379750,1.8694721319917122,6.247416221283188,0.27857909638302436,COMPLETE
405,0.21925751420188508,2026-04-22 00:46:05.382417,2026-04-22 00:46:05.757060,0 days 00:00:00.374643,1.2044216942164407,9.603979779887123,0.2989867176983352,COMPLETE
406,0.21900019514526406,2026-04-22 00:46:05.757095,2026-04-22 00:46:06.136561,0 days 00:00:00.379466,1.62557304352978,9.823006988759857,0.2631312918160969,COMPLETE
407,0.21910109622086743,2026-04-22 00:46:06.136595,2026-04-22 00:46:06.524549,0 days 00:00:00.387954,1.9833404893190507,9.608568037551205,0.33290471556164164,COMPLETE
408,0.21969943241610787,2026-04-22 00:46:06.524580,2026-04-22 00:46:06.896619,0 days 00:00:00.372039,1.339020526636438,9.79615411205927,0.30835532655257275,COMPLETE
409,0.21923376390807164,2026-04-22 00:46:06.896651,2026-04-22 00:46:07.280119,0 days 00:00:00.383468,1.781095693891418,9.518688617595592,0.28415488078695833,COMPLETE
410,0.2203213072500995,2026-04-22 00:46:07.280152,2026-04-22 00:46:07.676940,0 days 00:00:00.396788,2.0096802546229964,9.819225535161209,0.3172956489625986,COMPLETE
411,0.21474729306702003,2026-04-22 00:46:07.676975,2026-04-22 00:46:08.076521,0 days 00:00:00.399546,2.11308097743091,5.630070496768633,0.34033295303182143,COMPLETE
412,0.21836280556708237,2026-04-22 00:46:08.076555,2026-04-22 00:46:08.466778,0 days 00:00:00.390223,2.2968358335044456,9.657589247160736,0.40829681066691936,COMPLETE
413,0.19961277845382483,2026-04-22 00:46:08.466811,2026-04-22 00:46:08.829276,0 days 00:00:00.362465,1.9472641723307138,2.790458405117848,0.349762018662476,COMPLETE
414,0.2085626746166132,2026-04-22 00:46:08.829307,2026-04-22 00:46:09.210804,0 days 00:00:00.381497,7.338483312655141,9.41500777005553,0.31858483244145447,COMPLETE
415,0.21914742839805892,2026-04-22 00:46:09.210837,2026-04-22 00:46:09.591791,0 days 00:00:00.380954,1.6050692210173454,9.992171807183169,0.3623458597215263,COMPLETE
416,0.21991779606976086,2026-04-22 00:46:09.591823,2026-04-22 00:46:09.969989,0 days 00:00:00.378166,2.0725709480012746,9.794597728394615,0.3216052651222989,COMPLETE
417,0.2195577715599551,2026-04-22 00:46:09.970022,2026-04-22 00:46:10.350893,0 days 00:00:00.380871,1.8547244983127387,9.494708355771007,0.29853265955605,COMPLETE
418,0.21863519470734707,2026-04-22 00:46:10.350926,2026-04-22 00:46:10.728974,0 days 00:00:00.378048,2.5641863081582437,9.821609810556911,0.33265056582887154,COMPLETE
419,0.21973945024126104,2026-04-22 00:46:10.729007,2026-04-22 00:46:11.114877,0 days 00:00:00.385870,2.23672966071618,9.644245514143682,0.3116845172738276,COMPLETE
420,0.21892877846744785,2026-04-22 00:46:11.114910,2026-04-22 00:46:11.487922,0 days 00:00:00.373012,1.430206936262633,9.79691110624956,0.2963499827881625,COMPLETE
421,0.21969963202186127,2026-04-22 00:46:11.487955,2026-04-22 00:46:11.860119,0 days 00:00:00.372164,1.6669222843331075,9.998135074695018,0.26572447158016693,COMPLETE
422,0.21891681352192469,2026-04-22 00:46:11.860152,2026-04-22 00:46:12.245083,0 days 00:00:00.384931,1.9553484325716486,9.315496862762798,0.34718725513225707,COMPLETE
423,0.21438283117156712,2026-04-22 00:46:12.245114,2026-04-22 00:46:12.627884,0 days 00:00:00.382770,6.303111631741956,9.55797537948121,0.38424087693766595,COMPLETE
424,0.2154920065480613,2026-04-22 00:46:12.627918,2026-04-22 00:46:13.003630,0 days 00:00:00.375712,0.7587735738192408,6.881306214620237,0.2468085478790066,COMPLETE
425,0.21899081972697096,2026-04-22 00:46:13.003664,2026-04-22 00:46:13.384858,0 days 00:00:00.381194,2.4117176941895018,9.67787400908355,0.32279940603076895,COMPLETE
426,0.2184630228592492,2026-04-22 00:46:13.384890,2026-04-22 00:46:13.762358,0 days 00:00:00.377468,1.734434772909343,9.832286202843626,0.19644009965724257,COMPLETE
427,0.21874692952246788,2026-04-22 00:46:13.762391,2026-04-22 00:46:14.139982,0 days 00:00:00.377591,2.0320700447495286,9.455131589113655,0.2876243160240459,COMPLETE
428,0.21968716512603992,2026-04-22 00:46:14.140014,2026-04-22 00:46:14.523193,0 days 00:00:00.383179,2.1709803408681787,9.993366255989013,0.3045082941291344,COMPLETE
429,0.21873003226847318,2026-04-22 00:46:14.523227,2026-04-22 00:46:14.889088,0 days 00:00:00.365861,1.0333934618431215,9.703436380589332,0.2704161885110431,COMPLETE
430,0.21667220407979593,2026-04-22 00:46:14.889130,2026-04-22 00:46:15.270018,0 days 00:00:00.380888,1.5023409373379104,9.119288420789228,0.8285423179738218,COMPLETE
431,0.21752779789573587,2026-04-22 00:46:15.270052,2026-04-22 00:46:15.644960,0 days 00:00:00.374908,1.8614549531386893,7.123893667952906,0.3571943240448609,COMPLETE
432,0.21968484978161282,2026-04-22 00:46:15.644993,2026-04-22 00:46:16.021159,0 days 00:00:00.376166,1.2813190258486378,9.995700686561683,0.3297657528372628,COMPLETE
433,0.2187787004807337,2026-04-22 00:46:16.021192,2026-04-22 00:46:16.403940,0 days 00:00:00.382748,1.6222227981611046,9.553653276003617,0.23437769334152614,COMPLETE
434,0.21680590273162575,2026-04-22 00:46:16.403972,2026-04-22 00:46:16.782834,0 days 00:00:00.378862,1.9758042522755173,9.811464740196692,0.1332030230008595,COMPLETE
435,0.2187602191551079,2026-04-22 00:46:16.782867,2026-04-22 00:46:17.161323,0 days 00:00:00.378456,2.288191082359834,9.263127211985575,0.3024048664842357,COMPLETE
436,0.21975780139405593,2026-04-22 00:46:17.161358,2026-04-22 00:46:17.541287,0 days 00:00:00.379929,1.7107610649905995,9.695930533060844,0.2794163640749682,COMPLETE
437,0.21955697478632596,2026-04-22 00:46:17.541321,2026-04-22 00:46:17.911468,0 days 00:00:00.370147,1.4379040754669876,9.385557121699659,0.3171001759317727,COMPLETE
438,0.21888221028757118,2026-04-22 00:46:17.911502,2026-04-22 00:46:18.290630,0 days 00:00:00.379128,2.1034262514365554,9.818803006127524,0.21293954490705796,COMPLETE
439,0.21759888826043688,2026-04-22 00:46:18.290662,2026-04-22 00:46:18.672896,0 days 00:00:00.382234,1.8583183211919194,9.556957579138434,0.6823497708555792,COMPLETE
440,0.21903152908062343,2026-04-22 00:46:18.672930,2026-04-22 00:46:19.041778,0 days 00:00:00.368848,1.69101393611058,9.990738150443837,0.3373023520970121,COMPLETE
441,0.21892926833329734,2026-04-22 00:46:19.041811,2026-04-22 00:46:19.418901,0 days 00:00:00.377090,2.429644984485473,9.804070224329536,0.3711704133901585,COMPLETE
442,0.2190360701764459,2026-04-22 00:46:19.418934,2026-04-22 00:46:19.800139,0 days 00:00:00.381205,1.9619132885782642,9.622163170476412,0.2547363991216482,COMPLETE
443,0.21695799320495382,2026-04-22 00:46:19.800173,2026-04-22 00:46:20.189110,0 days 00:00:00.388937,1.4919784670252998,9.42642788168937,0.9404022226155258,COMPLETE
444,0.2195267970314629,2026-04-22 00:46:20.189149,2026-04-22 00:46:20.583090,0 days 00:00:00.393941,2.14375950882583,9.998184032769709,0.2911183082275798,COMPLETE
445,0.2200557192078307,2026-04-22 00:46:20.583124,2026-04-22 00:46:20.960530,0 days 00:00:00.377406,1.7980128165267355,9.804250634011739,0.3109256309917068,COMPLETE
446,0.21941863792660116,2026-04-22 00:46:20.960564,2026-04-22 00:46:21.332373,0 days 00:00:00.371809,1.2068484892819606,9.683367608123637,0.3165328697252585,COMPLETE
447,0.2197688588689449,2026-04-22 00:46:21.332406,2026-04-22 00:46:21.700565,0 days 00:00:00.368159,1.6000338400845504,9.558695296764911,0.34591635652204306,COMPLETE
448,0.21873456745643477,2026-04-22 00:46:21.700597,2026-04-22 00:46:22.073413,0 days 00:00:00.372816,1.7792512547301362,9.227370326394409,0.3091496515879635,COMPLETE
449,0.21243647498959717,2026-04-22 00:46:22.073445,2026-04-22 00:46:22.442305,0 days 00:00:00.368860,1.4452027016016562,4.731990336162987,0.3312251766367604,COMPLETE
450,0.22027366214373226,2026-04-22 00:46:22.442339,2026-04-22 00:46:22.818458,0 days 00:00:00.376119,1.8026178824267878,9.8128005978144,0.30897522102391733,COMPLETE
451,0.2189972525239658,2026-04-22 00:46:22.818491,2026-04-22 00:46:23.191649,0 days 00:00:00.373158,1.3240561946875695,9.80196441358312,0.2929110769921657,COMPLETE
452,0.2195182359925217,2026-04-22 00:46:23.191682,2026-04-22 00:46:23.584169,0 days 00:00:00.392487,1.7401446381688785,9.832192960155266,0.3061518218330571,COMPLETE
453,0.21248127729691108,2026-04-22 00:46:23.584201,2026-04-22 00:46:23.953195,0 days 00:00:00.368994,1.5754828063356587,5.09453697112407,0.28030285872777455,COMPLETE
454,0.2193955254336206,2026-04-22 00:46:23.953228,2026-04-22 00:46:24.332294,0 days 00:00:00.379066,5.16411893965254,9.99595875876043,0.31491142261924865,COMPLETE
455,0.21896529918326085,2026-04-22 00:46:24.332327,2026-04-22 00:46:24.709451,0 days 00:00:00.377124,1.8281794914614087,9.489951966361314,0.359920421436011,COMPLETE
456,0.2189561070657433,2026-04-22 00:46:24.709484,2026-04-22 00:46:25.077706,0 days 00:00:00.368222,1.1184943021612481,9.82138744360436,0.2900504648133777,COMPLETE
457,0.2198125257579196,2026-04-22 00:46:25.077740,2026-04-22 00:46:25.456347,0 days 00:00:00.378607,1.6199841207377803,9.651923517445345,0.33548841576698984,COMPLETE
458,0.2183203172468499,2026-04-22 00:46:25.456391,2026-04-22 00:46:25.829652,0 days 00:00:00.373261,1.8715342659742253,9.316616481730003,0.5023594343364526,COMPLETE
459,0.1889872706708432,2026-04-22 00:46:25.829685,2026-04-22 00:46:26.192949,0 days 00:00:00.363264,1.4102874912134986,2.085522096638414,0.30356282986308897,COMPLETE
460,0.21774393566320804,2026-04-22 00:46:26.192982,2026-04-22 00:46:26.573187,0 days 00:00:00.380205,2.171057003184471,8.800723161506108,0.27103535496799586,COMPLETE
461,0.21950452031114687,2026-04-22 00:46:26.573220,2026-04-22 00:46:26.955928,0 days 00:00:00.382708,1.7762802072554884,9.992680004090845,0.32015362014539395,COMPLETE
462,0.2189537927937617,2026-04-22 00:46:26.955961,2026-04-22 00:46:27.333641,0 days 00:00:00.377680,1.5691520750236672,9.607881149182836,0.2898048632178091,COMPLETE
463,0.20792913008741098,2026-04-22 00:46:27.333674,2026-04-22 00:46:27.706682,0 days 00:00:00.373008,0.9485748541712952,9.731799425982368,0.057348022784473984,COMPLETE
464,0.2193692200808014,2026-04-22 00:46:27.706715,2026-04-22 00:46:28.082479,0 days 00:00:00.375764,2.004332206872285,9.40059994271958,0.33978689516734634,COMPLETE
465,0.2196979742396561,2026-04-22 00:46:28.082516,2026-04-22 00:46:28.457476,0 days 00:00:00.374960,2.2905033947543463,9.79227983984641,0.3184281097604478,COMPLETE
466,0.21887947818194553,2026-04-22 00:46:28.457508,2026-04-22 00:46:28.839760,0 days 00:00:00.382252,1.3076883511259525,9.55670501342232,0.27086275288641654,COMPLETE
467,0.21888812455408757,2026-04-22 00:46:28.839795,2026-04-22 00:46:29.210565,0 days 00:00:00.370770,1.8313108118258656,9.10432030117873,0.2979438242930775,COMPLETE
468,0.2189599168221141,2026-04-22 00:46:29.210598,2026-04-22 00:46:29.594467,0 days 00:00:00.383869,1.6604035691863346,9.844842829763557,0.3673067770576378,COMPLETE
469,0.21935222752789196,2026-04-22 00:46:29.594501,2026-04-22 00:46:29.977995,0 days 00:00:00.383494,2.043054109323603,9.999244332431951,0.3254137272047489,COMPLETE
470,0.2167042975227157,2026-04-22 00:46:29.978029,2026-04-22 00:46:30.376045,0 days 00:00:00.398016,5.55309943879363,9.652349332077648,0.3495113469525813,COMPLETE
471,0.2195398984703797,2026-04-22 00:46:30.376079,2026-04-22 00:46:30.757519,0 days 00:00:00.381440,1.8832589206835166,9.450114689224211,0.2847336169405893,COMPLETE
472,0.21915985313536096,2026-04-22 00:46:30.757551,2026-04-22 00:46:31.130435,0 days 00:00:00.372884,1.478009959913957,9.998824077062114,0.30536257827725904,COMPLETE
473,0.21834212341769121,2026-04-22 00:46:31.130469,2026-04-22 00:46:30.782688,-1 days +23:59:59.652219,2.244276343589074,9.713538603748487,0.2517758453406792,COMPLETE
474,0.2193054545973129,2026-04-22 00:46:30.782723,2026-04-22 00:46:31.161174,0 days 00:00:00.378451,2.753938819174187,9.762751604726748,0.2667735706807148,COMPLETE
475,0.2201297354049432,2026-04-22 00:46:31.161207,2026-04-22 00:46:31.536960,0 days 00:00:00.375753,1.7845159973498184,9.350146831518085,0.3227692347734812,COMPLETE
476,0.218805002999381,2026-04-22 00:46:31.536992,2026-04-22 00:46:31.909790,0 days 00:00:00.372798,1.2722577180364212,9.016874078960765,0.4013935463580339,COMPLETE
477,0.21938182606014525,2026-04-22 00:46:31.909824,2026-04-22 00:46:32.292839,0 days 00:00:00.383015,1.6448946897505146,9.266278268321567,0.3377922281415514,COMPLETE
478,0.21949465782157396,2026-04-22 00:46:32.292872,2026-04-22 00:46:32.669827,0 days 00:00:00.376955,1.69485521476778,9.292207638326914,0.32225279601737955,COMPLETE
479,0.21774930898286327,2026-04-22 00:46:32.669870,2026-04-22 00:46:33.049305,0 days 00:00:00.379435,1.477910071298212,9.472220612392217,0.37493173491002113,COMPLETE
480,0.21896459246323816,2026-04-22 00:46:33.049338,2026-04-22 00:46:33.454310,0 days 00:00:00.404972,4.885036833881175,9.578068693577702,0.3488491633090312,COMPLETE
481,0.21923673144452044,2026-04-22 00:46:33.454350,2026-04-22 00:46:33.834016,0 days 00:00:00.379666,1.8865642718735307,9.463054210087053,0.291379274578376,COMPLETE
482,0.21945430292156057,2026-04-22 00:46:33.834050,2026-04-22 00:46:34.229366,0 days 00:00:00.395316,2.083324434015812,9.996657506682038,0.30969568831271915,COMPLETE
483,0.21368699361262766,2026-04-22 00:46:34.229398,2026-04-22 00:46:34.609145,0 days 00:00:00.379747,1.1496389597343697,9.648678993711147,0.10703707145789843,COMPLETE
484,0.2199922128932596,2026-04-22 00:46:34.609179,2026-04-22 00:46:34.984972,0 days 00:00:00.375793,1.7627352189714138,9.81500686037857,0.28081835275653483,COMPLETE
485,0.2201590500445589,2026-04-22 00:46:34.985004,2026-04-22 00:46:35.361603,0 days 00:00:00.376599,1.560131023950831,9.220734607460177,0.3329206911395809,COMPLETE
486,0.21791415696128683,2026-04-22 00:46:35.361635,2026-04-22 00:46:35.744298,0 days 00:00:00.382663,1.3537459843060935,9.233429634020835,0.23123814107431834,COMPLETE
487,0.21987318804337952,2026-04-22 00:46:35.744331,2026-04-22 00:46:36.124505,0 days 00:00:00.380174,1.514406029412616,8.953881962850767,0.32763724580131337,COMPLETE
488,0.21878579620747668,2026-04-22 00:46:36.124538,2026-04-22 00:46:36.509669,0 days 00:00:00.385131,1.1853149552076692,9.094338978536099,0.3580533946254512,COMPLETE
489,0.2196808446345738,2026-04-22 00:46:36.509702,2026-04-22 00:46:36.886450,0 days 00:00:00.376748,1.5857490107043726,9.380652817122717,0.298775784808788,COMPLETE
490,0.21812834427184297,2026-04-22 00:46:36.886483,2026-04-22 00:46:37.256848,0 days 00:00:00.370365,0.8958885098082917,9.191431604741014,0.2697948352832302,COMPLETE
491,0.21933534834763702,2026-04-22 00:46:37.256889,2026-04-22 00:46:37.628598,0 days 00:00:00.371709,1.3884704261084697,8.842487726117154,0.34032712537225035,COMPLETE
492,0.21851843921640546,2026-04-22 00:46:37.628631,2026-04-22 00:46:38.007396,0 days 00:00:00.378765,1.7255206154934033,9.510645781362507,0.2486712202615049,COMPLETE
493,0.2190000191338849,2026-04-22 00:46:38.007429,2026-04-22 00:46:38.378528,0 days 00:00:00.371099,1.524519696033083,9.666703097564577,0.3094190203930161,COMPLETE
494,0.21837736676215352,2026-04-22 00:46:38.378562,2026-04-22 00:46:38.760325,0 days 00:00:00.381763,1.8002274965659433,9.370760390876843,0.42333707130431275,COMPLETE
495,0.21858045784782779,2026-04-22 00:46:38.760360,2026-04-22 00:46:39.144200,0 days 00:00:00.383840,2.080403610981321,8.158170919567269,0.2813691771660878,COMPLETE
496,0.2196414366864525,2026-04-22 00:46:39.144233,2026-04-22 00:46:39.522240,0 days 00:00:00.378007,3.2778379190347984,9.997858126510593,0.3187522920783298,COMPLETE
497,0.20506925399545062,2026-04-22 00:46:39.522274,2026-04-22 00:46:39.883938,0 days 00:00:00.361664,1.0453058989801725,3.4550924765021076,0.30109160808145186,COMPLETE
498,0.21950538607612058,2026-04-22 00:46:39.883970,2026-04-22 00:46:40.270244,0 days 00:00:00.386274,1.6281702360101382,9.820981591769439,0.3359648305119274,COMPLETE
499,0.21728350678105424,2026-04-22 00:46:40.270277,2026-04-22 00:46:40.646178,0 days 00:00:00.375901,1.8479878287799374,9.572581051444768,0.15239969825293087,COMPLETE
