number,value,datetime_start,datetime_complete,duration,params_alpha,params_beta,params_decay_factor,state
264,0.15422745340045024,2026-04-22 00:32:18.648683,2026-04-22 00:32:19.059509,0 days 00:00:00.410826,2.7369150497916115,9.798482979550062,0.41663893666275414,COMPLETE
265,0.14753529063658677,2026-04-22 00:32:19.059543,2026-04-22 00:32:19.465380,0 days 00:00:00.405837,3.292147221200332,4.632201422076498,0.4941791479335019,COMPLETE
266,0.15432650745579587,2026-04-22 00:32:19.465414,2026-04-22 00:32:19.876370,0 days 00:00:00.410956,4.185915926247134,9.486854916299297,0.5704973051845961,COMPLETE
267,0.15471373973891112,2026-04-22 00:32:19.876405,2026-04-22 00:32:19.593169,-1 days +23:59:59.716764,3.507749891802648,9.690436904371639,0.4564947884500552,COMPLETE
268,0.15437508504562622,2026-04-22 00:32:19.593202,2026-04-22 00:32:19.998640,0 days 00:00:00.405438,2.960697117937028,9.336876103781561,0.5233576668142985,COMPLETE
269,0.15548180226951444,2026-04-22 00:32:19.998674,2026-04-22 00:32:20.414036,0 days 00:00:00.415362,3.142013047738072,9.581052255457815,0.5474020233707566,COMPLETE
270,0.15445674766491485,2026-04-22 00:32:20.414070,2026-04-22 00:32:20.831191,0 days 00:00:00.417121,3.813134142051805,9.613734864028313,0.5436962129869134,COMPLETE
271,0.15508640832857024,2026-04-22 00:32:20.831222,2026-04-22 00:32:21.249130,0 days 00:00:00.417908,3.3861300723450287,9.997991214092648,0.5005924609467887,COMPLETE
272,0.15478128503822458,2026-04-22 00:32:21.249164,2026-04-22 00:32:21.652182,0 days 00:00:00.403018,3.641360706617378,9.859159926384946,0.499573730487323,COMPLETE
273,0.1544592653899705,2026-04-22 00:32:21.652215,2026-04-22 00:32:22.049057,0 days 00:00:00.396842,3.3621910632704046,9.983910920613956,0.4348917954298977,COMPLETE
274,0.15530627821277218,2026-04-22 00:32:22.049090,2026-04-22 00:32:22.446861,0 days 00:00:00.397771,3.970486609784693,9.576186814442318,0.47367891578243987,COMPLETE
275,0.15408986756636014,2026-04-22 00:32:22.446893,2026-04-22 00:32:22.857663,0 days 00:00:00.410770,4.4124006063433185,9.511717535166499,0.4485145507893922,COMPLETE
276,0.1542410305581553,2026-04-22 00:32:22.857696,2026-04-22 00:32:23.261140,0 days 00:00:00.403444,4.027136078355193,9.139711317251779,0.47402733451803364,COMPLETE
277,0.1536172290646105,2026-04-22 00:32:23.261174,2026-04-22 00:32:23.660868,0 days 00:00:00.399694,4.180385961586787,9.459905305573116,0.475222655974121,COMPLETE
278,0.15556151410924057,2026-04-22 00:32:23.660900,2026-04-22 00:32:24.060657,0 days 00:00:00.399757,3.9113005924061084,9.834873981970649,0.4925582835878704,COMPLETE
279,0.15371584922200365,2026-04-22 00:32:24.060689,2026-04-22 00:32:24.466418,0 days 00:00:00.405729,4.730432073371294,9.596507332300744,0.4639109753373089,COMPLETE
280,0.15512459177250165,2026-04-22 00:32:24.466452,2026-04-22 00:32:24.869751,0 days 00:00:00.403299,3.9630875014066236,8.906057797694638,0.48915783826607895,COMPLETE
281,0.15449933302930538,2026-04-22 00:32:24.869784,2026-04-22 00:32:25.264557,0 days 00:00:00.394773,4.019421171064416,8.906743900794433,0.43951211478731966,COMPLETE
282,0.15350121072499998,2026-04-22 00:32:25.264589,2026-04-22 00:32:25.661670,0 days 00:00:00.397081,3.886742116090412,8.533710512451673,0.47893398298549994,COMPLETE
283,0.15429525243500666,2026-04-22 00:32:25.661703,2026-04-22 00:32:26.062579,0 days 00:00:00.400876,4.359634703884152,8.711248255967304,0.488854839827015,COMPLETE
284,0.15443243526464828,2026-04-22 00:32:26.062611,2026-04-22 00:32:26.463492,0 days 00:00:00.400881,3.981539791732037,9.307288700306085,0.40118417883031743,COMPLETE
285,0.15479826482224726,2026-04-22 00:32:26.463524,2026-04-22 00:32:26.871677,0 days 00:00:00.408153,3.7742701761083417,9.238187261387427,0.45634636749323615,COMPLETE
286,0.15312240939713187,2026-04-22 00:32:26.871710,2026-04-22 00:32:27.283974,0 days 00:00:00.412264,4.206728647006593,9.015315898770945,0.5114306911287763,COMPLETE
287,0.15466999918125846,2026-04-22 00:32:27.284014,2026-04-22 00:32:27.683724,0 days 00:00:00.399710,3.7484933058863716,9.813423029514038,0.5199987897821827,COMPLETE
288,0.15563551005412296,2026-04-22 00:32:27.683758,2026-04-22 00:32:28.082816,0 days 00:00:00.399058,3.4990376257747697,9.676927548981803,0.42136071699997885,COMPLETE
289,0.1547364353768843,2026-04-22 00:32:28.082849,2026-04-22 00:32:28.482990,0 days 00:00:00.400141,3.539472104564517,9.703864115842597,0.37973084305838234,COMPLETE
290,0.15453509630556794,2026-04-22 00:32:28.483022,2026-04-22 00:32:28.888204,0 days 00:00:00.405182,4.01589178850078,9.848116603312091,0.4167740787829419,COMPLETE
291,0.15498558398492507,2026-04-22 00:32:28.888236,2026-04-22 00:32:29.284739,0 days 00:00:00.396503,3.7888113322753534,9.639287808784678,0.4387687277772402,COMPLETE
292,0.155780566315678,2026-04-22 00:32:29.284771,2026-04-22 00:32:29.691813,0 days 00:00:00.407042,3.5201746949811326,9.452838781702962,0.45248990965336294,COMPLETE
293,0.15423598154613524,2026-04-22 00:32:29.691846,2026-04-22 00:32:30.101715,0 days 00:00:00.409869,3.6095185059800694,9.39552578291446,0.41814525811729475,COMPLETE
294,0.15460736188892468,2026-04-22 00:32:30.101749,2026-04-22 00:32:30.505312,0 days 00:00:00.403563,3.5139848815582697,9.124278582749579,0.4477378834719749,COMPLETE
295,0.1554336545905056,2026-04-22 00:32:30.505344,2026-04-22 00:32:30.923215,0 days 00:00:00.417871,3.4197341649257593,9.999855152894902,0.4657388503896803,COMPLETE
296,0.15423269303042705,2026-04-22 00:32:30.923248,2026-04-22 00:32:31.327475,0 days 00:00:00.404227,3.426707246222611,9.87979618708496,0.3975339430668581,COMPLETE
297,0.1545498498228267,2026-04-22 00:32:31.327516,2026-04-22 00:32:31.731840,0 days 00:00:00.404324,3.3557285630323586,9.429287113728105,0.4319228441756415,COMPLETE
298,0.15556668910020643,2026-04-22 00:32:31.731873,2026-04-22 00:32:32.137097,0 days 00:00:00.405224,3.566423949840507,9.97703905062757,0.4635256888480622,COMPLETE
299,0.15450587502788996,2026-04-22 00:32:32.137130,2026-04-22 00:32:32.531681,0 days 00:00:00.394551,3.6586529472783424,9.599338869273241,0.45568301168410763,COMPLETE
300,0.15501501659894285,2026-04-22 00:32:32.531712,2026-04-22 00:32:32.927038,0 days 00:00:00.395326,3.5458742127557703,8.890135704009642,0.46891908987017344,COMPLETE
301,0.15367613518439846,2026-04-22 00:32:32.927071,2026-04-22 00:32:33.323072,0 days 00:00:00.396001,3.82264396627689,7.91573762174649,0.42504180687112514,COMPLETE
302,0.15516406697201288,2026-04-22 00:32:33.323103,2026-04-22 00:32:33.743659,0 days 00:00:00.420556,3.2610444265446996,9.993780480419888,0.44597187469293426,COMPLETE
303,0.15450906498392888,2026-04-22 00:32:33.743691,2026-04-22 00:32:34.138892,0 days 00:00:00.395201,3.239612934169251,9.8018963075614,0.47592057806287946,COMPLETE
304,0.15476569028789836,2026-04-22 00:32:34.138924,2026-04-22 00:32:34.540256,0 days 00:00:00.401332,3.2338297595847507,9.957058452340611,0.3538907576782845,COMPLETE
305,0.15412476454570345,2026-04-22 00:32:34.540290,2026-04-22 00:32:34.948183,0 days 00:00:00.407893,3.6989966443426985,9.985129842458074,0.45554451686863157,COMPLETE
306,0.15507350913582318,2026-04-22 00:32:34.948216,2026-04-22 00:32:35.349540,0 days 00:00:00.401324,3.3609845785635537,9.72026020188072,0.48617434574512974,COMPLETE
307,0.1543541687192577,2026-04-22 00:32:35.349571,2026-04-22 00:32:35.752941,0 days 00:00:00.403370,3.4843329260880593,9.567561978763157,0.44245647523210907,COMPLETE
308,0.1542000824157773,2026-04-22 00:32:35.753011,2026-04-22 00:32:36.156334,0 days 00:00:00.403323,3.2138181920184605,9.779470537380648,0.4688534782630475,COMPLETE
309,0.15525012073824784,2026-04-22 00:32:36.156375,2026-04-22 00:32:36.568718,0 days 00:00:00.412343,3.861367878739828,9.546425004014182,0.48599397910157643,COMPLETE
310,0.15439303835592275,2026-04-22 00:32:36.568757,2026-04-22 00:32:36.977032,0 days 00:00:00.408275,4.183339083758849,9.82200541685977,0.40625666882603795,COMPLETE
311,0.07160812684360307,2026-04-22 00:32:36.977065,2026-04-22 00:32:37.368053,0 days 00:00:00.390988,9.152448578743858,9.626792799714508,0.1752938017515308,COMPLETE
312,0.1544422695624315,2026-04-22 00:32:37.368087,2026-04-22 00:32:37.767968,0 days 00:00:00.399881,3.8916237086360903,9.979427596371156,0.48032584149678786,COMPLETE
313,0.13907366353891223,2026-04-22 00:32:37.768002,2026-04-22 00:32:38.160303,0 days 00:00:00.392301,3.7684444985262235,3.3050575327358445,0.4581132167628125,COMPLETE
314,0.15486362584132968,2026-04-22 00:32:38.160337,2026-04-22 00:32:38.573541,0 days 00:00:00.413204,3.986794166497233,9.465442813093214,0.49027061394386495,COMPLETE
315,0.15421546376159848,2026-04-22 00:32:38.573575,2026-04-22 00:32:38.975933,0 days 00:00:00.402358,3.651230288244569,9.134220001518727,0.43288984182242973,COMPLETE
316,0.15443177016647533,2026-04-22 00:32:38.975967,2026-04-22 00:32:39.374021,0 days 00:00:00.398054,3.5491337276761192,9.702285375703173,0.4580674115582728,COMPLETE
317,0.15506233092728733,2026-04-22 00:32:39.374055,2026-04-22 00:32:39.779523,0 days 00:00:00.405468,3.8253099489528406,9.306694651117475,0.4862816407528241,COMPLETE
318,0.09411600566796884,2026-04-22 00:32:39.779558,2026-04-22 00:32:40.170296,0 days 00:00:00.390738,8.35992996653863,9.819418053786375,0.5181084595189392,COMPLETE
319,0.1553299980861739,2026-04-22 00:32:40.170328,2026-04-22 00:32:40.565472,0 days 00:00:00.395144,3.0682038804143237,9.994726196123798,0.5712756232691156,COMPLETE
320,0.15449358621186035,2026-04-22 00:32:40.565506,2026-04-22 00:32:40.966202,0 days 00:00:00.400696,3.024289165138953,9.84759114479028,0.574954612138459,COMPLETE
321,0.15376174003005297,2026-04-22 00:32:40.966237,2026-04-22 00:32:41.365713,0 days 00:00:00.399476,2.7866775889808,9.995953033925257,0.5968154380145372,COMPLETE
322,0.1524839298769664,2026-04-22 00:32:41.365745,2026-04-22 00:32:41.778491,0 days 00:00:00.412746,3.1950869883014965,6.706138951296296,0.5420311021797045,COMPLETE
323,0.1547769848822172,2026-04-22 00:32:41.778525,2026-04-22 00:32:42.195877,0 days 00:00:00.417352,3.036012366424509,9.62915477620223,0.5585142204508152,COMPLETE
324,0.15440889055205614,2026-04-22 00:32:42.195910,2026-04-22 00:32:42.595461,0 days 00:00:00.399551,3.40035168068807,9.555981281017186,0.5844432463727681,COMPLETE
325,0.1522221542123024,2026-04-22 00:32:42.595494,2026-04-22 00:32:43.020472,0 days 00:00:00.424978,5.222444523307649,9.993064089374357,0.6200384524849744,COMPLETE
326,0.15424468150833692,2026-04-22 00:32:43.020506,2026-04-22 00:32:43.445324,0 days 00:00:00.424818,3.158683273680908,9.743111902391846,0.5615684156242843,COMPLETE
327,0.13538181670214547,2026-04-22 00:32:43.445358,2026-04-22 00:32:43.857507,0 days 00:00:00.412149,6.168475266196307,9.464855983505968,0.37772444346449235,COMPLETE
328,0.15472927275022003,2026-04-22 00:32:43.857539,2026-04-22 00:32:44.254908,0 days 00:00:00.397369,2.900170349154061,9.792140562644473,0.5767137907131865,COMPLETE
329,0.15521548850379144,2026-04-22 00:32:44.254941,2026-04-22 00:32:44.652015,0 days 00:00:00.397074,3.4321372242408277,9.988333257196398,0.5295190862041405,COMPLETE
330,0.15507732296402416,2026-04-22 00:32:44.652047,2026-04-22 00:32:45.055108,0 days 00:00:00.403061,3.2982437528715227,9.973465572978155,0.5140047220341376,COMPLETE
331,0.15480426687927828,2026-04-22 00:32:45.055141,2026-04-22 00:32:45.452858,0 days 00:00:00.397717,3.418252193034776,9.989020950177355,0.4104783757449067,COMPLETE
332,0.1551329323300877,2026-04-22 00:32:45.452891,2026-04-22 00:32:45.853373,0 days 00:00:00.400482,3.080754066855307,9.735030211978184,0.44364490657251593,COMPLETE
333,0.15479048375997653,2026-04-22 00:32:45.853408,2026-04-22 00:32:46.253499,0 days 00:00:00.400091,2.7119724514433523,9.617174379584918,0.5291581667846952,COMPLETE
334,0.11744203779109016,2026-04-22 00:32:46.253533,2026-04-22 00:32:46.646368,0 days 00:00:00.392835,3.6649221070316624,1.1942661868091453,0.4601356740054191,COMPLETE
335,0.15441748088679677,2026-04-22 00:32:46.646400,2026-04-22 00:32:47.042704,0 days 00:00:00.396304,3.1993945857957646,9.997176332553746,0.5571849453933843,COMPLETE
336,0.15485930748738935,2026-04-22 00:32:47.042737,2026-04-22 00:32:47.455637,0 days 00:00:00.412900,3.498608654927113,9.779968943644386,0.5034998247762587,COMPLETE
337,0.1544302293216682,2026-04-22 00:32:47.455670,2026-04-22 00:32:47.859871,0 days 00:00:00.404201,2.928629443844328,9.626204517177484,0.4720365363664585,COMPLETE
338,0.15503245322097095,2026-04-22 00:32:47.859902,2026-04-22 00:32:48.257511,0 days 00:00:00.397609,3.7281872059549244,9.82764236729617,0.5335897596909681,COMPLETE
339,0.15491939006996241,2026-04-22 00:32:48.257546,2026-04-22 00:32:48.661574,0 days 00:00:00.404028,3.3227297856065596,9.54851897280619,0.42496530874311567,COMPLETE
340,0.15490939653803942,2026-04-22 00:32:48.661608,2026-04-22 00:32:49.091620,0 days 00:00:00.430012,3.502250188520968,9.344596470192227,0.6063818287089509,COMPLETE
341,0.1544574748241292,2026-04-22 00:32:49.091652,2026-04-22 00:32:49.501248,0 days 00:00:00.409596,2.5564040990433536,9.81747695773465,0.5080591731728483,COMPLETE
342,0.15411645096313545,2026-04-22 00:32:49.501280,2026-04-22 00:32:49.900197,0 days 00:00:00.398917,4.1208333688117635,9.630548386293498,0.44452758994280495,COMPLETE
343,0.15478687109161524,2026-04-22 00:32:49.900230,2026-04-22 00:32:50.296856,0 days 00:00:00.396626,3.8456654466268554,9.998827884742717,0.6407727566315974,COMPLETE
344,0.15491860129799406,2026-04-22 00:32:50.296888,2026-04-22 00:32:50.696735,0 days 00:00:00.399847,3.12338894889387,9.435051296509798,0.331158671867725,COMPLETE
345,0.15491429803786488,2026-04-22 00:32:50.696768,2026-04-22 00:32:51.092613,0 days 00:00:00.395845,3.2776999178884236,9.705015645738346,0.5736474066321096,COMPLETE
346,0.15424735572795195,2026-04-22 00:32:51.092645,2026-04-22 00:32:51.497108,0 days 00:00:00.404463,3.6779950489949287,9.275762834685358,0.47619501950173015,COMPLETE
347,0.1547903840040827,2026-04-22 00:32:51.497141,2026-04-22 00:32:51.208208,-1 days +23:59:59.711067,4.294587594848427,9.789638709155028,0.5525860307174907,COMPLETE
348,0.15514230093949788,2026-04-22 00:32:51.208251,2026-04-22 00:32:51.624522,0 days 00:00:00.416271,2.9103004552817953,9.543593462905287,0.5229646398334554,COMPLETE
349,0.15583957614926716,2026-04-22 00:32:51.624555,2026-04-22 00:32:52.029141,0 days 00:00:00.404586,3.463709098557964,9.824086075359666,0.4888269997883459,COMPLETE
350,0.1543896591438211,2026-04-22 00:32:52.029173,2026-04-22 00:32:52.428070,0 days 00:00:00.398897,3.633183519729181,9.247647798004117,0.49113456026458396,COMPLETE
351,0.15533029192880596,2026-04-22 00:32:52.428103,2026-04-22 00:32:52.825745,0 days 00:00:00.397642,3.9444960468463455,9.502766767670183,0.47073681321094424,COMPLETE
352,0.1536536889489,2026-04-22 00:32:52.825778,2026-04-22 00:32:53.228078,0 days 00:00:00.402300,4.101901767445135,9.128900868963838,0.5023081523138045,COMPLETE
353,0.15449562779745463,2026-04-22 00:32:53.228111,2026-04-22 00:32:53.626379,0 days 00:00:00.398268,3.933494186793896,9.463737400998534,0.47026295315530586,COMPLETE
354,0.15489620731502832,2026-04-22 00:32:53.626411,2026-04-22 00:32:54.023687,0 days 00:00:00.397276,3.8822318769731163,9.38878250078123,0.4925736378978066,COMPLETE
355,0.15495820035612132,2026-04-22 00:32:54.023719,2026-04-22 00:32:54.432180,0 days 00:00:00.408461,4.409708127474335,9.61884486215148,0.5140901196234067,COMPLETE
356,0.1542286908026581,2026-04-22 00:32:54.432212,2026-04-22 00:32:54.841477,0 days 00:00:00.409265,4.119481762307166,9.190278972862773,0.5351525565384718,COMPLETE
357,0.15505933220942061,2026-04-22 00:32:54.841510,2026-04-22 00:32:55.244302,0 days 00:00:00.402792,3.747498023099606,9.593971176405498,0.46921526276809344,COMPLETE
358,0.1552613853780313,2026-04-22 00:32:55.244336,2026-04-22 00:32:55.645741,0 days 00:00:00.401405,3.470032376692682,9.401684134601316,0.4840314662597838,COMPLETE
359,0.1552251671958884,2026-04-22 00:32:55.645775,2026-04-22 00:32:56.052310,0 days 00:00:00.406535,3.5833106820447407,9.022302710122924,0.48315174545527384,COMPLETE
360,0.15445792592464164,2026-04-22 00:32:56.052346,2026-04-22 00:32:56.450313,0 days 00:00:00.397967,3.9100594713835357,9.325068233251526,0.45138542935633447,COMPLETE
361,0.15464193270592871,2026-04-22 00:32:56.450347,2026-04-22 00:32:56.849859,0 days 00:00:00.399512,3.709951771773088,9.40849088885503,0.4658836538447788,COMPLETE
362,0.15353291836499558,2026-04-22 00:32:56.849892,2026-04-22 00:32:57.259097,0 days 00:00:00.409205,4.56859234830113,9.117749475143139,0.4967896894550945,COMPLETE
363,0.15540541632231264,2026-04-22 00:32:57.259129,2026-04-22 00:32:57.654630,0 days 00:00:00.395501,3.458323959281616,9.482859316214004,0.43581094327777553,COMPLETE
364,0.15433003152348104,2026-04-22 00:32:57.654663,2026-04-22 00:32:58.066058,0 days 00:00:00.411395,3.424432758330648,9.297108830137812,0.39399603228702085,COMPLETE
365,0.14916438021779987,2026-04-22 00:32:58.066089,2026-04-22 00:32:58.466652,0 days 00:00:00.400563,3.5050207237681708,4.919198080630925,0.4259475246840512,COMPLETE
366,0.15516387347419971,2026-04-22 00:32:58.466685,2026-04-22 00:32:58.871702,0 days 00:00:00.405017,3.340593817367332,9.686850193801819,0.41846050559327075,COMPLETE
367,0.15551820981757386,2026-04-22 00:32:58.871738,2026-04-22 00:32:59.274155,0 days 00:00:00.402417,3.564086358081611,9.410862301099382,0.44080354085711715,COMPLETE
368,0.15476346382805128,2026-04-22 00:32:59.274194,2026-04-22 00:32:59.674804,0 days 00:00:00.400610,3.6585406490990793,9.506068967735699,0.407241737097669,COMPLETE
369,0.15431386956334106,2026-04-22 00:32:59.674837,2026-04-22 00:33:00.077029,0 days 00:00:00.402192,3.190088204436722,8.715055489507556,0.4461996383625942,COMPLETE
370,0.15406328875211692,2026-04-22 00:33:00.077062,2026-04-22 00:33:00.473877,0 days 00:00:00.396815,4.05666501719445,9.131996239816825,0.38431718386390845,COMPLETE
371,0.15535492358153663,2026-04-22 00:33:00.473907,2026-04-22 00:33:00.872145,0 days 00:00:00.398238,3.6130549270207504,9.75124045179042,0.44357320587156945,COMPLETE
372,0.1529509703872149,2026-04-22 00:33:00.872177,2026-04-22 00:33:01.263859,0 days 00:00:00.391682,0.4244799251096705,9.676205774154488,0.4283997833354297,COMPLETE
373,0.15443949359081832,2026-04-22 00:33:01.263892,2026-04-22 00:33:01.663047,0 days 00:00:00.399155,3.5939155573398125,9.269577717891526,0.41378681089554814,COMPLETE
374,0.15450651933383158,2026-04-22 00:33:01.663080,2026-04-22 00:33:02.072249,0 days 00:00:00.409169,3.3153640530394304,9.492479009148553,0.43761813999039406,COMPLETE
375,0.15215004990765663,2026-04-22 00:33:02.072281,2026-04-22 00:33:02.464119,0 days 00:00:00.391838,3.104574745649892,6.16034158677496,0.43568162294770774,COMPLETE
376,0.15501850177168838,2026-04-22 00:33:02.464152,2026-04-22 00:33:02.874128,0 days 00:00:00.409976,3.4523718869222297,8.987316212979069,0.4549614237435611,COMPLETE
377,0.15524929915542887,2026-04-22 00:33:02.874161,2026-04-22 00:33:03.272490,0 days 00:00:00.398329,3.8015613275496434,9.818623390125646,0.4019475985565857,COMPLETE
378,0.1545997107650016,2026-04-22 00:33:03.272523,2026-04-22 00:33:03.681641,0 days 00:00:00.409118,3.615911021018642,9.678944626355023,0.3608988309938919,COMPLETE
379,0.15433179315726342,2026-04-22 00:33:03.681674,2026-04-22 00:33:04.079359,0 days 00:00:00.397685,3.25203535166365,9.464752496959052,0.458988738975859,COMPLETE
380,0.1512600287858703,2026-04-22 00:33:04.079391,2026-04-22 00:33:04.478084,0 days 00:00:00.398693,3.0238924980439936,5.691585735735933,0.42502635072051337,COMPLETE
381,0.15418124899285332,2026-04-22 00:33:04.478117,2026-04-22 00:33:04.878698,0 days 00:00:00.400581,3.4405904150289155,9.7627020364363,0.9988520746223686,COMPLETE
382,0.10307298111126942,2026-04-22 00:33:04.878730,2026-04-22 00:33:05.270063,0 days 00:00:00.391333,3.778375704621894,9.224653218957542,0.06058588797727904,COMPLETE
383,0.1536548100486197,2026-04-22 00:33:05.270099,2026-04-22 00:33:05.666782,0 days 00:00:00.396683,3.289838228883107,7.594176886261975,0.4557637271385234,COMPLETE
384,0.15461630285074446,2026-04-22 00:33:05.666815,2026-04-22 00:33:06.063366,0 days 00:00:00.396551,3.5780057671324013,9.572159367507423,0.4380731704558915,COMPLETE
385,0.1544535561065796,2026-04-22 00:33:06.063399,2026-04-22 00:33:06.469280,0 days 00:00:00.405881,2.857053526439741,9.817368739680504,0.3013017983535483,COMPLETE
386,0.15462986267051584,2026-04-22 00:33:06.469310,2026-04-22 00:33:06.868544,0 days 00:00:00.399234,3.14352386189505,9.348707607184455,0.4682564173974691,COMPLETE
387,0.15439540062005344,2026-04-22 00:33:06.868577,2026-04-22 00:33:07.276176,0 days 00:00:00.407599,3.9404667780297924,9.612546313891087,0.4100844323233394,COMPLETE
388,0.15203851139705482,2026-04-22 00:33:07.276209,2026-04-22 00:33:07.671554,0 days 00:00:00.395345,3.4286272106473477,6.422130155618094,0.4670102995935834,COMPLETE
389,0.15470584067674886,2026-04-22 00:33:07.671587,2026-04-22 00:33:08.070897,0 days 00:00:00.399310,3.6871608930467494,8.877615661607548,0.3925334679740158,COMPLETE
390,0.15504795020575476,2026-04-22 00:33:08.070931,2026-04-22 00:33:08.469150,0 days 00:00:00.398219,3.2841843402567648,9.816133309481952,0.4433794688961179,COMPLETE
391,0.14552004374338728,2026-04-22 00:33:08.469182,2026-04-22 00:33:08.859994,0 days 00:00:00.390812,3.0412362416133645,3.855624817623898,0.5541008675058957,COMPLETE
392,0.1541416516396922,2026-04-22 00:33:08.860026,2026-04-22 00:33:09.259060,0 days 00:00:00.399034,3.5621685973070845,9.418508891319243,0.34230135453871474,COMPLETE
393,0.14310519698305102,2026-04-22 00:33:09.259092,2026-04-22 00:33:09.655164,0 days 00:00:00.396072,5.737702423143626,9.080162931498096,0.47618598413535584,COMPLETE
394,0.15448917676948282,2026-04-22 00:33:09.655197,2026-04-22 00:33:10.054608,0 days 00:00:00.399411,3.807877829658696,9.635864506155382,0.4290433608139881,COMPLETE
395,0.15497471536781257,2026-04-22 00:33:10.054652,2026-04-22 00:33:10.451580,0 days 00:00:00.396928,2.7849819907403455,9.282136826182038,0.5141891915224687,COMPLETE
