number,value,datetime_start,datetime_complete,duration,params_alpha,params_beta,params_decay_factor,state
396,0.054086671121534285,2026-04-22 00:29:17.554579,2026-04-22 00:29:18.228852,0 days 00:00:00.674273,6.420091852125244,9.313241298511766,0.478713868234794,COMPLETE
397,0.07593835641833141,2026-04-22 00:29:18.228885,2026-04-22 00:29:18.930818,0 days 00:00:00.701933,3.486775956945463,9.81878165607823,0.6453375722110082,COMPLETE
398,0.07566140345458719,2026-04-22 00:29:18.930849,2026-04-22 00:29:19.625783,0 days 00:00:00.694934,4.033351805893677,9.616497865272676,0.5701409638822476,COMPLETE
399,0.07548319549767323,2026-04-22 00:29:19.625815,2026-04-22 00:29:20.330690,0 days 00:00:00.704875,3.0345013530134035,9.012555275701304,0.5456219631766775,COMPLETE
400,0.07681278869595615,2026-04-22 00:29:20.330723,2026-04-22 00:29:21.036414,0 days 00:00:00.705691,2.700472151693859,9.45500167021893,0.6000400048637202,COMPLETE
401,0.0764903914149501,2026-04-22 00:29:21.036446,2026-04-22 00:29:21.735911,0 days 00:00:00.699465,3.6107099814914827,9.999617829033971,0.5040565873073968,COMPLETE
402,0.0766665166621091,2026-04-22 00:29:21.735986,2026-04-22 00:29:22.455735,0 days 00:00:00.719749,3.376327772467338,9.698099596904393,0.521339260733635,COMPLETE
403,0.07602401053197858,2026-04-22 00:29:22.455768,2026-04-22 00:29:23.155157,0 days 00:00:00.699389,3.8652527731308934,9.277429716869738,0.44153894982185515,COMPLETE
404,0.07670239718799032,2026-04-22 00:29:23.155191,2026-04-22 00:29:23.902791,0 days 00:00:00.747600,3.1818787039385694,9.77935169883966,0.5869098974089483,COMPLETE
405,0.07641191109665899,2026-04-22 00:29:23.902827,2026-04-22 00:29:24.626042,0 days 00:00:00.723215,3.6559590728401705,9.481319078740434,0.5574291937516773,COMPLETE
406,0.03945162897358828,2026-04-22 00:29:24.626076,2026-04-22 00:29:25.312651,0 days 00:00:00.686575,9.24595749031699,9.817990940402304,0.5385601422605114,COMPLETE
407,0.07688631165490986,2026-04-22 00:29:25.312684,2026-04-22 00:29:26.008130,0 days 00:00:00.695446,2.929893668937343,9.596781343441565,0.6134500911522764,COMPLETE
408,0.07614229922216638,2026-04-22 00:29:26.008164,2026-04-22 00:29:26.718769,0 days 00:00:00.710605,3.3836815101507773,9.133511256765068,0.4732492524816118,COMPLETE
409,0.07678330956417394,2026-04-22 00:29:26.718805,2026-04-22 00:29:27.404624,0 days 00:00:00.685819,3.5346738402830002,9.995434158213062,0.5805977097696563,COMPLETE
410,0.07515527743452025,2026-04-22 00:29:27.404656,2026-04-22 00:29:28.085257,0 days 00:00:00.680601,3.138189394174354,7.387368692487481,0.513655477013822,COMPLETE
411,0.07590052311902631,2026-04-22 00:29:28.085289,2026-04-22 00:29:28.764255,0 days 00:00:00.678966,3.8272273074969534,9.350756384173035,0.5643168701706583,COMPLETE
412,0.055721101159621936,2026-04-22 00:29:28.764287,2026-04-22 00:29:29.453175,0 days 00:00:00.688888,4.13136579696486,2.662665731664591,0.6356890016747098,COMPLETE
413,0.07627403418733708,2026-04-22 00:29:29.453208,2026-04-22 00:29:30.143890,0 days 00:00:00.690682,3.3407258420686796,9.608255972724105,0.6759612365641661,COMPLETE
414,0.07045936087304545,2026-04-22 00:29:30.143927,2026-04-22 00:29:30.856761,0 days 00:00:00.712834,4.342845404811976,6.677128921087849,0.5393433605442762,COMPLETE
415,0.07671294971334064,2026-04-22 00:29:30.856794,2026-04-22 00:29:31.569372,0 days 00:00:00.712578,3.6648400665673897,9.811706522587917,0.5225824589112842,COMPLETE
416,0.07651895618964603,2026-04-22 00:29:31.569404,2026-04-22 00:29:32.289486,0 days 00:00:00.720082,3.498497987274724,9.462630666787597,0.4958270909021403,COMPLETE
417,0.07651547229643063,2026-04-22 00:29:32.289521,2026-04-22 00:29:33.008490,0 days 00:00:00.718969,3.1598516045683214,9.663587309314785,0.5999483197736695,COMPLETE
418,0.07662080078712255,2026-04-22 00:29:33.008522,2026-04-22 00:29:33.728123,0 days 00:00:00.719601,2.833748928494097,9.832412020428777,0.5584677808062717,COMPLETE
419,0.07589890832696936,2026-04-22 00:29:33.728156,2026-04-22 00:29:34.451537,0 days 00:00:00.723381,3.8582652192347857,9.206299710086748,0.5783280366151052,COMPLETE
420,0.07665342581761284,2026-04-22 00:29:34.451572,2026-04-22 00:29:35.181510,0 days 00:00:00.729938,3.3581453202118015,9.993011793092018,0.4557018634393543,COMPLETE
421,0.07620286024568128,2026-04-22 00:29:35.181543,2026-04-22 00:29:35.920605,0 days 00:00:00.739062,3.6611694369116856,8.939137147032143,0.4939085898365307,COMPLETE
422,0.07645717301364846,2026-04-22 00:29:35.920638,2026-04-22 00:29:36.653329,0 days 00:00:00.732691,3.0461669657016692,9.575059033308152,0.543344669121986,COMPLETE
423,0.07590326455682236,2026-04-22 00:29:36.653363,2026-04-22 00:29:37.389838,0 days 00:00:00.736475,3.9915098208139677,9.802040999835878,0.4198715734871337,COMPLETE
424,0.07674014982075703,2026-04-22 00:29:37.389873,2026-04-22 00:29:38.095133,0 days 00:00:00.705260,3.5164401967952488,9.372235323960277,0.6219809044633742,COMPLETE
425,0.07655559264360058,2026-04-22 00:29:38.095167,2026-04-22 00:29:38.794696,0 days 00:00:00.699529,3.2946303390963374,9.651099253275293,0.5202255904846843,COMPLETE
426,0.07649870686901163,2026-04-22 00:29:38.794729,2026-04-22 00:29:39.500097,0 days 00:00:00.705368,3.714718218990578,9.451742194491747,0.5932379537127626,COMPLETE
427,0.07681633879113843,2026-04-22 00:29:39.500131,2026-04-22 00:29:40.228102,0 days 00:00:00.727971,3.4765849290570645,9.82211526170179,0.5747555293985058,COMPLETE
428,0.07634527219544696,2026-04-22 00:29:40.228139,2026-04-22 00:29:40.938037,0 days 00:00:00.709898,3.20306835976287,9.64496631061864,0.5537748467261919,COMPLETE
429,0.07655823233886394,2026-04-22 00:29:40.938069,2026-04-22 00:29:41.623627,0 days 00:00:00.685558,3.896145673042116,9.99485202915344,0.47265946432957556,COMPLETE
430,0.07674509980188139,2026-04-22 00:29:41.623658,2026-04-22 00:29:42.304540,0 days 00:00:00.680882,2.8753973037641556,9.26349046807144,0.6069003363235618,COMPLETE
431,0.07657630569362464,2026-04-22 00:29:42.304573,2026-04-22 00:29:42.307819,0 days 00:00:00.003246,3.6582043026246076,9.461049311637979,0.533904054625278,COMPLETE
432,0.0766579731352282,2026-04-22 00:29:42.307852,2026-04-22 00:29:42.987523,0 days 00:00:00.679671,2.5946333393067254,9.784312795485334,0.5017717804492652,COMPLETE
433,0.07604934554711094,2026-04-22 00:29:42.987556,2026-04-22 00:29:43.667218,0 days 00:00:00.679662,3.3676339369973642,9.08417668833423,0.5699926824340954,COMPLETE
434,0.07266482289607983,2026-04-22 00:29:43.667250,2026-04-22 00:29:44.341817,0 days 00:00:00.674567,3.05572556261227,5.541540081388587,0.4895003220028232,COMPLETE
435,0.07682926398424283,2026-04-22 00:29:44.341850,2026-04-22 00:29:45.023837,0 days 00:00:00.681987,3.5262096441223503,9.61329398883436,0.6357968893881466,COMPLETE
436,0.07612197195055859,2026-04-22 00:29:45.023869,2026-04-22 00:29:45.705548,0 days 00:00:00.681679,4.026349147165202,9.822291519979114,0.5503174280365838,COMPLETE
437,0.07663636879126821,2026-04-22 00:29:45.705580,2026-04-22 00:29:46.389333,0 days 00:00:00.683753,3.2383141458314,9.34501560783181,0.5877121981668401,COMPLETE
438,0.07663835875264119,2026-04-22 00:29:46.389366,2026-04-22 00:29:47.080014,0 days 00:00:00.690648,3.723108210523066,9.668946827045199,0.5152156047813786,COMPLETE
439,0.0749044063081576,2026-04-22 00:29:47.080048,2026-04-22 00:29:47.758124,0 days 00:00:00.678076,4.254045932873536,8.860383735012192,0.43979259722141545,COMPLETE
440,0.0768231834684255,2026-04-22 00:29:47.758160,2026-04-22 00:29:48.444698,0 days 00:00:00.686538,3.451235577761332,9.484852104581506,0.5279331005051665,COMPLETE
441,0.07643743587916521,2026-04-22 00:29:48.444731,2026-04-22 00:29:49.129454,0 days 00:00:00.684723,3.0248444786538364,9.99159273059383,0.6054881145884609,COMPLETE
442,0.06909909859751862,2026-04-22 00:29:49.129486,2026-04-22 00:29:49.817788,0 days 00:00:00.688302,5.16510281148951,9.822017243310842,0.5664237630341405,COMPLETE
443,0.07479674798541817,2026-04-22 00:29:49.817819,2026-04-22 00:29:50.505389,0 days 00:00:00.687570,0.013812509613936541,9.203008487516863,0.4642324989839597,COMPLETE
444,0.0762247873551207,2026-04-22 00:29:50.505422,2026-04-22 00:29:51.186781,0 days 00:00:00.681359,3.794947642723148,9.530909107137825,0.6568124893426175,COMPLETE
445,0.07658819135362603,2026-04-22 00:29:51.186811,2026-04-22 00:29:51.877043,0 days 00:00:00.690232,3.308615481339008,9.99802778805463,0.5489900143595642,COMPLETE
446,0.04615283914588581,2026-04-22 00:29:51.877075,2026-04-22 00:29:52.552298,0 days 00:00:00.675223,3.5826292170528857,0.4770728976669032,0.5851112067064184,COMPLETE
447,0.07692605235495331,2026-04-22 00:29:52.552329,2026-04-22 00:29:53.239027,0 days 00:00:00.686698,3.1889846003542557,9.675593624067377,0.4840427317628527,COMPLETE
448,0.07657451197405618,2026-04-22 00:29:53.239059,2026-04-22 00:29:53.926915,0 days 00:00:00.687856,2.772393982499259,9.7688951972002,0.4896193571402624,COMPLETE
449,0.07262852984039193,2026-04-22 00:29:53.926948,2026-04-22 00:29:54.620661,0 days 00:00:00.693713,4.706941698241401,9.400059333258845,0.48017560068368303,COMPLETE
450,0.07650050351693219,2026-04-22 00:29:54.620695,2026-04-22 00:29:55.330926,0 days 00:00:00.710231,3.071665840324937,9.672158183260079,0.4495543591756166,COMPLETE
451,0.07635575141020838,2026-04-22 00:29:55.330962,2026-04-22 00:29:56.012246,0 days 00:00:00.681284,3.2063185014693927,9.819986118537207,0.5083282662544782,COMPLETE
452,0.07639295760774269,2026-04-22 00:29:56.012278,2026-04-22 00:29:56.691236,0 days 00:00:00.678958,2.9322380088887954,9.350001786058334,0.5273568616939759,COMPLETE
453,0.07620514727197979,2026-04-22 00:29:56.691267,2026-04-22 00:29:57.377292,0 days 00:00:00.686025,3.2909020752398175,9.545608737277346,0.4609999995473781,COMPLETE
454,0.06530856685341635,2026-04-22 00:29:57.377325,2026-04-22 00:29:58.053627,0 days 00:00:00.676302,3.9238488926636386,9.089142234075348,0.1287073198109075,COMPLETE
455,0.0769219028523826,2026-04-22 00:29:58.053659,2026-04-22 00:29:58.747511,0 days 00:00:00.693852,3.405549991917887,9.991997503580428,0.4931749527601657,COMPLETE
456,0.07672627738404669,2026-04-22 00:29:58.747550,2026-04-22 00:29:59.469813,0 days 00:00:00.722263,3.1169976952281027,9.691567326993079,0.4750213798344769,COMPLETE
457,0.06700654354982143,2026-04-22 00:29:59.469847,2026-04-22 00:30:00.172991,0 days 00:00:00.703144,3.689644474903105,4.08546583443339,0.43025334913716495,COMPLETE
458,0.07655423965438295,2026-04-22 00:30:00.173024,2026-04-22 00:30:00.904464,0 days 00:00:00.731440,3.5592793866627335,9.836588416466562,0.5034673705126684,COMPLETE
459,0.07643259347329454,2026-04-22 00:30:00.904534,2026-04-22 00:30:01.636713,0 days 00:00:00.732179,2.716271893791589,9.488127010848698,0.5394580731383106,COMPLETE
460,0.07602367199052959,2026-04-22 00:30:01.636748,2026-04-22 00:30:02.370580,0 days 00:00:00.733832,3.2531500703129335,9.265427971386437,0.5183599799348092,COMPLETE
461,0.07494065808901419,2026-04-22 00:30:02.370615,2026-04-22 00:30:03.113837,0 days 00:00:00.743222,4.116631319847221,9.653704978640244,0.38996359014553755,COMPLETE
462,0.07609195652092472,2026-04-22 00:30:03.113880,2026-04-22 00:30:03.826732,0 days 00:00:00.712852,3.8520707985590095,9.835569186819827,0.5592358794871715,COMPLETE
463,0.07670318727828743,2026-04-22 00:30:03.826763,2026-04-22 00:30:04.511987,0 days 00:00:00.685224,2.900254116464376,9.515254901668229,0.5349448621978403,COMPLETE
464,0.0766169496609524,2026-04-22 00:30:04.512018,2026-04-22 00:30:05.199877,0 days 00:00:00.687859,3.40609005357536,9.992495052296881,0.5095243764270031,COMPLETE
465,0.07628124354814042,2026-04-22 00:30:05.199909,2026-04-22 00:30:05.882894,0 days 00:00:00.682985,3.598576591591963,9.285476926136633,0.48152725325263007,COMPLETE
466,0.07717195164503082,2026-04-22 00:30:05.882926,2026-04-22 00:30:06.563196,0 days 00:00:00.680270,3.160648947461825,9.700752907075328,0.5684945955905213,COMPLETE
467,0.07651358725756047,2026-04-22 00:30:06.563227,2026-04-22 00:30:07.252365,0 days 00:00:00.689138,3.0379556389883895,9.768078243973816,0.5692831727137307,COMPLETE
468,0.07676468317673683,2026-04-22 00:30:07.252397,2026-04-22 00:30:07.950714,0 days 00:00:00.698317,3.4246666036494418,9.477102686593403,0.5525371660701375,COMPLETE
469,0.07618637736566757,2026-04-22 00:30:07.950747,2026-04-22 00:30:08.669568,0 days 00:00:00.718821,3.7225078105047587,9.018624948674546,0.5843580575965192,COMPLETE
470,0.07677558936750756,2026-04-22 00:30:08.669603,2026-04-22 00:30:09.382013,0 days 00:00:00.712410,3.325360793793993,9.799582685923658,0.5431312892019017,COMPLETE
471,0.0761537876116272,2026-04-22 00:30:09.382045,2026-04-22 00:30:10.077059,0 days 00:00:00.695014,3.9121765691793393,9.57550923327791,0.573238710715136,COMPLETE
472,0.07678159904226196,2026-04-22 00:30:10.077091,2026-04-22 00:30:10.788564,0 days 00:00:00.711473,3.5452445212249915,9.325386152870685,0.5523169210642777,COMPLETE
473,0.07685792894394579,2026-04-22 00:30:10.788596,2026-04-22 00:30:11.505155,0 days 00:00:00.716559,3.710810938502694,9.996076948874066,0.5933364459701839,COMPLETE
474,0.07683614980785716,2026-04-22 00:30:11.505198,2026-04-22 00:30:12.228428,0 days 00:00:00.723230,3.1390626645724047,9.669572975585899,0.530686611333896,COMPLETE
475,0.07585119711663091,2026-04-22 00:30:12.228464,2026-04-22 00:30:12.918403,0 days 00:00:00.689939,2.630754652854069,9.162765341506137,0.6213265591233396,COMPLETE
476,0.07529768049803351,2026-04-22 00:30:12.918434,2026-04-22 00:30:13.613294,0 days 00:00:00.694860,4.4708467481820895,9.829854197265892,0.5626918535020329,COMPLETE
477,0.07680821042361487,2026-04-22 00:30:13.613332,2026-04-22 00:30:13.632235,0 days 00:00:00.018903,2.940994899127384,9.433290108456939,0.5753424508178726,COMPLETE
478,0.07633500910336924,2026-04-22 00:30:13.632269,2026-04-22 00:30:14.365206,0 days 00:00:00.732937,3.3860110981900333,9.565989157144418,0.5236887260197363,COMPLETE
479,0.07521109468855422,2026-04-22 00:30:14.365241,2026-04-22 00:30:15.091679,0 days 00:00:00.726438,4.175006078860028,8.81743713449681,0.5954799550436186,COMPLETE
480,0.05740283210291051,2026-04-22 00:30:15.091714,2026-04-22 00:30:15.804828,0 days 00:00:00.713114,3.5766115465777406,2.184170016175064,0.5483679350604098,COMPLETE
481,0.07647757455090373,2026-04-22 00:30:15.804862,2026-04-22 00:30:16.525260,0 days 00:00:00.720398,3.218421368936299,9.801092312421563,0.5664162771991607,COMPLETE
482,0.07643195677582416,2026-04-22 00:30:16.525294,2026-04-22 00:30:17.240864,0 days 00:00:00.715570,4.004432998687561,9.98834174764,0.5112529802265223,COMPLETE
483,0.07607044309229426,2026-04-22 00:30:17.240898,2026-04-22 00:30:17.959361,0 days 00:00:00.718463,3.8032430525674186,9.331339658702225,0.6173386290079355,COMPLETE
484,0.07640597331704106,2026-04-22 00:30:17.959397,2026-04-22 00:30:18.681572,0 days 00:00:00.722175,3.5086979506521,9.585994569827227,0.5373541368977632,COMPLETE
485,0.0764480403730965,2026-04-22 00:30:18.681610,2026-04-22 00:30:19.363223,0 days 00:00:00.681613,3.3436097126457085,9.830893930112824,0.587331050782818,COMPLETE
486,0.07717381596529936,2026-04-22 00:30:19.363255,2026-04-22 00:30:20.073857,0 days 00:00:00.710602,2.997406284027981,9.67077617869567,0.5634784464697159,COMPLETE
487,0.07635208398800993,2026-04-22 00:30:20.073893,2026-04-22 00:30:20.785862,0 days 00:00:00.711969,3.7957393290457455,9.68920366632755,0.568071423953774,COMPLETE
488,0.07611868648386233,2026-04-22 00:30:20.785894,2026-04-22 00:30:21.473958,0 days 00:00:00.688064,3.131163570058265,9.990269112259037,0.5971707865361142,COMPLETE
489,0.07669085602761877,2026-04-22 00:30:21.473993,2026-04-22 00:30:22.196326,0 days 00:00:00.722333,3.618122575372216,9.673779570337182,0.560029975887423,COMPLETE
490,0.07652568966055638,2026-04-22 00:30:22.196359,2026-04-22 00:30:22.914824,0 days 00:00:00.718465,2.883045708263532,9.793400054455455,0.5884599855885982,COMPLETE
491,0.07644914753561945,2026-04-22 00:30:22.914857,2026-04-22 00:30:23.618956,0 days 00:00:00.704099,3.364771265165886,9.488837420043465,0.6110426385320118,COMPLETE
492,0.07609689364305755,2026-04-22 00:30:23.618990,2026-04-22 00:30:24.319446,0 days 00:00:00.700456,3.5030925592525612,9.793655413644471,0.6434696193014882,COMPLETE
493,0.07704735014538798,2026-04-22 00:30:24.319478,2026-04-22 00:30:25.031054,0 days 00:00:00.711576,3.227519490394564,9.531351201350272,0.5481114459217516,COMPLETE
494,0.07648552755264228,2026-04-22 00:30:25.031088,2026-04-22 00:30:25.760317,0 days 00:00:00.729229,2.77739041882741,9.633606284910545,0.5357531280970791,COMPLETE
495,0.07636818225129972,2026-04-22 00:30:25.760351,2026-04-22 00:30:26.491146,0 days 00:00:00.730795,3.093592859514925,9.41225057185581,0.41151433451599406,COMPLETE
496,0.07631807842254575,2026-04-22 00:30:26.491181,2026-04-22 00:30:27.222685,0 days 00:00:00.731504,3.6989356898666275,9.988995172381381,0.577824920502454,COMPLETE
497,0.0764418997114989,2026-04-22 00:30:27.222721,2026-04-22 00:30:27.960247,0 days 00:00:00.737526,3.9453075627877174,9.816865448979039,0.5528367339247872,COMPLETE
498,0.07392442211163502,2026-04-22 00:30:27.960281,2026-04-22 00:30:28.683073,0 days 00:00:00.722792,3.239469918990515,6.307365352640859,0.5701191873386401,COMPLETE
499,0.07677763107074542,2026-04-22 00:30:28.683106,2026-04-22 00:30:29.374966,0 days 00:00:00.691860,2.562221084506124,9.589312714244668,0.5272925543466502,COMPLETE
