number,value,datetime_start,datetime_complete,duration,params_alpha,params_beta,params_decay_factor,state
264,0.08519070379194739,2026-04-22 00:41:56.986981,2026-04-22 00:41:57.398484,0 days 00:00:00.411503,3.429847686439129,9.6140436796491,0.477069256838397,COMPLETE
265,0.0842401689167671,2026-04-22 00:41:57.398516,2026-04-22 00:41:57.808364,0 days 00:00:00.409848,4.3538569640331675,9.10619728583042,0.5065461789666647,COMPLETE
266,0.08515080832520308,2026-04-22 00:41:57.808399,2026-04-22 00:41:58.221876,0 days 00:00:00.413477,3.938570573224231,8.94622540181588,0.5339716956231253,COMPLETE
267,0.08477015857284893,2026-04-22 00:41:58.221910,2026-04-22 00:41:58.637670,0 days 00:00:00.415760,2.272490278740778,9.32705611301255,0.4614840204122174,COMPLETE
268,0.08510842106952894,2026-04-22 00:41:58.637704,2026-04-22 00:41:59.054475,0 days 00:00:00.416771,3.609280815962976,8.75683722247926,0.48735076455350496,COMPLETE
269,0.08386843848536198,2026-04-22 00:41:59.054507,2026-04-22 00:41:59.460865,0 days 00:00:00.406358,2.9909519032145506,9.522376117808957,0.4380712119132726,COMPLETE
270,0.07823213585577224,2026-04-22 00:41:59.460897,2026-04-22 00:41:59.891530,0 days 00:00:00.430633,5.69705834782356,9.116342068156447,0.5667718237208086,COMPLETE
271,0.08534445281273637,2026-04-22 00:41:59.891563,2026-04-22 00:42:00.297783,0 days 00:00:00.406220,4.144994649053883,8.897953115458058,0.5192078879945186,COMPLETE
272,0.06591452739668602,2026-04-22 00:42:00.297816,2026-04-22 00:42:00.698030,0 days 00:00:00.400214,1.1684649139628616,1.980828500377922,0.5020888325094728,COMPLETE
273,0.08357290310407861,2026-04-22 00:42:00.698061,2026-04-22 00:42:01.106484,0 days 00:00:00.408423,3.2756317302415194,8.653399329617587,0.4719243451394164,COMPLETE
274,0.08404598046015,2026-04-22 00:42:01.106516,2026-04-22 00:42:01.525971,0 days 00:00:00.419455,3.789450756211832,9.429368365219247,0.5416172360078659,COMPLETE
275,0.08552576280598968,2026-04-22 00:42:01.526005,2026-04-22 00:42:01.963205,0 days 00:00:00.437200,3.3898148303047075,9.170992557302768,0.4873885669705309,COMPLETE
276,0.08482533407961013,2026-04-22 00:42:01.963241,2026-04-22 00:42:02.378884,0 days 00:00:00.415643,3.41359107535423,9.814873168337122,0.4602899772579794,COMPLETE
277,0.08541746131214656,2026-04-22 00:42:02.378916,2026-04-22 00:42:02.801805,0 days 00:00:00.422889,3.178955396790887,9.225928842570486,0.4831962661142628,COMPLETE
278,0.05985514242299402,2026-04-22 00:42:02.801840,2026-04-22 00:42:03.209082,0 days 00:00:00.407242,2.998631969065094,0.4301641756934895,0.21326143161031114,COMPLETE
279,0.08431258132131773,2026-04-22 00:42:03.209114,2026-04-22 00:42:03.624495,0 days 00:00:00.415381,3.5587501190219317,9.623665085308827,0.4371220462865865,COMPLETE
280,0.08566923869840724,2026-04-22 00:42:03.624528,2026-04-22 00:42:04.040141,0 days 00:00:00.415613,2.668810255404515,9.354385127828486,0.5220629399912623,COMPLETE
281,0.08331974686686679,2026-04-22 00:42:04.040175,2026-04-22 00:42:04.452881,0 days 00:00:00.412706,2.7166315821635947,9.408598236942725,0.5478892779480579,COMPLETE
282,0.0845165907840322,2026-04-22 00:42:04.452912,2026-04-22 00:42:04.858626,0 days 00:00:00.405714,3.2245086238837746,9.964537803711233,0.5186965822843045,COMPLETE
283,0.08371793762732581,2026-04-22 00:42:04.858660,2026-04-22 00:42:05.269853,0 days 00:00:00.411193,3.4833410537993714,9.62601401474695,0.5278010851342372,COMPLETE
284,0.08494479845652654,2026-04-22 00:42:05.269886,2026-04-22 00:42:05.681302,0 days 00:00:00.411416,3.2968362279240044,9.392619592192686,0.5922125346145508,COMPLETE
285,0.08340408839873145,2026-04-22 00:42:05.681335,2026-04-22 00:42:06.097722,0 days 00:00:00.416387,2.995979730750376,9.198522593401558,0.5629918582091608,COMPLETE
286,0.08535157740599388,2026-04-22 00:42:06.097753,2026-04-22 00:42:06.548572,0 days 00:00:00.450819,3.637671669645223,9.027416983601102,0.49485616343094185,COMPLETE
287,0.08581491360029539,2026-04-22 00:42:06.548608,2026-04-22 00:42:06.970231,0 days 00:00:00.421623,3.428657020905514,9.291776694786886,0.5323890420933515,COMPLETE
288,0.08490524905722452,2026-04-22 00:42:06.970263,2026-04-22 00:42:07.382917,0 days 00:00:00.412654,3.873486731311179,9.690186361526358,0.5104729654495082,COMPLETE
289,0.08493805870621739,2026-04-22 00:42:07.382951,2026-04-22 00:42:07.801208,0 days 00:00:00.418257,3.5155201743438678,9.361536321411773,0.45588778308957834,COMPLETE
290,0.07462630779597475,2026-04-22 00:42:07.801241,2026-04-22 00:42:08.213109,0 days 00:00:00.411868,3.650270857078078,2.939819887027775,0.5464066927808634,COMPLETE
291,0.0848828657224664,2026-04-22 00:42:08.213143,2026-04-22 00:42:08.633723,0 days 00:00:00.420580,4.204329952664837,9.482373710377047,0.4960443052915144,COMPLETE
292,0.08535432098594524,2026-04-22 00:42:08.633755,2026-04-22 00:42:09.037559,0 days 00:00:00.403804,1.7327484891801679,9.17138203297152,0.5244217398557725,COMPLETE
293,0.08488751453267047,2026-04-22 00:42:09.037594,2026-04-22 00:42:09.447129,0 days 00:00:00.409535,3.3970030281416017,9.826449263904149,0.4747462647158613,COMPLETE
294,0.07431931524660554,2026-04-22 00:42:09.447160,2026-04-22 00:42:09.857296,0 days 00:00:00.410136,6.564329324295725,9.257723343946083,0.9708118300243362,COMPLETE
295,0.08404140464526723,2026-04-22 00:42:09.857331,2026-04-22 00:42:10.280887,0 days 00:00:00.423556,4.036094870416719,9.542593318759568,0.4240895499099819,COMPLETE
296,0.08527995715162666,2026-04-22 00:42:10.280920,2026-04-22 00:42:10.685547,0 days 00:00:00.404627,3.8735543353438078,9.035090780185227,0.5151239467851724,COMPLETE
297,0.08219760263569054,2026-04-22 00:42:10.685580,2026-04-22 00:42:11.088570,0 days 00:00:00.402990,3.152311668779883,5.489405494471911,0.5776704699869037,COMPLETE
298,0.0859406429644292,2026-04-22 00:42:11.088604,2026-04-22 00:42:11.498153,0 days 00:00:00.409549,3.406838337317954,9.219251137981995,0.4910766226854059,COMPLETE
299,0.049150440865656266,2026-04-22 00:42:11.498186,2026-04-22 00:42:11.904736,0 days 00:00:00.406550,8.786895412690516,8.790918287570548,0.449495725962309,COMPLETE
300,0.08574942749798131,2026-04-22 00:42:11.904770,2026-04-22 00:42:12.322092,0 days 00:00:00.417322,3.676602936177194,9.369623501026947,0.47410705594069696,COMPLETE
301,0.08513223177358843,2026-04-22 00:42:12.322124,2026-04-22 00:42:12.738431,0 days 00:00:00.416307,2.054585135265342,9.667821127251278,0.46419401851117514,COMPLETE
302,0.08475871801901538,2026-04-22 00:42:12.738465,2026-04-22 00:42:13.151365,0 days 00:00:00.412900,4.46538060948988,9.404035149535577,0.4841672405178517,COMPLETE
303,0.0854877522405574,2026-04-22 00:42:13.151397,2026-04-22 00:42:13.561751,0 days 00:00:00.410354,3.556544636525895,9.797321376441403,0.46751557588229126,COMPLETE
304,0.08496182150433737,2026-04-22 00:42:13.561785,2026-04-22 00:42:13.968285,0 days 00:00:00.406500,2.8772955657630894,9.342366470314223,0.4381945418202251,COMPLETE
305,0.0837430270793236,2026-04-22 00:42:13.968317,2026-04-22 00:42:14.395088,0 days 00:00:00.426771,2.3834279466366057,8.431809903964822,0.4096267443772559,COMPLETE
306,0.08545419845935852,2026-04-22 00:42:14.395121,2026-04-22 00:42:14.811172,0 days 00:00:00.416051,3.4129390270179805,9.997378579827515,0.4913737515560177,COMPLETE
307,0.08501426598599506,2026-04-22 00:42:14.811205,2026-04-22 00:42:15.217366,0 days 00:00:00.406161,3.6758762023292997,9.53737233601399,0.475067695241678,COMPLETE
308,0.08194452652919651,2026-04-22 00:42:15.217399,2026-04-22 00:42:15.622521,0 days 00:00:00.405122,3.9316437773064163,6.347021681988821,0.5002587092954619,COMPLETE
309,0.0838045016135891,2026-04-22 00:42:15.622578,2026-04-22 00:42:16.044886,0 days 00:00:00.422308,3.261370790243162,9.052638298803657,0.45161866285790303,COMPLETE
310,0.08490030260946367,2026-04-22 00:42:16.044919,2026-04-22 00:42:16.463488,0 days 00:00:00.418569,3.0503006229653966,8.925174807866975,0.491110701614061,COMPLETE
311,0.08569249734279254,2026-04-22 00:42:16.463521,2026-04-22 00:42:16.876031,0 days 00:00:00.412510,3.6719761284274037,9.229265266521924,0.4689000667036221,COMPLETE
312,0.08450992854964365,2026-04-22 00:42:16.876063,2026-04-22 00:42:17.289429,0 days 00:00:00.413366,4.1571338020225,8.649799018279504,0.4346108603858909,COMPLETE
313,0.08543837738234164,2026-04-22 00:42:17.289463,2026-04-22 00:42:17.700073,0 days 00:00:00.410610,3.797427405258689,9.647604848276389,0.46386008574615095,COMPLETE
314,0.0844045521719236,2026-04-22 00:42:17.700105,2026-04-22 00:42:18.119027,0 days 00:00:00.418922,3.6141993410846096,9.362339305186547,0.44778412262222256,COMPLETE
315,0.08466461377484366,2026-04-22 00:42:18.119060,2026-04-22 00:42:18.531903,0 days 00:00:00.412843,3.946903033297444,8.866160718677401,0.4758487378666833,COMPLETE
316,0.08640004693061991,2026-04-22 00:42:18.531934,2026-04-22 00:42:18.952249,0 days 00:00:00.420315,3.7365414041994782,9.23739955970127,0.5096408320414542,COMPLETE
317,0.08494183981134062,2026-04-22 00:42:18.952281,2026-04-22 00:42:19.351884,0 days 00:00:00.399603,1.5396420102328112,9.529917099862462,0.5073161685370802,COMPLETE
318,0.0826657488267086,2026-04-22 00:42:19.351915,2026-04-22 00:42:19.070231,-1 days +23:59:59.718316,4.29439486491768,9.378005070302121,0.9399518689758841,COMPLETE
319,0.08222866525203451,2026-04-22 00:42:19.070264,2026-04-22 00:42:19.475618,0 days 00:00:00.405354,4.896345033227296,9.244554390221236,0.5530931251519354,COMPLETE
320,0.08369150466068938,2026-04-22 00:42:19.475650,2026-04-22 00:42:19.902937,0 days 00:00:00.427287,4.082426943006942,9.783216831692203,0.5285061998651236,COMPLETE
321,0.0854520799091596,2026-04-22 00:42:19.902970,2026-04-22 00:42:20.314871,0 days 00:00:00.411901,3.764769792615123,8.997571440907507,0.5064125422300998,COMPLETE
322,0.0845432519833904,2026-04-22 00:42:20.314903,2026-04-22 00:42:20.728389,0 days 00:00:00.413486,1.969170548870219,9.588464834005691,0.5424163960220632,COMPLETE
323,0.08607938601226857,2026-04-22 00:42:20.728425,2026-04-22 00:42:21.134120,0 days 00:00:00.405695,3.5066874170197915,9.231661437884625,0.5110947413858012,COMPLETE
324,0.08542585121213715,2026-04-22 00:42:21.134152,2026-04-22 00:42:21.544012,0 days 00:00:00.409860,3.556201267845297,9.398328848654371,0.5004265106373242,COMPLETE
325,0.08451701200051154,2026-04-22 00:42:21.544044,2026-04-22 00:42:21.957983,0 days 00:00:00.413939,3.804709481550176,8.802664744136056,0.47779131911003764,COMPLETE
326,0.0846505721855044,2026-04-22 00:42:21.958016,2026-04-22 00:42:22.364036,0 days 00:00:00.406020,2.628566694738984,9.183064377449721,0.5085920338525115,COMPLETE
327,0.08553365577624686,2026-04-22 00:42:22.364069,2026-04-22 00:42:22.773444,0 days 00:00:00.409375,3.9695879652702186,9.740058847311467,0.49479956881941306,COMPLETE
328,0.0847321004658276,2026-04-22 00:42:22.773475,2026-04-22 00:42:23.174026,0 days 00:00:00.400551,3.4614683852537302,8.520598468750169,0.5206277867864999,COMPLETE
329,0.0845535363563256,2026-04-22 00:42:23.174068,2026-04-22 00:42:23.577084,0 days 00:00:00.403016,3.1832844132374722,9.425908594613178,0.47947921637429897,COMPLETE
330,0.08427492858984917,2026-04-22 00:42:23.577116,2026-04-22 00:42:23.999540,0 days 00:00:00.422424,2.2425409123096967,9.994238684112176,0.4218152600782986,COMPLETE
331,0.08429997902775267,2026-04-22 00:42:23.999574,2026-04-22 00:42:24.412079,0 days 00:00:00.412505,3.6904308594249593,9.011327934347602,0.45838290793169556,COMPLETE
332,0.08570420978542427,2026-04-22 00:42:24.412112,2026-04-22 00:42:24.827392,0 days 00:00:00.415280,3.3169521669333824,8.697621823135057,0.5196038420355218,COMPLETE
333,0.08518068481492258,2026-04-22 00:42:24.827424,2026-04-22 00:42:25.236594,0 days 00:00:00.409170,2.824787766399013,8.6468124112993,0.5673132592449505,COMPLETE
334,0.08450924787376686,2026-04-22 00:42:25.236630,2026-04-22 00:42:25.652579,0 days 00:00:00.415949,3.133718485829774,8.812401513119344,0.5410847982853979,COMPLETE
335,0.08366569735773756,2026-04-22 00:42:25.652611,2026-04-22 00:42:26.069537,0 days 00:00:00.416926,0.365507648705405,8.46434092449767,0.5174725929023617,COMPLETE
336,0.085603904193323,2026-04-22 00:42:26.069569,2026-04-22 00:42:26.496259,0 days 00:00:00.426690,3.3599946627308546,8.696206473197655,0.5248761035352864,COMPLETE
337,0.08498994851860887,2026-04-22 00:42:26.496303,2026-04-22 00:42:26.912112,0 days 00:00:00.415809,0.8888614732252678,8.298032057502459,0.5128589440476652,COMPLETE
338,0.0838887251105145,2026-04-22 00:42:26.912145,2026-04-22 00:42:27.325791,0 days 00:00:00.413646,3.2604404658334993,8.594916982155338,0.48331306190013834,COMPLETE
339,0.08431360485219495,2026-04-22 00:42:27.325823,2026-04-22 00:42:27.738851,0 days 00:00:00.413028,3.4611843203349255,8.771868705027895,0.554730627698964,COMPLETE
340,0.08410332258792359,2026-04-22 00:42:27.738884,2026-04-22 00:42:28.150123,0 days 00:00:00.411239,3.0160015894622254,8.884671038091017,0.4476422198015216,COMPLETE
341,0.08503429958687837,2026-04-22 00:42:28.150155,2026-04-22 00:42:28.554479,0 days 00:00:00.404324,3.3186081426215637,8.154444427929397,0.5276383587745275,COMPLETE
342,0.08464852067787447,2026-04-22 00:42:28.554510,2026-04-22 00:42:28.957145,0 days 00:00:00.402635,1.823314487134391,8.9844959477022,0.500558008618854,COMPLETE
343,0.08298070447653716,2026-04-22 00:42:28.957176,2026-04-22 00:42:29.369254,0 days 00:00:00.412078,4.5067366530131565,8.575923833807234,0.46522686457068974,COMPLETE
344,0.08536530166447205,2026-04-22 00:42:29.369286,2026-04-22 00:42:29.801538,0 days 00:00:00.432252,3.5643468398142386,9.095478331680765,0.4857431791501563,COMPLETE
345,0.08491550877619283,2026-04-22 00:42:29.801571,2026-04-22 00:42:30.231830,0 days 00:00:00.430259,3.823927005984088,8.788968164044253,0.39940776228148284,COMPLETE
346,0.08519536944722095,2026-04-22 00:42:30.231863,2026-04-22 00:42:30.655716,0 days 00:00:00.423853,2.900122614702828,8.362000681601144,0.5176706680015434,COMPLETE
347,0.08494727619813183,2026-04-22 00:42:30.655750,2026-04-22 00:42:31.068091,0 days 00:00:00.412341,2.4791776120249276,9.184910229597945,0.5398525785699338,COMPLETE
348,0.08455355978209092,2026-04-22 00:42:31.068123,2026-04-22 00:42:31.495127,0 days 00:00:00.427004,4.021840535792641,8.97421593667537,0.4733648610243097,COMPLETE
349,0.0846235887900388,2026-04-22 00:42:31.495160,2026-04-22 00:42:31.912780,0 days 00:00:00.417620,3.1412922788292628,8.659949355438663,0.5014006816436358,COMPLETE
350,0.08407484448168501,2026-04-22 00:42:31.912813,2026-04-22 00:42:32.325506,0 days 00:00:00.412693,3.4161610130837543,9.216399314578323,0.4431913661958945,COMPLETE
351,0.08455630002918246,2026-04-22 00:42:32.325540,2026-04-22 00:42:32.745033,0 days 00:00:00.419493,4.223982171589696,9.307299946005395,0.5173258825972833,COMPLETE
352,0.08551015924295638,2026-04-22 00:42:32.745064,2026-04-22 00:42:33.153719,0 days 00:00:00.408655,3.739806286842604,8.925122326573259,0.4884542974713789,COMPLETE
353,0.0834652375498653,2026-04-22 00:42:33.153752,2026-04-22 00:42:33.586544,0 days 00:00:00.432792,3.3072349091933733,9.50469143323103,0.561113241834492,COMPLETE
354,0.08425824240682059,2026-04-22 00:42:33.586578,2026-04-22 00:42:33.994957,0 days 00:00:00.408379,3.589518854815243,8.680145110485277,0.4619745304682075,COMPLETE
355,0.08365475256252754,2026-04-22 00:42:33.994991,2026-04-22 00:42:34.410948,0 days 00:00:00.415957,3.9413979454391477,9.05691813243001,0.4210434760070353,COMPLETE
356,0.08535987941614141,2026-04-22 00:42:34.410981,2026-04-22 00:42:34.818481,0 days 00:00:00.407500,2.042457280896526,9.318161828719795,0.5357736743245061,COMPLETE
357,0.0851348190571766,2026-04-22 00:42:34.818514,2026-04-22 00:42:35.237145,0 days 00:00:00.418631,2.769841808381497,8.926246589347556,0.5003883241340543,COMPLETE
358,0.08511338328080267,2026-04-22 00:42:35.237177,2026-04-22 00:42:35.644862,0 days 00:00:00.407685,3.086504403496904,9.184916060992594,0.47577214710021504,COMPLETE
359,0.08534076979880979,2026-04-22 00:42:35.644894,2026-04-22 00:42:36.061889,0 days 00:00:00.416995,3.465802591393878,9.535369283511537,0.5189010540644995,COMPLETE
360,0.0823123024708898,2026-04-22 00:42:36.061921,2026-04-22 00:42:36.473169,0 days 00:00:00.411248,4.6781748261688545,8.789781988357777,0.6194978105940199,COMPLETE
361,0.08425532596900283,2026-04-22 00:42:36.473203,2026-04-22 00:42:36.892065,0 days 00:00:00.418862,3.6855563809933587,9.073147976988004,0.45012717452063306,COMPLETE
362,0.08501100909385553,2026-04-22 00:42:36.892099,2026-04-22 00:42:37.300110,0 days 00:00:00.408011,3.31832118216021,8.451914904224207,0.4938397170186952,COMPLETE
363,0.0823933055502093,2026-04-22 00:42:37.300144,2026-04-22 00:42:37.704083,0 days 00:00:00.403939,3.8429196613397654,6.874442859235733,0.8647246264360475,COMPLETE
364,0.08444921468250409,2026-04-22 00:42:37.704115,2026-04-22 00:42:38.110538,0 days 00:00:00.406423,2.3554864871048258,9.358952290557971,0.5416149110743521,COMPLETE
365,0.0837908765426375,2026-04-22 00:42:38.110569,2026-04-22 00:42:38.518858,0 days 00:00:00.408289,3.549544155606324,7.281658786728381,0.47147187512101757,COMPLETE
366,0.08394935251655647,2026-04-22 00:42:38.518891,2026-04-22 00:42:38.924559,0 days 00:00:00.405668,4.162879105943896,9.626031208924713,0.5806362020651572,COMPLETE
367,0.08416115688853809,2026-04-22 00:42:38.924592,2026-04-22 00:42:39.331697,0 days 00:00:00.407105,3.1606643330162756,7.986046136476917,0.5101886844543223,COMPLETE
368,0.08473811652354511,2026-04-22 00:42:39.331729,2026-04-22 00:42:39.742217,0 days 00:00:00.410488,1.6536378011002097,9.251088015018563,0.4869896038384753,COMPLETE
369,0.08406548224195019,2026-04-22 00:42:39.742251,2026-04-22 00:42:40.161795,0 days 00:00:00.419544,3.758807097395154,8.8392068527403,0.43083911695618965,COMPLETE
370,0.08533956525472418,2026-04-22 00:42:40.161829,2026-04-22 00:42:40.584144,0 days 00:00:00.422315,2.916920219085818,9.021116569923786,0.5263431875500553,COMPLETE
371,0.08564171889802404,2026-04-22 00:42:40.584177,2026-04-22 00:42:40.998613,0 days 00:00:00.414436,2.5865469602199505,9.439605288816441,0.46125842090600544,COMPLETE
372,0.08544084234946746,2026-04-22 00:42:40.998645,2026-04-22 00:42:41.401215,0 days 00:00:00.402570,2.224736407283261,9.48174577771072,0.4576018547220287,COMPLETE
373,0.08418132234558244,2026-04-22 00:42:41.401247,2026-04-22 00:42:41.811939,0 days 00:00:00.410692,2.5820490804300382,9.692804995532473,0.4359495693823289,COMPLETE
374,0.08078366794949389,2026-04-22 00:42:41.811972,2026-04-22 00:42:42.224267,0 days 00:00:00.412295,2.4867624496124057,5.029007551201506,0.46391597812118346,COMPLETE
375,0.08496015177184217,2026-04-22 00:42:42.224299,2026-04-22 00:42:42.638107,0 days 00:00:00.413808,2.114157805972577,9.367807992093248,0.4840925620234214,COMPLETE
376,0.08458644069862283,2026-04-22 00:42:42.638141,2026-04-22 00:42:43.064839,0 days 00:00:00.426698,2.6602335878680226,9.522506365738078,0.41261698225396115,COMPLETE
377,0.08361456897316076,2026-04-22 00:42:43.064872,2026-04-22 00:42:43.479025,0 days 00:00:00.414153,1.905042137468311,9.217827571378049,0.4498540073147016,COMPLETE
378,0.08102809245284491,2026-04-22 00:42:43.479060,2026-04-22 00:42:43.910662,0 days 00:00:00.431602,5.309576347240919,9.133734549337184,0.49808209487257715,COMPLETE
379,0.08565942741173536,2026-04-22 00:42:43.910696,2026-04-22 00:42:44.335329,0 days 00:00:00.424633,4.054681548295767,9.69109606806152,0.4709429859267243,COMPLETE
380,0.0851929821913918,2026-04-22 00:42:44.335361,2026-04-22 00:42:44.751139,0 days 00:00:00.415778,4.4040433606561695,9.911485822430627,0.4645813614800264,COMPLETE
381,0.08409408068652649,2026-04-22 00:42:44.751173,2026-04-22 00:42:45.183695,0 days 00:00:00.432522,4.079105248049625,9.677918012551297,0.3855943798870468,COMPLETE
382,0.08551634545300868,2026-04-22 00:42:45.183737,2026-04-22 00:42:45.601929,0 days 00:00:00.418192,4.284171372727039,9.727085243989897,0.45236872153645685,COMPLETE
383,0.08460175667222135,2026-04-22 00:42:45.601961,2026-04-22 00:42:46.010033,0 days 00:00:00.408072,3.9222075806508263,9.63057892900785,0.42671235123039714,COMPLETE
384,0.0775494526533637,2026-04-22 00:42:46.010067,2026-04-22 00:42:46.415857,0 days 00:00:00.405790,4.082528283673189,3.7801102174704093,0.4782458949527644,COMPLETE
385,0.08430637879931824,2026-04-22 00:42:46.415890,2026-04-22 00:42:46.829236,0 days 00:00:00.413346,2.3796041420977603,9.463859950903581,0.4387716266343457,COMPLETE
386,0.08535072030215438,2026-04-22 00:42:46.829269,2026-04-22 00:42:47.237676,0 days 00:00:00.408407,3.934570603689876,9.842517386382507,0.4755904786044972,COMPLETE
387,0.08581339778958509,2026-04-22 00:42:47.237708,2026-04-22 00:42:47.664030,0 days 00:00:00.426322,3.693354074809815,9.391183581470305,0.48737831734143655,COMPLETE
388,0.08557432952486484,2026-04-22 00:42:47.664063,2026-04-22 00:42:48.080828,0 days 00:00:00.416765,3.684569900573967,9.32087946055567,0.49697586559972623,COMPLETE
389,0.08523942920183501,2026-04-22 00:42:48.080862,2026-04-22 00:42:48.507153,0 days 00:00:00.426291,3.8824089340476644,9.089590284419717,0.5059560539817722,COMPLETE
390,0.08460403057012691,2026-04-22 00:42:48.507186,2026-04-22 00:42:48.918849,0 days 00:00:00.411663,4.330978023937368,8.932197766939868,0.49049673723314163,COMPLETE
391,0.08463759050581761,2026-04-22 00:42:48.918883,2026-04-22 00:42:49.327616,0 days 00:00:00.408733,4.1115730035919285,9.542261011736677,0.4776068985714499,COMPLETE
392,0.0839763788499909,2026-04-22 00:42:49.327648,2026-04-22 00:42:49.742751,0 days 00:00:00.415103,3.5700937155866908,9.378312702580116,0.5440629408458171,COMPLETE
393,0.08544648881108755,2026-04-22 00:42:49.742785,2026-04-22 00:42:50.157007,0 days 00:00:00.414222,3.755944503623491,9.045412669600077,0.5115716378393611,COMPLETE
394,0.0856097317306427,2026-04-22 00:42:50.157041,2026-04-22 00:42:50.578201,0 days 00:00:00.421160,3.5328519045753173,9.790733771231073,0.4852088584779517,COMPLETE
395,0.08363784031542465,2026-04-22 00:42:50.578234,2026-04-22 00:42:50.285368,-1 days +23:59:59.707134,4.002811488186675,9.276941621936599,0.5640142099804122,COMPLETE
