number,value,datetime_start,datetime_complete,duration,params_alpha,params_beta,params_decay_factor,state
132,0.0717235660029125,2026-04-22 00:02:13.505690,2026-04-22 00:02:13.845226,0 days 00:00:00.339536,2.904712239433393,9.083142804893315,0.45698526508028575,COMPLETE
133,0.07087690875825801,2026-04-22 00:02:13.845257,2026-04-22 00:02:14.178029,0 days 00:00:00.332772,0.9015823683581821,9.279880328204227,0.5353584175789766,COMPLETE
134,0.0373088538929704,2026-04-22 00:02:14.178061,2026-04-22 00:02:14.509010,0 days 00:00:00.330949,8.3154474155989,8.507354706136136,0.3587540802832859,COMPLETE
135,0.07222050312220492,2026-04-22 00:02:14.509050,2026-04-22 00:02:14.853011,0 days 00:00:00.343961,3.249030662328277,8.9573351446775,0.30816409692478364,COMPLETE
136,0.07121615554864855,2026-04-22 00:02:14.853045,2026-04-22 00:02:15.198816,0 days 00:00:00.345771,3.325263841783082,8.807469446830199,0.3073683258062782,COMPLETE
137,0.07218476248954515,2026-04-22 00:02:15.198848,2026-04-22 00:02:15.529134,0 days 00:00:00.330286,3.7413161574350737,8.292423678569646,0.3416632786547505,COMPLETE
138,0.0721388478666243,2026-04-22 00:02:15.529166,2026-04-22 00:02:15.871035,0 days 00:00:00.341869,3.7332278456321055,8.237489493102572,0.35140967193385525,COMPLETE
139,0.06929816632847148,2026-04-22 00:02:15.871077,2026-04-22 00:02:16.208888,0 days 00:00:00.337811,4.258148721655686,8.294267593938441,0.33058934866578304,COMPLETE
140,0.06409298792191565,2026-04-22 00:02:16.208919,2026-04-22 00:02:16.543612,0 days 00:00:00.334693,3.955731271811609,5.112121819985317,0.3049298857952198,COMPLETE
141,0.07182899375061294,2026-04-22 00:02:16.543646,2026-04-22 00:02:16.885034,0 days 00:00:00.341388,3.611011931568486,8.56321964384971,0.3463811623156405,COMPLETE
142,0.07152801656189306,2026-04-22 00:02:16.885066,2026-04-22 00:02:17.236826,0 days 00:00:00.351760,3.591692451052318,8.597904907956721,0.34533575724347754,COMPLETE
143,0.07140788742170685,2026-04-22 00:02:17.236859,2026-04-22 00:02:17.574637,0 days 00:00:00.337778,3.7772886292797265,8.066779127257773,0.2798838409685236,COMPLETE
144,0.07153030058020989,2026-04-22 00:02:17.574669,2026-04-22 00:02:17.922101,0 days 00:00:00.347432,3.3284572852270364,8.34170625781715,0.372309525145897,COMPLETE
145,0.03977634698862263,2026-04-22 00:02:17.922133,2026-04-22 00:02:18.250882,0 days 00:00:00.328749,4.701558677382732,0.9190955237333487,0.3242266405723106,COMPLETE
146,0.07165280657032455,2026-04-22 00:02:18.250913,2026-04-22 00:02:18.588864,0 days 00:00:00.337951,3.7155498225602446,8.633531936729808,0.3467915203409161,COMPLETE
147,0.06939756735606203,2026-04-22 00:02:18.588895,2026-04-22 00:02:18.924944,0 days 00:00:00.336049,4.103655741133501,7.885183747566258,0.3770442543443996,COMPLETE
148,0.07065810704855346,2026-04-22 00:02:18.924977,2026-04-22 00:02:19.255892,0 days 00:00:00.330915,4.458479943897244,9.42262180919587,0.4104455803646123,COMPLETE
149,0.07076892563667803,2026-04-22 00:02:19.255927,2026-04-22 00:02:18.975122,-1 days +23:59:59.719195,3.121314350670824,8.94182421866751,0.29483751094562227,COMPLETE
150,0.07146997032975198,2026-04-22 00:02:18.975155,2026-04-22 00:02:19.316547,0 days 00:00:00.341392,3.365900623824026,8.426280335971482,0.3498372853176666,COMPLETE
151,0.07164938703931455,2026-04-22 00:02:19.316580,2026-04-22 00:02:19.658814,0 days 00:00:00.342234,2.99260910738122,9.178729163275417,0.25243440731006217,COMPLETE
152,0.0716627998136814,2026-04-22 00:02:19.658846,2026-04-22 00:02:19.993394,0 days 00:00:00.334548,3.5497486496746737,9.687218484115956,0.2763777490204352,COMPLETE
153,0.07031156451389123,2026-04-22 00:02:19.993436,2026-04-22 00:02:20.326910,0 days 00:00:00.333474,3.1547444461604073,9.224937400083494,0.32691617289748093,COMPLETE
154,0.06297918369592041,2026-04-22 00:02:20.326947,2026-04-22 00:02:20.659498,0 days 00:00:00.332551,3.7617485936367863,3.550128493404423,0.3891516005018324,COMPLETE
155,0.07054422171421691,2026-04-22 00:02:20.659531,2026-04-22 00:02:20.996262,0 days 00:00:00.336731,2.8368755516275694,8.765214925395862,0.36265954592702243,COMPLETE
156,0.07077355319517238,2026-04-22 00:02:20.996294,2026-04-22 00:02:21.336616,0 days 00:00:00.340322,3.313726046752967,8.981334647502976,0.22531936127375338,COMPLETE
157,0.07056250368598105,2026-04-22 00:02:21.336649,2026-04-22 00:02:21.666997,0 days 00:00:00.330348,1.440624930071472,9.436625634954156,0.31107543197749193,COMPLETE
158,0.07069235861861563,2026-04-22 00:02:21.667028,2026-04-22 00:02:21.996037,0 days 00:00:00.329009,3.0405939732666987,7.461211412208205,0.4314973876230935,COMPLETE
159,0.0706296326493794,2026-04-22 00:02:21.996070,2026-04-22 00:02:22.328095,0 days 00:00:00.332025,1.8232162608233606,9.979098980803316,0.33903519074219307,COMPLETE
160,0.07115291110756054,2026-04-22 00:02:22.328126,2026-04-22 00:02:22.662257,0 days 00:00:00.334131,3.451156186492314,8.537079325810161,0.26420623754209654,COMPLETE
161,0.07248685786044891,2026-04-22 00:02:22.662292,2026-04-22 00:02:22.991330,0 days 00:00:00.329038,2.158979550634604,8.916646452658634,0.5677776829848308,COMPLETE
162,0.071511075410513,2026-04-22 00:02:22.991362,2026-04-22 00:02:23.329707,0 days 00:00:00.338345,2.1399432796313453,9.073724352872746,0.5569719368837446,COMPLETE
163,0.0732265369273474,2026-04-22 00:02:23.329748,2026-04-22 00:02:23.666008,0 days 00:00:00.336260,1.9445222770369306,8.752966616088719,0.5983521707694008,COMPLETE
164,0.07202634123058076,2026-04-22 00:02:23.666043,2026-04-22 00:02:24.000331,0 days 00:00:00.334288,1.8668768613674356,8.731312751105538,0.6084522596598738,COMPLETE
165,0.07103206335732756,2026-04-22 00:02:24.000363,2026-04-22 00:02:24.330917,0 days 00:00:00.330554,1.8264451742603363,8.224265378969092,0.5980632925237117,COMPLETE
166,0.07140643202036227,2026-04-22 00:02:24.330947,2026-04-22 00:02:24.661037,0 days 00:00:00.330090,1.9289814233547222,8.750714042782327,0.6491304073321859,COMPLETE
167,0.07100241597156104,2026-04-22 00:02:24.661069,2026-04-22 00:02:24.986224,0 days 00:00:00.325155,1.650479398058959,8.862729207027776,0.6211077543331132,COMPLETE
168,0.07290767378864059,2026-04-22 00:02:24.986256,2026-04-22 00:02:25.314690,0 days 00:00:00.328434,2.07066934440364,9.524188695339676,0.5742661323498351,COMPLETE
169,0.07246528572198391,2026-04-22 00:02:25.314721,2026-04-22 00:02:25.645422,0 days 00:00:00.330701,2.1981896126504292,9.541907052045111,0.5887548709833953,COMPLETE
170,0.0722319437907023,2026-04-22 00:02:25.645454,2026-04-22 00:02:25.972662,0 days 00:00:00.327208,2.1526098303240264,9.39422754883358,0.5781216530484826,COMPLETE
171,0.0717229781838986,2026-04-22 00:02:25.972693,2026-04-22 00:02:26.302102,0 days 00:00:00.329409,2.0085148949497205,9.50186498239211,0.5868140251917422,COMPLETE
172,0.07162209576527374,2026-04-22 00:02:26.302134,2026-04-22 00:02:26.634152,0 days 00:00:00.332018,2.353380275100407,9.260484382740772,0.5754125616368322,COMPLETE
173,0.07268461483738287,2026-04-22 00:02:26.634183,2026-04-22 00:02:26.973556,0 days 00:00:00.339373,2.1477983459007017,9.069388808386636,0.6367935986946268,COMPLETE
174,0.0723549911127241,2026-04-22 00:02:26.973588,2026-04-22 00:02:27.312988,0 days 00:00:00.339400,2.1835327981966928,8.964303695232259,0.6359235772767114,COMPLETE
175,0.07158648731474002,2026-04-22 00:02:27.313020,2026-04-22 00:02:27.651227,0 days 00:00:00.338207,2.185985255311036,9.045161558355035,0.6665606946579734,COMPLETE
176,0.07187014826872626,2026-04-22 00:02:27.651259,2026-04-22 00:02:27.983170,0 days 00:00:00.331911,1.9746974403085655,9.182418512794246,0.6411498671052734,COMPLETE
177,0.07123546469232446,2026-04-22 00:02:27.983201,2026-04-22 00:02:28.317087,0 days 00:00:00.333886,2.5275226512226205,9.634782013665633,0.6907829445173034,COMPLETE
178,0.07120714342277976,2026-04-22 00:02:28.317120,2026-04-22 00:02:28.646287,0 days 00:00:00.329167,1.6727553237253434,9.398053895303757,0.6236379850276109,COMPLETE
179,0.07000760651109224,2026-04-22 00:02:28.646319,2026-04-22 00:02:28.974534,0 days 00:00:00.328215,2.1312232851736033,8.36769229223142,0.5637414957792172,COMPLETE
180,0.07000431414299667,2026-04-22 00:02:28.974566,2026-04-22 00:02:29.311157,0 days 00:00:00.336591,1.8156102862102976,8.668745576090489,0.6469381021274492,COMPLETE
181,0.07252605095466907,2026-04-22 00:02:29.311189,2026-04-22 00:02:29.645866,0 days 00:00:00.334677,2.2883560703386485,8.960273905933015,0.6015496512007171,COMPLETE
182,0.0721090107223823,2026-04-22 00:02:29.645899,2026-04-22 00:02:29.982247,0 days 00:00:00.336348,2.216700840091322,9.022197234613435,0.6045913756545864,COMPLETE
183,0.07213245352837223,2026-04-22 00:02:29.982280,2026-04-22 00:02:30.322001,0 days 00:00:00.339721,2.2664455954694347,9.02807538331501,0.5908401976398359,COMPLETE
184,0.0715996554450401,2026-04-22 00:02:30.322033,2026-04-22 00:02:30.663559,0 days 00:00:00.341526,2.2062564875225186,9.075644531596332,0.597394365514666,COMPLETE
185,0.07209176445239966,2026-04-22 00:02:30.663591,2026-04-22 00:02:30.997784,0 days 00:00:00.334193,2.379078931695493,9.356255981074437,0.6000828975760288,COMPLETE
186,0.0710637996036851,2026-04-22 00:02:30.997816,2026-04-22 00:02:31.333065,0 days 00:00:00.335249,2.5495922411470957,8.98142845825492,0.6315293978594574,COMPLETE
187,0.07184625864323861,2026-04-22 00:02:31.333098,2026-04-22 00:02:31.671031,0 days 00:00:00.337933,2.258807636291648,9.218423980604813,0.6594980082952613,COMPLETE
188,0.07211265412482831,2026-04-22 00:02:31.671063,2026-04-22 00:02:32.002514,0 days 00:00:00.331451,2.6648405565513236,9.548530841015339,0.5628127786848527,COMPLETE
189,0.0719133346831099,2026-04-22 00:02:32.002546,2026-04-22 00:02:32.341560,0 days 00:00:00.339014,2.625427338129312,9.56836039266783,0.5766030781690635,COMPLETE
190,0.07107291962931968,2026-04-22 00:02:32.341592,2026-04-22 00:02:32.680468,0 days 00:00:00.338876,2.753110207130413,9.785921007537908,0.5426476458019847,COMPLETE
191,0.07230058269342231,2026-04-22 00:02:32.680499,2026-04-22 00:02:33.018071,0 days 00:00:00.337572,2.0920685507545302,9.537347385121596,0.5627052772057218,COMPLETE
192,0.07167678116041837,2026-04-22 00:02:33.018103,2026-04-22 00:02:33.349019,0 days 00:00:00.330916,2.0317086761092975,9.828935081431698,0.5715745195143197,COMPLETE
193,0.07112550128469178,2026-04-22 00:02:33.349052,2026-04-22 00:02:33.697394,0 days 00:00:00.348342,2.411525930248469,9.39056268788655,0.5578061568572136,COMPLETE
194,0.04436677241804683,2026-04-22 00:02:33.697427,2026-04-22 00:02:34.024831,0 days 00:00:00.327404,7.444817106919025,9.599674566508444,0.5908367331467128,COMPLETE
195,0.07179122696768465,2026-04-22 00:02:34.024864,2026-04-22 00:02:34.356361,0 days 00:00:00.331497,2.028274266834228,9.257314697549186,0.6195509687585566,COMPLETE
196,0.07202013323665378,2026-04-22 00:02:34.356396,2026-04-22 00:02:34.690608,0 days 00:00:00.334212,2.564193045778298,9.44197783751653,0.5453178286439823,COMPLETE
197,0.07226536570997655,2026-04-22 00:02:34.690639,2026-04-22 00:02:35.019538,0 days 00:00:00.328899,2.2211096423374115,8.92548695724964,0.5706581852060851,COMPLETE
198,0.07163353406646696,2026-04-22 00:02:35.019570,2026-04-22 00:02:35.358785,0 days 00:00:00.339215,2.0689392870232846,8.976651675826048,0.7380320859932061,COMPLETE
199,0.0368555020256896,2026-04-22 00:02:35.358820,2026-04-22 00:02:35.711007,0 days 00:00:00.352187,9.001276246724464,8.584519400396326,0.6101552842967652,COMPLETE
200,0.07138240589734543,2026-04-22 00:02:35.711041,2026-04-22 00:02:36.059399,0 days 00:00:00.348358,1.7731064332679,8.866156491514444,0.5835523562418952,COMPLETE
201,0.07070879661028118,2026-04-22 00:02:36.059434,2026-04-22 00:02:36.412806,0 days 00:00:00.353372,2.4045706077286746,9.217134084833823,0.5641267232395478,COMPLETE
202,0.07138515309746725,2026-04-22 00:02:36.412839,2026-04-22 00:02:36.749890,0 days 00:00:00.337051,2.2588952199784353,9.594918150230663,0.6300168577650389,COMPLETE
203,0.07223981750975174,2026-04-22 00:02:36.749923,2026-04-22 00:02:37.085096,0 days 00:00:00.335173,2.6861151492840083,9.140150754736595,0.5550672187559039,COMPLETE
204,0.07213919596642755,2026-04-22 00:02:37.085141,2026-04-22 00:02:37.419223,0 days 00:00:00.334082,1.9374592639454207,8.800056553398688,0.5882071027809734,COMPLETE
205,0.07202856948314709,2026-04-22 00:02:37.419254,2026-04-22 00:02:37.754097,0 days 00:00:00.334843,1.5882241212660548,8.699616540836002,0.5934772085493362,COMPLETE
206,0.07248598748097339,2026-04-22 00:02:37.754138,2026-04-22 00:02:38.082091,0 days 00:00:00.327953,1.9430054104845245,9.132933833236395,0.5335987519037192,COMPLETE
207,0.07271962474116823,2026-04-22 00:02:38.082123,2026-04-22 00:02:38.410849,0 days 00:00:00.328726,1.9427485019287731,9.201015460867271,0.5251479460723149,COMPLETE
208,0.07255597834223762,2026-04-22 00:02:38.410881,2026-04-22 00:02:38.745169,0 days 00:00:00.334288,1.9588343476374066,9.207195117533178,0.524626811158554,COMPLETE
209,0.07170151920068141,2026-04-22 00:02:38.745201,2026-04-22 00:02:39.081174,0 days 00:00:00.335973,1.8111391476532333,9.221376370499712,0.5234474166022702,COMPLETE
210,0.07213528009640062,2026-04-22 00:02:39.081206,2026-04-22 00:02:39.409379,0 days 00:00:00.328173,2.0642136886984748,9.274094142660058,0.5533841030598357,COMPLETE
211,0.05900684191729089,2026-04-22 00:02:39.409411,2026-04-22 00:02:39.747042,0 days 00:00:00.337631,2.003289266180639,2.260371431132709,0.5290339989954418,COMPLETE
212,0.07107808159927531,2026-04-22 00:02:39.747074,2026-04-22 00:02:40.088056,0 days 00:00:00.340982,1.865754107917926,8.839478857533534,0.5396195712333883,COMPLETE
213,0.07119569766029697,2026-04-22 00:02:40.088089,2026-04-22 00:02:40.418569,0 days 00:00:00.330480,1.4930198241977668,9.10351514690994,0.5728691731198595,COMPLETE
214,0.07094033364598035,2026-04-22 00:02:40.418600,2026-04-22 00:02:40.762505,0 days 00:00:00.343905,1.6530929027851617,9.448312929501244,0.492615436539416,COMPLETE
215,0.07191207476442056,2026-04-22 00:02:40.762540,2026-04-22 00:02:41.096071,0 days 00:00:00.333531,2.106285819846443,9.126225254885581,0.5478977632689478,COMPLETE
216,0.07127905614163331,2026-04-22 00:02:41.096104,2026-04-22 00:02:41.423893,0 days 00:00:00.327789,2.473525427275276,8.87027289272929,0.5258471462132532,COMPLETE
217,0.0707029747737301,2026-04-22 00:02:41.423924,2026-04-22 00:02:41.756591,0 days 00:00:00.332667,1.9326930963426623,9.995562080599985,0.5718210285625684,COMPLETE
218,0.07179138037078882,2026-04-22 00:02:41.756623,2026-04-22 00:02:42.087688,0 days 00:00:00.331065,2.2357932135242993,9.741873934858933,0.610571286791102,COMPLETE
219,0.07108399823565087,2026-04-22 00:02:42.087720,2026-04-22 00:02:42.419093,0 days 00:00:00.331373,1.7314900049394069,9.355599657477375,0.5525099526326542,COMPLETE
220,0.0709048974061584,2026-04-22 00:02:42.419126,2026-04-22 00:02:42.748799,0 days 00:00:00.329673,2.4533161199721825,8.67452882540652,0.5179694072386141,COMPLETE
221,0.0723555374194335,2026-04-22 00:02:42.748831,2026-04-22 00:02:43.083901,0 days 00:00:00.335070,1.9584947740245202,8.48872873247145,0.576358985719002,COMPLETE
222,0.07125218118925958,2026-04-22 00:02:43.083934,2026-04-22 00:02:43.410955,0 days 00:00:00.327021,2.017465974020095,8.557645651245647,0.5815709731808982,COMPLETE
223,0.07199267594243455,2026-04-22 00:02:43.410989,2026-04-22 00:02:43.745925,0 days 00:00:00.334936,2.229260700151104,8.974229830976574,0.6024747333832596,COMPLETE
224,0.07071749175585088,2026-04-22 00:02:43.745965,2026-04-22 00:02:44.073106,0 days 00:00:00.327141,1.8667958964112281,8.7929232764558,0.6356067191597201,COMPLETE
225,0.07139021919270226,2026-04-22 00:02:44.073139,2026-04-22 00:02:44.401516,0 days 00:00:00.328377,2.152039385355145,9.186800774815088,0.541551496285199,COMPLETE
226,0.07094395446346353,2026-04-22 00:02:44.401549,2026-04-22 00:02:44.736461,0 days 00:00:00.334912,1.6288490752708875,8.487875438452948,0.5682003222601105,COMPLETE
227,0.07168938369476827,2026-04-22 00:02:44.736495,2026-04-22 00:02:45.068971,0 days 00:00:00.332476,2.3604157113973674,9.041276070461551,0.5869811100246841,COMPLETE
228,0.07157997530028809,2026-04-22 00:02:45.069004,2026-04-22 00:02:45.404853,0 days 00:00:00.335849,2.7715154643068693,9.365181995150115,0.6760734642520699,COMPLETE
229,0.07253667996067908,2026-04-22 00:02:45.404886,2026-04-22 00:02:45.745089,0 days 00:00:00.340203,2.0457828741750537,8.938668328752756,0.6194424366248755,COMPLETE
230,0.07041711249832415,2026-04-22 00:02:45.745121,2026-04-22 00:02:46.082347,0 days 00:00:00.337226,2.5420621961838203,9.042015598628529,0.6542652269823279,COMPLETE
231,0.07150344459918347,2026-04-22 00:02:46.082379,2026-04-22 00:02:46.430481,0 days 00:00:00.348102,1.9388921322637214,8.802604541168455,0.6262251153788984,COMPLETE
232,0.07160859280668876,2026-04-22 00:02:46.430513,2026-04-22 00:02:46.765014,0 days 00:00:00.334501,2.065348008293287,8.692150646550157,0.6068273208764495,COMPLETE
233,0.07118114783141725,2026-04-22 00:02:46.765047,2026-04-22 00:02:47.115864,0 days 00:00:00.350817,1.793099054625285,8.8524182669366,0.5604389659523146,COMPLETE
234,0.053974156498325494,2026-04-22 00:02:47.115898,2026-04-22 00:02:47.470171,0 days 00:00:00.354273,6.137247318091351,9.174055755590155,0.5788034644888209,COMPLETE
235,0.0705476138347608,2026-04-22 00:02:47.470205,2026-04-22 00:02:47.827761,0 days 00:00:00.357556,2.22146528180708,8.445415756168329,0.532989073534604,COMPLETE
236,0.0713211340413562,2026-04-22 00:02:47.827794,2026-04-22 00:02:48.170368,0 days 00:00:00.342574,1.9670258951302706,9.54938215166947,0.6165457337580798,COMPLETE
237,0.07102052714085053,2026-04-22 00:02:48.170400,2026-04-22 00:02:48.509149,0 days 00:00:00.338749,2.310951329891435,9.316681366643952,0.5961628020715507,COMPLETE
238,0.07157343071093963,2026-04-22 00:02:48.509181,2026-04-22 00:02:48.846291,0 days 00:00:00.337110,1.387384372016101,8.919901914648447,0.5544028559130658,COMPLETE
239,0.06875131624243391,2026-04-22 00:02:48.846325,2026-04-22 00:02:49.180063,0 days 00:00:00.333738,1.7334570324465037,6.18598003766092,0.4981628429131776,COMPLETE
240,0.07164493705587338,2026-04-22 00:02:49.180094,2026-04-22 00:02:49.518993,0 days 00:00:00.338899,2.1137004286811742,9.11814229950746,0.5820379111048538,COMPLETE
241,0.07099619890340875,2026-04-22 00:02:49.519025,2026-04-22 00:02:49.854670,0 days 00:00:00.335645,1.9290854529260502,8.635313786582959,0.3292943317349001,COMPLETE
242,0.013059595453277062,2026-04-22 00:02:49.854702,2026-04-22 00:02:50.176802,0 days 00:00:00.322100,5.139216281315675,8.297490619224469,0.019493642693096613,COMPLETE
243,0.07174614913948212,2026-04-22 00:02:50.176833,2026-04-22 00:02:50.507244,0 days 00:00:00.330411,2.412990970062853,8.917868034061431,0.29868262987903177,COMPLETE
244,0.07122177091158599,2026-04-22 00:02:50.507278,2026-04-22 00:02:50.835830,0 days 00:00:00.328552,2.205681614031756,8.45974075472161,0.6400210003135978,COMPLETE
245,0.07112000814661038,2026-04-22 00:02:50.835861,2026-04-22 00:02:50.542527,-1 days +23:59:59.706666,2.5644614915603574,8.702410775366525,0.562634007791422,COMPLETE
246,0.07008372292804944,2026-04-22 00:02:50.542558,2026-04-22 00:02:50.872804,0 days 00:00:00.330246,1.9855325430206163,8.059655285131122,0.518135451108182,COMPLETE
247,0.07084891874422547,2026-04-22 00:02:50.872851,2026-04-22 00:02:51.215120,0 days 00:00:00.342269,1.6740441581913783,9.300947504435307,0.5422537939230515,COMPLETE
248,0.07261719884006139,2026-04-22 00:02:51.215154,2026-04-22 00:02:51.553863,0 days 00:00:00.338709,2.1830897439772277,9.076257373460498,0.5953445413215586,COMPLETE
249,0.07271812823989746,2026-04-22 00:02:51.553896,2026-04-22 00:02:51.895530,0 days 00:00:00.341634,2.2920885636506303,9.07607024421076,0.5986565085956125,COMPLETE
250,0.07171676000343304,2026-04-22 00:02:51.895563,2026-04-22 00:02:52.247596,0 days 00:00:00.352033,2.3367745416919474,9.501958257879288,0.6179350772671671,COMPLETE
251,0.0716239691485121,2026-04-22 00:02:52.247628,2026-04-22 00:02:52.592067,0 days 00:00:00.344439,2.765937944217395,9.077643023025255,0.598538038012832,COMPLETE
252,0.07165929249248247,2026-04-22 00:02:52.592099,2026-04-22 00:02:52.929969,0 days 00:00:00.337870,2.173444354436512,9.778818842970056,0.5695049875375956,COMPLETE
253,0.0720871509783475,2026-04-22 00:02:52.930001,2026-04-22 00:02:53.273656,0 days 00:00:00.343655,2.4608827337492265,9.21366947841337,0.6252712593138667,COMPLETE
254,0.07094363865111997,2026-04-22 00:02:53.273688,2026-04-22 00:02:53.612579,0 days 00:00:00.338891,2.61258435124736,9.017320200901779,0.6474027997006379,COMPLETE
255,0.06056406774251631,2026-04-22 00:02:53.612611,2026-04-22 00:02:53.945807,0 days 00:00:00.333196,5.598718451652559,9.430964653687614,0.606770177363264,COMPLETE
256,0.06901715472748286,2026-04-22 00:02:53.945840,2026-04-22 00:02:54.278388,0 days 00:00:00.332548,2.1830370053072965,4.757307249764525,0.550847900985954,COMPLETE
257,0.07122000147259079,2026-04-22 00:02:54.278420,2026-04-22 00:02:54.604410,0 days 00:00:00.325990,2.396920917709599,9.212339384795222,0.5792236147778687,COMPLETE
258,0.06892810497017997,2026-04-22 00:02:54.604441,2026-04-22 00:02:54.935498,0 days 00:00:00.331057,2.0784921706861783,5.576898136698573,0.5938626344624547,COMPLETE
259,0.07127018263496665,2026-04-22 00:02:54.935530,2026-04-22 00:02:55.274623,0 days 00:00:00.339093,1.786810970016117,9.638691631529277,0.5315201147789594,COMPLETE
260,0.07097478286028731,2026-04-22 00:02:55.274656,2026-04-22 00:02:55.613746,0 days 00:00:00.339090,1.4927607468977566,8.939111532984972,0.56410606201705,COMPLETE
261,0.07180924087201747,2026-04-22 00:02:55.613781,2026-04-22 00:02:55.957132,0 days 00:00:00.343351,2.265023822591,9.383113785797358,0.6585991323687757,COMPLETE
262,0.07085040791191977,2026-04-22 00:02:55.957165,2026-04-22 00:02:56.293449,0 days 00:00:00.336284,2.6971891002089334,9.12884502161881,0.3137058996838763,COMPLETE
263,0.07169414639764796,2026-04-22 00:02:56.293482,2026-04-22 00:02:56.625552,0 days 00:00:00.332070,1.9526744493979211,8.882129017677341,0.6293448712887513,COMPLETE
