number,value,datetime_start,datetime_complete,duration,params_alpha,params_beta,params_decay_factor,state
132,0.08550461316209475,2026-04-22 00:41:03.890680,2026-04-22 00:41:04.301266,0 days 00:00:00.410586,3.235421912240688,8.850315152251168,0.5323803972008246,COMPLETE
133,0.08281892316939697,2026-04-22 00:41:04.301298,2026-04-22 00:41:04.715910,0 days 00:00:00.414612,4.2116876819009095,8.399230553013023,0.6115482368006963,COMPLETE
134,0.08545755473647344,2026-04-22 00:41:04.715943,2026-04-22 00:41:05.127770,0 days 00:00:00.411827,3.4975355600328655,8.787046951162674,0.4798265878928351,COMPLETE
135,0.08545834271285548,2026-04-22 00:41:05.127802,2026-04-22 00:41:05.541466,0 days 00:00:00.413664,3.5137649106786166,8.774388980651628,0.48821911268203566,COMPLETE
136,0.08463334230373172,2026-04-22 00:41:05.541498,2026-04-22 00:41:05.958402,0 days 00:00:00.416904,3.864950000288671,8.810743068494617,0.529500828228568,COMPLETE
137,0.08498729598207254,2026-04-22 00:41:05.958435,2026-04-22 00:41:06.373455,0 days 00:00:00.415020,3.4988307748924523,8.423327176057214,0.5597130646856655,COMPLETE
138,0.08355358198968524,2026-04-22 00:41:06.373487,2026-04-22 00:41:06.795077,0 days 00:00:00.421590,3.664031021809443,8.281637694403376,0.49295745333461916,COMPLETE
139,0.08383710806227233,2026-04-22 00:41:06.795108,2026-04-22 00:41:07.205806,0 days 00:00:00.410698,4.383587596397119,7.8893148354961085,0.5921338509092104,COMPLETE
140,0.08586599084219024,2026-04-22 00:41:07.205848,2026-04-22 00:41:07.616504,0 days 00:00:00.410656,4.062499691664434,8.819720194437158,0.5115989255601002,COMPLETE
141,0.08499174192430368,2026-04-22 00:41:07.616537,2026-04-22 00:41:08.033145,0 days 00:00:00.416608,4.144947643835399,8.76673610503495,0.5118534297555494,COMPLETE
142,0.08503798234744586,2026-04-22 00:41:08.033180,2026-04-22 00:41:08.451733,0 days 00:00:00.418553,3.7691116629604187,9.001561763786022,0.4770562486957215,COMPLETE
143,0.08459004823370285,2026-04-22 00:41:08.451765,2026-04-22 00:41:08.864258,0 days 00:00:00.412493,3.9945481157649465,8.608373413228328,0.5302435945244971,COMPLETE
144,0.08400946899885076,2026-04-22 00:41:08.864293,2026-04-22 00:41:09.309922,0 days 00:00:00.445629,3.5072861059411005,8.183282057120108,0.5024893510787538,COMPLETE
145,0.08357466456411806,2026-04-22 00:41:09.309956,2026-04-22 00:41:09.721079,0 days 00:00:00.411123,2.9675674775018726,9.274213332642837,0.44261561448250836,COMPLETE
146,0.084021005950855,2026-04-22 00:41:09.721113,2026-04-22 00:41:10.135269,0 days 00:00:00.414156,4.611027027507071,8.92296426600242,0.5569855191760286,COMPLETE
147,0.08578166254809931,2026-04-22 00:41:10.135310,2026-04-22 00:41:10.544845,0 days 00:00:00.409535,3.393518856799626,9.213892724630774,0.487030107166697,COMPLETE
148,0.08451057635020828,2026-04-22 00:41:10.544880,2026-04-22 00:41:10.969863,0 days 00:00:00.424983,3.401917619340392,9.787336841982022,0.48336792501152104,COMPLETE
149,0.08472852256460976,2026-04-22 00:41:10.969897,2026-04-22 00:41:11.380643,0 days 00:00:00.410746,2.8376362916122764,9.291818633960789,0.45677360419709473,COMPLETE
150,0.08083655203947823,2026-04-22 00:41:11.380677,2026-04-22 00:41:11.791273,0 days 00:00:00.410596,3.6293085118544153,5.180186779726587,0.42392877158592,COMPLETE
151,0.08523026372401499,2026-04-22 00:41:11.791305,2026-04-22 00:41:12.209119,0 days 00:00:00.417814,3.9085756471999806,8.679803639136706,0.5227665575677979,COMPLETE
152,0.08483119118028463,2026-04-22 00:41:12.209152,2026-04-22 00:41:12.622128,0 days 00:00:00.412976,3.099655628681462,9.069231926798567,0.5165171071993994,COMPLETE
153,0.08447931994491997,2026-04-22 00:41:12.622161,2026-04-22 00:41:13.031710,0 days 00:00:00.409549,3.9141875696199744,8.791711378237125,0.4855413513950944,COMPLETE
154,0.08558531667936566,2026-04-22 00:41:13.031743,2026-04-22 00:41:13.441949,0 days 00:00:00.410206,3.4280113610848795,9.18274964439987,0.5355828746394912,COMPLETE
155,0.08523809727823173,2026-04-22 00:41:13.441981,2026-04-22 00:41:13.859568,0 days 00:00:00.417587,3.366746432792312,9.979664321394669,0.4599475446914335,COMPLETE
156,0.06398096919487921,2026-04-22 00:41:13.859600,2026-04-22 00:41:14.262603,0 days 00:00:00.403003,3.348625615636465,1.2228769320168205,0.5397465478967783,COMPLETE
157,0.08414118460064547,2026-04-22 00:41:14.262637,2026-04-22 00:41:14.668148,0 days 00:00:00.405511,3.060357701167763,9.987649296305996,0.5017552853456785,COMPLETE
158,0.08465133178726356,2026-04-22 00:41:14.668180,2026-04-22 00:41:15.073233,0 days 00:00:00.405053,2.687928185642012,9.672880265273077,0.44074326627062377,COMPLETE
159,0.0859726031996896,2026-04-22 00:41:15.073264,2026-04-22 00:41:15.476322,0 days 00:00:00.403058,2.171426269492506,9.438460388087613,0.4594816547774817,COMPLETE
160,0.08530433741256584,2026-04-22 00:41:15.476354,2026-04-22 00:41:15.887883,0 days 00:00:00.411529,2.234345041586596,9.37286409922982,0.4803314425585038,COMPLETE
161,0.0854940445176636,2026-04-22 00:41:15.887916,2026-04-22 00:41:15.592661,-1 days +23:59:59.704745,2.53172469975757,9.130056026572415,0.48176534307189084,COMPLETE
162,0.08459695233726301,2026-04-22 00:41:15.592695,2026-04-22 00:41:16.005271,0 days 00:00:00.412576,1.7139041238940007,9.398186089676411,0.4808266088336658,COMPLETE
163,0.08517445822474899,2026-04-22 00:41:16.005302,2026-04-22 00:41:16.427724,0 days 00:00:00.422422,2.398801898406449,9.058664415986499,0.5043390731717271,COMPLETE
164,0.0852861894069736,2026-04-22 00:41:16.427756,2026-04-22 00:41:16.851848,0 days 00:00:00.424092,2.1354330467792493,8.878154495113662,0.5389836212333214,COMPLETE
165,0.0848062878230184,2026-04-22 00:41:16.851880,2026-04-22 00:41:17.261729,0 days 00:00:00.409849,2.226634576659479,9.252943982054413,0.4866617733362133,COMPLETE
166,0.08526799977007368,2026-04-22 00:41:17.261761,2026-04-22 00:41:17.677325,0 days 00:00:00.415564,2.5435583723849637,9.470246054121704,0.5095590483645205,COMPLETE
167,0.08411736404809787,2026-04-22 00:41:17.677358,2026-04-22 00:41:18.086042,0 days 00:00:00.408684,2.769267456884987,9.147388668108125,0.413519542526793,COMPLETE
168,0.08606775779369102,2026-04-22 00:41:18.086074,2026-04-22 00:41:18.488916,0 days 00:00:00.402842,2.1082416057779287,8.985953724934873,0.47756795142023084,COMPLETE
169,0.04468352298895841,2026-04-22 00:41:18.488947,2026-04-22 00:41:18.899133,0 days 00:00:00.410186,9.951489625366909,8.897783199570249,0.5240519079960115,COMPLETE
170,0.0837194160862356,2026-04-22 00:41:18.899166,2026-04-22 00:41:19.304982,0 days 00:00:00.405816,1.83830812876041,8.389352865373084,0.38552650544116757,COMPLETE
171,0.08518933567188469,2026-04-22 00:41:19.305015,2026-04-22 00:41:19.716140,0 days 00:00:00.411125,2.241674491165999,9.372894704902475,0.4689477559159791,COMPLETE
172,0.08432573682339388,2026-04-22 00:41:19.716171,2026-04-22 00:41:20.120347,0 days 00:00:00.404176,1.4688788379326825,9.06678039165381,0.43774542321468113,COMPLETE
173,0.08527169761819396,2026-04-22 00:41:20.120381,2026-04-22 00:41:20.542238,0 days 00:00:00.421857,2.156294979892463,8.713043594715424,0.4887549416009054,COMPLETE
174,0.0849987847953156,2026-04-22 00:41:20.542271,2026-04-22 00:41:20.951370,0 days 00:00:00.409099,2.9002313862051974,9.680656600375041,0.47255099737908446,COMPLETE
175,0.08461206975704613,2026-04-22 00:41:20.951401,2026-04-22 00:41:21.365133,0 days 00:00:00.413732,1.9683802027697643,8.938863072807191,0.5751079469844917,COMPLETE
176,0.08469190112545177,2026-04-22 00:41:21.365165,2026-04-22 00:41:21.772843,0 days 00:00:00.407678,1.721574019140669,9.178339973236143,0.5427821826110218,COMPLETE
177,0.08533094418086518,2026-04-22 00:41:21.772877,2026-04-22 00:41:22.186190,0 days 00:00:00.413313,3.140422155484661,9.4897899694724,0.49999705960478114,COMPLETE
178,0.046083076244321446,2026-04-22 00:41:22.186224,2026-04-22 00:41:22.591414,0 days 00:00:00.405190,9.472868255809676,8.51882401726895,0.5154344829395223,COMPLETE
179,0.08469996510215931,2026-04-22 00:41:22.591446,2026-04-22 00:41:23.012323,0 days 00:00:00.420877,3.1548840340018445,9.605430807413669,0.499315553451818,COMPLETE
180,0.08355836164452499,2026-04-22 00:41:23.012354,2026-04-22 00:41:23.421123,0 days 00:00:00.408769,3.6742201348179226,8.84008165803426,0.4483463895276856,COMPLETE
181,0.08509626137049657,2026-04-22 00:41:23.421155,2026-04-22 00:41:23.842142,0 days 00:00:00.420987,2.548842801050965,9.432017987970516,0.48210163330059636,COMPLETE
182,0.08541050056452347,2026-04-22 00:41:23.842175,2026-04-22 00:41:24.249548,0 days 00:00:00.407373,3.448141926222476,9.254848589146516,0.46361764246175197,COMPLETE
183,0.08436884253389423,2026-04-22 00:41:24.249579,2026-04-22 00:41:24.657956,0 days 00:00:00.408377,3.4589907308293486,9.137839619555063,0.4544606771683043,COMPLETE
184,0.08397906652662868,2026-04-22 00:41:24.657990,2026-04-22 00:41:25.068884,0 days 00:00:00.410894,3.1256287932119275,9.574296574814818,0.4285165272745066,COMPLETE
185,0.08573858501402988,2026-04-22 00:41:25.068916,2026-04-22 00:41:25.476912,0 days 00:00:00.407996,3.3577756851477094,8.992275292721725,0.5261794313798007,COMPLETE
186,0.08431798584199716,2026-04-22 00:41:25.476944,2026-04-22 00:41:25.885675,0 days 00:00:00.408731,3.599920829037738,8.701805481487927,0.5521855219796687,COMPLETE
187,0.08594500013435395,2026-04-22 00:41:25.885706,2026-04-22 00:41:26.301368,0 days 00:00:00.415662,3.3497370436135734,8.961152033942712,0.5290106731209236,COMPLETE
188,0.08468550189784982,2026-04-22 00:41:26.301401,2026-04-22 00:41:26.706190,0 days 00:00:00.404789,3.359539335335331,8.589841647546676,0.5248501308752915,COMPLETE
189,0.08499669834175472,2026-04-22 00:41:26.706223,2026-04-22 00:41:27.112044,0 days 00:00:00.405821,3.7263738460161036,8.241352722232028,0.5892560734186691,COMPLETE
190,0.08452404473826709,2026-04-22 00:41:27.112077,2026-04-22 00:41:27.515688,0 days 00:00:00.403611,2.9386102560370526,8.950225942419383,0.5565366490161455,COMPLETE
191,0.08550897726127857,2026-04-22 00:41:27.515719,2026-04-22 00:41:27.930405,0 days 00:00:00.414686,3.3441791160321284,9.244855331411454,0.5211653627516609,COMPLETE
192,0.08556055544717353,2026-04-22 00:41:27.930437,2026-04-22 00:41:28.331057,0 days 00:00:00.400620,3.4036226342665525,9.204014352518245,0.530698397004666,COMPLETE
193,0.08518638003732602,2026-04-22 00:41:28.331088,2026-04-22 00:41:28.745254,0 days 00:00:00.414166,3.4880758968307175,9.262907702250994,0.5145323497654417,COMPLETE
194,0.08478295957007506,2026-04-22 00:41:28.745286,2026-04-22 00:41:29.160970,0 days 00:00:00.415684,3.521946403524117,8.854266046534574,0.5205633649730651,COMPLETE
195,0.08514770639444612,2026-04-22 00:41:29.161002,2026-04-22 00:41:29.573443,0 days 00:00:00.412441,3.3856725210673155,9.259729223963813,0.4974028435042016,COMPLETE
196,0.08432994698114217,2026-04-22 00:41:29.573476,2026-04-22 00:41:29.982408,0 days 00:00:00.408932,3.324633697310371,9.030508059004637,0.5364558162944051,COMPLETE
197,0.08535832777798423,2026-04-22 00:41:29.982440,2026-04-22 00:41:30.393938,0 days 00:00:00.411498,3.7489791901766307,8.473887363504867,0.5699234133875811,COMPLETE
198,0.0836128890466613,2026-04-22 00:41:30.393969,2026-04-22 00:41:30.804723,0 days 00:00:00.410754,2.7463774965769794,8.757905704561995,0.4677215801728537,COMPLETE
199,0.08366070507779241,2026-04-22 00:41:30.804754,2026-04-22 00:41:31.208801,0 days 00:00:00.404047,3.0131128432763985,9.749227799942823,0.5335202322558719,COMPLETE
200,0.054930603447310954,2026-04-22 00:41:31.208832,2026-04-22 00:41:31.611092,0 days 00:00:00.402260,3.602926818544344,9.342426686591788,0.0566370638509901,COMPLETE
201,0.08528527303459642,2026-04-22 00:41:31.611125,2026-04-22 00:41:32.029089,0 days 00:00:00.417964,3.8027168181043898,9.027174753008737,0.5527172117915836,COMPLETE
202,0.08471561417102738,2026-04-22 00:41:32.029122,2026-04-22 00:41:32.446224,0 days 00:00:00.417102,4.041535858023439,9.232244244096245,0.49829574182773745,COMPLETE
203,0.08531438708014903,2026-04-22 00:41:32.446257,2026-04-22 00:41:32.869847,0 days 00:00:00.423590,3.221851129178081,8.98182517451464,0.5106464547433348,COMPLETE
204,0.0782322239328888,2026-04-22 00:41:32.869880,2026-04-22 00:41:33.276880,0 days 00:00:00.407000,3.8480315424242937,4.54402544681479,0.5441550649323612,COMPLETE
205,0.08509121495177437,2026-04-22 00:41:33.276911,2026-04-22 00:41:33.703279,0 days 00:00:00.426368,3.299625714699094,8.760901054214242,0.4865121128963323,COMPLETE
206,0.085326467254721,2026-04-22 00:41:33.703313,2026-04-22 00:41:34.122038,0 days 00:00:00.418725,3.49044941615231,9.468482651766056,0.5280713963795228,COMPLETE
207,0.0855378605451387,2026-04-22 00:41:34.122070,2026-04-22 00:41:34.542000,0 days 00:00:00.419930,3.6263111647603328,9.088882771698028,0.4641590369588669,COMPLETE
208,0.08625431900862592,2026-04-22 00:41:34.542033,2026-04-22 00:41:34.944673,0 days 00:00:00.402640,3.6759277519834375,9.148635228015452,0.4648617633317372,COMPLETE
209,0.08392544693123395,2026-04-22 00:41:34.944706,2026-04-22 00:41:35.350580,0 days 00:00:00.405874,3.654829916545183,8.609544953866077,0.47269003561906825,COMPLETE
210,0.08344973550540444,2026-04-22 00:41:35.350614,2026-04-22 00:41:35.760706,0 days 00:00:00.410092,2.8732721693068326,8.938432714958664,0.44898910374388246,COMPLETE
211,0.08538034576742873,2026-04-22 00:41:35.760739,2026-04-22 00:41:36.175323,0 days 00:00:00.414584,3.260108520969054,9.202506888135161,0.4669187018029499,COMPLETE
212,0.08523767861429644,2026-04-22 00:41:36.175357,2026-04-22 00:41:36.580906,0 days 00:00:00.405549,3.548809457851007,9.11890339655,0.4963913207732985,COMPLETE
213,0.08373443347514324,2026-04-22 00:41:36.580939,2026-04-22 00:41:36.989203,0 days 00:00:00.408264,3.8224042666850315,9.539288319734375,0.4353925350002886,COMPLETE
214,0.08516704295623247,2026-04-22 00:41:36.989236,2026-04-22 00:41:37.404154,0 days 00:00:00.414918,3.3988589180365216,9.364016920496354,0.5082141290060119,COMPLETE
215,0.08462026769370934,2026-04-22 00:41:37.404201,2026-04-22 00:41:37.821616,0 days 00:00:00.417415,4.038194767068579,8.908923912973062,0.47731751149908885,COMPLETE
216,0.08504693133925327,2026-04-22 00:41:37.821649,2026-04-22 00:41:38.243459,0 days 00:00:00.421810,3.0930445423005706,9.784357041102387,0.45383136685543063,COMPLETE
217,0.08514164599806863,2026-04-22 00:41:38.243492,2026-04-22 00:41:38.663639,0 days 00:00:00.420147,3.6606609645276658,9.1607830891094,0.4924333793989064,COMPLETE
218,0.08427965234958035,2026-04-22 00:41:38.663672,2026-04-22 00:41:39.079107,0 days 00:00:00.415435,3.272551639025434,8.790435349188614,0.4132327135332758,COMPLETE
219,0.08518048911523012,2026-04-22 00:41:39.079141,2026-04-22 00:41:39.509492,0 days 00:00:00.430351,3.532516441353242,9.604326352155905,0.5183193841915293,COMPLETE
220,0.08508783950400796,2026-04-22 00:41:39.509526,2026-04-22 00:41:39.936086,0 days 00:00:00.426560,4.19064437910102,9.333469660884793,0.4626054381917554,COMPLETE
221,0.08552033270532029,2026-04-22 00:41:39.936119,2026-04-22 00:41:40.356776,0 days 00:00:00.420657,3.729495780909668,9.124124908800011,0.5340790475728038,COMPLETE
222,0.08598589549620393,2026-04-22 00:41:40.356808,2026-04-22 00:41:40.776748,0 days 00:00:00.419940,3.771538039368902,9.034679140877385,0.4855984749750166,COMPLETE
223,0.08517324523591686,2026-04-22 00:41:40.776781,2026-04-22 00:41:41.184192,0 days 00:00:00.407411,3.830814942025648,9.02608047120336,0.5277808045052939,COMPLETE
224,0.08511635276022171,2026-04-22 00:41:41.184224,2026-04-22 00:41:41.597402,0 days 00:00:00.413178,3.996578767398007,8.51407514548405,0.4908313148012379,COMPLETE
225,0.08540548826113865,2026-04-22 00:41:41.597434,2026-04-22 00:41:42.009438,0 days 00:00:00.412004,3.6941392797915955,8.82207361357728,0.5077708292997134,COMPLETE
226,0.08527316458951197,2026-04-22 00:41:42.009473,2026-04-22 00:41:42.418787,0 days 00:00:00.409314,2.4512586353906607,9.06631346518773,0.5348302691070889,COMPLETE
227,0.07753613389723883,2026-04-22 00:41:42.418820,2026-04-22 00:41:42.833864,0 days 00:00:00.415044,3.656745498141081,4.01400305376258,0.48217173756791504,COMPLETE
228,0.08470516876487211,2026-04-22 00:41:42.833898,2026-04-22 00:41:43.240691,0 days 00:00:00.406793,4.341691992504517,8.75261982352132,0.568747169898427,COMPLETE
229,0.08545281854303506,2026-04-22 00:41:43.240724,2026-04-22 00:41:43.661753,0 days 00:00:00.421029,3.3319982000620603,9.487987000648214,0.5089612022753875,COMPLETE
230,0.08463944370524255,2026-04-22 00:41:43.661786,2026-04-22 00:41:44.079426,0 days 00:00:00.417640,3.949614999597899,9.491071385137625,0.5142737880768103,COMPLETE
231,0.08583832972042031,2026-04-22 00:41:44.079458,2026-04-22 00:41:44.488638,0 days 00:00:00.409180,3.444038477853998,9.226525731519855,0.48796579087039355,COMPLETE
232,0.08577231308665786,2026-04-22 00:41:44.488670,2026-04-22 00:41:44.890458,0 days 00:00:00.401788,3.3760351315709527,9.096266590648867,0.5010395793908142,COMPLETE
233,0.08416674805960657,2026-04-22 00:41:44.890489,2026-04-22 00:41:45.292647,0 days 00:00:00.402158,3.3233026259206206,8.980371234609427,0.4938415548461247,COMPLETE
234,0.08563166768838039,2026-04-22 00:41:45.292680,2026-04-22 00:41:45.696776,0 days 00:00:00.404096,3.3997003689142704,9.217306046422049,0.5097136763302045,COMPLETE
235,0.0852532249031263,2026-04-22 00:41:45.696808,2026-04-22 00:41:46.114985,0 days 00:00:00.418177,3.5038102299504574,9.219339780561377,0.4824355474763453,COMPLETE
236,0.08456994847674948,2026-04-22 00:41:46.115019,2026-04-22 00:41:46.520156,0 days 00:00:00.405137,3.146171116720644,8.68527476744957,0.5485486409334323,COMPLETE
237,0.0854864459202868,2026-04-22 00:41:46.520185,2026-04-22 00:41:46.926187,0 days 00:00:00.406002,3.781338422781966,8.921625386305879,0.5046284474218206,COMPLETE
238,0.08511253871112741,2026-04-22 00:41:46.926219,2026-04-22 00:41:47.349627,0 days 00:00:00.423408,3.805212056142468,9.076821204789738,0.5187955413566911,COMPLETE
239,0.08487430101624924,2026-04-22 00:41:47.349686,2026-04-22 00:41:47.775264,0 days 00:00:00.425578,4.183749562678232,9.313493925527977,0.5016795411772099,COMPLETE
240,0.0858517307593699,2026-04-22 00:41:47.775307,2026-04-22 00:41:47.478113,-1 days +23:59:59.702806,3.82448846311815,8.915852502071807,0.5329800228443541,COMPLETE
241,0.08494471987965231,2026-04-22 00:41:47.478145,2026-04-22 00:41:47.889486,0 days 00:00:00.411341,3.7503990065319304,8.949957925373653,0.5348289243470246,COMPLETE
242,0.08450199143170252,2026-04-22 00:41:47.889519,2026-04-22 00:41:48.298119,0 days 00:00:00.408600,3.971670646096259,9.151630617275512,0.520386660243448,COMPLETE
243,0.08541192665867488,2026-04-22 00:41:48.298150,2026-04-22 00:41:48.712266,0 days 00:00:00.414116,3.5564931034461282,8.893664277364161,0.5487144137783668,COMPLETE
244,0.06276172928350786,2026-04-22 00:41:48.712298,2026-04-22 00:41:49.121112,0 days 00:00:00.408814,7.317848315763345,8.592832397113957,0.5007471770436553,COMPLETE
245,0.08397382527742389,2026-04-22 00:41:49.121145,2026-04-22 00:41:49.548356,0 days 00:00:00.427211,3.777526838236757,9.250249670051783,0.4462726581856434,COMPLETE
246,0.08594578553937893,2026-04-22 00:41:49.548388,2026-04-22 00:41:49.956226,0 days 00:00:00.407838,1.949233372004631,8.973502637401785,0.4817580582764675,COMPLETE
247,0.08504459017927894,2026-04-22 00:41:49.956257,2026-04-22 00:41:50.369261,0 days 00:00:00.413004,1.6181873978355235,9.031355577885527,0.4695718223521319,COMPLETE
248,0.08349740314514252,2026-04-22 00:41:50.369292,2026-04-22 00:41:50.776415,0 days 00:00:00.407123,3.3591232872162085,9.678078659944253,0.5314755005517392,COMPLETE
249,0.0836664763536966,2026-04-22 00:41:50.776448,2026-04-22 00:41:51.188798,0 days 00:00:00.412350,1.8545481517082554,9.380372346523789,0.5599788101250734,COMPLETE
250,0.08182174456029509,2026-04-22 00:41:51.188830,2026-04-22 00:41:51.600441,0 days 00:00:00.411611,2.091202119292072,5.969080477564551,0.5125900011154808,COMPLETE
251,0.085089283834454,2026-04-22 00:41:51.600474,2026-04-22 00:41:52.013239,0 days 00:00:00.412765,4.0798799348880515,9.16682601501176,0.4818113065251226,COMPLETE
252,0.08496822817294672,2026-04-22 00:41:52.013274,2026-04-22 00:41:52.416189,0 days 00:00:00.402915,2.0305478937763937,8.89190760081541,0.455028222693245,COMPLETE
253,0.08556500742426933,2026-04-22 00:41:52.416220,2026-04-22 00:41:52.822338,0 days 00:00:00.406118,3.6549957376134965,9.820615526339466,0.4953245048523937,COMPLETE
254,0.08497544424548344,2026-04-22 00:41:52.822372,2026-04-22 00:41:53.242671,0 days 00:00:00.420299,3.8088587084212064,9.94875296127024,0.4953269702298174,COMPLETE
255,0.08328581547464521,2026-04-22 00:41:53.242703,2026-04-22 00:41:53.656546,0 days 00:00:00.413843,1.3766499594229173,9.835670118105929,0.5334374177587026,COMPLETE
256,0.08532173281687457,2026-04-22 00:41:53.656580,2026-04-22 00:41:54.076027,0 days 00:00:00.419447,3.0636299396057547,9.576352571186048,0.47178875088962824,COMPLETE
257,0.08380531239246328,2026-04-22 00:41:54.076061,2026-04-22 00:41:54.497592,0 days 00:00:00.421531,1.9000030152210885,9.387269509093247,0.4302318127501323,COMPLETE
258,0.08503366640098828,2026-04-22 00:41:54.497622,2026-04-22 00:41:54.907655,0 days 00:00:00.410033,3.4598583863702856,9.709893123958638,0.5070992746385056,COMPLETE
259,0.08409055689148899,2026-04-22 00:41:54.907692,2026-04-22 00:41:55.324382,0 days 00:00:00.416690,3.599983676913469,9.227213945828911,0.549853718784712,COMPLETE
260,0.08479050263604594,2026-04-22 00:41:55.324416,2026-04-22 00:41:55.743877,0 days 00:00:00.419461,3.2810246380877937,9.487056038237132,0.49127869967569526,COMPLETE
261,0.08373645553158449,2026-04-22 00:41:55.743910,2026-04-22 00:41:56.163096,0 days 00:00:00.419186,3.698110528248001,9.026229472290797,0.5790387509072579,COMPLETE
262,0.08393578365923118,2026-04-22 00:41:56.163130,2026-04-22 00:41:56.576783,0 days 00:00:00.413653,3.968972063728358,9.279753233100068,0.45033045535788074,COMPLETE
263,0.08412763017092986,2026-04-22 00:41:56.576816,2026-04-22 00:41:56.986948,0 days 00:00:00.410132,3.1678187280204817,9.824956522754887,0.5207614896480057,COMPLETE
