number,value,datetime_start,datetime_complete,duration,params_alpha,params_beta,params_decay_factor,state
264,0.14055946699185556,2026-04-22 00:36:36.709484,2026-04-22 00:36:37.329013,0 days 00:00:00.619529,3.266141281236619,9.286242280974125,0.36902366280467847,COMPLETE
265,0.14066562339067984,2026-04-22 00:36:37.329045,2026-04-22 00:36:37.964091,0 days 00:00:00.635046,2.9973667288818335,9.587845480949223,0.36433053435546997,COMPLETE
266,0.1408709912779327,2026-04-22 00:36:37.964124,2026-04-22 00:36:38.590373,0 days 00:00:00.626249,2.7900165099548,9.008787186568904,0.3832473303152003,COMPLETE
267,0.12472108193802922,2026-04-22 00:36:38.590408,2026-04-22 00:36:39.227914,0 days 00:00:00.637506,6.745955021726562,9.426336338887708,0.34702294219578456,COMPLETE
268,0.1407762484622553,2026-04-22 00:36:39.227945,2026-04-22 00:36:39.873761,0 days 00:00:00.645816,3.432048218258257,9.682634560010698,0.3237584348984497,COMPLETE
269,0.1406932942596502,2026-04-22 00:36:39.873793,2026-04-22 00:36:40.517936,0 days 00:00:00.644143,3.1280289823357807,9.805557273470827,0.348155586816374,COMPLETE
270,0.14002103206270067,2026-04-22 00:36:40.517969,2026-04-22 00:36:41.152160,0 days 00:00:00.634191,2.356037806320641,9.249059788568527,0.5869798244276396,COMPLETE
271,0.1410604243973697,2026-04-22 00:36:41.152197,2026-04-22 00:36:41.803872,0 days 00:00:00.651675,2.890407497672249,9.561313898360304,0.30732792157606514,COMPLETE
272,0.1408874445407797,2026-04-22 00:36:41.803907,2026-04-22 00:36:42.474104,0 days 00:00:00.670197,2.9245578635341363,9.588767519525128,0.3056197864795418,COMPLETE
273,0.1410068110679098,2026-04-22 00:36:42.474136,2026-04-22 00:36:43.122646,0 days 00:00:00.648510,3.246752044881518,9.86377694873125,0.28023440480951867,COMPLETE
274,0.13464465330440162,2026-04-22 00:36:43.122692,2026-04-22 00:36:43.756152,0 days 00:00:00.633460,3.2828261328646704,5.299496857946695,0.24887808368361597,COMPLETE
275,0.14027514280869288,2026-04-22 00:36:43.756184,2026-04-22 00:36:44.383613,0 days 00:00:00.627429,3.5640367302341103,9.77907243815115,0.2794676923750346,COMPLETE
276,0.14009821538833317,2026-04-22 00:36:44.383645,2026-04-22 00:36:45.005145,0 days 00:00:00.621500,3.1412837972293257,9.86123689333136,0.2666903186217444,COMPLETE
277,0.13384819671370418,2026-04-22 00:36:45.005179,2026-04-22 00:36:45.640419,0 days 00:00:00.635240,5.670404555405294,9.975538654976459,0.2991266367578319,COMPLETE
278,0.1399736363292483,2026-04-22 00:36:45.640452,2026-04-22 00:36:46.265089,0 days 00:00:00.624637,2.9458117376923165,9.64379035377266,0.6068446114479945,COMPLETE
279,0.13498898136447363,2026-04-22 00:36:46.265124,2026-04-22 00:36:46.885237,0 days 00:00:00.620113,3.358936621666563,4.5771143118453965,0.31650268324964226,COMPLETE
280,0.140388705374923,2026-04-22 00:36:46.885268,2026-04-22 00:36:47.531411,0 days 00:00:00.646143,3.6767029675588487,9.803372227992647,0.2854669234060397,COMPLETE
281,0.14063338614878024,2026-04-22 00:36:47.531447,2026-04-22 00:36:48.181224,0 days 00:00:00.649777,3.2372590720520003,9.519343456721524,0.32507777786317943,COMPLETE
282,0.14030309665081453,2026-04-22 00:36:48.181258,2026-04-22 00:36:48.853256,0 days 00:00:00.671998,2.745905053438803,9.828654568261074,0.300581017739123,COMPLETE
283,0.1403845408787501,2026-04-22 00:36:48.853288,2026-04-22 00:36:49.496332,0 days 00:00:00.643044,3.064953900875376,9.604892366144885,0.26396544483878875,COMPLETE
284,0.14040392927268305,2026-04-22 00:36:49.496369,2026-04-22 00:36:50.133800,0 days 00:00:00.637431,3.455885944220496,9.988064091709889,0.2813583254362398,COMPLETE
285,0.14063116543568005,2026-04-22 00:36:50.133832,2026-04-22 00:36:50.753260,0 days 00:00:00.619428,3.781486092372622,9.451383480140487,0.3585281922763541,COMPLETE
286,0.14092331312881212,2026-04-22 00:36:50.753293,2026-04-22 00:36:51.378350,0 days 00:00:00.625057,2.9204158745719093,9.628561940906348,0.3140195372587821,COMPLETE
287,0.14063760546117673,2026-04-22 00:36:51.378383,2026-04-22 00:36:52.001081,0 days 00:00:00.622698,2.8470476455008966,9.729499254651472,0.3220376767195849,COMPLETE
288,0.1399536662044378,2026-04-22 00:36:52.001113,2026-04-22 00:36:52.628160,0 days 00:00:00.627047,2.690950410739238,9.845190546247602,0.33745198507341423,COMPLETE
289,0.14087927803468617,2026-04-22 00:36:52.628194,2026-04-22 00:36:53.244881,0 days 00:00:00.616687,2.952396132949382,9.653100689361784,0.31117151812664023,COMPLETE
290,0.14068893713103875,2026-04-22 00:36:53.244913,2026-04-22 00:36:53.869542,0 days 00:00:00.624629,3.501604622248549,9.137377827198446,0.36379038909340056,COMPLETE
291,0.1404759747574281,2026-04-22 00:36:53.869575,2026-04-22 00:36:54.489814,0 days 00:00:00.620239,3.0837172431374444,9.416854016780658,0.3388569222454318,COMPLETE
292,0.14018955592732477,2026-04-22 00:36:54.489847,2026-04-22 00:36:55.134296,0 days 00:00:00.644449,4.1097648762949675,9.994311554316399,0.6192189881701454,COMPLETE
293,0.14065850381156486,2026-04-22 00:36:55.134330,2026-04-22 00:36:55.775376,0 days 00:00:00.641046,3.328141862178653,9.663740939333037,0.31208744118445686,COMPLETE
294,0.14068309051731429,2026-04-22 00:36:55.775410,2026-04-22 00:36:56.394720,0 days 00:00:00.619310,3.63566787103008,9.81658661150727,0.38026430779677295,COMPLETE
295,0.138410585188782,2026-04-22 00:36:56.394753,2026-04-22 00:36:57.030455,0 days 00:00:00.635702,2.5992694614575615,6.457511715822806,0.6592121616282389,COMPLETE
296,0.1397555626709463,2026-04-22 00:36:57.030500,2026-04-22 00:36:57.654462,0 days 00:00:00.623962,2.9268544921034922,9.493213678073644,0.5739464322409003,COMPLETE
297,0.14038826755780354,2026-04-22 00:36:57.654494,2026-04-22 00:36:58.271188,0 days 00:00:00.616694,3.1373132582030125,9.99744819202513,0.23448342355120355,COMPLETE
298,0.13965791869088306,2026-04-22 00:36:58.271219,2026-04-22 00:36:58.877670,0 days 00:00:00.606451,0.9376390341171444,9.363298380794413,0.35231811792759427,COMPLETE
299,0.14059471120263298,2026-04-22 00:36:58.877704,2026-04-22 00:36:59.502057,0 days 00:00:00.624353,3.4322424489385988,9.642829543932566,0.32754776057756685,COMPLETE
300,0.1402909387356304,2026-04-22 00:36:59.502092,2026-04-22 00:37:00.147295,0 days 00:00:00.645203,2.803701509198251,9.233199644033194,0.27222733800618926,COMPLETE
301,0.14115505782561655,2026-04-22 00:37:00.147331,2026-04-22 00:37:00.790526,0 days 00:00:00.643195,3.25128531905011,9.677189448057803,0.2893208188769591,COMPLETE
302,0.14035231222923306,2026-04-22 00:37:00.790560,2026-04-22 00:37:01.436125,0 days 00:00:00.645565,3.591665382318249,9.789878873003119,0.24476568472511276,COMPLETE
303,0.1408891642321549,2026-04-22 00:37:01.436158,2026-04-22 00:37:02.062602,0 days 00:00:00.626444,3.278949541017995,9.480152494569628,0.29161987665001005,COMPLETE
304,0.14005839225635994,2026-04-22 00:37:02.062635,2026-04-22 00:37:02.683350,0 days 00:00:00.620715,3.9279247821179775,9.03439012594984,0.37937929299566425,COMPLETE
305,0.139962868061599,2026-04-22 00:37:02.683382,2026-04-22 00:37:03.302116,0 days 00:00:00.618734,1.3401895458143707,9.824988110577323,0.2625932645528505,COMPLETE
306,0.14079358348411505,2026-04-22 00:37:03.302148,2026-04-22 00:37:03.931060,0 days 00:00:00.628912,3.1148147040841714,9.353641519022771,0.3011728096551482,COMPLETE
307,0.14036487942345907,2026-04-22 00:37:03.931093,2026-04-22 00:37:03.882659,-1 days +23:59:59.951566,3.7482499682076127,9.638789010278671,0.34475578590102385,COMPLETE
308,0.13974725226511375,2026-04-22 00:37:03.882693,2026-04-22 00:37:04.513421,0 days 00:00:00.630728,3.3611434321378395,9.853913047140676,0.21639317099083255,COMPLETE
309,0.14040509550389724,2026-04-22 00:37:04.513454,2026-04-22 00:37:05.129923,0 days 00:00:00.616469,3.546627884157839,8.74434715498007,0.2848017206028818,COMPLETE
310,0.13972013241318743,2026-04-22 00:37:05.129955,2026-04-22 00:37:05.758921,0 days 00:00:00.628966,3.2167965986819342,9.233258239262916,0.9174270747021293,COMPLETE
311,0.14058125316543932,2026-04-22 00:37:05.758956,2026-04-22 00:37:06.385384,0 days 00:00:00.626428,3.4397415360464083,9.513263317465574,0.36448206197365207,COMPLETE
312,0.1415081385067279,2026-04-22 00:37:06.385418,2026-04-22 00:37:07.013699,0 days 00:00:00.628281,3.729088519527898,9.994185295206398,0.32498108158347777,COMPLETE
313,0.1400279071268114,2026-04-22 00:37:07.013733,2026-04-22 00:37:07.634777,0 days 00:00:00.621044,4.110291634322307,9.974616912519778,0.33405656767936276,COMPLETE
314,0.14112699776121657,2026-04-22 00:37:07.634810,2026-04-22 00:37:08.258976,0 days 00:00:00.624166,3.7139422999298097,9.843097899180007,0.3861024343353073,COMPLETE
315,0.14092873491357844,2026-04-22 00:37:08.259009,2026-04-22 00:37:08.892166,0 days 00:00:00.633157,3.838162015775573,9.999780982850035,0.3887373544662778,COMPLETE
316,0.14024143459205338,2026-04-22 00:37:08.892199,2026-04-22 00:37:09.519912,0 days 00:00:00.627713,4.22266698363689,9.82113321992478,0.3180587435887334,COMPLETE
317,0.13862701372267353,2026-04-22 00:37:09.519944,2026-04-22 00:37:10.140865,0 days 00:00:00.620921,3.759454872278898,9.664497432265408,0.700637211985107,COMPLETE
318,0.1291020105670286,2026-04-22 00:37:10.140898,2026-04-22 00:37:10.755944,0 days 00:00:00.615046,3.8605653208650432,3.662749176684488,0.354910350568117,COMPLETE
319,0.14087456623084466,2026-04-22 00:37:10.755977,2026-04-22 00:37:11.394901,0 days 00:00:00.638924,3.658060059652474,9.482552793006375,0.32916204601803783,COMPLETE
320,0.1359831358069898,2026-04-22 00:37:11.394936,2026-04-22 00:37:12.016460,0 days 00:00:00.621524,4.554252844625067,7.59466277473439,0.3045298000015416,COMPLETE
321,0.14023802575340732,2026-04-22 00:37:12.016492,2026-04-22 00:37:12.649629,0 days 00:00:00.633137,4.052127186274269,9.82691520151104,0.3902590470709307,COMPLETE
322,0.14065885508431333,2026-04-22 00:37:12.649661,2026-04-22 00:37:13.265139,0 days 00:00:00.615478,3.5338993337573417,9.996401266407943,0.679083663895035,COMPLETE
323,0.13969364087836725,2026-04-22 00:37:13.265173,2026-04-22 00:37:13.891439,0 days 00:00:00.626266,3.904503827552361,9.670948085425511,0.35198210620570886,COMPLETE
324,0.1400674678630364,2026-04-22 00:37:13.891472,2026-04-22 00:37:14.527582,0 days 00:00:00.636110,3.6256536572723728,9.181317296605497,0.27636170672789273,COMPLETE
325,0.13896562675179291,2026-04-22 00:37:14.527615,2026-04-22 00:37:15.152208,0 days 00:00:00.624593,3.1642396432434574,9.417869777068669,0.6302818607215431,COMPLETE
326,0.14051544685449197,2026-04-22 00:37:15.152241,2026-04-22 00:37:15.787793,0 days 00:00:00.635552,3.4062727083146283,9.69006126763719,0.33609403372290103,COMPLETE
327,0.1394593586707828,2026-04-22 00:37:15.787826,2026-04-22 00:37:16.399692,0 days 00:00:00.611866,1.1544178964378335,9.817826880096112,0.596548912907165,COMPLETE
328,0.11604527440750186,2026-04-22 00:37:16.399725,2026-04-22 00:37:17.008495,0 days 00:00:00.608770,8.114625637276117,9.999687158039436,0.3695183680149432,COMPLETE
329,0.13902414797541535,2026-04-22 00:37:17.008528,2026-04-22 00:37:17.631848,0 days 00:00:00.623320,0.6060593990700346,8.877644947488584,0.30803873427170736,COMPLETE
330,0.140917596093876,2026-04-22 00:37:17.631881,2026-04-22 00:37:18.246340,0 days 00:00:00.614459,3.74426590387633,9.505919609015939,0.3198435250076049,COMPLETE
331,0.13925951894840718,2026-04-22 00:37:18.246372,2026-04-22 00:37:18.868583,0 days 00:00:00.622211,2.5862300815645693,9.305353530725816,0.2535734923775119,COMPLETE
332,0.10069788887667191,2026-04-22 00:37:18.868616,2026-04-22 00:37:19.478516,0 days 00:00:00.609900,3.5552293669520285,0.3457889129063805,0.344359438949938,COMPLETE
333,0.13991490136359563,2026-04-22 00:37:19.478551,2026-04-22 00:37:20.093473,0 days 00:00:00.614922,1.5218942145673198,9.624246726073007,0.28998115291040966,COMPLETE
334,0.14093642671395654,2026-04-22 00:37:20.093508,2026-04-22 00:37:20.735077,0 days 00:00:00.641569,3.2780189571656733,9.068083258413495,0.3940960253784361,COMPLETE
335,0.14064933123936488,2026-04-22 00:37:20.735113,2026-04-22 00:37:21.365490,0 days 00:00:00.630377,2.9760182084931697,9.769397985849215,0.3683959345171127,COMPLETE
336,0.14030064806324027,2026-04-22 00:37:21.365522,2026-04-22 00:37:22.007924,0 days 00:00:00.642402,4.0262851397705965,9.457154262796859,0.32403409166371255,COMPLETE
337,0.1404492344614704,2026-04-22 00:37:22.007957,2026-04-22 00:37:22.641054,0 days 00:00:00.633097,3.383118603096019,9.64551244529463,0.2738003746962068,COMPLETE
338,0.1288611122254815,2026-04-22 00:37:22.641090,2026-04-22 00:37:23.267497,0 days 00:00:00.626407,6.240270486220094,9.84319161855031,0.3037198165984542,COMPLETE
339,0.13961917581127825,2026-04-22 00:37:23.267530,2026-04-22 00:37:23.897802,0 days 00:00:00.630272,3.739939682261662,9.258468647324436,0.5636783581086844,COMPLETE
340,0.140873188628327,2026-04-22 00:37:23.897835,2026-04-22 00:37:24.511742,0 days 00:00:00.613907,3.082366339627879,9.995437353350404,0.34295733808083295,COMPLETE
341,0.13988092946945138,2026-04-22 00:37:24.511774,2026-04-22 00:37:25.125297,0 days 00:00:00.613523,2.76693118135222,9.567775503170031,0.3600053378122972,COMPLETE
342,0.14010445858297071,2026-04-22 00:37:25.125330,2026-04-22 00:37:25.747268,0 days 00:00:00.621938,3.489829927791356,9.351986664717671,0.28984774052288087,COMPLETE
343,0.13999552616262392,2026-04-22 00:37:25.747301,2026-04-22 00:37:26.367162,0 days 00:00:00.619861,3.207061363486127,9.776993017446456,0.33176757776554766,COMPLETE
344,0.13974717261289804,2026-04-22 00:37:26.367198,2026-04-22 00:37:26.980961,0 days 00:00:00.613763,3.9211685716908438,9.514130056697972,0.31054285025962,COMPLETE
345,0.13902631319731054,2026-04-22 00:37:26.980992,2026-04-22 00:37:27.608385,0 days 00:00:00.627393,2.5286023100262818,9.080616927450487,0.2550113621360188,COMPLETE
346,0.1414351225688869,2026-04-22 00:37:27.608417,2026-04-22 00:37:28.231043,0 days 00:00:00.622626,2.9431354062269515,9.816407689750104,0.4084561653311518,COMPLETE
347,0.14044806552862238,2026-04-22 00:37:28.231075,2026-04-22 00:37:28.849508,0 days 00:00:00.618433,2.7180734065473855,9.810316747945244,0.3967515177939514,COMPLETE
348,0.14040012509099076,2026-04-22 00:37:28.849543,2026-04-22 00:37:29.479282,0 days 00:00:00.629739,2.895255392867857,9.9976587912895,0.42726439222799595,COMPLETE
349,0.1408983919902943,2026-04-22 00:37:29.479315,2026-04-22 00:37:30.093234,0 days 00:00:00.613919,2.1697381051405316,9.697627177356747,0.41237274297681603,COMPLETE
350,0.1413970867753984,2026-04-22 00:37:30.093267,2026-04-22 00:37:30.711924,0 days 00:00:00.618657,3.018324607566393,9.82579240154507,0.377691325874548,COMPLETE
351,0.14069058767167172,2026-04-22 00:37:30.711959,2026-04-22 00:37:31.325081,0 days 00:00:00.613122,3.00994516508105,9.665406537881864,0.3799015232808787,COMPLETE
352,0.14047254200162096,2026-04-22 00:37:31.325114,2026-04-22 00:37:31.949215,0 days 00:00:00.624101,2.6599951917674303,9.814788621458286,0.37961348504799663,COMPLETE
353,0.1405028060388086,2026-04-22 00:37:31.949246,2026-04-22 00:37:32.565070,0 days 00:00:00.615824,2.883447702706203,9.99819771591246,0.3960957149361776,COMPLETE
354,0.1399390603684536,2026-04-22 00:37:32.565103,2026-04-22 00:37:33.175874,0 days 00:00:00.610771,2.433530071684112,7.845231331577446,0.4169300415363849,COMPLETE
355,0.1391137328407767,2026-04-22 00:37:33.175906,2026-04-22 00:37:33.786171,0 days 00:00:00.610265,3.067195543703332,6.855359095408744,0.3624762879556909,COMPLETE
356,0.1409162503757775,2026-04-22 00:37:33.786202,2026-04-22 00:37:34.420280,0 days 00:00:00.634078,3.1740477723136604,9.425504543496245,0.4000081720973683,COMPLETE
357,0.14118118725869797,2026-04-22 00:37:34.420313,2026-04-22 00:37:35.035660,0 days 00:00:00.615347,2.8321838997280517,9.597730761118992,0.368058644859162,COMPLETE
358,0.139868976185837,2026-04-22 00:37:35.035691,2026-04-22 00:37:34.951822,-1 days +23:59:59.916131,2.6381068426555587,9.644115959608834,0.35615195116052295,COMPLETE
359,0.1398364491059614,2026-04-22 00:37:34.951853,2026-04-22 00:37:35.585955,0 days 00:00:00.634102,1.9967379059890087,9.787397998878562,0.37618116393583534,COMPLETE
360,0.1406719226508004,2026-04-22 00:37:35.585988,2026-04-22 00:37:36.219616,0 days 00:00:00.633628,2.6745552908680477,9.584607152731653,0.3967854880149367,COMPLETE
361,0.14076739378692393,2026-04-22 00:37:36.219652,2026-04-22 00:37:36.836796,0 days 00:00:00.617144,2.9262484685021644,9.844796218811311,0.3795827253543954,COMPLETE
362,0.14031576790697625,2026-04-22 00:37:36.836829,2026-04-22 00:37:37.458068,0 days 00:00:00.621239,2.3410649745625802,9.262615487683481,0.3618418869703418,COMPLETE
363,0.13967843408888614,2026-04-22 00:37:37.458102,2026-04-22 00:37:38.071840,0 days 00:00:00.613738,2.7947737640790518,9.603889270883855,0.8224625079456285,COMPLETE
364,0.07988540229496854,2026-04-22 00:37:38.071872,2026-04-22 00:37:38.670915,0 days 00:00:00.599043,9.15722067848554,1.8046814679336154,0.41493749652053835,COMPLETE
365,0.14013797769889358,2026-04-22 00:37:38.670948,2026-04-22 00:37:39.293579,0 days 00:00:00.622631,2.4913569710185133,9.807994813680073,0.3520508994020469,COMPLETE
366,0.13968372546090901,2026-04-22 00:37:39.293612,2026-04-22 00:37:39.908477,0 days 00:00:00.614865,3.088860543465953,9.995916605369079,0.6443947314182278,COMPLETE
367,0.13928767573270207,2026-04-22 00:37:39.908510,2026-04-22 00:37:40.536534,0 days 00:00:00.628024,2.8480783259409295,9.36779027773092,0.6137031200393354,COMPLETE
368,0.14014453659177237,2026-04-22 00:37:40.536569,2026-04-22 00:37:41.164185,0 days 00:00:00.627616,1.3902139427499258,9.58658582110442,0.5878697916958314,COMPLETE
369,0.140143494075373,2026-04-22 00:37:41.164218,2026-04-22 00:37:41.780627,0 days 00:00:00.616409,0.7854462809691173,9.697565884185455,0.5509763073281337,COMPLETE
370,0.14048011762007565,2026-04-22 00:37:41.780661,2026-04-22 00:37:42.414187,0 days 00:00:00.633526,3.31863491172051,9.997252122168298,0.37626910144467507,COMPLETE
371,0.14063958272545973,2026-04-22 00:37:42.414220,2026-04-22 00:37:43.041795,0 days 00:00:00.627575,1.7474376164214156,9.237732176513655,0.3395280309664226,COMPLETE
372,0.14001391450425343,2026-04-22 00:37:43.041828,2026-04-22 00:37:43.684452,0 days 00:00:00.642624,2.9444956710402597,9.413254543450602,0.42912481304284833,COMPLETE
373,0.14091419050569579,2026-04-22 00:37:43.684485,2026-04-22 00:37:44.324818,0 days 00:00:00.640333,3.080917558880053,9.826911448517235,0.39381052394840843,COMPLETE
374,0.14095354325567572,2026-04-22 00:37:44.324850,2026-04-22 00:37:44.965025,0 days 00:00:00.640175,3.3096871999431046,9.531287420702013,0.3614071621402779,COMPLETE
375,0.14030130367510693,2026-04-22 00:37:44.965058,2026-04-22 00:37:45.594643,0 days 00:00:00.629585,2.765248434606551,9.677159334046566,0.34165405984934344,COMPLETE
376,0.14031710444691586,2026-04-22 00:37:45.594675,2026-04-22 00:37:46.231244,0 days 00:00:00.636569,3.534347099146398,8.9719739208285,0.3163730296292724,COMPLETE
377,0.1387544707114901,2026-04-22 00:37:46.231277,2026-04-22 00:37:46.863184,0 days 00:00:00.631907,4.313925338565823,9.844189156744182,0.27707821936729127,COMPLETE
378,0.14029357632128558,2026-04-22 00:37:46.863218,2026-04-22 00:37:47.503846,0 days 00:00:00.640628,2.453761924461566,9.475294304614154,0.38145366805345665,COMPLETE
379,0.14009865128726795,2026-04-22 00:37:47.503880,2026-04-22 00:37:48.117166,0 days 00:00:00.613286,2.1220804978405434,9.175104075730136,0.3243950311513669,COMPLETE
380,0.13810340113516392,2026-04-22 00:37:48.117199,2026-04-22 00:37:48.753113,0 days 00:00:00.635914,5.151774116769188,9.606245426715155,0.4062453150388124,COMPLETE
381,0.140934930605278,2026-04-22 00:37:48.753147,2026-04-22 00:37:49.370270,0 days 00:00:00.617123,3.0746253691360788,9.824537281017,0.3512905131807055,COMPLETE
382,0.14033299413483172,2026-04-22 00:37:49.370307,2026-04-22 00:37:50.021763,0 days 00:00:00.651456,3.2757968777814583,9.396185633945727,0.2964348558487996,COMPLETE
383,0.13733637311466865,2026-04-22 00:37:50.021796,2026-04-22 00:37:50.636027,0 days 00:00:00.614231,2.6601779964219587,5.9558055982021045,0.23861037995665918,COMPLETE
384,0.1400710055316567,2026-04-22 00:37:50.636060,2026-04-22 00:37:51.255345,0 days 00:00:00.619285,3.516928877211447,9.695131847307373,0.2687045919769024,COMPLETE
385,0.14068321424794514,2026-04-22 00:37:51.255378,2026-04-22 00:37:51.878504,0 days 00:00:00.623126,2.887845838847453,9.984943735071914,0.3721107096217776,COMPLETE
386,0.14055329137328804,2026-04-22 00:37:51.878536,2026-04-22 00:37:52.508650,0 days 00:00:00.630114,3.197368333901528,9.530408785220988,0.33480190583472336,COMPLETE
387,0.14035705745075772,2026-04-22 00:37:52.508683,2026-04-22 00:37:53.137896,0 days 00:00:00.629213,3.7076106493383123,9.329617137112795,0.3115756732001565,COMPLETE
388,0.13611024757815762,2026-04-22 00:37:53.137929,2026-04-22 00:37:53.762284,0 days 00:00:00.624355,3.381556136991747,5.442706827584326,0.355010296348501,COMPLETE
389,0.14059458856551332,2026-04-22 00:37:53.762317,2026-04-22 00:37:54.406144,0 days 00:00:00.643827,3.0604297046068125,9.804929641981275,0.28571021226427257,COMPLETE
390,0.1403352791401791,2026-04-22 00:37:54.406177,2026-04-22 00:37:55.022264,0 days 00:00:00.616087,2.26898749282976,9.114160347540901,0.38660092608093,COMPLETE
391,0.14014057758370857,2026-04-22 00:37:55.022296,2026-04-22 00:37:55.658253,0 days 00:00:00.635957,2.5513655086278635,9.67884975254503,0.32531496801993853,COMPLETE
392,0.13993848498876627,2026-04-22 00:37:55.658287,2026-04-22 00:37:56.280125,0 days 00:00:00.621838,2.7870828332130526,9.54733675070956,0.3440693689656596,COMPLETE
393,0.13911367795738327,2026-04-22 00:37:56.280156,2026-04-22 00:37:56.911217,0 days 00:00:00.631061,1.073965972391195,9.996824585733723,0.9947266014124159,COMPLETE
394,0.13982921187524527,2026-04-22 00:37:56.911256,2026-04-22 00:37:57.548112,0 days 00:00:00.636856,3.5857809791934954,9.372844025554382,0.30660530846554,COMPLETE
395,0.14048950295719503,2026-04-22 00:37:57.548144,2026-04-22 00:37:58.176851,0 days 00:00:00.628707,3.8799046742181016,9.806485777177766,0.43858481128468085,COMPLETE
