number,value,datetime_start,datetime_complete,duration,params_alpha,params_beta,params_decay_factor,state
0,0.0862156122771697,2026-04-22 00:08:44.276141,2026-04-22 00:08:45.094577,0 days 00:00:00.818436,4.5662374294635075,1.0041244339773192,0.09875512032772826,COMPLETE
1,0.10749471432878928,2026-04-22 00:08:45.094608,2026-04-22 00:08:45.535681,0 days 00:00:00.441073,7.011373682718683,3.1144185426396023,0.9333002341396848,COMPLETE
2,0.07937861134574663,2026-04-22 00:08:45.535715,2026-04-22 00:08:45.957332,0 days 00:00:00.421617,7.945072824137918,4.154645039380739,0.12309770837449663,COMPLETE
3,0.13537207775087354,2026-04-22 00:08:45.957365,2026-04-22 00:08:46.380550,0 days 00:00:00.423185,2.2879879495819475,3.200187215019017,0.8398537520375351,COMPLETE
4,0.14059898267868173,2026-04-22 00:08:46.380585,2026-04-22 00:08:46.823473,0 days 00:00:00.442888,2.136671311913724,9.38923243924447,0.12137038416329449,COMPLETE
5,0.135112644703849,2026-04-22 00:08:46.823508,2026-04-22 00:08:47.273149,0 days 00:00:00.449641,1.6275479868237508,3.5368761223052325,0.8621518367305212,COMPLETE
6,0.14223719374693786,2026-04-22 00:08:47.273182,2026-04-22 00:08:47.710935,0 days 00:00:00.437753,4.672816487507381,9.161861924132753,0.3418104616420016,COMPLETE
7,0.14280151148580553,2026-04-22 00:08:47.710968,2026-04-22 00:08:48.152095,0 days 00:00:00.441127,2.210157862895552,6.5826894865479755,0.9875199331928444,COMPLETE
8,0.08615932713926909,2026-04-22 00:08:48.152130,2026-04-22 00:08:48.582443,0 days 00:00:00.430313,9.435134043744881,6.188809396718529,0.17230529456506372,COMPLETE
9,0.12646921197349667,2026-04-22 00:08:48.582478,2026-04-22 00:08:49.011601,0 days 00:00:00.429123,3.0519269104768822,2.9762871837855585,0.12639205256709096,COMPLETE
10,0.1391884269572178,2026-04-22 00:08:49.011634,2026-04-22 00:08:49.454318,0 days 00:00:00.442684,0.10321837883293217,6.673385389298728,0.6187683659522456,COMPLETE
11,0.14190562811955085,2026-04-22 00:08:49.454352,2026-04-22 00:08:49.895617,0 days 00:00:00.441265,5.259964146018058,9.762498067254418,0.43184501738415304,COMPLETE
12,0.14210990107760313,2026-04-22 00:08:49.895650,2026-04-22 00:08:50.339241,0 days 00:00:00.443591,4.660476368315993,7.811460879432979,0.39019846224121835,COMPLETE
13,0.14511558590862786,2026-04-22 00:08:50.339276,2026-04-22 00:08:50.788015,0 days 00:00:00.448739,3.825945486177094,8.13993488680949,0.6169880834975918,COMPLETE
14,0.14028111428295056,2026-04-22 00:08:50.788050,2026-04-22 00:08:51.228479,0 days 00:00:00.440429,0.10948067745644918,7.731280459930422,0.6383852722153142,COMPLETE
15,0.14244373114925202,2026-04-22 00:08:51.228512,2026-04-22 00:08:51.680481,0 days 00:00:00.451969,3.2341327185946476,5.499510243644641,0.7175043666907698,COMPLETE
16,0.1435465626980024,2026-04-22 00:08:51.680515,2026-04-22 00:08:52.123358,0 days 00:00:00.442843,1.31046280657409,7.725142996983757,0.7360110665944734,COMPLETE
17,0.1435693216880864,2026-04-22 00:08:52.123390,2026-04-22 00:08:52.578557,0 days 00:00:00.455167,1.0741356982834092,8.074246846105273,0.5685662751767202,COMPLETE
18,0.12519969346411186,2026-04-22 00:08:52.578591,2026-04-22 00:08:53.016105,0 days 00:00:00.437514,6.840467470713274,8.279260266848109,0.29834345705702453,COMPLETE
19,0.14211394008951467,2026-04-22 00:08:53.016141,2026-04-22 00:08:53.461748,0 days 00:00:00.445607,3.516872038736594,5.233127202568168,0.5381344479823154,COMPLETE
20,0.08179493189106105,2026-04-22 00:08:53.461782,2026-04-22 00:08:53.895645,0 days 00:00:00.433863,0.8966482477391065,0.13834537423723603,0.5167502771619914,COMPLETE
21,0.14417082406704376,2026-04-22 00:08:53.895679,2026-04-22 00:08:54.327788,0 days 00:00:00.432109,1.2557565626445029,8.351121843011715,0.7520083194877525,COMPLETE
22,0.14218543561967079,2026-04-22 00:08:54.327825,2026-04-22 00:08:54.777391,0 days 00:00:00.449566,0.829763204339242,8.61946450054317,0.7342104056171607,COMPLETE
23,0.13579575982654774,2026-04-22 00:08:54.777424,2026-04-22 00:08:55.217321,0 days 00:00:00.439897,5.827149362860596,6.900431767967657,0.5974292407913733,COMPLETE
24,0.1453020907981877,2026-04-22 00:08:55.217358,2026-04-22 00:08:55.670270,0 days 00:00:00.452912,3.764629634315754,9.944863737054789,0.8038073070744287,COMPLETE
25,0.14517873800180592,2026-04-22 00:08:55.670303,2026-04-22 00:08:56.125891,0 days 00:00:00.455588,3.828277275861969,8.919631037117208,0.813870662208785,COMPLETE
26,0.14499161565706611,2026-04-22 00:08:56.125923,2026-04-22 00:08:56.581090,0 days 00:00:00.455167,3.9709568689303145,9.771927615691768,0.8012659660579625,COMPLETE
27,0.13856527686263634,2026-04-22 00:08:56.581123,2026-04-22 00:08:57.046046,0 days 00:00:00.464923,6.041679944081876,9.944694972562761,0.900661039344246,COMPLETE
28,0.1446433545025895,2026-04-22 00:08:57.046079,2026-04-22 00:08:57.502772,0 days 00:00:00.456693,4.061317746406673,9.016024129852346,0.655336901555502,COMPLETE
29,0.02252495933945337,2026-04-22 00:08:57.502805,2026-04-22 00:08:57.934206,0 days 00:00:00.431401,2.89294718855641,7.300821524695734,0.010422122490582275,COMPLETE
30,0.14487629314567765,2026-04-22 00:08:57.934240,2026-04-22 00:08:58.393318,0 days 00:00:00.459078,4.061274866780938,8.898427454627177,0.46695424377903566,COMPLETE
31,0.14486693044349902,2026-04-22 00:08:58.393353,2026-04-22 00:08:58.841403,0 days 00:00:00.448050,3.8121143264614497,9.916265422366063,0.8114092779947715,COMPLETE
32,0.1425253607587282,2026-04-22 00:08:58.841437,2026-04-22 00:08:59.294879,0 days 00:00:00.453442,5.169612787335807,9.365448332276927,0.7944422538321553,COMPLETE
33,0.12023070191195788,2026-04-22 00:08:59.294913,2026-04-22 00:08:59.741731,0 days 00:00:00.446818,4.30450261995055,2.200082420884822,0.9488186290506251,COMPLETE
34,0.14426333282372247,2026-04-22 00:08:59.741773,2026-04-22 00:09:00.188386,0 days 00:00:00.446613,2.5977421514789825,8.779799614103087,0.8850238327853721,COMPLETE
35,0.1406702174853939,2026-04-22 00:09:00.188420,2026-04-22 00:09:00.632843,0 days 00:00:00.444423,5.698553970140323,9.35879348487361,0.6934932301767767,COMPLETE
36,0.14663759127546278,2026-04-22 00:09:00.632877,2026-04-22 00:09:01.078996,0 days 00:00:00.446119,3.545798627922407,9.98758998836114,0.7847741337520157,COMPLETE
37,0.12821444653421413,2026-04-22 00:09:01.079030,2026-04-22 00:09:01.526408,0 days 00:00:00.447378,6.410016934306574,6.008444376403661,0.8512831119436504,COMPLETE
38,0.10802448610961436,2026-04-22 00:09:01.526442,2026-04-22 00:09:01.972048,0 days 00:00:00.445606,7.711869826043063,4.653560502557733,0.9936322854878283,COMPLETE
39,0.14467620074401416,2026-04-22 00:09:01.972081,2026-04-22 00:09:02.415819,0 days 00:00:00.443738,2.0818095527705305,7.3504433974786325,0.6630868637267848,COMPLETE
40,0.14431033232964233,2026-04-22 00:09:02.415851,2026-04-22 00:09:02.861172,0 days 00:00:00.445321,3.3687869174687295,8.579341408921502,0.9373041818716962,COMPLETE
41,0.14393781396406172,2026-04-22 00:09:02.861204,2026-04-22 00:09:03.299987,0 days 00:00:00.438783,4.83706430016994,9.583702317825304,0.7970295325830482,COMPLETE
42,0.14506811662167507,2026-04-22 00:09:03.300024,2026-04-22 00:09:03.754431,0 days 00:00:00.454407,3.7122166161443255,9.943704104609997,0.7613390872874577,COMPLETE
43,0.14528028652992656,2026-04-22 00:09:03.754462,2026-04-22 00:09:04.216355,0 days 00:00:00.461893,2.8449963720297102,9.06138508588143,0.7745749695291536,COMPLETE
44,0.143581992500653,2026-04-22 00:09:04.216387,2026-04-22 00:09:04.660711,0 days 00:00:00.444324,2.4359733145430504,9.083671587773704,0.8403401332878471,COMPLETE
45,0.1435777433797329,2026-04-22 00:09:04.660744,2026-04-22 00:09:05.121196,0 days 00:00:00.460452,1.8066842334274955,9.355975196480506,0.6765348814500974,COMPLETE
46,0.1450223941973812,2026-04-22 00:09:05.121233,2026-04-22 00:09:05.577766,0 days 00:00:00.456533,2.8141376498804456,8.232604865184909,0.902773345722663,COMPLETE
47,0.14291314916429446,2026-04-22 00:09:05.577798,2026-04-22 00:09:06.037013,0 days 00:00:00.459215,4.489515093029268,7.151076062571413,0.5962535921660262,COMPLETE
48,0.10836853550676992,2026-04-22 00:09:06.037129,2026-04-22 00:09:06.493057,0 days 00:00:00.455928,9.388978569326627,8.91368100153216,0.6988835039904626,COMPLETE
49,0.14379222755465512,2026-04-22 00:09:06.493089,2026-04-22 00:09:06.924737,0 days 00:00:00.431648,3.228655621157256,7.833516574306515,0.7657262240960642,COMPLETE
50,0.12844301943375364,2026-04-22 00:09:06.924770,2026-04-22 00:09:07.378008,0 days 00:00:00.453238,5.173042525111229,4.007069801076215,0.8619193108142025,COMPLETE
51,0.14577348019866362,2026-04-22 00:09:07.378041,2026-04-22 00:09:07.823804,0 days 00:00:00.445763,3.5023423041202264,9.415410381832185,0.7668234447696263,COMPLETE
52,0.14550412264191942,2026-04-22 00:09:07.823837,2026-04-22 00:09:08.260690,0 days 00:00:00.436853,3.6124885148791783,9.45374114904878,0.8346765440836121,COMPLETE
53,0.14452857395690713,2026-04-22 00:09:08.260723,2026-04-22 00:09:08.698209,0 days 00:00:00.437486,2.9864113032791755,9.641755785712245,0.9519421899372793,COMPLETE
54,0.14457423454495336,2026-04-22 00:09:08.698251,2026-04-22 00:09:09.133971,0 days 00:00:00.435720,3.5580895708487454,9.280312888709933,0.8287774207800189,COMPLETE
55,0.14268501403450268,2026-04-22 00:09:09.134003,2026-04-22 00:09:09.559151,0 days 00:00:00.425148,4.4230635823779645,8.56104155504763,0.8983789981171213,COMPLETE
56,0.14431102161854298,2026-04-22 00:09:09.559182,2026-04-22 00:09:09.987982,0 days 00:00:00.428800,1.993036798135105,9.431083571082214,0.7725752449373451,COMPLETE
57,0.14621557145656577,2026-04-22 00:09:09.988026,2026-04-22 00:09:09.786206,-1 days +23:59:59.798180,2.55038672281239,8.813576873581647,0.29417213881632875,COMPLETE
58,0.14444630816631762,2026-04-22 00:09:09.786238,2026-04-22 00:09:10.209726,0 days 00:00:00.423488,2.5613832933731655,9.963341674994462,0.7276915046192611,COMPLETE
59,0.14422086712860716,2026-04-22 00:09:10.209758,2026-04-22 00:09:10.639458,0 days 00:00:00.429700,1.57406452472353,7.977115907152157,0.2669739257973134,COMPLETE
60,0.1290800017137075,2026-04-22 00:09:10.639493,2026-04-22 00:09:11.073741,0 days 00:00:00.434248,2.335462453502247,2.286212697552389,0.37852803193918677,COMPLETE
61,0.14376167757860633,2026-04-22 00:09:11.073776,2026-04-22 00:09:11.526941,0 days 00:00:00.453165,3.2685780466122196,8.56493461273586,0.20886416784268003,COMPLETE
62,0.1442277502674878,2026-04-22 00:09:11.526975,2026-04-22 00:09:11.980326,0 days 00:00:00.453351,3.61394241849724,9.070507325944213,0.8284546754228098,COMPLETE
63,0.10391377656175327,2026-04-22 00:09:11.980361,2026-04-22 00:09:12.416745,0 days 00:00:00.436384,4.25521276670859,9.588366387949769,0.05727369060856333,COMPLETE
64,0.14564798875102672,2026-04-22 00:09:12.416781,2026-04-22 00:09:12.858450,0 days 00:00:00.441669,2.8028100449802853,9.091083717130228,0.7828883723578265,COMPLETE
65,0.14470937000147605,2026-04-22 00:09:12.858483,2026-04-22 00:09:13.303179,0 days 00:00:00.444696,2.678430994465963,8.308210397476401,0.7111591556883948,COMPLETE
66,0.14525358220851933,2026-04-22 00:09:13.303213,2026-04-22 00:09:13.760231,0 days 00:00:00.457018,3.3781395559496463,9.625039421515071,0.5498040682916855,COMPLETE
67,0.14573374776650883,2026-04-22 00:09:13.760264,2026-04-22 00:09:14.188605,0 days 00:00:00.428341,2.984141132898052,7.642853636504756,0.4850359824915808,COMPLETE
68,0.14415284048805496,2026-04-22 00:09:14.188637,2026-04-22 00:09:14.618115,0 days 00:00:00.429478,3.0921389321845734,6.024942001225147,0.40983895066903975,COMPLETE
69,0.1424403710684763,2026-04-22 00:09:14.618147,2026-04-22 00:09:15.057826,0 days 00:00:00.439679,4.702696340838998,7.497765318986561,0.4915383343523687,COMPLETE
70,0.14389809010731502,2026-04-22 00:09:15.057856,2026-04-22 00:09:15.479625,0 days 00:00:00.421769,1.520969109031191,6.544503011368251,0.35621596184851323,COMPLETE
71,0.145175716007952,2026-04-22 00:09:15.479657,2026-04-22 00:09:15.909867,0 days 00:00:00.430210,2.2703164898047405,9.187959486790147,0.2937423676321027,COMPLETE
72,0.1447929493510655,2026-04-22 00:09:15.909908,2026-04-22 00:09:16.346461,0 days 00:00:00.436553,2.9322825266135224,8.769823505077575,0.7759850005179114,COMPLETE
73,0.14616871483693145,2026-04-22 00:09:16.346495,2026-04-22 00:09:16.777504,0 days 00:00:00.431009,4.016871828684661,9.763091346540994,0.4356230051751817,COMPLETE
74,0.14538003068404645,2026-04-22 00:09:16.777537,2026-04-22 00:09:17.229582,0 days 00:00:00.452045,4.242270901885319,9.706280575139857,0.446382013038225,COMPLETE
75,0.14556727972249142,2026-04-22 00:09:17.229614,2026-04-22 00:09:17.668993,0 days 00:00:00.439379,4.210836875692327,9.702975102546622,0.4609682495736248,COMPLETE
76,0.14288013965388785,2026-04-22 00:09:17.669025,2026-04-22 00:09:18.115218,0 days 00:00:00.446193,4.913088194098559,8.441031932105146,0.4937103835844865,COMPLETE
77,0.1411703888307677,2026-04-22 00:09:18.115252,2026-04-22 00:09:18.549356,0 days 00:00:00.434104,5.5449560547389,9.456498814220833,0.4233827853889736,COMPLETE
78,0.14460286485055054,2026-04-22 00:09:18.549388,2026-04-22 00:09:18.983126,0 days 00:00:00.433738,3.995661864487272,8.754589908543707,0.3307679814815106,COMPLETE
79,0.13883279782199456,2026-04-22 00:09:18.983157,2026-04-22 00:09:19.427050,0 days 00:00:00.443893,0.4126417363372257,8.110293787740673,0.16217479317537706,COMPLETE
80,0.14546411932518352,2026-04-22 00:09:19.427083,2026-04-22 00:09:19.861733,0 days 00:00:00.434650,1.9607248954989371,9.756152330066662,0.4572323859737629,COMPLETE
81,0.146564483646191,2026-04-22 00:09:19.861766,2026-04-22 00:09:20.305807,0 days 00:00:00.444041,3.49144505345651,9.976399865926249,0.4628317427132372,COMPLETE
82,0.14644842693440824,2026-04-22 00:09:20.305838,2026-04-22 00:09:20.736570,0 days 00:00:00.430732,3.4645268392777298,9.24063989201433,0.5213184188582681,COMPLETE
83,0.1471277236990672,2026-04-22 00:09:20.736601,2026-04-22 00:09:21.172608,0 days 00:00:00.436007,3.1764430736903,9.994282342793758,0.47846635587516384,COMPLETE
84,0.14673073153293512,2026-04-22 00:09:21.172641,2026-04-22 00:09:21.599160,0 days 00:00:00.426519,3.153318897296196,9.978976330816375,0.5734377542106468,COMPLETE
85,0.1474466663121554,2026-04-22 00:09:21.599190,2026-04-22 00:09:22.020668,0 days 00:00:00.421478,3.1021570525417417,9.967372573210634,0.5190527206603718,COMPLETE
86,0.1458783160111458,2026-04-22 00:09:22.020699,2026-04-22 00:09:22.461686,0 days 00:00:00.440987,3.410869512839927,9.984183810614226,0.5753959376980521,COMPLETE
87,0.14659210604803818,2026-04-22 00:09:22.461718,2026-04-22 00:09:22.900296,0 days 00:00:00.438578,3.896801579900789,9.97455726127214,0.5304410183277377,COMPLETE
88,0.1456630858794337,2026-04-22 00:09:22.900327,2026-04-22 00:09:23.340991,0 days 00:00:00.440664,3.848126254911201,9.800461351313999,0.5254452423280112,COMPLETE
89,0.14673206219858043,2026-04-22 00:09:23.341033,2026-04-22 00:09:23.763649,0 days 00:00:00.422616,3.158251499766882,9.99393989010279,0.5645500737154739,COMPLETE
90,0.14496709564142246,2026-04-22 00:09:23.763683,2026-04-22 00:09:24.204971,0 days 00:00:00.441288,2.4835320890878734,9.28566518071405,0.628376083316961,COMPLETE
91,0.14620738981307585,2026-04-22 00:09:24.205006,2026-04-22 00:09:24.707322,0 days 00:00:00.502316,3.2309348539593383,9.996158856318335,0.5183351868938864,COMPLETE
92,0.14656664009745757,2026-04-22 00:09:24.707361,2026-04-22 00:09:25.167932,0 days 00:00:00.460571,3.1612395449407167,9.897696575738538,0.5580815621475922,COMPLETE
93,0.14598044578553548,2026-04-22 00:09:25.167985,2026-04-22 00:09:25.595672,0 days 00:00:00.427687,3.110901351065819,9.286887062110601,0.5615487387295841,COMPLETE
94,0.14532901355728395,2026-04-22 00:09:25.595702,2026-04-22 00:09:26.015822,0 days 00:00:00.420120,3.6942833447734746,9.54745885958642,0.5370815098044315,COMPLETE
95,0.14500564385754375,2026-04-22 00:09:26.015853,2026-04-22 00:09:26.442980,0 days 00:00:00.427127,2.319017324851961,8.905109357032845,0.5952842690568734,COMPLETE
96,0.14572020853791065,2026-04-22 00:09:26.443012,2026-04-22 00:09:26.863752,0 days 00:00:00.420740,2.672638708405715,9.80666193827504,0.6111308658961503,COMPLETE
97,0.14632052514011826,2026-04-22 00:09:26.863782,2026-04-22 00:09:27.284522,0 days 00:00:00.420740,3.1366062591239996,9.982700114806647,0.6466365292862354,COMPLETE
98,0.14520496384123913,2026-04-22 00:09:27.284554,2026-04-22 00:09:27.707820,0 days 00:00:00.423266,3.4127602417800085,9.192727638345568,0.5714752204061935,COMPLETE
99,0.14591473822443699,2026-04-22 00:09:27.707854,2026-04-22 00:09:28.145198,0 days 00:00:00.437344,3.20191924335026,9.523545378353418,0.6464569881495779,COMPLETE
100,0.14586722483298786,2026-04-22 00:09:28.145231,2026-04-22 00:09:28.579275,0 days 00:00:00.434044,3.908956961230969,9.827647061143585,0.505035797789026,COMPLETE
101,0.14587451166435136,2026-04-22 00:09:28.579309,2026-04-22 00:09:29.024596,0 days 00:00:00.445287,2.720834378985162,9.9614644125694,0.5453065398523836,COMPLETE
102,0.14653513295728943,2026-04-22 00:09:29.024630,2026-04-22 00:09:29.449336,0 days 00:00:00.424706,3.0063725751967,9.559465757581755,0.4761499562416885,COMPLETE
103,0.1466154712964581,2026-04-22 00:09:29.449368,2026-04-22 00:09:29.876705,0 days 00:00:00.427337,3.01031463395595,9.569650536082246,0.47804892810233146,COMPLETE
104,0.1460269342208032,2026-04-22 00:09:29.876738,2026-04-22 00:09:30.306048,0 days 00:00:00.429310,3.589241151627504,9.568245103643575,0.47926120632097313,COMPLETE
105,0.14514295049299536,2026-04-22 00:09:30.306079,2026-04-22 00:09:30.738505,0 days 00:00:00.432426,2.8571202330122407,9.243189671709732,0.5138906733365673,COMPLETE
106,0.10701518126468099,2026-04-22 00:09:30.738539,2026-04-22 00:09:31.155281,0 days 00:00:00.416742,4.534368247741837,0.566030625456639,0.3852154137502245,COMPLETE
107,0.14537226737998363,2026-04-22 00:09:31.155312,2026-04-22 00:09:31.569503,0 days 00:00:00.414191,2.1145671318895034,9.611625313908796,0.47470625937984495,COMPLETE
108,0.14543657394965392,2026-04-22 00:09:31.569533,2026-04-22 00:09:31.995350,0 days 00:00:00.425817,3.368526763177855,9.035611104408211,0.4090630988301805,COMPLETE
109,0.1459154349499841,2026-04-22 00:09:31.995382,2026-04-22 00:09:32.435982,0 days 00:00:00.440600,3.7350713397804842,9.417345073236682,0.5789007315744108,COMPLETE
110,0.14695729892983106,2026-04-22 00:09:32.436015,2026-04-22 00:09:32.866916,0 days 00:00:00.430901,3.0043735633541004,9.784363523721884,0.5306084067765013,COMPLETE
111,0.14683133046918367,2026-04-22 00:09:32.866947,2026-04-22 00:09:33.300141,0 days 00:00:00.433194,3.0393314184560567,9.752430555708047,0.5308405891711157,COMPLETE
112,0.14557613715432932,2026-04-22 00:09:33.300173,2026-04-22 00:09:33.736396,0 days 00:00:00.436223,2.5368580603076816,9.75984236479762,0.5031821673416248,COMPLETE
113,0.1460328284508678,2026-04-22 00:09:33.736427,2026-04-22 00:09:34.166517,0 days 00:00:00.430090,3.001692800009711,9.685766827887564,0.5588964671593664,COMPLETE
114,0.14482211678406234,2026-04-22 00:09:34.166548,2026-04-22 00:09:34.587569,0 days 00:00:00.421021,1.7540883088283175,9.476061996230591,0.5331708374520991,COMPLETE
115,0.1467001093880064,2026-04-22 00:09:34.587601,2026-04-22 00:09:35.011373,0 days 00:00:00.423772,3.014919163300541,9.990251755320298,0.5924240204889253,COMPLETE
116,0.14497868018671953,2026-04-22 00:09:35.011404,2026-04-22 00:09:35.437342,0 days 00:00:00.425938,2.8738120220841883,9.994414922830119,0.5827255402317838,COMPLETE
117,0.14300740230087738,2026-04-22 00:09:35.437373,2026-04-22 00:09:35.855998,0 days 00:00:00.418625,3.213629314505395,5.486958483670902,0.6148945544799436,COMPLETE
118,0.14539626127687047,2026-04-22 00:09:35.856029,2026-04-22 00:09:36.285490,0 days 00:00:00.429461,2.396357194664034,9.782129869390113,0.5498633440239464,COMPLETE
119,0.105257915562545,2026-04-22 00:09:36.285525,2026-04-22 00:09:36.706356,0 days 00:00:00.420831,9.913253773889856,9.377334868505468,0.6745917670822639,COMPLETE
120,0.14565502137176925,2026-04-22 00:09:36.706386,2026-04-22 00:09:37.126488,0 days 00:00:00.420102,2.715882136527195,9.999134979356553,0.4495097187438843,COMPLETE
121,0.1470895111932773,2026-04-22 00:09:37.126518,2026-04-22 00:09:37.547407,0 days 00:00:00.420889,3.055299188755504,9.636345737583106,0.4971404375484411,COMPLETE
122,0.1468727340241824,2026-04-22 00:09:37.547437,2026-04-22 00:09:37.971751,0 days 00:00:00.424314,3.5728818189262572,9.798659592980782,0.42328867464478215,COMPLETE
123,0.1462072670096637,2026-04-22 00:09:37.971781,2026-04-22 00:09:38.397434,0 days 00:00:00.425653,3.7538020610451994,9.695482612747965,0.4288248052363488,COMPLETE
124,0.1456471764172623,2026-04-22 00:09:38.397465,2026-04-22 00:09:38.815378,0 days 00:00:00.417913,3.316585702425452,9.118621981459627,0.5998876391639111,COMPLETE
125,0.12122039997331531,2026-04-22 00:09:38.815410,2026-04-22 00:09:39.225784,0 days 00:00:00.410374,3.1009381453423503,1.6501957983572297,0.5007308373238595,COMPLETE
126,0.14566345829399138,2026-04-22 00:09:39.225815,2026-04-22 00:09:39.646339,0 days 00:00:00.420524,4.0373346269028785,9.74731661428494,0.5255316718107585,COMPLETE
127,0.14537010882515575,2026-04-22 00:09:39.646379,2026-04-22 00:09:40.072321,0 days 00:00:00.425942,2.21422627105167,9.509266288610904,0.5445340596241173,COMPLETE
128,0.13715863890103688,2026-04-22 00:09:40.072352,2026-04-22 00:09:40.491472,0 days 00:00:00.419120,2.766040339862876,3.6860614459721113,0.4899611215763311,COMPLETE
129,0.14563469765335696,2026-04-22 00:09:40.491507,2026-04-22 00:09:40.909594,0 days 00:00:00.418087,3.523976433180038,9.004760952833816,0.4020428848969529,COMPLETE
130,0.14073902816182166,2026-04-22 00:09:40.909626,2026-04-22 00:09:41.324878,0 days 00:00:00.415252,3.076559600698811,4.513551357770694,0.6271448170240219,COMPLETE
131,0.14626450493816912,2026-04-22 00:09:41.324910,2026-04-22 00:09:41.751115,0 days 00:00:00.426205,3.6134506638964434,9.850943525945432,0.45523837104105913,COMPLETE
