number,value,datetime_start,datetime_complete,duration,params_alpha,params_beta,params_decay_factor,state
264,0.21954688948035525,2026-04-22 00:45:13.297024,2026-04-22 00:45:13.667762,0 days 00:00:00.370738,2.1064914106647032,9.798918821601903,0.3270631130830795,COMPLETE
265,0.21943722536671628,2026-04-22 00:45:13.667794,2026-04-22 00:45:14.049829,0 days 00:00:00.382035,1.660794786517491,9.65864482757516,0.30304206041111426,COMPLETE
266,0.21925891063295702,2026-04-22 00:45:14.049860,2026-04-22 00:45:14.427768,0 days 00:00:00.377908,1.9124678080138424,9.322680003274952,0.3485566721788647,COMPLETE
267,0.21880833142369643,2026-04-22 00:45:14.427800,2026-04-22 00:45:14.801748,0 days 00:00:00.373948,2.319580125072022,9.984509509803042,0.2903934417629763,COMPLETE
268,0.20876351391412287,2026-04-22 00:45:14.801780,2026-04-22 00:45:15.173848,0 days 00:00:00.372068,1.292983004301206,4.074343904766129,0.31713957655004554,COMPLETE
269,0.1898700498353521,2026-04-22 00:45:15.173880,2026-04-22 00:45:15.551210,0 days 00:00:00.377330,9.078669304840115,9.530098729478537,0.2598467672330699,COMPLETE
270,0.21913653605160444,2026-04-22 00:45:15.551243,2026-04-22 00:45:15.921037,0 days 00:00:00.369794,1.7461481868140143,9.814198755073521,0.36731426802705025,COMPLETE
271,0.21953651807381713,2026-04-22 00:45:15.921069,2026-04-22 00:45:16.302310,0 days 00:00:00.381241,2.0289945643780984,9.995007278387643,0.2855320394650653,COMPLETE
272,0.21943102179866003,2026-04-22 00:45:16.302342,2026-04-22 00:45:16.675592,0 days 00:00:00.373250,1.5163022513032505,9.673768168505422,0.31980979983975466,COMPLETE
273,0.21748042475074203,2026-04-22 00:45:16.675626,2026-04-22 00:45:17.050601,0 days 00:00:00.374975,1.8456544008569675,9.361521646909326,0.24082737649754576,COMPLETE
274,0.21926379460788342,2026-04-22 00:45:17.050634,2026-04-22 00:45:17.429304,0 days 00:00:00.378670,2.2021100643701588,9.816697841004444,0.29687702125825877,COMPLETE
275,0.21948787944923703,2026-04-22 00:45:17.429348,2026-04-22 00:45:17.813303,0 days 00:00:00.383955,1.5879692158069405,9.517523527044299,0.33828916908473977,COMPLETE
276,0.21961097114725903,2026-04-22 00:45:17.813335,2026-04-22 00:45:18.193117,0 days 00:00:00.379782,2.003279381991944,9.68994190958255,0.2627593591144199,COMPLETE
277,0.22030526707622874,2026-04-22 00:45:18.193150,2026-04-22 00:45:18.573367,0 days 00:00:00.380217,1.7421822375229594,9.997883938710766,0.31103579185959845,COMPLETE
278,0.03964461312766194,2026-04-22 00:45:18.573403,2026-04-22 00:45:18.935479,0 days 00:00:00.362076,1.2685700030037883,9.987178141234738,0.022774560451592762,COMPLETE
279,0.21854830536038125,2026-04-22 00:45:18.935515,2026-04-22 00:45:19.333850,0 days 00:00:00.398335,5.17113118562483,9.992446165577785,0.35601652932484623,COMPLETE
280,0.215524629914181,2026-04-22 00:45:19.333883,2026-04-22 00:45:19.714255,0 days 00:00:00.380372,1.640817700639001,5.897514526401867,0.3161813245218388,COMPLETE
281,0.21883065045727437,2026-04-22 00:45:19.714288,2026-04-22 00:45:20.087544,0 days 00:00:00.373256,2.107818431862176,9.556015667700194,0.32926565803613195,COMPLETE
282,0.21901476752227053,2026-04-22 00:45:20.087575,2026-04-22 00:45:20.474878,0 days 00:00:00.387303,1.4557183057019343,9.780328319658874,0.3067257835898747,COMPLETE
283,0.21940508799904926,2026-04-22 00:45:20.474911,2026-04-22 00:45:20.853061,0 days 00:00:00.378150,2.4174808528978233,9.315907675118954,0.3415499893488442,COMPLETE
284,0.21594107927643932,2026-04-22 00:45:20.853092,2026-04-22 00:45:21.225169,0 days 00:00:00.372077,1.7874686111064098,6.5607565235521275,0.2778266503205016,COMPLETE
285,0.21899157865113822,2026-04-22 00:45:21.225203,2026-04-22 00:45:21.598663,0 days 00:00:00.373460,2.187536975786747,9.663892926967609,0.3066357540690698,COMPLETE
286,0.21574435773530978,2026-04-22 00:45:21.598705,2026-04-22 00:45:21.971895,0 days 00:00:00.373190,1.9152746418450775,5.253952697350917,0.37313952544402135,COMPLETE
287,0.21957133659609496,2026-04-22 00:45:21.971929,2026-04-22 00:45:22.341888,0 days 00:00:00.369959,1.633830578351331,9.82734572324281,0.32594353411061855,COMPLETE
288,0.2182389248913241,2026-04-22 00:45:22.341920,2026-04-22 00:45:22.725240,0 days 00:00:00.383320,1.9623607488122308,9.483901198090015,0.24945979069598934,COMPLETE
289,0.21868010645651942,2026-04-22 00:45:22.725274,2026-04-22 00:45:23.106212,0 days 00:00:00.380938,2.5738001960758305,9.989999629344863,0.29858342043905434,COMPLETE
290,0.21830666896694997,2026-04-22 00:45:23.106251,2026-04-22 00:45:23.480529,0 days 00:00:00.374278,1.3944149727937685,9.68166608346575,0.27422112047012737,COMPLETE
291,0.21890201254620634,2026-04-22 00:45:23.480563,2026-04-22 00:45:23.854110,0 days 00:00:00.373547,2.30870048056932,9.832099450907037,0.3512788496044303,COMPLETE
292,0.22047996165056427,2026-04-22 00:45:23.854142,2026-04-22 00:45:24.230670,0 days 00:00:00.376528,1.7568942601283182,9.468354134369484,0.31894595851280555,COMPLETE
293,0.2187285171363036,2026-04-22 00:45:24.230704,2026-04-22 00:45:24.607305,0 days 00:00:00.376601,1.1999545494024653,9.295982370528883,0.29968458066319276,COMPLETE
294,0.21891647708315368,2026-04-22 00:45:24.607337,2026-04-22 00:45:24.986648,0 days 00:00:00.379311,1.7139220986952848,9.477851639927728,0.2241609777640005,COMPLETE
295,0.2187377158052272,2026-04-22 00:45:24.986682,2026-04-22 00:45:25.366733,0 days 00:00:00.380051,1.5244832822243177,9.515593217731555,0.2776167596846721,COMPLETE
296,0.21985141346689746,2026-04-22 00:45:25.366765,2026-04-22 00:45:25.765783,0 days 00:00:00.399018,1.7934980132299272,9.241842322895225,0.31679926069736436,COMPLETE
297,0.21887598461116384,2026-04-22 00:45:25.765816,2026-04-22 00:45:26.146086,0 days 00:00:00.380270,2.1187884203566494,9.647757714003873,0.25684096799878464,COMPLETE
298,0.21968727255349496,2026-04-22 00:45:26.146120,2026-04-22 00:45:26.529352,0 days 00:00:00.383232,4.6515517744662755,9.987670145667753,0.34015335454706763,COMPLETE
299,0.218741906862783,2026-04-22 00:45:26.529386,2026-04-22 00:45:26.898922,0 days 00:00:00.369536,1.5455380528209808,9.703656055835436,0.2906047979058759,COMPLETE
300,0.21992912833387415,2026-04-22 00:45:26.898956,2026-04-22 00:45:27.272729,0 days 00:00:00.373773,1.7718255647462124,9.476799056538855,0.3134635564684029,COMPLETE
301,0.21653556835474932,2026-04-22 00:45:27.272767,2026-04-22 00:45:27.663214,0 days 00:00:00.390447,5.807302569293361,9.2765385335832,0.35870619259877284,COMPLETE
302,0.21921731680673312,2026-04-22 00:45:27.663246,2026-04-22 00:45:28.039005,0 days 00:00:00.375759,1.2952893394412046,9.051063485391381,0.3267447188164689,COMPLETE
303,0.21790873965071672,2026-04-22 00:45:28.039039,2026-04-22 00:45:27.699841,-1 days +23:59:59.660802,1.7369205271585422,9.453726087000625,0.9035408262816043,COMPLETE
304,0.21940855001251874,2026-04-22 00:45:27.699872,2026-04-22 00:45:28.088822,0 days 00:00:00.388950,2.105112853103478,9.45619888269658,0.3096860889310701,COMPLETE
305,0.2192489734258128,2026-04-22 00:45:28.088866,2026-04-22 00:45:28.474273,0 days 00:00:00.385407,1.938605296775189,9.660014759575025,0.3399289367162102,COMPLETE
306,0.22016187164038975,2026-04-22 00:45:28.474305,2026-04-22 00:45:28.858988,0 days 00:00:00.384683,1.6464628405000952,9.809667021033976,0.3112063347647018,COMPLETE
307,0.2181765358997173,2026-04-22 00:45:28.859019,2026-04-22 00:45:29.232015,0 days 00:00:00.372996,1.440930391928752,9.346712781333773,0.3878303085042847,COMPLETE
308,0.21932457878813788,2026-04-22 00:45:29.232048,2026-04-22 00:45:29.607539,0 days 00:00:00.375491,1.6301655437102502,9.572747869541596,0.274079051472534,COMPLETE
309,0.2194396999824033,2026-04-22 00:45:29.607573,2026-04-22 00:45:29.983999,0 days 00:00:00.376426,1.5739478981989397,9.845191192468528,0.30793058139795343,COMPLETE
310,0.21080212981523028,2026-04-22 00:45:29.984032,2026-04-22 00:45:30.354758,0 days 00:00:00.370726,2.3405054176933335,4.45342790410368,0.6087268587168926,COMPLETE
311,0.21900365761595453,2026-04-22 00:45:30.354791,2026-04-22 00:45:30.736667,0 days 00:00:00.381876,1.1861730487878739,9.998537255034611,0.2385474861735041,COMPLETE
312,0.2122335557120912,2026-04-22 00:45:30.736700,2026-04-22 00:45:31.113384,0 days 00:00:00.376684,6.696957052084475,9.183362805221408,0.29581915655115243,COMPLETE
313,0.21898030716074685,2026-04-22 00:45:31.113416,2026-04-22 00:45:31.487862,0 days 00:00:00.374446,1.7718304795962354,9.66647652877035,0.33300645217905656,COMPLETE
314,0.2182864813321936,2026-04-22 00:45:31.487895,2026-04-22 00:45:31.865962,0 days 00:00:00.378067,2.0873949756835297,9.461722645664864,0.259634382964763,COMPLETE
315,0.21881796657366587,2026-04-22 00:45:31.865995,2026-04-22 00:45:32.252738,0 days 00:00:00.386743,1.3881072032903883,9.824796949240357,0.3586555956838791,COMPLETE
316,0.21981679701181284,2026-04-22 00:45:32.252772,2026-04-22 00:45:32.633819,0 days 00:00:00.381047,1.6784262499869727,9.643303272861049,0.28852751659467757,COMPLETE
317,0.21924628742995703,2026-04-22 00:45:32.633852,2026-04-22 00:45:33.015355,0 days 00:00:00.381503,1.9832290435079019,9.763791632114781,0.3139399054311449,COMPLETE
318,0.21936645394279597,2026-04-22 00:45:33.015388,2026-04-22 00:45:33.402603,0 days 00:00:00.387215,2.325742498978962,9.376337870221127,0.2798055042042593,COMPLETE
319,0.2196110545398937,2026-04-22 00:45:33.402637,2026-04-22 00:45:33.780701,0 days 00:00:00.378064,1.833840602677959,9.827624336349611,0.33152344952218493,COMPLETE
320,0.2192364877757867,2026-04-22 00:45:33.780731,2026-04-22 00:45:34.152479,0 days 00:00:00.371748,1.532648292233547,9.5680288200943,0.3020124480233163,COMPLETE
321,0.21891044056036904,2026-04-22 00:45:34.152512,2026-04-22 00:45:34.536354,0 days 00:00:00.383842,1.1203155376591438,9.997598190759645,0.2060024313456721,COMPLETE
322,0.21853123579557532,2026-04-22 00:45:34.536387,2026-04-22 00:45:34.917967,0 days 00:00:00.381580,2.0849489490928503,9.163951942024944,0.2629560283140933,COMPLETE
323,0.21889707593631427,2026-04-22 00:45:34.918001,2026-04-22 00:45:35.296185,0 days 00:00:00.378184,2.5175949404235345,9.821233604713708,0.320534217483946,COMPLETE
324,0.18190133462686534,2026-04-22 00:45:35.296218,2026-04-22 00:45:35.657651,0 days 00:00:00.361433,1.72991187341855,1.7286570503662695,0.34442478959147194,COMPLETE
325,0.21928180434500008,2026-04-22 00:45:35.657683,2026-04-22 00:45:36.034678,0 days 00:00:00.376995,1.9530981018577553,9.556476140802898,0.2941673674691955,COMPLETE
326,0.2181028156919869,2026-04-22 00:45:36.034711,2026-04-22 00:45:36.418940,0 days 00:00:00.384229,2.2132967295291865,8.951454950319542,0.2404980575961662,COMPLETE
327,0.21758029599481177,2026-04-22 00:45:36.418976,2026-04-22 00:45:36.800478,0 days 00:00:00.381502,1.5087506550262446,9.809386647670703,0.2688063032775465,COMPLETE
328,0.2197260810288791,2026-04-22 00:45:36.800511,2026-04-22 00:45:37.174454,0 days 00:00:00.373943,1.3758800704599081,9.993807004847605,0.31133028353315795,COMPLETE
329,0.2185827616160025,2026-04-22 00:45:37.174486,2026-04-22 00:45:37.552993,0 days 00:00:00.378507,1.828677178913377,9.38327072314796,0.3611240969251308,COMPLETE
330,0.2195697123499616,2026-04-22 00:45:37.553027,2026-04-22 00:45:37.927328,0 days 00:00:00.374301,2.154241995889464,9.644791115289616,0.2918947308115937,COMPLETE
331,0.21924881054097753,2026-04-22 00:45:37.927361,2026-04-22 00:45:38.307639,0 days 00:00:00.380278,1.633184365879027,9.679591883617814,0.3307619865503088,COMPLETE
332,0.21845627139687834,2026-04-22 00:45:38.307671,2026-04-22 00:45:38.684320,0 days 00:00:00.376649,1.9683956930789919,9.48123805829313,0.2775862905568955,COMPLETE
333,0.21932151889475698,2026-04-22 00:45:38.684352,2026-04-22 00:45:39.059312,0 days 00:00:00.374960,1.7339719277217553,9.82160864278317,0.3061639007405425,COMPLETE
334,0.21885628609326221,2026-04-22 00:45:39.059342,2026-04-22 00:45:39.442309,0 days 00:00:00.382967,2.3011843127870097,9.284402645970559,0.3291032575867624,COMPLETE
335,0.2189399317688569,2026-04-22 00:45:39.442341,2026-04-22 00:45:39.819059,0 days 00:00:00.376718,1.2825310853111245,9.992902871226601,0.2524305062238904,COMPLETE
336,0.21792376468956218,2026-04-22 00:45:39.819092,2026-04-22 00:45:40.204818,0 days 00:00:00.385726,2.688682521342912,9.628819606669918,0.37165437595952255,COMPLETE
337,0.21823701211664898,2026-04-22 00:45:40.204851,2026-04-22 00:45:40.593470,0 days 00:00:00.388619,4.327944557907984,9.823180445409514,0.6523916311100965,COMPLETE
338,0.21849392023122058,2026-04-22 00:45:40.593503,2026-04-22 00:45:40.979464,0 days 00:00:00.385961,1.9409018550296784,9.493021835223008,0.34876963372871433,COMPLETE
339,0.20652250716052592,2026-04-22 00:45:40.979497,2026-04-22 00:45:41.352939,0 days 00:00:00.373442,1.5663546555444248,3.7095553494146403,0.3070255867993045,COMPLETE
340,0.21754334208420714,2026-04-22 00:45:41.352975,2026-04-22 00:45:41.731706,0 days 00:00:00.378731,2.144080193386757,9.79321112506095,0.5357438061613398,COMPLETE
341,0.21960942155795204,2026-04-22 00:45:41.731739,2026-04-22 00:45:42.120338,0 days 00:00:00.388599,1.8028186839075808,9.990786090070845,0.27619665224023116,COMPLETE
342,0.21909453489427472,2026-04-22 00:45:42.120371,2026-04-22 00:45:42.503702,0 days 00:00:00.383331,1.4453335213142167,9.22110521850142,0.3211121016810199,COMPLETE
343,0.21810502235864954,2026-04-22 00:45:42.503736,2026-04-22 00:45:42.897272,0 days 00:00:00.393536,2.4535883219636863,9.627672598728521,0.22604330577363954,COMPLETE
344,0.21823522498981435,2026-04-22 00:45:42.897305,2026-04-22 00:45:43.282056,0 days 00:00:00.384751,1.9936629416112563,9.436322183829548,0.2890943450510257,COMPLETE
345,0.21757902722734276,2026-04-22 00:45:43.282088,2026-04-22 00:45:43.655007,0 days 00:00:00.372919,0.2567534869202386,9.99948446016283,0.30436709465980155,COMPLETE
346,0.21877566619094224,2026-04-22 00:45:43.655040,2026-04-22 00:45:44.032912,0 days 00:00:00.377872,1.6874547995604776,9.691974460966978,0.33901002914388967,COMPLETE
347,0.21944104889949334,2026-04-22 00:45:44.032944,2026-04-22 00:45:44.421295,0 days 00:00:00.388351,1.8746207847447505,9.801234397556714,0.25492541757595016,COMPLETE
348,0.21907692873108575,2026-04-22 00:45:44.421326,2026-04-22 00:45:44.788936,0 days 00:00:00.367610,1.0755346666741388,9.526011888260594,0.2813997794221467,COMPLETE
349,0.21158648729321647,2026-04-22 00:45:44.788969,2026-04-22 00:45:45.171421,0 days 00:00:00.382452,2.22568933334295,9.809807746505355,0.08361238121528033,COMPLETE
350,0.2197861501640375,2026-04-22 00:45:45.171454,2026-04-22 00:45:45.554337,0 days 00:00:00.382883,1.6592294852022578,9.27311776617572,0.3187814253431007,COMPLETE
351,0.21924806743458364,2026-04-22 00:45:45.554370,2026-04-22 00:45:45.941744,0 days 00:00:00.387374,2.045077402426993,9.65465972218041,0.29421945847230174,COMPLETE
352,0.21922148515820003,2026-04-22 00:45:45.941777,2026-04-22 00:45:46.319465,0 days 00:00:00.377688,1.4203007881721963,9.062087042119657,0.3489640846256527,COMPLETE
353,0.21832667783442775,2026-04-22 00:45:46.319498,2026-04-22 00:45:46.688800,0 days 00:00:00.369302,1.8182198116729875,7.384348052176618,0.26751862316132335,COMPLETE
354,0.2177917963996521,2026-04-22 00:45:46.688834,2026-04-22 00:45:47.067770,0 days 00:00:00.378936,2.070417092904176,9.44832975967448,0.38591522733593275,COMPLETE
355,0.2194797334590904,2026-04-22 00:45:47.067805,2026-04-22 00:45:47.458757,0 days 00:00:00.390952,1.5778723990798456,9.806679295883542,0.31764863567239626,COMPLETE
356,0.2182470598056743,2026-04-22 00:45:47.458789,2026-04-22 00:45:47.846856,0 days 00:00:00.388067,1.322053045508612,9.621044642142305,0.5627493110228227,COMPLETE
357,0.21856748444573837,2026-04-22 00:45:47.846889,2026-04-22 00:45:48.222527,0 days 00:00:00.375638,2.361894640477411,9.850667310066797,0.24154603720479562,COMPLETE
358,0.2188494171927099,2026-04-22 00:45:48.222559,2026-04-22 00:45:48.613938,0 days 00:00:00.391379,1.8673948451325832,9.335496698000577,0.29723007726367473,COMPLETE
359,0.21711020368055275,2026-04-22 00:45:48.613970,2026-04-22 00:45:48.991464,0 days 00:00:00.377494,1.698176611334143,9.981657617273209,0.9993081690736931,COMPLETE
360,0.21931378529884324,2026-04-22 00:45:48.991497,2026-04-22 00:45:49.382953,0 days 00:00:00.391456,2.1407753080370635,9.610067032673333,0.3381765374080234,COMPLETE
361,0.21947571316503142,2026-04-22 00:45:49.382986,2026-04-22 00:45:49.766861,0 days 00:00:00.383875,1.8709658973843553,9.757784790133844,0.27695384865116357,COMPLETE
362,0.21913401688165887,2026-04-22 00:45:49.766896,2026-04-22 00:45:50.145207,0 days 00:00:00.378311,1.505673607660428,9.990051595769382,0.31883510167811846,COMPLETE
363,0.21926888613234222,2026-04-22 00:45:50.145239,2026-04-22 00:45:50.518438,0 days 00:00:00.373199,1.2191164884018724,9.481368623555657,0.2958924795039603,COMPLETE
364,0.21900569430743677,2026-04-22 00:45:50.518471,2026-04-22 00:45:50.896466,0 days 00:00:00.377995,2.2798160683761903,9.681832182984671,0.35948160196887013,COMPLETE
365,0.21996671077958285,2026-04-22 00:45:50.896497,2026-04-22 00:45:51.284797,0 days 00:00:00.388300,1.983230343283616,9.845084760255876,0.25996386538756644,COMPLETE
366,0.21797458763556074,2026-04-22 00:45:51.284828,2026-04-22 00:45:51.674109,0 days 00:00:00.389281,2.5641778652690013,9.998403497357334,0.20229487552932673,COMPLETE
367,0.2179878944398271,2026-04-22 00:45:51.674141,2026-04-22 00:45:52.055621,0 days 00:00:00.381480,2.0353309790459257,9.442070450551848,0.22150178500484397,COMPLETE
368,0.2187495246837692,2026-04-22 00:45:52.055654,2026-04-22 00:45:52.433356,0 days 00:00:00.377702,1.6961005311095894,9.663516539097891,0.24936765747284506,COMPLETE
369,0.2177763627652442,2026-04-22 00:45:52.433388,2026-04-22 00:45:52.817729,0 days 00:00:00.384341,2.1988524074082623,9.275893192882826,0.26053429844226256,COMPLETE
370,0.21828710271971435,2026-04-22 00:45:52.817767,2026-04-22 00:45:53.208216,0 days 00:00:00.390449,1.9486294458019624,7.67167781041783,0.27830474704395874,COMPLETE
371,0.2187164515358471,2026-04-22 00:45:53.208249,2026-04-22 00:45:53.579134,0 days 00:00:00.370885,1.540836451340267,8.94746177716042,0.2386501372237931,COMPLETE
372,0.21960154414372,2026-04-22 00:45:53.579166,2026-04-22 00:45:53.959704,0 days 00:00:00.380538,1.729526550290171,9.828918726259047,0.26474470621001217,COMPLETE
373,0.21815794087554538,2026-04-22 00:45:53.959740,2026-04-22 00:45:54.334255,0 days 00:00:00.374515,2.4045461644777637,9.544132993219938,0.3314883808098349,COMPLETE
374,0.2199274541533935,2026-04-22 00:45:54.334289,2026-04-22 00:45:54.714288,0 days 00:00:00.379999,2.0997932097749694,9.81076710057375,0.30873236698184686,COMPLETE
375,0.21869820014626307,2026-04-22 00:45:54.714321,2026-04-22 00:45:55.082732,0 days 00:00:00.368411,1.3619989376705308,9.638778166455975,0.2831284984017814,COMPLETE
376,0.21838555932344542,2026-04-22 00:45:55.082764,2026-04-22 00:45:55.463044,0 days 00:00:00.380280,2.9014171004557636,9.999422474857116,0.32395098566752517,COMPLETE
377,0.21928996946117546,2026-04-22 00:45:55.463075,2026-04-22 00:45:55.840904,0 days 00:00:00.377829,1.8020864576119584,9.363773700775013,0.3433998513125245,COMPLETE
378,0.22008312994518034,2026-04-22 00:45:55.840936,2026-04-22 00:45:56.219126,0 days 00:00:00.378190,1.9426909891875321,9.999619246403562,0.2996168741022768,COMPLETE
379,0.21733815905389217,2026-04-22 00:45:56.219160,2026-04-22 00:45:56.598848,0 days 00:00:00.379688,1.9988026813327744,9.845914493640333,0.7451249626138389,COMPLETE
380,0.2188340755155799,2026-04-22 00:45:56.598882,2026-04-22 00:45:56.979477,0 days 00:00:00.380595,2.3717738963784982,9.992271531600117,0.2576504207066733,COMPLETE
381,0.2181021900552714,2026-04-22 00:45:56.979509,2026-04-22 00:45:57.358837,0 days 00:00:00.379328,0.9752292487227935,9.798281038021388,0.28562910358089394,COMPLETE
382,0.21838006843279295,2026-04-22 00:45:57.358868,2026-04-22 00:45:57.740697,0 days 00:00:00.381829,2.1764715166075117,9.70333222959254,0.23276940959163617,COMPLETE
383,0.21908288852363725,2026-04-22 00:45:57.740733,2026-04-22 00:45:58.124055,0 days 00:00:00.383322,1.565099643131409,9.856289714472464,0.298029004189561,COMPLETE
384,0.2021971044220326,2026-04-22 00:45:58.124088,2026-04-22 00:45:58.508158,0 days 00:00:00.384070,8.495377945799468,9.672491536432798,0.45777535958534427,COMPLETE
385,0.2186119833907548,2026-04-22 00:45:58.508193,2026-04-22 00:45:58.885305,0 days 00:00:00.377112,1.971890102693585,9.994398037813776,0.2693103714494692,COMPLETE
386,0.2183171889957132,2026-04-22 00:45:58.885337,2026-04-22 00:45:59.273309,0 days 00:00:00.387972,2.2194108190874546,7.924387376254958,0.3032018813075002,COMPLETE
387,0.21872342902297057,2026-04-22 00:45:59.273342,2026-04-22 00:45:59.652056,0 days 00:00:00.378714,1.6823480397435662,9.811856639018334,0.3750919366543565,COMPLETE
388,0.2198630112046518,2026-04-22 00:45:59.652088,2026-04-22 00:45:59.301315,-1 days +23:59:59.649227,1.9332041281188757,9.99566520698976,0.32394263474110935,COMPLETE
389,0.2181756435922599,2026-04-22 00:45:59.301346,2026-04-22 00:45:59.673145,0 days 00:00:00.371799,1.3682488619836122,9.61064867181857,0.28236523550538817,COMPLETE
390,0.21863697548558592,2026-04-22 00:45:59.673178,2026-04-22 00:46:00.054584,0 days 00:00:00.381406,1.82428123858364,9.534551588371805,0.25437164887704466,COMPLETE
391,0.14683616425003973,2026-04-22 00:46:00.054615,2026-04-22 00:46:00.417006,0 days 00:00:00.362391,1.5753963012314907,0.2995870452664384,0.3524919228468834,COMPLETE
392,0.21930156891595823,2026-04-22 00:46:00.417040,2026-04-22 00:46:00.799403,0 days 00:00:00.382363,2.0468999636501004,9.816886076945293,0.306698822532429,COMPLETE
393,0.18656709797980825,2026-04-22 00:46:00.799434,2026-04-22 00:46:01.180003,0 days 00:00:00.380569,9.559837225876908,9.181630562981764,0.33147085228763323,COMPLETE
394,0.2187819851082915,2026-04-22 00:46:01.180037,2026-04-22 00:46:01.558058,0 days 00:00:00.378021,1.1657447147162432,9.680153717876136,0.21707458196577573,COMPLETE
395,0.17476760450521572,2026-04-22 00:46:01.558090,2026-04-22 00:46:01.931024,0 days 00:00:00.372934,2.4532183974723107,1.1725505065414725,0.2874632393289695,COMPLETE
