number,value,datetime_start,datetime_complete,duration,params_alpha,params_beta,params_decay_factor,state
396,0.15378327907344222,2026-04-22 00:33:10.451613,2026-04-22 00:33:10.853681,0 days 00:00:00.402068,4.2522499897294725,9.839294756996333,0.5693489253778612,COMPLETE
397,0.15499995591107277,2026-04-22 00:33:10.853715,2026-04-22 00:33:11.260773,0 days 00:00:00.407058,3.43578213954263,9.522972475325288,0.5001606354053825,COMPLETE
398,0.15482505900391277,2026-04-22 00:33:11.260805,2026-04-22 00:33:11.661979,0 days 00:00:00.401174,3.9637932331067134,9.696716140832322,0.45203590611471633,COMPLETE
399,0.15483729015506587,2026-04-22 00:33:11.662011,2026-04-22 00:33:12.055298,0 days 00:00:00.393287,3.1445738994986194,9.993815237732933,0.7477219127067445,COMPLETE
400,0.1547214101356279,2026-04-22 00:33:12.055331,2026-04-22 00:33:12.462633,0 days 00:00:00.407302,3.6895424300756017,9.426973656514956,0.5477790005539086,COMPLETE
401,0.15450979037416535,2026-04-22 00:33:12.462675,2026-04-22 00:33:12.860450,0 days 00:00:00.397775,3.3555138254752794,9.177281123116382,0.3743046786148987,COMPLETE
402,0.15501326077440042,2026-04-22 00:33:12.860484,2026-04-22 00:33:13.258845,0 days 00:00:00.398361,3.521418353067265,9.825747095611506,0.47885486586941994,COMPLETE
403,0.15416312830681433,2026-04-22 00:33:13.258876,2026-04-22 00:33:13.656699,0 days 00:00:00.397823,2.9945496150947686,7.09443180552964,0.5301151115115622,COMPLETE
404,0.15431870955301008,2026-04-22 00:33:13.656732,2026-04-22 00:33:14.057445,0 days 00:00:00.400713,3.7937998003017253,9.593793250536827,0.4163639788246886,COMPLETE
405,0.1547290087037494,2026-04-22 00:33:14.057477,2026-04-22 00:33:14.452472,0 days 00:00:00.394995,2.6465792168892293,9.334530082602637,0.5899832783081147,COMPLETE
406,0.1540732976164859,2026-04-22 00:33:14.452504,2026-04-22 00:33:14.862038,0 days 00:00:00.409534,3.2436104197586015,9.810016977274893,0.4564291085262001,COMPLETE
407,0.15425971462830348,2026-04-22 00:33:14.862071,2026-04-22 00:33:15.276801,0 days 00:00:00.414730,2.3117725502994566,9.529245161858084,0.4996894723300587,COMPLETE
408,0.15177635530144948,2026-04-22 00:33:15.276833,2026-04-22 00:33:15.681567,0 days 00:00:00.404734,4.062223411186453,8.292052841709651,0.24224716238769828,COMPLETE
409,0.15517668744328877,2026-04-22 00:33:15.681598,2026-04-22 00:33:16.081274,0 days 00:00:00.399676,3.5644780461313683,9.036260742181057,0.4350154782407001,COMPLETE
410,0.1173379417694092,2026-04-22 00:33:16.081306,2026-04-22 00:33:16.479312,0 days 00:00:00.398006,7.275134047345643,9.712090302606564,0.5453374314796218,COMPLETE
411,0.15425638695620658,2026-04-22 00:33:16.479345,2026-04-22 00:33:16.884746,0 days 00:00:00.405401,3.8017933823466734,9.392191515141747,0.46874853641039166,COMPLETE
412,0.15474602944352553,2026-04-22 00:33:16.884778,2026-04-22 00:33:17.287408,0 days 00:00:00.402630,3.3529279683017856,9.857290498285051,0.5673281180383529,COMPLETE
413,0.15386839663402307,2026-04-22 00:33:17.287442,2026-04-22 00:33:17.697201,0 days 00:00:00.409759,3.0746120766705167,9.593913790545223,0.5195181260179785,COMPLETE
414,0.15466439906004054,2026-04-22 00:33:17.697233,2026-04-22 00:33:18.103846,0 days 00:00:00.406613,3.6333914274015204,9.211283197835606,0.4843686030982083,COMPLETE
415,0.15561336666388684,2026-04-22 00:33:18.103878,2026-04-22 00:33:18.503788,0 days 00:00:00.399910,3.9731175814316524,9.68756713129962,0.4439553395356548,COMPLETE
416,0.1551535315054057,2026-04-22 00:33:18.503821,2026-04-22 00:33:18.911693,0 days 00:00:00.407872,4.244913532905984,9.989846581913513,0.4067294608821958,COMPLETE
417,0.15391500675522213,2026-04-22 00:33:18.911725,2026-04-22 00:33:19.316567,0 days 00:00:00.404842,4.395498443057329,9.72297267884121,0.44248644418048466,COMPLETE
418,0.15410174576922078,2026-04-22 00:33:19.316599,2026-04-22 00:33:19.716969,0 days 00:00:00.400370,4.061857159486451,9.678959099974392,0.3890784720561895,COMPLETE
419,0.15473643296807674,2026-04-22 00:33:19.717000,2026-04-22 00:33:20.122485,0 days 00:00:00.405485,3.920158859405731,9.828009711014902,0.5769892367793765,COMPLETE
420,0.15437820261770435,2026-04-22 00:33:20.122516,2026-04-22 00:33:20.533441,0 days 00:00:00.410925,2.7902354351714993,9.998359012266356,0.42929814595980276,COMPLETE
421,0.15480752994527883,2026-04-22 00:33:20.533475,2026-04-22 00:33:20.930424,0 days 00:00:00.396949,3.2257169873248372,9.512853257728038,0.5042396068501465,COMPLETE
422,0.15491639968536186,2026-04-22 00:33:20.930455,2026-04-22 00:33:21.331128,0 days 00:00:00.400673,3.4222917083528834,9.32297841191185,0.45274691764530256,COMPLETE
423,0.15389496777197492,2026-04-22 00:33:21.331169,2026-04-22 00:33:21.732764,0 days 00:00:00.401595,2.9183036984605737,8.816409683140293,0.5422488433343607,COMPLETE
424,0.1536447219462077,2026-04-22 00:33:21.732797,2026-04-22 00:33:22.130343,0 days 00:00:00.397546,4.0214881978105765,9.693653066285874,0.27929705836889285,COMPLETE
425,0.15399983147557386,2026-04-22 00:33:22.130375,2026-04-22 00:33:22.531075,0 days 00:00:00.400700,3.6811927018966792,9.579064003489846,0.5195555704204076,COMPLETE
426,0.15486748133578182,2026-04-22 00:33:22.531109,2026-04-22 00:33:22.939627,0 days 00:00:00.408518,4.210274199133096,9.845974668225029,0.48320848193219046,COMPLETE
427,0.15458084858546342,2026-04-22 00:33:22.939659,2026-04-22 00:33:22.652074,-1 days +23:59:59.712415,3.4470954158033416,9.10205536020157,0.41941636403159366,COMPLETE
428,0.129848895745802,2026-04-22 00:33:22.652107,2026-04-22 00:33:23.049889,0 days 00:00:00.397782,3.2205912475824383,2.1167442523914817,0.563897746360643,COMPLETE
429,0.15457676470106724,2026-04-22 00:33:23.049922,2026-04-22 00:33:23.457134,0 days 00:00:00.407212,3.9323497163717542,9.458345436989521,0.4672220327115698,COMPLETE
430,0.15538817446644448,2026-04-22 00:33:23.457166,2026-04-22 00:33:23.855536,0 days 00:00:00.398370,3.5677413195730145,9.295532107211447,0.5353747305908362,COMPLETE
431,0.15361536305637208,2026-04-22 00:33:23.855570,2026-04-22 00:33:24.260853,0 days 00:00:00.405283,4.626585291109231,9.811063588211434,0.591082594559523,COMPLETE
432,0.15515791870504803,2026-04-22 00:33:24.260885,2026-04-22 00:33:24.668426,0 days 00:00:00.407541,3.039504110139024,9.333511467666668,0.5361790349506985,COMPLETE
433,0.15418543412611893,2026-04-22 00:33:24.668460,2026-04-22 00:33:25.072060,0 days 00:00:00.403600,3.771593044358538,9.637656190189638,0.5506522771244579,COMPLETE
434,0.15510686558171763,2026-04-22 00:33:25.072095,2026-04-22 00:33:25.474088,0 days 00:00:00.401993,3.374085386077595,9.485551400852621,0.438398510845364,COMPLETE
435,0.15483921726955532,2026-04-22 00:33:25.474122,2026-04-22 00:33:25.888041,0 days 00:00:00.413919,3.586106528610938,9.995880457117725,0.49594081867594936,COMPLETE
436,0.15434825426093604,2026-04-22 00:33:25.888077,2026-04-22 00:33:26.335340,0 days 00:00:00.447263,3.200550288057512,9.704964121262309,0.5800477544779227,COMPLETE
437,0.1533307285802251,2026-04-22 00:33:26.335374,2026-04-22 00:33:26.781879,0 days 00:00:00.446505,3.8980523249782855,9.261737021317215,0.8771752658960301,COMPLETE
438,0.15472910679920826,2026-04-22 00:33:26.781911,2026-04-22 00:33:27.200256,0 days 00:00:00.418345,3.5470301224599194,9.447338152261185,0.5580111383301091,COMPLETE
439,0.15575862168080445,2026-04-22 00:33:27.200292,2026-04-22 00:33:27.616115,0 days 00:00:00.415823,4.134552493653495,9.837834202299202,0.39792151969787154,COMPLETE
440,0.15486090934134494,2026-04-22 00:33:27.616148,2026-04-22 00:33:28.021587,0 days 00:00:00.405439,4.352901340052388,9.83771549438142,0.37374354943424154,COMPLETE
441,0.15525272581144972,2026-04-22 00:33:28.021622,2026-04-22 00:33:28.430712,0 days 00:00:00.409090,2.9623356069325006,9.766878347077284,0.3632379618070126,COMPLETE
442,0.15314126888160232,2026-04-22 00:33:28.430745,2026-04-22 00:33:28.834353,0 days 00:00:00.403608,4.812396110419262,9.843189168366386,0.39604493853614015,COMPLETE
443,0.15428486546946207,2026-04-22 00:33:28.834387,2026-04-22 00:33:29.242262,0 days 00:00:00.407875,4.156508605896899,9.992488563274813,0.39533673232599115,COMPLETE
444,0.15461289954931753,2026-04-22 00:33:29.242295,2026-04-22 00:33:29.648358,0 days 00:00:00.406063,3.735639345368641,9.624632825490579,0.42203268553302636,COMPLETE
445,0.15403721044455018,2026-04-22 00:33:29.648392,2026-04-22 00:33:30.050840,0 days 00:00:00.402448,3.3355011689529204,9.668315300788704,0.34300064351731285,COMPLETE
446,0.15481152523942582,2026-04-22 00:33:30.050872,2026-04-22 00:33:30.454656,0 days 00:00:00.403784,2.5560501215958396,9.380208958280395,0.40761767787435915,COMPLETE
447,0.154505814132099,2026-04-22 00:33:30.454688,2026-04-22 00:33:30.870907,0 days 00:00:00.416219,3.519523180322138,9.843508944317119,0.45033156947665787,COMPLETE
448,0.15484343857964908,2026-04-22 00:33:30.870941,2026-04-22 00:33:31.275685,0 days 00:00:00.404744,3.162994708908903,9.178121687843799,0.3575702105627016,COMPLETE
449,0.1542952308030894,2026-04-22 00:33:31.275717,2026-04-22 00:33:31.679680,0 days 00:00:00.403963,3.7587680434115125,9.982563251644228,0.3890606410774117,COMPLETE
450,0.15465209712738398,2026-04-22 00:33:31.679712,2026-04-22 00:33:32.080909,0 days 00:00:00.401197,2.831687550709363,9.541348429342493,0.4174916839026038,COMPLETE
451,0.1545063849179152,2026-04-22 00:33:32.080941,2026-04-22 00:33:32.506607,0 days 00:00:00.425666,3.3613170087798787,9.674617298806206,0.3789740383968528,COMPLETE
452,0.15462121573447582,2026-04-22 00:33:32.506640,2026-04-22 00:33:32.915263,0 days 00:00:00.408623,3.090338161228826,8.993929395571673,0.5341460128808161,COMPLETE
453,0.15447927698636144,2026-04-22 00:33:32.915299,2026-04-22 00:33:33.317983,0 days 00:00:00.402684,4.0821958739381925,9.406469529418754,0.4309246070716886,COMPLETE
454,0.15531007456720056,2026-04-22 00:33:33.318014,2026-04-22 00:33:33.732967,0 days 00:00:00.414953,3.613950667328575,9.841357675750931,0.5667173535939708,COMPLETE
455,0.15404876867636874,2026-04-22 00:33:33.733001,2026-04-22 00:33:34.136805,0 days 00:00:00.403804,3.851403348048094,9.993387898294353,0.41511265215498794,COMPLETE
456,0.13983315665399768,2026-04-22 00:33:34.136839,2026-04-22 00:33:34.534790,0 days 00:00:00.397951,3.425893186701178,3.154456599871623,0.5208389433838998,COMPLETE
457,0.1527901975762938,2026-04-22 00:33:34.534823,2026-04-22 00:33:34.947912,0 days 00:00:00.413089,3.2119121532613253,9.557383535622968,0.9598351065555003,COMPLETE
458,0.15432091930171302,2026-04-22 00:33:34.947946,2026-04-22 00:33:35.348429,0 days 00:00:00.400483,3.6293580178787566,9.233693103474678,0.6004786402087462,COMPLETE
459,0.15464568912113794,2026-04-22 00:33:35.348462,2026-04-22 00:33:35.755013,0 days 00:00:00.406551,4.240268420552435,9.76266792568218,0.4438637384670774,COMPLETE
460,0.1533775509262434,2026-04-22 00:33:35.755048,2026-04-22 00:33:36.160399,0 days 00:00:00.405351,4.523523617206594,8.62395201849389,0.5447891816989643,COMPLETE
461,0.15078754320128238,2026-04-22 00:33:36.160434,2026-04-22 00:33:36.566667,0 days 00:00:00.406233,5.094203273482943,9.473185444449427,0.40387904175705647,COMPLETE
462,0.1527254548297965,2026-04-22 00:33:36.566699,2026-04-22 00:33:36.963880,0 days 00:00:00.397181,1.1478901856301835,9.693804137318692,0.46352427053587314,COMPLETE
463,0.15484054150091073,2026-04-22 00:33:36.963909,2026-04-22 00:33:37.363005,0 days 00:00:00.399096,2.9854886041038005,9.289177743979383,0.49581455353976345,COMPLETE
464,0.15504896485967964,2026-04-22 00:33:37.363038,2026-04-22 00:33:37.766426,0 days 00:00:00.403388,3.888916816695071,9.983491996683862,0.5828032581291659,COMPLETE
465,0.15421291727327122,2026-04-22 00:33:37.766461,2026-04-22 00:33:38.169999,0 days 00:00:00.403538,3.4116349446266705,8.945722145545677,0.5184497788850904,COMPLETE
466,0.15457094560416096,2026-04-22 00:33:38.170034,2026-04-22 00:33:38.567506,0 days 00:00:00.397472,3.7035912947712433,9.611419628707125,0.5535390629243409,COMPLETE
467,0.1545608965567991,2026-04-22 00:33:38.567543,2026-04-22 00:33:38.971345,0 days 00:00:00.403802,2.6932096650170783,9.759000748549225,0.4397719525670116,COMPLETE
468,0.15548977101292136,2026-04-22 00:33:38.971379,2026-04-22 00:33:39.373035,0 days 00:00:00.401656,3.2265127145189987,9.410668316490888,0.47455220464549097,COMPLETE
469,0.15476015922491693,2026-04-22 00:33:39.373070,2026-04-22 00:33:39.774878,0 days 00:00:00.401808,3.1405572775895396,9.160165386220791,0.48062601705302976,COMPLETE
470,0.15453077888372546,2026-04-22 00:33:39.774912,2026-04-22 00:33:40.179784,0 days 00:00:00.404872,2.9356954473657515,9.338266268558082,0.46520706880747537,COMPLETE
471,0.15428420916267932,2026-04-22 00:33:40.179818,2026-04-22 00:33:40.584688,0 days 00:00:00.404870,3.272638269166373,8.973999658645198,0.45109016465877666,COMPLETE
472,0.1550728445077552,2026-04-22 00:33:40.584721,2026-04-22 00:33:40.980926,0 days 00:00:00.396205,3.448821458265342,9.40273414158478,0.8045191185833069,COMPLETE
473,0.1549931756847471,2026-04-22 00:33:40.980958,2026-04-22 00:33:41.380308,0 days 00:00:00.399350,3.059794663611972,9.207388197146798,0.4283624399694868,COMPLETE
474,0.11326075732025949,2026-04-22 00:33:41.380342,2026-04-22 00:33:41.771808,0 days 00:00:00.391466,3.2282704859754974,0.8787973777966069,0.4907142380844856,COMPLETE
475,0.15303235259736583,2026-04-22 00:33:41.771841,2026-04-22 00:33:42.179822,0 days 00:00:00.407981,2.82805343538385,9.518296677577219,0.9309063368841095,COMPLETE
476,0.1556177087847175,2026-04-22 00:33:42.179856,2026-04-22 00:33:42.616435,0 days 00:00:00.436579,3.5137204811646674,9.471568954595023,0.47019582635219676,COMPLETE
477,0.15478647057763742,2026-04-22 00:33:42.616477,2026-04-22 00:33:43.053074,0 days 00:00:00.436597,3.532172548416883,8.848328908898987,0.4757266386528618,COMPLETE
478,0.15507811336043428,2026-04-22 00:33:43.053108,2026-04-22 00:33:43.467974,0 days 00:00:00.414866,3.573799141808671,9.124606335805844,0.4614967497593094,COMPLETE
479,0.15417996846526427,2026-04-22 00:33:43.468007,2026-04-22 00:33:43.869847,0 days 00:00:00.401840,3.395491799885395,9.33446387316439,0.4461676316171743,COMPLETE
480,0.1544463599164075,2026-04-22 00:33:43.869880,2026-04-22 00:33:44.277089,0 days 00:00:00.407209,3.693984655771167,9.378971229575509,0.4962860818445833,COMPLETE
481,0.15425289254703412,2026-04-22 00:33:44.277126,2026-04-22 00:33:44.691525,0 days 00:00:00.414399,3.3196853363720407,9.516843744262463,0.47474254906637636,COMPLETE
482,0.15448319549708317,2026-04-22 00:33:44.691557,2026-04-22 00:33:45.097937,0 days 00:00:00.406380,3.8137407870023576,9.1442753874904,0.4183086943399423,COMPLETE
483,0.15469386787384873,2026-04-22 00:33:45.097969,2026-04-22 00:33:45.500378,0 days 00:00:00.402409,3.5552845883117263,9.55212669101175,0.45271814426589263,COMPLETE
484,0.15486977550461853,2026-04-22 00:33:45.500410,2026-04-22 00:33:45.902877,0 days 00:00:00.402467,3.3402856073583824,9.320707953292771,0.5021514445412086,COMPLETE
485,0.15473690874954812,2026-04-22 00:33:45.902911,2026-04-22 00:33:46.305337,0 days 00:00:00.402426,3.7006329853073514,9.64453367890543,0.3781859692225874,COMPLETE
486,0.15424797849140207,2026-04-22 00:33:46.305371,2026-04-22 00:33:46.713666,0 days 00:00:00.408295,3.98235909839648,8.994428830681466,0.43203687847261746,COMPLETE
487,0.15506429599738977,2026-04-22 00:33:46.713699,2026-04-22 00:33:47.118068,0 days 00:00:00.404369,3.4483189278489874,9.494722243089765,0.47891840101990113,COMPLETE
488,0.15451432271780008,2026-04-22 00:33:47.118100,2026-04-22 00:33:47.540000,0 days 00:00:00.421900,3.20344726193618,9.253627314802424,0.32811343620095884,COMPLETE
489,0.15436619446540223,2026-04-22 00:33:47.540033,2026-04-22 00:33:47.951186,0 days 00:00:00.411153,3.582134124230729,8.718195273233157,0.4033977389593545,COMPLETE
490,0.15426480912272586,2026-04-22 00:33:47.951220,2026-04-22 00:33:48.354621,0 days 00:00:00.403401,3.86018803969475,9.707237748153428,0.46190433386273283,COMPLETE
491,0.1542367248136386,2026-04-22 00:33:48.354655,2026-04-22 00:33:48.762529,0 days 00:00:00.407874,3.2490014735584394,9.452810151387306,0.5098316918770993,COMPLETE
492,0.13636185523211133,2026-04-22 00:33:48.762566,2026-04-22 00:33:49.160487,0 days 00:00:00.397921,3.4758758204209577,2.7462860825432305,0.43755536940423434,COMPLETE
493,0.1487242820099551,2026-04-22 00:33:49.160523,2026-04-22 00:33:49.559282,0 days 00:00:00.398759,3.709804051934505,5.262901607431331,0.48392740942976,COMPLETE
494,0.1548377176601909,2026-04-22 00:33:49.559317,2026-04-22 00:33:49.964808,0 days 00:00:00.405491,3.0496312660821396,9.660131187721614,0.4541681657700523,COMPLETE
495,0.15319259237421812,2026-04-22 00:33:49.964843,2026-04-22 00:33:50.374050,0 days 00:00:00.409207,4.134400697693695,9.048935441218948,0.5026049534202057,COMPLETE
496,0.14448383039990692,2026-04-22 00:33:50.374091,2026-04-22 00:33:50.775987,0 days 00:00:00.401896,3.3269296901734355,4.0192505645772885,0.42252493249076434,COMPLETE
497,0.15425851212696615,2026-04-22 00:33:50.776019,2026-04-22 00:33:51.180406,0 days 00:00:00.404387,3.546587531836115,9.778399353914137,0.47043762058274863,COMPLETE
498,0.1542404180788636,2026-04-22 00:33:51.180438,2026-04-22 00:33:51.587832,0 days 00:00:00.407394,3.8909884336184133,9.444234538283279,0.38963507036382167,COMPLETE
499,0.15439053935764532,2026-04-22 00:33:51.587866,2026-04-22 00:33:51.994639,0 days 00:00:00.406773,3.1828615933983175,9.246392646944342,0.520425385942286,COMPLETE
