number,value,datetime_start,datetime_complete,duration,params_alpha,params_beta,params_decay_factor,state
264,0.07225020159492869,2026-04-22 00:02:56.625584,2026-04-22 00:02:56.958899,0 days 00:00:00.333315,2.8289863842945024,8.684690362687693,0.6073132930931453,COMPLETE
265,0.07169543644331983,2026-04-22 00:02:56.958932,2026-04-22 00:02:57.299824,0 days 00:00:00.340892,2.922290076808195,8.648927787414268,0.6077120954205177,COMPLETE
266,0.0716812278459538,2026-04-22 00:02:57.299865,2026-04-22 00:02:57.631239,0 days 00:00:00.331374,2.925977224321032,9.525028964757146,0.6912699176877327,COMPLETE
267,0.07196249268918453,2026-04-22 00:02:57.631272,2026-04-22 00:02:57.962824,0 days 00:00:00.331552,2.587921657278246,9.046728986235715,0.5779240930130087,COMPLETE
268,0.07256791269162893,2026-04-22 00:02:57.962866,2026-04-22 00:02:58.293360,0 days 00:00:00.330494,2.8132031720703568,9.365803864345445,0.6156835058345408,COMPLETE
269,0.07181098368654744,2026-04-22 00:02:58.293396,2026-04-22 00:02:58.631714,0 days 00:00:00.338318,2.8723995100326722,9.779877892960664,0.6395602566851255,COMPLETE
270,0.07170459303903545,2026-04-22 00:02:58.631746,2026-04-22 00:02:58.963002,0 days 00:00:00.331256,2.7791118528910044,9.351418301769542,0.608510838699739,COMPLETE
271,0.07227072857680533,2026-04-22 00:02:58.963035,2026-04-22 00:02:59.300615,0 days 00:00:00.337580,2.4882371313832308,9.227091380554253,0.5870270258291777,COMPLETE
272,0.07134613347583912,2026-04-22 00:02:59.300648,2026-04-22 00:02:59.639559,0 days 00:00:00.338911,2.4381903426890514,9.596269840619293,0.5866585489843887,COMPLETE
273,0.07165416056271921,2026-04-22 00:02:59.639593,2026-04-22 00:02:59.976807,0 days 00:00:00.337214,2.4715338482914433,9.27064580094422,0.6213236666816531,COMPLETE
274,0.07156744703774819,2026-04-22 00:02:59.976840,2026-04-22 00:03:00.309360,0 days 00:00:00.332520,2.2587723703255573,9.436071116897988,0.5460544678686986,COMPLETE
275,0.07125684429365185,2026-04-22 00:03:00.309396,2026-04-22 00:03:00.644856,0 days 00:00:00.335460,2.6665156484826937,9.189696357686817,0.5960494936361782,COMPLETE
276,0.07190278935600615,2026-04-22 00:03:00.644889,2026-04-22 00:03:00.977844,0 days 00:00:00.332955,2.0964867971750336,9.712199568285115,0.568877917584005,COMPLETE
277,0.0718488336706919,2026-04-22 00:03:00.977878,2026-04-22 00:03:01.307702,0 days 00:00:00.329824,1.8765599856516975,9.11197038752633,0.5115827802980132,COMPLETE
278,0.06985913380633793,2026-04-22 00:03:01.307734,2026-04-22 00:03:01.643896,0 days 00:00:00.336162,2.3598135973644254,6.741830568186989,0.6321235067599367,COMPLETE
279,0.07083636398431814,2026-04-22 00:03:01.643927,2026-04-22 00:03:01.977380,0 days 00:00:00.333453,1.6587791151642768,9.456905631678381,0.6724271907171429,COMPLETE
280,0.07311683055862475,2026-04-22 00:03:01.977412,2026-04-22 00:03:02.313552,0 days 00:00:00.336140,2.129864743821398,8.843665237580582,0.5965649783187362,COMPLETE
281,0.07096588235988247,2026-04-22 00:03:02.313586,2026-04-22 00:03:02.650904,0 days 00:00:00.337318,2.571975310672769,8.829807724827603,0.6174389763269263,COMPLETE
282,0.07199699346250599,2026-04-22 00:03:02.650940,2026-04-22 00:03:02.987205,0 days 00:00:00.336265,1.871509868353107,8.753031368249927,0.5971784654626795,COMPLETE
283,0.07225070095884747,2026-04-22 00:03:02.987238,2026-04-22 00:03:03.323021,0 days 00:00:00.335783,2.313264743937649,8.982325731425703,0.5558427677904819,COMPLETE
284,0.07137512197990155,2026-04-22 00:03:03.323053,2026-04-22 00:03:03.670575,0 days 00:00:00.347522,2.0916397665210655,8.580818338618554,0.5338887914895881,COMPLETE
285,0.07104718873106321,2026-04-22 00:03:03.670608,2026-04-22 00:03:04.006002,0 days 00:00:00.335394,2.361423825175873,8.887716690086501,0.6570441848395547,COMPLETE
286,0.07048733459333503,2026-04-22 00:03:04.006034,2026-04-22 00:03:04.348623,0 days 00:00:00.342589,1.2091121311294768,8.951509287493852,0.6082376275684355,COMPLETE
287,0.0704618821536339,2026-04-22 00:03:04.348655,2026-04-22 00:03:04.690978,0 days 00:00:00.342323,2.242869459976638,7.172275907918596,0.4889572310152162,COMPLETE
288,0.07184887026694774,2026-04-22 00:03:04.691011,2026-04-22 00:03:05.031243,0 days 00:00:00.340232,1.7627183114678833,8.682422808550097,0.575276585711471,COMPLETE
289,0.07234583469054547,2026-04-22 00:03:05.031277,2026-04-22 00:03:05.362087,0 days 00:00:00.330810,2.005145567463261,9.045758438159716,0.6367796185029764,COMPLETE
290,0.0718730273446443,2026-04-22 00:03:05.362120,2026-04-22 00:03:05.695042,0 days 00:00:00.332922,2.0210750602758867,9.251026976246617,0.6336511556612643,COMPLETE
291,0.07140592676042756,2026-04-22 00:03:05.695074,2026-04-22 00:03:06.023304,0 days 00:00:00.328230,1.5587832130696064,9.062445316107484,0.5550906007388555,COMPLETE
292,0.07180274051784567,2026-04-22 00:03:06.023336,2026-04-22 00:03:06.355575,0 days 00:00:00.332239,1.979675026653711,9.258313377670898,0.6554419523513325,COMPLETE
293,0.07073103127604961,2026-04-22 00:03:06.355609,2026-04-22 00:03:06.693773,0 days 00:00:00.338164,2.218486952481693,9.852766180804437,0.5901480095866831,COMPLETE
294,0.07120973771711953,2026-04-22 00:03:06.693807,2026-04-22 00:03:07.028417,0 days 00:00:00.334610,1.7363364267617147,8.948986727259584,0.5257416164070392,COMPLETE
295,0.05648368679135964,2026-04-22 00:03:07.028451,2026-04-22 00:03:07.366248,0 days 00:00:00.337797,2.10780386652501,9.02510770387142,0.05551981380059018,COMPLETE
296,0.07057029600276173,2026-04-22 00:03:07.366280,2026-04-22 00:03:07.715620,0 days 00:00:00.349340,2.4176813788204656,9.624522264282957,0.6421294715064629,COMPLETE
297,0.07207057070077766,2026-04-22 00:03:07.715652,2026-04-22 00:03:08.051900,0 days 00:00:00.336248,1.9271186135289984,9.27444102638489,0.5672723833107731,COMPLETE
298,0.07086025659883506,2026-04-22 00:03:08.051933,2026-04-22 00:03:08.386471,0 days 00:00:00.334538,2.2634088820733287,8.797125913206528,0.6215642980767199,COMPLETE
299,0.07088947227156607,2026-04-22 00:03:08.386505,2026-04-22 00:03:08.723875,0 days 00:00:00.337370,1.4741212836807596,9.46801561131164,0.5918140794951326,COMPLETE
300,0.07152498356350805,2026-04-22 00:03:08.723910,2026-04-22 00:03:09.057090,0 days 00:00:00.333180,1.751792710669206,9.161514864214784,0.5471157429453023,COMPLETE
301,0.07129172009450271,2026-04-22 00:03:09.057122,2026-04-22 00:03:09.393930,0 days 00:00:00.336808,2.04490395883459,9.00696173634899,0.5126097132499279,COMPLETE
302,0.07098288569255048,2026-04-22 00:03:09.393963,2026-04-22 00:03:09.725258,0 days 00:00:00.331295,2.433289776071278,8.533237782209888,0.5748881498972851,COMPLETE
303,0.07225091577110461,2026-04-22 00:03:09.725292,2026-04-22 00:03:10.060179,0 days 00:00:00.334887,1.9196734467011505,9.376404621400113,0.6687570618379547,COMPLETE
304,0.0708840006372004,2026-04-22 00:03:10.060210,2026-04-22 00:03:10.393156,0 days 00:00:00.332946,1.8682939411845143,9.756725595294148,0.695681316498669,COMPLETE
305,0.07032819992411639,2026-04-22 00:03:10.393189,2026-04-22 00:03:10.723956,0 days 00:00:00.330767,1.5274982795876877,9.601710423352026,0.6648613054419441,COMPLETE
306,0.07215619327098563,2026-04-22 00:03:10.723989,2026-04-22 00:03:11.054689,0 days 00:00:00.330700,2.088007090153628,9.386991794547873,0.6499990595927954,COMPLETE
307,0.07145158685039696,2026-04-22 00:03:11.054724,2026-04-22 00:03:11.387620,0 days 00:00:00.332896,1.839495171593168,9.277556675663293,0.6739889973272196,COMPLETE
308,0.06629477555583486,2026-04-22 00:03:11.387656,2026-04-22 00:03:11.719340,0 days 00:00:00.331684,1.634353850234066,3.963198161070833,0.6337847465140876,COMPLETE
309,0.07225910139265976,2026-04-22 00:03:11.719373,2026-04-22 00:03:12.056246,0 days 00:00:00.336873,2.088378806700717,9.444569407257593,0.6151173362457594,COMPLETE
310,0.06291123044060246,2026-04-22 00:03:12.056279,2026-04-22 00:03:12.389477,0 days 00:00:00.333198,2.2215651034673543,3.0474494433775523,0.6126273278695923,COMPLETE
311,0.07202182824747927,2026-04-22 00:03:12.389509,2026-04-22 00:03:12.737200,0 days 00:00:00.347691,2.600758209717974,9.890048204762731,0.5881403815759494,COMPLETE
312,0.07144161968985345,2026-04-22 00:03:12.737232,2026-04-22 00:03:13.077486,0 days 00:00:00.340254,2.1040561149320975,9.57202363499445,0.6071201738187212,COMPLETE
313,0.0723523844270776,2026-04-22 00:03:13.077519,2026-04-22 00:03:13.402586,0 days 00:00:00.325067,2.462180768534276,9.115563629066182,0.6272242861786351,COMPLETE
314,0.07122326817177412,2026-04-22 00:03:13.402618,2026-04-22 00:03:13.733335,0 days 00:00:00.330717,2.4388130610002676,8.805545348232785,0.6233065840803765,COMPLETE
315,0.07174860073062708,2026-04-22 00:03:13.733368,2026-04-22 00:03:14.064614,0 days 00:00:00.331246,2.5786767088627913,9.184191666764667,0.5945655902444537,COMPLETE
316,0.07133047871999139,2026-04-22 00:03:14.064647,2026-04-22 00:03:14.388681,0 days 00:00:00.324034,2.312724677765515,8.4588476026974,0.6363931283788777,COMPLETE
317,0.07200506469786543,2026-04-22 00:03:14.388713,2026-04-22 00:03:14.722111,0 days 00:00:00.333398,2.50591532296479,9.083088671260755,0.569943907138517,COMPLETE
318,0.07201407224073632,2026-04-22 00:03:14.722144,2026-04-22 00:03:15.056219,0 days 00:00:00.334075,2.2371294500108876,8.793613181297742,0.5849078263171439,COMPLETE
319,0.07193600320084412,2026-04-22 00:03:15.056251,2026-04-22 00:03:15.385375,0 days 00:00:00.329124,1.891423638882056,9.052565940689437,0.5392527645049956,COMPLETE
320,0.07075400339593604,2026-04-22 00:03:15.385408,2026-04-22 00:03:15.715253,0 days 00:00:00.329845,1.3344650819249828,8.915496408309478,0.6417859481057402,COMPLETE
321,0.049014655636188016,2026-04-22 00:03:15.715295,2026-04-22 00:03:16.035211,0 days 00:00:00.319916,1.7168941018696342,1.0100697770237477,0.6052919654872665,COMPLETE
322,0.0712669278705232,2026-04-22 00:03:16.035243,2026-04-22 00:03:16.364402,0 days 00:00:00.329159,2.0638546577369636,8.612989365946262,0.5718516769945403,COMPLETE
323,0.07120522818781486,2026-04-22 00:03:16.364434,2026-04-22 00:03:16.692028,0 days 00:00:00.327594,2.6620487714767775,9.22270931947859,0.5510512649334036,COMPLETE
324,0.06996164169461974,2026-04-22 00:03:16.692061,2026-04-22 00:03:17.020431,0 days 00:00:00.328370,2.363167510770795,8.791156602129577,0.7109913746895896,COMPLETE
325,0.07149500338093226,2026-04-22 00:03:17.020463,2026-04-22 00:03:17.366923,0 days 00:00:00.346460,2.142150191595252,9.107907575162793,0.620643290180038,COMPLETE
326,0.0709212603838575,2026-04-22 00:03:17.366956,2026-04-22 00:03:17.708719,0 days 00:00:00.341763,1.9092607638592451,9.611595149112365,0.5177720959010824,COMPLETE
327,0.07230809566335876,2026-04-22 00:03:17.708753,2026-04-22 00:03:18.054521,0 days 00:00:00.345768,2.492628123798741,9.329180156923139,0.5944432894567382,COMPLETE
328,0.04854164370461711,2026-04-22 00:03:18.054554,2026-04-22 00:03:18.387553,0 days 00:00:00.332999,6.823122013209011,9.973299597234211,0.483989070024848,COMPLETE
329,0.07151609252435694,2026-04-22 00:03:18.387586,2026-04-22 00:03:18.731676,0 days 00:00:00.344090,2.761985838517211,9.367657840462234,0.5953117942089208,COMPLETE
330,0.07178060011679896,2026-04-22 00:03:18.731720,2026-04-22 00:03:19.086145,0 days 00:00:00.354425,2.9643995616758554,9.475146730613329,0.6272147520880651,COMPLETE
331,0.07247978265416959,2026-04-22 00:03:19.086179,2026-04-22 00:03:19.421770,0 days 00:00:00.335591,2.4469726895049186,9.2604309167932,0.6025569430119787,COMPLETE
332,0.07114789452766675,2026-04-22 00:03:19.421805,2026-04-22 00:03:19.759244,0 days 00:00:00.337439,2.4539835485969723,9.718135450484139,0.6492970079356878,COMPLETE
333,0.07121560415294148,2026-04-22 00:03:19.759278,2026-04-22 00:03:20.097403,0 days 00:00:00.338125,1.5726559309046066,9.310340599105466,0.6105713055070902,COMPLETE
334,0.07152027199019757,2026-04-22 00:03:20.097437,2026-04-22 00:03:20.427143,0 days 00:00:00.329706,2.3301291626664065,9.045256130369038,0.6324391467130743,COMPLETE
335,0.07184687215325199,2026-04-22 00:03:20.427175,2026-04-22 00:03:20.757944,0 days 00:00:00.330769,2.7247301173191447,9.512707723395202,0.610366121884179,COMPLETE
336,0.07114331326237568,2026-04-22 00:03:20.757977,2026-04-22 00:03:21.092217,0 days 00:00:00.334240,1.7571293297114385,9.231263856427503,0.5919632410245825,COMPLETE
337,0.07076287236888558,2026-04-22 00:03:21.092262,2026-04-22 00:03:21.427959,0 days 00:00:00.335697,2.0150896087752446,8.857586882914564,0.6533988267175148,COMPLETE
338,0.07057885494542558,2026-04-22 00:03:21.427992,2026-04-22 00:03:21.757007,0 days 00:00:00.329015,2.2499014265411352,8.431799164680577,0.5668233797077559,COMPLETE
339,0.0714558928894304,2026-04-22 00:03:21.757040,2026-04-22 00:03:22.086597,0 days 00:00:00.329557,2.602189138166945,9.728448618170452,0.5312317057168996,COMPLETE
340,0.07129976356923239,2026-04-22 00:03:22.086630,2026-04-22 00:03:22.415019,0 days 00:00:00.328389,1.979440622981165,8.661445238576396,0.5045218518692579,COMPLETE
341,0.07185258576659666,2026-04-22 00:03:22.415051,2026-04-22 00:03:22.096666,-1 days +23:59:59.681615,2.1931247166212473,9.130796378588375,0.6836989298369989,COMPLETE
342,0.07114264525263123,2026-04-22 00:03:22.096699,2026-04-22 00:03:22.429443,0 days 00:00:00.332744,1.7497323493382553,9.381410569228521,0.6252416384978241,COMPLETE
343,0.07155104182044893,2026-04-22 00:03:22.429476,2026-04-22 00:03:22.765889,0 days 00:00:00.336413,2.510534497163899,8.961217757060066,0.5987228584758968,COMPLETE
344,0.07183749141189041,2026-04-22 00:03:22.765921,2026-04-22 00:03:23.106499,0 days 00:00:00.340578,3.0703580216392545,9.524489875193122,0.5790106184502525,COMPLETE
345,0.07227249701614803,2026-04-22 00:03:23.106532,2026-04-22 00:03:23.449027,0 days 00:00:00.342495,1.9583967759755305,9.154986548568491,0.5410695307051597,COMPLETE
346,0.07206424137442702,2026-04-22 00:03:23.449059,2026-04-22 00:03:23.778722,0 days 00:00:00.329663,2.2960168998804695,8.739850953429109,0.559872077389106,COMPLETE
347,0.07216814171504402,2026-04-22 00:03:23.778753,2026-04-22 00:03:24.111525,0 days 00:00:00.332772,2.8753464030358993,9.314385679745106,0.6036578748410056,COMPLETE
348,0.07225656542496611,2026-04-22 00:03:24.111556,2026-04-22 00:03:24.440985,0 days 00:00:00.329429,2.1069963055166734,8.908857201542,0.6449839151484884,COMPLETE
349,0.07107597587744174,2026-04-22 00:03:24.441018,2026-04-22 00:03:24.767448,0 days 00:00:00.326430,1.5113214123604286,9.729945926328247,0.6242997546955987,COMPLETE
350,0.0703709092816008,2026-04-22 00:03:24.767480,2026-04-22 00:03:25.104770,0 days 00:00:00.337290,2.431122593362058,8.539663573137139,0.5827502862673443,COMPLETE
351,0.0716206091089166,2026-04-22 00:03:25.104803,2026-04-22 00:03:25.436049,0 days 00:00:00.331246,1.8055919250597752,9.092411145712429,0.5582591087193998,COMPLETE
352,0.07172846039475379,2026-04-22 00:03:25.436080,2026-04-22 00:03:25.766516,0 days 00:00:00.330436,2.6308026623608636,9.512570131134723,0.6032644355207925,COMPLETE
353,0.0718741681156832,2026-04-22 00:03:25.766550,2026-04-22 00:03:26.094583,0 days 00:00:00.328033,2.1546012642887225,8.92663170754469,0.662367145999801,COMPLETE
354,0.07243038441462397,2026-04-22 00:03:26.094615,2026-04-22 00:03:26.426018,0 days 00:00:00.331403,1.9269212615949862,9.311941852863129,0.5356975517480692,COMPLETE
355,0.07166334384327426,2026-04-22 00:03:26.426052,2026-04-22 00:03:26.756700,0 days 00:00:00.330648,1.3309725713381064,9.295253729506575,0.5023865763759591,COMPLETE
356,0.07096576176690633,2026-04-22 00:03:26.756733,2026-04-22 00:03:27.082668,0 days 00:00:00.325935,1.8589092269594552,8.690422830605472,0.6378730463581703,COMPLETE
357,0.07139864696304843,2026-04-22 00:03:27.082704,2026-04-22 00:03:27.421366,0 days 00:00:00.338662,1.7147859857371381,9.069714181491003,0.47782843916214013,COMPLETE
358,0.07074478489906053,2026-04-22 00:03:27.421400,2026-04-22 00:03:27.762818,0 days 00:00:00.341418,2.3319767683887123,8.279763802170427,0.530395401735935,COMPLETE
359,0.07128254871114059,2026-04-22 00:03:27.762852,2026-04-22 00:03:28.095471,0 days 00:00:00.332619,2.0161739026626657,8.846894540213311,0.5195617795709299,COMPLETE
360,0.07154781099666022,2026-04-22 00:03:28.095504,2026-04-22 00:03:28.424943,0 days 00:00:00.329439,1.54527988064274,9.222012392770582,0.5445004471122082,COMPLETE
361,0.06723036310368376,2026-04-22 00:03:28.424975,2026-04-22 00:03:28.754694,0 days 00:00:00.329719,4.884521621929648,9.034965913755885,0.5837100640399534,COMPLETE
362,0.05709658822001476,2026-04-22 00:03:28.754726,2026-04-22 00:03:29.079341,0 days 00:00:00.324615,2.7367475330632347,1.9637651469534028,0.6140469328091871,COMPLETE
363,0.07164084252077224,2026-04-22 00:03:29.079374,2026-04-22 00:03:29.407094,0 days 00:00:00.327720,2.448133011758292,9.39199709581142,0.6284671265175925,COMPLETE
364,0.06710239941906436,2026-04-22 00:03:29.407126,2026-04-22 00:03:29.743883,0 days 00:00:00.336757,1.8617871261162084,4.38150990428221,0.5916974061350438,COMPLETE
365,0.07116360505789304,2026-04-22 00:03:29.743917,2026-04-22 00:03:30.074245,0 days 00:00:00.330328,2.2608486586704584,8.681239740834412,0.5677239776697228,COMPLETE
366,0.07096136744863352,2026-04-22 00:03:30.074278,2026-04-22 00:03:30.409948,0 days 00:00:00.335670,2.0201564379534807,9.190762481977048,0.14832076225946844,COMPLETE
367,0.07037228120835058,2026-04-22 00:03:30.409979,2026-04-22 00:03:30.741203,0 days 00:00:00.331224,1.6789457852793785,8.911239829532828,0.6111564839286929,COMPLETE
368,0.0702193766072538,2026-04-22 00:03:30.741238,2026-04-22 00:03:31.078929,0 days 00:00:00.337691,1.1306101636116637,8.48288815522172,0.5382751501599268,COMPLETE
369,0.0709698170176626,2026-04-22 00:03:31.078961,2026-04-22 00:03:31.418864,0 days 00:00:00.339903,2.536305490173778,9.365058590844864,0.4966855732271673,COMPLETE
370,0.07081703233577581,2026-04-22 00:03:31.418897,2026-04-22 00:03:31.751302,0 days 00:00:00.332405,2.201374867129904,9.652132229910588,0.6536997372722915,COMPLETE
371,0.07165060809801768,2026-04-22 00:03:31.751333,2026-04-22 00:03:32.087720,0 days 00:00:00.336387,2.9642118711645606,9.06947933112337,0.588692548080901,COMPLETE
372,0.07299572227678157,2026-04-22 00:03:32.087753,2026-04-22 00:03:32.417102,0 days 00:00:00.329349,1.9562874068240437,8.769787010884901,0.5527893840303153,COMPLETE
373,0.0717344427201603,2026-04-22 00:03:32.417132,2026-04-22 00:03:32.752287,0 days 00:00:00.335155,1.8227150132718761,8.598272250363742,0.5513803246240327,COMPLETE
374,0.07079401279112582,2026-04-22 00:03:32.752319,2026-04-22 00:03:33.086436,0 days 00:00:00.334117,1.615522700944143,8.368031295185789,0.5146166949867648,COMPLETE
375,0.07170419110762787,2026-04-22 00:03:33.086466,2026-04-22 00:03:33.425809,0 days 00:00:00.339343,1.943715616831905,8.797441685997153,0.5286213550707061,COMPLETE
376,0.07066048166207597,2026-04-22 00:03:33.425844,2026-04-22 00:03:33.762285,0 days 00:00:00.336441,1.9826544942864466,8.778695348211873,0.4548781732945767,COMPLETE
377,0.0717644348386814,2026-04-22 00:03:33.762329,2026-04-22 00:03:34.095265,0 days 00:00:00.332936,1.346837890162572,8.94036799670121,0.5603181321187288,COMPLETE
378,0.07051924689732715,2026-04-22 00:03:34.095298,2026-04-22 00:03:34.427647,0 days 00:00:00.332349,2.1673578445819253,5.884480980855246,0.5718137918275669,COMPLETE
379,0.07047393067072683,2026-04-22 00:03:34.427679,2026-04-22 00:03:34.765645,0 days 00:00:00.337966,1.7413269961639921,8.178315753671049,0.5408845918353032,COMPLETE
380,0.03429882990356872,2026-04-22 00:03:34.765854,2026-04-22 00:03:35.098978,0 days 00:00:00.333124,9.645100501856497,8.56912828108084,0.6760204755506496,COMPLETE
381,0.07271270148314708,2026-04-22 00:03:35.099011,2026-04-22 00:03:35.430681,0 days 00:00:00.331670,2.071054156522206,9.098776526512209,0.6354196523964786,COMPLETE
382,0.07155522435865924,2026-04-22 00:03:35.430713,2026-04-22 00:03:35.772205,0 days 00:00:00.341492,2.2834274814586952,8.778614095245361,0.6200235601105223,COMPLETE
383,0.07151641775102488,2026-04-22 00:03:35.772238,2026-04-22 00:03:36.109493,0 days 00:00:00.337255,2.183915451930886,9.177840247282976,0.5737967382447471,COMPLETE
384,0.07090321152903366,2026-04-22 00:03:36.109525,2026-04-22 00:03:36.438492,0 days 00:00:00.328967,1.534618415996282,8.939102518053492,0.5496369979453115,COMPLETE
385,0.07131051918281037,2026-04-22 00:03:36.438533,2026-04-22 00:03:36.772699,0 days 00:00:00.334166,1.9328218525421053,9.8387589682825,0.5096803636048377,COMPLETE
386,0.07192031737184516,2026-04-22 00:03:36.772730,2026-04-22 00:03:37.106117,0 days 00:00:00.333387,2.384680619299078,9.130053335613145,0.6033409789385302,COMPLETE
387,0.07274383385023478,2026-04-22 00:03:37.106150,2026-04-22 00:03:37.440227,0 days 00:00:00.334077,2.0990574947506184,9.516347448578772,0.6366831191764143,COMPLETE
388,0.07129248871325093,2026-04-22 00:03:37.440259,2026-04-22 00:03:37.773366,0 days 00:00:00.333107,1.8231573183589955,9.59108057862213,0.64895315805298,COMPLETE
389,0.07103211743804565,2026-04-22 00:03:37.773401,2026-04-22 00:03:38.119352,0 days 00:00:00.345951,2.0598488913480644,9.859544927280727,0.5826561558809844,COMPLETE
390,0.07071828521661534,2026-04-22 00:03:38.119386,2026-04-22 00:03:38.451509,0 days 00:00:00.332123,1.6783709613052369,9.48731377000855,0.5314924418400474,COMPLETE
391,0.07211770131448346,2026-04-22 00:03:38.451542,2026-04-22 00:03:38.792938,0 days 00:00:00.341396,2.1223680233069198,9.389445827834804,0.6685519717258541,COMPLETE
392,0.06898559276207757,2026-04-22 00:03:38.792971,2026-04-22 00:03:39.122504,0 days 00:00:00.329533,1.8672962664061956,6.452318912023607,0.5537399125937995,COMPLETE
393,0.07253775880450355,2026-04-22 00:03:39.122538,2026-04-22 00:03:39.452714,0 days 00:00:00.330176,2.1042808446351113,9.646748009974475,0.606015941247979,COMPLETE
394,0.07088597152437061,2026-04-22 00:03:39.452747,2026-04-22 00:03:39.795010,0 days 00:00:00.342263,1.5034711273472645,9.74245706152755,0.6004406269873409,COMPLETE
395,0.07157159812281005,2026-04-22 00:03:39.795042,2026-04-22 00:03:40.135742,0 days 00:00:00.340700,2.0198967011151767,9.878088365675547,0.5732959171663434,COMPLETE
