number,value,datetime_start,datetime_complete,duration,params_alpha,params_beta,params_decay_factor,state
264,0.17056445565908107,2026-04-22 00:14:33.423014,2026-04-22 00:14:33.906843,0 days 00:00:00.483829,2.9019722555182628,9.614915763625403,0.6647001415425154,COMPLETE
265,0.169048803277031,2026-04-22 00:14:33.906875,2026-04-22 00:14:34.383473,0 days 00:00:00.476598,2.63641138859628,9.250001761655495,0.7551292317385031,COMPLETE
266,0.17052586433958988,2026-04-22 00:14:34.383504,2026-04-22 00:14:34.849608,0 days 00:00:00.466104,3.0583216988129527,9.515522398866276,0.6052136200176211,COMPLETE
267,0.1713018702865987,2026-04-22 00:14:34.849640,2026-04-22 00:14:35.320643,0 days 00:00:00.471003,3.2384582059912925,9.658287255307597,0.6487794591923967,COMPLETE
268,0.1702398903824759,2026-04-22 00:14:35.320674,2026-04-22 00:14:35.801039,0 days 00:00:00.480365,3.244043339360455,9.66948575911396,0.6925822708301477,COMPLETE
269,0.17119046606479693,2026-04-22 00:14:35.801069,2026-04-22 00:14:36.276642,0 days 00:00:00.475573,2.828234361452269,9.355513637662119,0.64597217979561,COMPLETE
270,0.17000756613939907,2026-04-22 00:14:36.276672,2026-04-22 00:14:36.759726,0 days 00:00:00.483054,2.669189586317276,9.01631010044877,0.6473182850236169,COMPLETE
271,0.1703948949367087,2026-04-22 00:14:36.759756,2026-04-22 00:14:37.249661,0 days 00:00:00.489905,2.8428206997392755,9.280711925139338,0.6692631326284328,COMPLETE
272,0.17093167995617142,2026-04-22 00:14:37.249701,2026-04-22 00:14:37.723967,0 days 00:00:00.474266,2.951547853712781,9.835998800077698,0.6378027344913703,COMPLETE
273,0.16919295647637617,2026-04-22 00:14:37.723999,2026-04-22 00:14:38.200240,0 days 00:00:00.476241,3.64298447472609,9.990944365844731,0.7185842728971537,COMPLETE
274,0.17039976076282967,2026-04-22 00:14:38.200271,2026-04-22 00:14:38.679684,0 days 00:00:00.479413,2.598633133395376,9.37509305661483,0.6554413010874769,COMPLETE
275,0.17021021945279144,2026-04-22 00:14:38.679715,2026-04-22 00:14:39.169127,0 days 00:00:00.489412,2.8331709078391123,9.669578305394067,0.6312688199398911,COMPLETE
276,0.17082608826336496,2026-04-22 00:14:39.169157,2026-04-22 00:14:39.654884,0 days 00:00:00.485727,3.085684109149748,9.096920646971263,0.6839628846914243,COMPLETE
277,0.17108597887271457,2026-04-22 00:14:39.654916,2026-04-22 00:14:40.143686,0 days 00:00:00.488770,3.313103195090916,9.551703145617465,0.6121999115423256,COMPLETE
278,0.1703023851673413,2026-04-22 00:14:40.143719,2026-04-22 00:14:40.633616,0 days 00:00:00.489897,3.2983843898900016,9.571133091625743,0.6184599207033985,COMPLETE
279,0.16868195566799787,2026-04-22 00:14:40.633658,2026-04-22 00:14:41.131237,0 days 00:00:00.497579,3.647250506755705,9.404866452872255,0.6064830211542395,COMPLETE
280,0.17102048705740325,2026-04-22 00:14:41.131268,2026-04-22 00:14:41.613028,0 days 00:00:00.481760,3.2087515056826126,9.703765806668564,0.6556043273884345,COMPLETE
281,0.17049053621283417,2026-04-22 00:14:41.613060,2026-04-22 00:14:42.096424,0 days 00:00:00.483364,3.0285685971715894,9.239554914968538,0.6700780919523844,COMPLETE
282,0.1649738869288031,2026-04-22 00:14:42.096456,2026-04-22 00:14:42.570171,0 days 00:00:00.473715,4.94692075030007,9.635567560805406,0.6322769324506933,COMPLETE
283,0.17077899629049972,2026-04-22 00:14:42.570202,2026-04-22 00:14:43.045250,0 days 00:00:00.475048,3.2592429689183153,9.480026359630179,0.7012965649896359,COMPLETE
284,0.16910577736409158,2026-04-22 00:14:43.045281,2026-04-22 00:14:43.521106,0 days 00:00:00.475825,3.534230340988678,9.736666974385875,0.6051136597690626,COMPLETE
285,0.1706789473714212,2026-04-22 00:14:43.521138,2026-04-22 00:14:43.991158,0 days 00:00:00.470020,2.943838170440267,9.83747535484783,0.6504460535587315,COMPLETE
286,0.16984066263950506,2026-04-22 00:14:43.991189,2026-04-22 00:14:44.472846,0 days 00:00:00.481657,2.7308919333900326,9.991144894183126,0.6344155261336344,COMPLETE
287,0.17175135361173102,2026-04-22 00:14:44.472878,2026-04-22 00:14:44.964741,0 days 00:00:00.491863,3.210896312184772,9.49100936489478,0.6678228277685212,COMPLETE
288,0.1680251032127456,2026-04-22 00:14:44.964772,2026-04-22 00:14:45.444056,0 days 00:00:00.479284,3.8601894713201794,9.243541981685917,0.6913847415070198,COMPLETE
289,0.16837404197962194,2026-04-22 00:14:45.444090,2026-04-22 00:14:45.922876,0 days 00:00:00.478786,3.411783430047291,8.97840256765043,0.6703206228615866,COMPLETE
290,0.12439196144091517,2026-04-22 00:14:45.922906,2026-04-22 00:14:46.399452,0 days 00:00:00.476546,8.750713189125513,9.42611442849519,0.6091186331656414,COMPLETE
291,0.13927859315654237,2026-04-22 00:14:46.399483,2026-04-22 00:14:46.866234,0 days 00:00:00.466751,3.248151300202503,1.8683215145021554,0.6304029793562262,COMPLETE
292,0.17104562641357465,2026-04-22 00:14:46.866267,2026-04-22 00:14:47.348278,0 days 00:00:00.482011,2.8822233857395814,9.638388990410977,0.6808353737417854,COMPLETE
293,0.16960092427357615,2026-04-22 00:14:47.348310,2026-04-22 00:14:47.836738,0 days 00:00:00.488428,2.564969181625372,9.113021650213392,0.7325679713394476,COMPLETE
294,0.1690735384566428,2026-04-22 00:14:47.836769,2026-04-22 00:14:48.310010,0 days 00:00:00.473241,3.5891031202436494,9.628533964591645,0.7135724209644932,COMPLETE
295,0.17028126074387534,2026-04-22 00:14:48.310041,2026-04-22 00:14:48.788315,0 days 00:00:00.478274,2.820396752604729,9.411618128463408,0.6774146796898479,COMPLETE
296,0.1698053770634076,2026-04-22 00:14:48.788346,2026-04-22 00:14:49.266671,0 days 00:00:00.478325,3.1885526976132317,9.284382301009964,0.6596421511898186,COMPLETE
297,0.16964597475542711,2026-04-22 00:14:49.266703,2026-04-22 00:14:49.745837,0 days 00:00:00.479134,2.904916351336447,9.678782220382306,0.689498123151693,COMPLETE
298,0.168400041810993,2026-04-22 00:14:49.745870,2026-04-22 00:14:50.224158,0 days 00:00:00.478288,3.4613321233382295,8.843661993976104,0.6448663047685215,COMPLETE
299,0.16958573270379612,2026-04-22 00:14:50.224191,2026-04-22 00:14:50.711896,0 days 00:00:00.487705,2.6346678286165086,9.614831303881152,0.6182862437431342,COMPLETE
300,0.17122133596391997,2026-04-22 00:14:50.711928,2026-04-22 00:14:51.188109,0 days 00:00:00.476181,3.094703732698898,9.414308106981968,0.6642962577628208,COMPLETE
301,0.16767934132121773,2026-04-22 00:14:51.188141,2026-04-22 00:14:51.664680,0 days 00:00:00.476539,3.735090159061097,9.15693175279297,0.7086620419681611,COMPLETE
302,0.17096746060637025,2026-04-22 00:14:51.664710,2026-04-22 00:14:52.139040,0 days 00:00:00.474330,3.28351854131712,9.73858927567009,0.6739154310169669,COMPLETE
303,0.1695292081146561,2026-04-22 00:14:52.139073,2026-04-22 00:14:52.619198,0 days 00:00:00.480125,3.082573013714054,9.991788425267417,0.6661025540200167,COMPLETE
304,0.16903469702288204,2026-04-22 00:14:52.619228,2026-04-22 00:14:53.097026,0 days 00:00:00.477798,3.4733752145893413,9.514715817417013,0.6949384375397775,COMPLETE
305,0.1700469003367747,2026-04-22 00:14:53.097059,2026-04-22 00:14:53.577402,0 days 00:00:00.480343,3.1580188741523467,9.290990711017814,0.649563164066043,COMPLETE
306,0.17087784850836632,2026-04-22 00:14:53.577434,2026-04-22 00:14:54.058928,0 days 00:00:00.481494,3.3203860327401458,9.82190505785765,0.6433658495502962,COMPLETE
307,0.1707308476358406,2026-04-22 00:14:54.058960,2026-04-22 00:14:54.545864,0 days 00:00:00.486904,2.987078147294268,9.481012764059617,0.6727700139086187,COMPLETE
308,0.1657991078446309,2026-04-22 00:14:54.545894,2026-04-22 00:14:55.026681,0 days 00:00:00.480787,3.587826665582774,6.317551955552901,0.689582612727549,COMPLETE
309,0.16982611232798656,2026-04-22 00:14:55.026713,2026-04-22 00:14:55.499514,0 days 00:00:00.472801,3.126489189722849,9.72810392908752,0.6322840255729161,COMPLETE
310,0.17103958541925413,2026-04-22 00:14:55.499545,2026-04-22 00:14:55.979201,0 days 00:00:00.479656,2.8898082189916123,9.99042746584809,0.6602530919201693,COMPLETE
311,0.1717989314829043,2026-04-22 00:14:55.979232,2026-04-22 00:14:56.459167,0 days 00:00:00.479935,2.8625495007511725,9.857582658138652,0.6027997611210202,COMPLETE
312,0.17133296205311122,2026-04-22 00:14:56.459198,2026-04-22 00:14:56.950834,0 days 00:00:00.491636,2.891581842909902,9.965765403195023,0.6068107032143829,COMPLETE
313,0.16996394606296117,2026-04-22 00:14:56.950866,2026-04-22 00:14:57.434698,0 days 00:00:00.483832,2.7948812913356176,9.85316617481193,0.590505752641807,COMPLETE
314,0.1703579703045321,2026-04-22 00:14:57.434730,2026-04-22 00:14:57.282813,-1 days +23:59:59.848083,3.102235050160513,9.858553212156371,0.6119801350559565,COMPLETE
315,0.17010185410054737,2026-04-22 00:14:57.282845,2026-04-22 00:14:57.780481,0 days 00:00:00.497636,2.9527471350517964,9.579789600645645,0.5956032869645624,COMPLETE
316,0.17125222459683004,2026-04-22 00:14:57.780515,2026-04-22 00:14:58.274188,0 days 00:00:00.493673,3.331100613086994,9.69794247554865,0.6023038157066166,COMPLETE
317,0.15766915332337222,2026-04-22 00:14:58.274218,2026-04-22 00:14:58.752625,0 days 00:00:00.478407,3.766953879836674,4.288288951714382,0.6003270228680522,COMPLETE
318,0.1703590141218467,2026-04-22 00:14:58.752656,2026-04-22 00:14:59.229897,0 days 00:00:00.477241,3.471301255549192,9.978924832289243,0.6268045866709263,COMPLETE
319,0.1705822719546303,2026-04-22 00:14:59.229928,2026-04-22 00:14:59.708863,0 days 00:00:00.478935,3.366408813820379,9.801247181098358,0.5958144907606846,COMPLETE
320,0.1652776142501038,2026-04-22 00:14:59.708896,2026-04-22 00:15:00.185764,0 days 00:00:00.476868,4.09539747028407,7.567796464407237,0.624274050526371,COMPLETE
321,0.1702323491747666,2026-04-22 00:15:00.185794,2026-04-22 00:15:00.671625,0 days 00:00:00.485831,3.332837958493727,9.468449487775011,0.6107958246859762,COMPLETE
322,0.1704960569385052,2026-04-22 00:15:00.671655,2026-04-22 00:15:01.154567,0 days 00:00:00.482912,3.11189831541052,9.834574957916498,0.6399569583856937,COMPLETE
323,0.1686488464841638,2026-04-22 00:15:01.154616,2026-04-22 00:15:01.633002,0 days 00:00:00.478386,3.5983773398192747,9.646679014510488,0.5942144940657574,COMPLETE
324,0.1702544310565161,2026-04-22 00:15:01.633035,2026-04-22 00:15:02.119126,0 days 00:00:00.486091,2.666714647723053,9.32150731245672,0.6222671686157347,COMPLETE
325,0.12477752180198835,2026-04-22 00:15:02.119156,2026-04-22 00:15:02.589866,0 days 00:00:00.470710,3.3212387116831725,0.7887859493511495,0.6436397650074682,COMPLETE
326,0.17180369123986147,2026-04-22 00:15:02.589898,2026-04-22 00:15:03.061405,0 days 00:00:00.471507,2.9909930558639855,9.520217892989416,0.6108235735113485,COMPLETE
327,0.17031115549520082,2026-04-22 00:15:03.061437,2026-04-22 00:15:03.547195,0 days 00:00:00.485758,3.0461499218873724,9.989333718046758,0.5619762989018502,COMPLETE
328,0.16977070821354098,2026-04-22 00:15:03.547225,2026-04-22 00:15:04.025132,0 days 00:00:00.477907,3.235858950479633,9.707455618217015,0.5993730766595726,COMPLETE
329,0.17028747603863528,2026-04-22 00:15:04.025163,2026-04-22 00:15:04.516504,0 days 00:00:00.491341,3.5106452043753333,9.541428884371747,0.6251844318027241,COMPLETE
330,0.17036129614998044,2026-04-22 00:15:04.516538,2026-04-22 00:15:04.997030,0 days 00:00:00.480492,2.7853576229334105,9.998501175071844,0.6124797501545622,COMPLETE
331,0.16949490991953037,2026-04-22 00:15:04.997062,2026-04-22 00:15:05.468023,0 days 00:00:00.470961,2.5237569977238534,9.76768520950702,0.5861330222320373,COMPLETE
332,0.16874477159650628,2026-04-22 00:15:05.468055,2026-04-22 00:15:05.955004,0 days 00:00:00.486949,3.755254198404006,9.20408577969054,0.6406592523686243,COMPLETE
333,0.16677418381662254,2026-04-22 00:15:05.955060,2026-04-22 00:15:06.433128,0 days 00:00:00.478068,4.460921152791281,9.569518736824413,0.5613897208999652,COMPLETE
334,0.17031513417403013,2026-04-22 00:15:06.433159,2026-04-22 00:15:06.914653,0 days 00:00:00.481494,3.188326696836207,9.999020444423575,0.6119423007590773,COMPLETE
335,0.17155782022137278,2026-04-22 00:15:06.914684,2026-04-22 00:15:07.411405,0 days 00:00:00.496721,2.9587349759615513,9.38388939593044,0.6486812542133638,COMPLETE
336,0.1679861826983473,2026-04-22 00:15:07.411436,2026-04-22 00:15:07.893988,0 days 00:00:00.482552,3.934190530163266,9.325664524627639,0.6335382782104481,COMPLETE
337,0.13663738253047067,2026-04-22 00:15:07.894020,2026-04-22 00:15:08.375460,0 days 00:00:00.481440,7.4795315451717395,8.945517211378819,0.5908542101989906,COMPLETE
338,0.1695974220210631,2026-04-22 00:15:08.375494,2026-04-22 00:15:08.865236,0 days 00:00:00.489742,3.373002053288368,9.07578167740962,0.6481122256557731,COMPLETE
339,0.170652209574435,2026-04-22 00:15:08.865267,2026-04-22 00:15:09.349828,0 days 00:00:00.484561,2.7823693661054842,9.747236056678627,0.6109255433624796,COMPLETE
340,0.16957559271639067,2026-04-22 00:15:09.349859,2026-04-22 00:15:09.834867,0 days 00:00:00.485008,2.589692173049189,9.412877662809164,0.6249396620598796,COMPLETE
341,0.17077370526145402,2026-04-22 00:15:09.834898,2026-04-22 00:15:10.305434,0 days 00:00:00.470536,3.0078448650918705,9.792558597604522,0.570540713209851,COMPLETE
342,0.16970630499597356,2026-04-22 00:15:10.305466,2026-04-22 00:15:10.788114,0 days 00:00:00.482648,3.239464097117743,9.125989069601046,0.6457052083928881,COMPLETE
343,0.16933241688535516,2026-04-22 00:15:10.788145,2026-04-22 00:15:11.258786,0 days 00:00:00.470641,3.557950228230534,9.576532490299732,0.6031459125961344,COMPLETE
344,0.16976267945268278,2026-04-22 00:15:11.258817,2026-04-22 00:15:11.731235,0 days 00:00:00.472418,2.873095913320024,9.353843779029628,0.6548517680520771,COMPLETE
345,0.16135154109379046,2026-04-22 00:15:11.731268,2026-04-22 00:15:12.204264,0 days 00:00:00.472996,3.1376953782377797,4.587837682752255,0.6314458292435039,COMPLETE
346,0.17039662843658412,2026-04-22 00:15:12.204295,2026-04-22 00:15:12.686655,0 days 00:00:00.482360,3.394878166836803,9.785371680987264,0.5814802017912408,COMPLETE
347,0.17138807456950764,2026-04-22 00:15:12.686686,2026-04-22 00:15:13.173247,0 days 00:00:00.486561,2.9342859091804763,9.540842735930354,0.6231584892031228,COMPLETE
348,0.1703151304791758,2026-04-22 00:15:13.173279,2026-04-22 00:15:13.644113,0 days 00:00:00.470834,2.6163847578263972,8.774064513676574,0.6838955376009103,COMPLETE
349,0.1708224763288086,2026-04-22 00:15:13.644144,2026-04-22 00:15:14.114782,0 days 00:00:00.470638,2.870632580358481,9.229618168881094,0.6588089446591657,COMPLETE
350,0.1709443833895692,2026-04-22 00:15:14.114813,2026-04-22 00:15:14.585926,0 days 00:00:00.471113,2.9914369269884853,9.523142243876652,0.6241763436174239,COMPLETE
351,0.16985992816495166,2026-04-22 00:15:14.585957,2026-04-22 00:15:15.069347,0 days 00:00:00.483390,2.6881073535544124,9.390132339302909,0.7046223260508442,COMPLETE
352,0.16732941940387178,2026-04-22 00:15:15.069379,2026-04-22 00:15:15.540712,0 days 00:00:00.471333,0.2623707497895378,9.063768633681514,0.6415649661012601,COMPLETE
353,0.1540356337211572,2026-04-22 00:15:15.540743,2026-04-22 00:15:16.014710,0 days 00:00:00.473967,6.11325152385576,9.669819439849046,0.5974129857814425,COMPLETE
354,0.1703255764671315,2026-04-22 00:15:16.014742,2026-04-22 00:15:16.495875,0 days 00:00:00.481133,2.9435984379107585,9.546755898213586,0.6685191489812781,COMPLETE
355,0.1699711099055526,2026-04-22 00:15:16.495905,2026-04-22 00:15:16.974641,0 days 00:00:00.478736,3.166747175406478,9.26487080874271,0.6248191625522033,COMPLETE
356,0.1701931009075358,2026-04-22 00:15:16.974672,2026-04-22 00:15:17.451532,0 days 00:00:00.476860,2.497369461997757,9.6636132305334,0.6590231117007247,COMPLETE
357,0.1497967494696873,2026-04-22 00:15:17.451564,2026-04-22 00:15:17.926991,0 days 00:00:00.475427,3.389766411873745,9.443676427533603,0.08257582169625821,COMPLETE
358,0.16962349216821965,2026-04-22 00:15:17.927022,2026-04-22 00:15:18.413121,0 days 00:00:00.486099,2.7657125847155792,9.998492073435763,0.6391187894445413,COMPLETE
359,0.1713166216933012,2026-04-22 00:15:18.413155,2026-04-22 00:15:18.907395,0 days 00:00:00.494240,2.9935842327986246,9.817016145253799,0.6101253175989645,COMPLETE
360,0.1682449882096946,2026-04-22 00:15:18.907427,2026-04-22 00:15:19.379095,0 days 00:00:00.471668,3.6731250714852193,8.002463932794806,0.582257021913648,COMPLETE
361,0.16961815674854636,2026-04-22 00:15:19.379128,2026-04-22 00:15:19.856255,0 days 00:00:00.477127,3.2780895732331428,8.95166619393027,0.6046393531808273,COMPLETE
362,0.15660642656996399,2026-04-22 00:15:19.856285,2026-04-22 00:15:20.322437,0 days 00:00:00.466152,3.112739943049123,3.4756248911168135,0.7384882416286472,COMPLETE
363,0.16990551158183953,2026-04-22 00:15:20.322470,2026-04-22 00:15:20.794889,0 days 00:00:00.472419,2.7221773662768607,9.224216887766561,0.6820626831988865,COMPLETE
364,0.16889634175715346,2026-04-22 00:15:20.794921,2026-04-22 00:15:21.284036,0 days 00:00:00.489115,3.5144246579090517,9.66840463498586,0.6476855227846455,COMPLETE
365,0.1603562206402034,2026-04-22 00:15:21.284070,2026-04-22 00:15:21.751434,0 days 00:00:00.467364,5.456649316457872,9.405734057301375,0.5689976138883825,COMPLETE
366,0.17083835592510013,2026-04-22 00:15:21.751484,2026-04-22 00:15:22.227745,0 days 00:00:00.476261,2.9262253371661204,9.56363044566658,0.6185853020117263,COMPLETE
367,0.17001605751626728,2026-04-22 00:15:22.227775,2026-04-22 00:15:22.708985,0 days 00:00:00.481210,2.4741773501418023,9.81711510065325,0.5531371805784113,COMPLETE
368,0.16559303278134205,2026-04-22 00:15:22.709018,2026-04-22 00:15:23.188504,0 days 00:00:00.479486,3.109504515620506,5.79533368336384,0.668201715299715,COMPLETE
369,0.17014764621285774,2026-04-22 00:15:23.188536,2026-04-22 00:15:23.664778,0 days 00:00:00.476242,3.322138304601227,9.159091903254149,0.5930950132124252,COMPLETE
370,0.170837326459672,2026-04-22 00:15:23.664810,2026-04-22 00:15:24.144201,0 days 00:00:00.479391,2.8199859415508355,9.44428329111186,0.6364177580325232,COMPLETE
371,0.17085083018279473,2026-04-22 00:15:24.144244,2026-04-22 00:15:24.625436,0 days 00:00:00.481192,3.0527501790911145,9.715844192947866,0.6892894102069967,COMPLETE
372,0.16989574244183608,2026-04-22 00:15:24.625469,2026-04-22 00:15:25.118075,0 days 00:00:00.492606,3.482768339030862,9.83150924782661,0.7125738428120193,COMPLETE
373,0.1696037907785307,2026-04-22 00:15:25.118110,2026-04-22 00:15:25.594530,0 days 00:00:00.476420,2.640557430173042,9.29868104328421,0.6069100582650172,COMPLETE
374,0.16842031721826772,2026-04-22 00:15:25.594562,2026-04-22 00:15:26.074496,0 days 00:00:00.479934,3.830833775374687,9.544589115337187,0.6551028341272295,COMPLETE
375,0.17182421787862528,2026-04-22 00:15:26.074528,2026-04-22 00:15:26.551114,0 days 00:00:00.476586,3.29391306321961,9.646112464703325,0.6320155306096797,COMPLETE
376,0.17095905318956456,2026-04-22 00:15:26.551145,2026-04-22 00:15:27.032162,0 days 00:00:00.481017,2.939092774729117,9.788791105940916,0.6339558159020682,COMPLETE
377,0.16990412487398324,2026-04-22 00:15:27.032193,2026-04-22 00:15:27.506150,0 days 00:00:00.473957,3.1533120394464462,9.658147830246605,0.6696382786603574,COMPLETE
378,0.16974778974350221,2026-04-22 00:15:27.506181,2026-04-22 00:15:27.998321,0 days 00:00:00.492140,2.768271962436483,9.023643537424812,0.6522739537243558,COMPLETE
379,0.16957937856635086,2026-04-22 00:15:27.998353,2026-04-22 00:15:28.470964,0 days 00:00:00.472611,3.5516250816914186,9.398425200967601,0.6286821774908024,COMPLETE
380,0.17007758237330037,2026-04-22 00:15:28.470995,2026-04-22 00:15:28.942819,0 days 00:00:00.471824,3.181969333718041,9.85414955049286,0.6804173517876373,COMPLETE
381,0.16987933801556376,2026-04-22 00:15:28.942851,2026-04-22 00:15:29.418756,0 days 00:00:00.475905,2.542143647823366,9.616950627595246,0.5895121075622374,COMPLETE
382,0.16936253176767832,2026-04-22 00:15:29.418787,2026-04-22 00:15:29.241209,-1 days +23:59:59.822422,2.9688539991954737,6.999105533380137,0.6410609036242159,COMPLETE
383,0.16918805165902942,2026-04-22 00:15:29.241241,2026-04-22 00:15:29.720075,0 days 00:00:00.478834,3.3596754042132675,9.25261406172913,0.6983950434040213,COMPLETE
384,0.1680517298957508,2026-04-22 00:15:29.720106,2026-04-22 00:15:30.192413,0 days 00:00:00.472307,3.6606136007933956,8.770422108541135,0.6574725449189724,COMPLETE
385,0.16973695555164134,2026-04-22 00:15:30.192443,2026-04-22 00:15:30.665235,0 days 00:00:00.472792,2.789471161766138,9.822084007687307,0.9795028532054397,COMPLETE
386,0.16951781271538355,2026-04-22 00:15:30.665266,2026-04-22 00:15:31.143320,0 days 00:00:00.478054,3.050315440275893,9.492680926825393,0.6168976920631268,COMPLETE
387,0.09874858479037874,2026-04-22 00:15:31.143351,2026-04-22 00:15:31.602788,0 days 00:00:00.459437,9.684163941007178,5.383652266343969,0.623206000360981,COMPLETE
388,0.17051391920415943,2026-04-22 00:15:31.602819,2026-04-22 00:15:32.079104,0 days 00:00:00.476285,3.2118242727633106,9.990315863700955,0.6712845349055346,COMPLETE
389,0.17019043320549496,2026-04-22 00:15:32.079136,2026-04-22 00:15:32.557489,0 days 00:00:00.478353,3.329335959680548,9.672183963237739,0.5626693930275419,COMPLETE
390,0.16935459936790018,2026-04-22 00:15:32.557532,2026-04-22 00:15:33.037368,0 days 00:00:00.479836,2.4752487729862787,9.38763559939875,0.6030121942414381,COMPLETE
391,0.17013423901666105,2026-04-22 00:15:33.037399,2026-04-22 00:15:33.523267,0 days 00:00:00.485868,2.915975393824549,9.196537665213146,0.5827708962039821,COMPLETE
392,0.1705855538107655,2026-04-22 00:15:33.523297,2026-04-22 00:15:33.987914,0 days 00:00:00.464617,3.490338690808325,9.815486186117742,0.6363195675766244,COMPLETE
393,0.17075664596103593,2026-04-22 00:15:33.987945,2026-04-22 00:15:34.462021,0 days 00:00:00.474076,3.0607657807376634,9.561304029938565,0.6538986001401356,COMPLETE
394,0.16897830129622277,2026-04-22 00:15:34.462068,2026-04-22 00:15:34.937581,0 days 00:00:00.475513,2.6968346027011587,9.007585458339477,0.7047090099399216,COMPLETE
395,0.1682138378408541,2026-04-22 00:15:34.937612,2026-04-22 00:15:35.409605,0 days 00:00:00.471993,4.005756194928617,9.678445063010862,0.6764645321640529,COMPLETE
