number,value,datetime_start,datetime_complete,duration,params_alpha,params_beta,params_decay_factor,state
132,0.1461924676658416,2026-04-22 00:09:41.751147,2026-04-22 00:09:41.540781,-1 days +23:59:59.789634,4.1692156294485,9.993456103111132,0.4320695533155625,COMPLETE
133,0.14565391266944533,2026-04-22 00:09:41.540813,2026-04-22 00:09:41.967226,0 days 00:00:00.426413,3.317753814330982,9.635118230764057,0.4707549473399817,COMPLETE
134,0.14597875760402398,2026-04-22 00:09:41.967257,2026-04-22 00:09:42.390422,0 days 00:00:00.423165,2.543541276713543,9.359658014775725,0.5584040355840495,COMPLETE
135,0.14613205938034363,2026-04-22 00:09:42.390455,2026-04-22 00:09:42.824653,0 days 00:00:00.434198,3.8193326569580224,9.832846710905953,0.5033200972070572,COMPLETE
136,0.14671845042219314,2026-04-22 00:09:42.824685,2026-04-22 00:09:43.248371,0 days 00:00:00.423686,2.87841767565761,9.242612473064092,0.3594794415650526,COMPLETE
137,0.14617857015255442,2026-04-22 00:09:43.248402,2026-04-22 00:09:43.669066,0 days 00:00:00.420664,2.916770116174373,9.235908135566595,0.3583190593745792,COMPLETE
138,0.14604881529454725,2026-04-22 00:09:43.669097,2026-04-22 00:09:44.098426,0 days 00:00:00.429329,2.719824279994701,9.502044119919553,0.5380559575889503,COMPLETE
139,0.1458810835827677,2026-04-22 00:09:44.098462,2026-04-22 00:09:44.534299,0 days 00:00:00.435837,3.1759096834551395,8.712454339172796,0.5881105748793246,COMPLETE
140,0.14688614428899263,2026-04-22 00:09:44.534331,2026-04-22 00:09:44.957074,0 days 00:00:00.422743,3.016192279597907,9.755568380473369,0.36841313537633713,COMPLETE
141,0.14643428569075037,2026-04-22 00:09:44.957107,2026-04-22 00:09:45.398580,0 days 00:00:00.441473,3.0062650963582316,9.713171492505877,0.36486309780036963,COMPLETE
142,0.14562354102472908,2026-04-22 00:09:45.398612,2026-04-22 00:09:45.823355,0 days 00:00:00.424743,3.349758281595621,9.426994162357145,0.3310491514172183,COMPLETE
143,0.14644490979105892,2026-04-22 00:09:45.823386,2026-04-22 00:09:46.254465,0 days 00:00:00.431079,2.4293938777204143,9.808875422358998,0.3059525646574559,COMPLETE
144,0.14635950934254888,2026-04-22 00:09:46.254501,2026-04-22 00:09:46.678471,0 days 00:00:00.423970,2.88752083277423,9.662301641538784,0.3967098187465746,COMPLETE
145,0.14477019984670805,2026-04-22 00:09:46.678501,2026-04-22 00:09:47.109241,0 days 00:00:00.430740,3.582259671630335,9.165193826151604,0.24918535713337928,COMPLETE
146,0.14503486339273444,2026-04-22 00:09:47.109274,2026-04-22 00:09:47.568080,0 days 00:00:00.458806,2.663224836405719,9.55434544138868,0.517390559584909,COMPLETE
147,0.14560484317407257,2026-04-22 00:09:47.568116,2026-04-22 00:09:48.037745,0 days 00:00:00.469629,3.1371250826061168,8.922900006661536,0.37945993767853753,COMPLETE
148,0.1159152162289899,2026-04-22 00:09:48.037779,2026-04-22 00:09:48.502094,0 days 00:00:00.464315,8.560146983950341,9.84305009454968,0.4170640211621185,COMPLETE
149,0.14571412019683566,2026-04-22 00:09:48.502127,2026-04-22 00:09:48.976383,0 days 00:00:00.474256,3.4154928402037372,9.33787335129045,0.443283263548814,COMPLETE
150,0.14523745837834293,2026-04-22 00:09:48.976418,2026-04-22 00:09:49.432121,0 days 00:00:00.455703,2.875773729601103,9.974751031059807,0.5681834741032339,COMPLETE
151,0.14615774130464,2026-04-22 00:09:49.432155,2026-04-22 00:09:49.899011,0 days 00:00:00.466856,3.505205620083907,9.997824549860988,0.4799482469836853,COMPLETE
152,0.14631518646715533,2026-04-22 00:09:49.899046,2026-04-22 00:09:50.349362,0 days 00:00:00.450316,3.836655159706359,9.606524185097193,0.46165937858666756,COMPLETE
153,0.14683554055333717,2026-04-22 00:09:50.349394,2026-04-22 00:09:50.789264,0 days 00:00:00.439870,3.311899949535249,9.803540798111943,0.5259327933055107,COMPLETE
154,0.1460560735542125,2026-04-22 00:09:50.789297,2026-04-22 00:09:51.241929,0 days 00:00:00.452632,3.1757357470992287,9.775025197228153,0.5230218160815971,COMPLETE
155,0.1458144094489066,2026-04-22 00:09:51.241963,2026-04-22 00:09:51.682205,0 days 00:00:00.440242,3.292342754284493,9.412617087593041,0.4937499595858384,COMPLETE
156,0.14455528832273085,2026-04-22 00:09:51.682240,2026-04-22 00:09:52.144736,0 days 00:00:00.462496,2.624261923743415,9.595037517048384,0.5578656670994391,COMPLETE
157,0.14627816947503025,2026-04-22 00:09:52.144771,2026-04-22 00:09:52.592056,0 days 00:00:00.447285,3.015614476309727,9.767174742400828,0.610254554250639,COMPLETE
158,0.14578069620828615,2026-04-22 00:09:52.592089,2026-04-22 00:09:53.036958,0 days 00:00:00.444869,3.670430468710329,9.303238183632132,0.5383026726958656,COMPLETE
159,0.14519589626088455,2026-04-22 00:09:53.036993,2026-04-22 00:09:53.511752,0 days 00:00:00.474759,2.3550149452791604,9.836595447602107,0.34507441542791745,COMPLETE
160,0.1453191382495416,2026-04-22 00:09:53.511786,2026-04-22 00:09:53.974948,0 days 00:00:00.463162,2.8323165192786393,9.544115633652563,0.5143292358194886,COMPLETE
161,0.1468068782494314,2026-04-22 00:09:53.974982,2026-04-22 00:09:54.419217,0 days 00:00:00.444235,3.407472538842752,9.957195809399886,0.4713423591147831,COMPLETE
162,0.1464584950480354,2026-04-22 00:09:54.419250,2026-04-22 00:09:54.872665,0 days 00:00:00.453415,3.1734529564639464,9.831576241333787,0.580585561951071,COMPLETE
163,0.14647534413843008,2026-04-22 00:09:54.872697,2026-04-22 00:09:55.340649,0 days 00:00:00.467952,3.3217800283362395,9.63013587206818,0.5378958211020753,COMPLETE
164,0.1469098635622673,2026-04-22 00:09:55.340682,2026-04-22 00:09:55.795939,0 days 00:00:00.455257,3.005239233438236,9.990792919585614,0.48833549793065384,COMPLETE
165,0.14675788383095068,2026-04-22 00:09:55.795973,2026-04-22 00:09:56.235734,0 days 00:00:00.439761,3.482616913545889,9.9965513140173,0.49430694789553664,COMPLETE
166,0.1457150560734099,2026-04-22 00:09:56.235769,2026-04-22 00:09:56.690669,0 days 00:00:00.454900,3.022539938491409,9.108657338771907,0.48595951254078984,COMPLETE
167,0.14611330924800153,2026-04-22 00:09:56.690702,2026-04-22 00:09:57.126029,0 days 00:00:00.435327,2.590619708503516,9.420746888453639,0.4380783522648894,COMPLETE
168,0.146614888712168,2026-04-22 00:09:57.126063,2026-04-22 00:09:57.567832,0 days 00:00:00.441769,3.478306164535045,9.689034329701313,0.502503850072457,COMPLETE
169,0.14596734725270522,2026-04-22 00:09:57.567867,2026-04-22 00:09:58.021134,0 days 00:00:00.453267,2.874721788547416,9.997154227173171,0.4617056719347327,COMPLETE
170,0.1447482974968308,2026-04-22 00:09:58.021171,2026-04-22 00:09:58.469209,0 days 00:00:00.448038,2.130177923937131,9.67934260932643,0.4232424876201326,COMPLETE
171,0.14614145176782203,2026-04-22 00:09:58.469241,2026-04-22 00:09:58.920447,0 days 00:00:00.451206,3.483994849059222,9.735521303095227,0.5025785769382614,COMPLETE
172,0.14509487328225054,2026-04-22 00:09:58.920482,2026-04-22 00:09:59.364162,0 days 00:00:00.443680,3.6764121376444168,9.508386345282029,0.4740366558276585,COMPLETE
173,0.14675153174121786,2026-04-22 00:09:59.364200,2026-04-22 00:09:59.815413,0 days 00:00:00.451213,3.3789971468942195,9.832815287065515,0.5039086305934048,COMPLETE
174,0.14601144048235234,2026-04-22 00:09:59.815447,2026-04-22 00:10:00.258845,0 days 00:00:00.443398,3.28243625831334,9.980668343108084,0.4852721006245351,COMPLETE
175,0.14614102114195077,2026-04-22 00:10:00.258879,2026-04-22 00:10:00.706254,0 days 00:00:00.447375,3.0027838239379814,9.273674373225393,0.4468840780914183,COMPLETE
176,0.14591722459573322,2026-04-22 00:10:00.706287,2026-04-22 00:10:01.149897,0 days 00:00:00.443610,2.7638201295292717,9.775122177269763,0.521418694151269,COMPLETE
177,0.14600597513784852,2026-04-22 00:10:01.149930,2026-04-22 00:10:01.597788,0 days 00:00:00.447858,3.2431773516220006,9.480477016535573,0.31668576350239963,COMPLETE
178,0.146963313437129,2026-04-22 00:10:01.597820,2026-04-22 00:10:02.048920,0 days 00:00:00.451100,3.031702832033869,9.993856538983588,0.3746225211905875,COMPLETE
179,0.1462808714276253,2026-04-22 00:10:02.048965,2026-04-22 00:10:02.508392,0 days 00:00:00.459427,3.648902965164278,9.992751984856957,0.37190425701172636,COMPLETE
180,0.14731843325918312,2026-04-22 00:10:02.508431,2026-04-22 00:10:02.963108,0 days 00:00:00.454677,3.4038885118107736,9.826471401982289,0.39485915429902113,COMPLETE
181,0.14705518463977887,2026-04-22 00:10:02.963142,2026-04-22 00:10:03.410850,0 days 00:00:00.447708,3.374002023379604,9.842522414473722,0.3906161161515929,COMPLETE
182,0.1462182539605786,2026-04-22 00:10:03.410884,2026-04-22 00:10:03.867757,0 days 00:00:00.456873,3.347134363297805,9.81495663379037,0.391628793291447,COMPLETE
183,0.14643584204651758,2026-04-22 00:10:03.867800,2026-04-22 00:10:04.319001,0 days 00:00:00.451201,3.047980429979948,9.765785522800817,0.3542804692583261,COMPLETE
184,0.14694852181434548,2026-04-22 00:10:04.319033,2026-04-22 00:10:04.765424,0 days 00:00:00.446391,2.7723084679748675,9.618002823354601,0.3937022552271304,COMPLETE
185,0.14636176218664065,2026-04-22 00:10:04.765458,2026-04-22 00:10:05.215894,0 days 00:00:00.450436,2.8135346655604905,9.583237162387436,0.4008726324635828,COMPLETE
186,0.14504323803692615,2026-04-22 00:10:05.215928,2026-04-22 00:10:05.673761,0 days 00:00:00.457833,2.490669978034258,9.316969639358165,0.38026268852999495,COMPLETE
187,0.14660491799299655,2026-04-22 00:10:05.673795,2026-04-22 00:10:06.141035,0 days 00:00:00.467240,3.4347016208607744,9.790098089992581,0.4117252270065259,COMPLETE
188,0.13574731535044685,2026-04-22 00:10:06.141075,2026-04-22 00:10:06.597562,0 days 00:00:00.456487,6.296112828302306,9.612301382136286,0.34159544789530394,COMPLETE
189,0.130283810588044,2026-04-22 00:10:06.597596,2026-04-22 00:10:07.044521,0 days 00:00:00.446925,7.135710541091325,9.999149090088336,0.4172825661432167,COMPLETE
190,0.14629520009415528,2026-04-22 00:10:07.044554,2026-04-22 00:10:07.500552,0 days 00:00:00.455998,3.930352706593386,9.425593026326785,0.36393149401612546,COMPLETE
191,0.14695741569933432,2026-04-22 00:10:07.500589,2026-04-22 00:10:07.949968,0 days 00:00:00.449379,3.15713690864202,9.82103243623117,0.39185764433637804,COMPLETE
192,0.14578366055397016,2026-04-22 00:10:07.950005,2026-04-22 00:10:08.400557,0 days 00:00:00.450552,3.221476182562191,9.802158391796024,0.39239675306838834,COMPLETE
193,0.1456011158912098,2026-04-22 00:10:08.400592,2026-04-22 00:10:08.845128,0 days 00:00:00.444536,2.6392659908088447,9.594738052762025,0.43435672484890214,COMPLETE
194,0.14699715198471694,2026-04-22 00:10:08.845162,2026-04-22 00:10:09.304863,0 days 00:00:00.459701,3.1525309885885657,9.997086606823956,0.32585759681397025,COMPLETE
195,0.1465636434368672,2026-04-22 00:10:09.304896,2026-04-22 00:10:09.760146,0 days 00:00:00.455250,3.163987744278873,9.823309452604366,0.3298485838810242,COMPLETE
196,0.14634492622067893,2026-04-22 00:10:09.760182,2026-04-22 00:10:10.208958,0 days 00:00:00.448776,3.4436280968351554,9.831812828331723,0.38002963569737236,COMPLETE
197,0.14616425716241757,2026-04-22 00:10:10.208996,2026-04-22 00:10:10.670280,0 days 00:00:00.461284,3.671626870780784,9.643700225760997,0.29042513003861803,COMPLETE
198,0.1468995704975805,2026-04-22 00:10:10.670316,2026-04-22 00:10:11.124235,0 days 00:00:00.453919,3.101944888179813,9.992093198934246,0.4036250932011798,COMPLETE
199,0.146776422823838,2026-04-22 00:10:11.124269,2026-04-22 00:10:11.582547,0 days 00:00:00.458278,3.31969253360137,9.994463372981883,0.4056977574669875,COMPLETE
200,0.13390622930203178,2026-04-22 00:10:11.582580,2026-04-22 00:10:12.019991,0 days 00:00:00.437411,3.3575581538393613,3.1199712779416924,0.4079599193031613,COMPLETE
201,0.1464312184022811,2026-04-22 00:10:12.020025,2026-04-22 00:10:12.474707,0 days 00:00:00.454682,2.937348403171704,9.83045877345407,0.3921725357304324,COMPLETE
202,0.14660461546907935,2026-04-22 00:10:12.474741,2026-04-22 00:10:12.931052,0 days 00:00:00.456311,3.0927194741835766,9.985938404638855,0.42352912436395446,COMPLETE
203,0.14559298886342048,2026-04-22 00:10:12.931087,2026-04-22 00:10:13.382287,0 days 00:00:00.451200,3.5492391572420288,9.667702847054185,0.45046235405199236,COMPLETE
204,0.14584070075059274,2026-04-22 00:10:13.382322,2026-04-22 00:10:13.209019,-1 days +23:59:59.826697,3.290979680277432,9.45439382153479,0.37409476121197494,COMPLETE
205,0.1462180427795014,2026-04-22 00:10:13.209055,2026-04-22 00:10:13.661834,0 days 00:00:00.452779,2.7545238646789407,9.979590793160872,0.31783396455174334,COMPLETE
206,0.14651360074660144,2026-04-22 00:10:13.661871,2026-04-22 00:10:14.115455,0 days 00:00:00.453584,3.020432952787252,9.688202662117707,0.4005632700818592,COMPLETE
207,0.1471534267072696,2026-04-22 00:10:14.115490,2026-04-22 00:10:14.575323,0 days 00:00:00.459833,3.2307383319872436,9.792496301932806,0.4354377024051662,COMPLETE
208,0.14469561978457227,2026-04-22 00:10:14.575357,2026-04-22 00:10:15.035929,0 days 00:00:00.460572,3.810608791494545,9.526157988602492,0.4330381729223592,COMPLETE
209,0.14662498169551874,2026-04-22 00:10:15.035965,2026-04-22 00:10:15.487280,0 days 00:00:00.451315,3.4327641198437986,9.78445260623906,0.4609597757458468,COMPLETE
210,0.14628424697985057,2026-04-22 00:10:15.487316,2026-04-22 00:10:15.934598,0 days 00:00:00.447282,3.152207246273259,9.998894438830838,0.42223756843290583,COMPLETE
211,0.14763717145388625,2026-04-22 00:10:15.934633,2026-04-22 00:10:16.387413,0 days 00:00:00.452780,3.2518835236538,9.777043478469265,0.3450488110187575,COMPLETE
212,0.14650790411164533,2026-04-22 00:10:16.387450,2026-04-22 00:10:16.843107,0 days 00:00:00.455657,3.2757516950411576,9.751486430804167,0.3373566833526927,COMPLETE
213,0.14707339809693964,2026-04-22 00:10:16.843141,2026-04-22 00:10:17.302325,0 days 00:00:00.459184,2.8822378401945294,9.609324711461252,0.3511717061906036,COMPLETE
214,0.14561299188092333,2026-04-22 00:10:17.302359,2026-04-22 00:10:17.756642,0 days 00:00:00.454283,2.804080736568191,9.425628879201808,0.3606369277305987,COMPLETE
215,0.14474995205337934,2026-04-22 00:10:17.756674,2026-04-22 00:10:18.208387,0 days 00:00:00.451713,2.957564113455736,6.959446515310461,0.3467638058166119,COMPLETE
216,0.1463008987258513,2026-04-22 00:10:18.208421,2026-04-22 00:10:18.659409,0 days 00:00:00.450988,2.6593931629302303,9.613151198736938,0.37979104639876027,COMPLETE
217,0.14580245112809878,2026-04-22 00:10:18.659442,2026-04-22 00:10:19.104310,0 days 00:00:00.444868,2.9667195472223016,9.583966751726843,0.40551952263361685,COMPLETE
218,0.145525174371334,2026-04-22 00:10:19.104343,2026-04-22 00:10:19.566969,0 days 00:00:00.462626,3.182649159325391,9.294285095214876,0.37252378949678344,COMPLETE
219,0.1462103702294213,2026-04-22 00:10:19.567004,2026-04-22 00:10:20.021995,0 days 00:00:00.454991,3.6085610168544475,9.997131768171656,0.3487356486518068,COMPLETE
220,0.13132137524709833,2026-04-22 00:10:20.022028,2026-04-22 00:10:20.472637,0 days 00:00:00.450609,2.8228304809023577,2.489293318040349,0.3950032820866093,COMPLETE
221,0.1468667138974079,2026-04-22 00:10:20.472669,2026-04-22 00:10:20.927388,0 days 00:00:00.454719,3.4073189348509754,9.830996690034455,0.5099195944398645,COMPLETE
222,0.14615916915411403,2026-04-22 00:10:20.927423,2026-04-22 00:10:21.376041,0 days 00:00:00.448618,3.4534571730495953,9.783576179343083,0.2834211329600128,COMPLETE
223,0.1460025059928335,2026-04-22 00:10:21.376076,2026-04-22 00:10:21.824659,0 days 00:00:00.448583,3.0672371819581903,9.807483737851125,0.3262428055336878,COMPLETE
224,0.1455988193406361,2026-04-22 00:10:21.824694,2026-04-22 00:10:22.282296,0 days 00:00:00.457602,3.271652666049264,9.620664206168565,0.47466837955305174,COMPLETE
225,0.14196522933145672,2026-04-22 00:10:22.282329,2026-04-22 00:10:22.738744,0 days 00:00:00.456415,3.5725775505859034,6.368095158968426,0.4403925514457222,COMPLETE
226,0.14624690992562023,2026-04-22 00:10:22.738779,2026-04-22 00:10:23.194215,0 days 00:00:00.455436,3.136586157228822,9.79870011592583,0.5131261330818077,COMPLETE
227,0.14691473255713422,2026-04-22 00:10:23.194248,2026-04-22 00:10:23.649750,0 days 00:00:00.455502,2.9229127972544386,9.471388558425556,0.4112197557784938,COMPLETE
228,0.14587210223599548,2026-04-22 00:10:23.649785,2026-04-22 00:10:24.112694,0 days 00:00:00.462909,2.5022664251167783,9.45384143804222,0.41534174967280457,COMPLETE
229,0.1465512984512693,2026-04-22 00:10:24.112729,2026-04-22 00:10:24.566799,0 days 00:00:00.454070,2.9403777813121845,9.453371160699785,0.38719324010403866,COMPLETE
230,0.1465477600938216,2026-04-22 00:10:24.566834,2026-04-22 00:10:25.002058,0 days 00:00:00.435224,2.73861581553442,9.111948384563402,0.3562747474363453,COMPLETE
231,0.14714588339280082,2026-04-22 00:10:25.002089,2026-04-22 00:10:25.425034,0 days 00:00:00.422945,3.1551783581461637,9.992322599680854,0.4844977797744237,COMPLETE
232,0.14647014953414583,2026-04-22 00:10:25.425072,2026-04-22 00:10:25.865579,0 days 00:00:00.440507,3.0859505060881305,9.681588180544685,0.45087696156560186,COMPLETE
233,0.14637362725567274,2026-04-22 00:10:25.865611,2026-04-22 00:10:26.307575,0 days 00:00:00.441964,3.25788926406826,9.814014619595413,0.4065056227760984,COMPLETE
234,0.14615261194659515,2026-04-22 00:10:26.307608,2026-04-22 00:10:26.747401,0 days 00:00:00.439793,2.896119470960431,9.69343136196541,0.36889360583206193,COMPLETE
235,0.14647891331063512,2026-04-22 00:10:26.747433,2026-04-22 00:10:27.180249,0 days 00:00:00.432816,3.3376518070048165,9.991933888035456,0.3099873743374919,COMPLETE
236,0.14667339800879783,2026-04-22 00:10:27.180285,2026-04-22 00:10:27.598106,0 days 00:00:00.417821,3.0652010574005293,9.57330122366311,0.46971767664588676,COMPLETE
237,0.14643863838749324,2026-04-22 00:10:27.598140,2026-04-22 00:10:28.025194,0 days 00:00:00.427054,2.6749463819145123,9.787423742928278,0.4342605327510222,COMPLETE
238,0.14610878398338234,2026-04-22 00:10:28.025224,2026-04-22 00:10:28.456823,0 days 00:00:00.431599,2.9086776182247402,9.847542947378889,0.3888989984369642,COMPLETE
239,0.14660682835391775,2026-04-22 00:10:28.456854,2026-04-22 00:10:28.880665,0 days 00:00:00.423811,3.263871956893389,9.37241957667188,0.5289686430466861,COMPLETE
240,0.1462577664379596,2026-04-22 00:10:28.880697,2026-04-22 00:10:29.310657,0 days 00:00:00.429960,3.11876630147211,9.58162045383523,0.49040480300151124,COMPLETE
241,0.1463224944962729,2026-04-22 00:10:29.310690,2026-04-22 00:10:29.746320,0 days 00:00:00.435630,3.4491359686594993,9.994212677362587,0.496563585004964,COMPLETE
242,0.14619905113699025,2026-04-22 00:10:29.746351,2026-04-22 00:10:30.171943,0 days 00:00:00.425592,3.6291372121594034,9.996491570331543,0.5095592052349074,COMPLETE
243,0.14642896249207094,2026-04-22 00:10:30.171977,2026-04-22 00:10:30.622451,0 days 00:00:00.450474,3.3767036271384123,9.833373454103038,0.4830318947436102,COMPLETE
244,0.14633225654132578,2026-04-22 00:10:30.622484,2026-04-22 00:10:31.054612,0 days 00:00:00.432128,3.116436444971654,9.640797893361498,0.46194162929108495,COMPLETE
245,0.1457942276558478,2026-04-22 00:10:31.054647,2026-04-22 00:10:31.479311,0 days 00:00:00.424664,3.754400082359578,9.824532597707265,0.4213553174533266,COMPLETE
246,0.14565511099429398,2026-04-22 00:10:31.479343,2026-04-22 00:10:31.904172,0 days 00:00:00.424829,2.8211172990760582,9.99534762014061,0.5388966991462698,COMPLETE
247,0.14588668239735647,2026-04-22 00:10:31.904205,2026-04-22 00:10:32.334888,0 days 00:00:00.430683,3.476846902192527,9.662911703531476,0.37699596647915434,COMPLETE
248,0.14716621135025473,2026-04-22 00:10:32.334922,2026-04-22 00:10:32.768612,0 days 00:00:00.433690,3.2552247690436573,9.808430443576945,0.3390568372033153,COMPLETE
249,0.146513858199698,2026-04-22 00:10:32.768644,2026-04-22 00:10:33.206723,0 days 00:00:00.438079,2.9793017431726803,9.4683761177372,0.33008321928103845,COMPLETE
250,0.14752433800897724,2026-04-22 00:10:33.206758,2026-04-22 00:10:33.681842,0 days 00:00:00.475084,3.288631824048127,9.696864410942217,0.343887087052278,COMPLETE
251,0.14657242620497124,2026-04-22 00:10:33.681879,2026-04-22 00:10:34.134445,0 days 00:00:00.452566,3.175442767567022,9.350192419873787,0.34456940096637484,COMPLETE
252,0.14579545943448596,2026-04-22 00:10:34.134478,2026-04-22 00:10:34.569138,0 days 00:00:00.434660,2.6380445656468274,9.664008312449097,0.30562221732666334,COMPLETE
253,0.1463267067005036,2026-04-22 00:10:34.569170,2026-04-22 00:10:34.995712,0 days 00:00:00.426542,2.90135574556592,9.562729379740603,0.36037866297680576,COMPLETE
254,0.14679869568940046,2026-04-22 00:10:34.995744,2026-04-22 00:10:35.465857,0 days 00:00:00.470113,3.2307246015965387,9.780740825677048,0.3413922741010883,COMPLETE
255,0.1462562971313343,2026-04-22 00:10:35.465892,2026-04-22 00:10:35.913017,0 days 00:00:00.447125,3.047803542994567,9.253333730612612,0.3689146679098845,COMPLETE
256,0.146075034769187,2026-04-22 00:10:35.913051,2026-04-22 00:10:36.361522,0 days 00:00:00.448471,2.482001101923003,9.79921684402225,0.3153823221617967,COMPLETE
257,0.14593141506894067,2026-04-22 00:10:36.361556,2026-04-22 00:10:36.840074,0 days 00:00:00.478518,2.7906854441092435,9.508026808687566,0.3411666367653119,COMPLETE
258,0.14587745532582305,2026-04-22 00:10:36.840108,2026-04-22 00:10:37.298832,0 days 00:00:00.458724,3.270847964687602,9.691587906833673,0.384661081638303,COMPLETE
259,0.14621268111323907,2026-04-22 00:10:37.298866,2026-04-22 00:10:37.753485,0 days 00:00:00.454619,3.5789526519710377,9.808468184666314,0.4463239358333468,COMPLETE
260,0.14646493426774815,2026-04-22 00:10:37.753519,2026-04-22 00:10:38.195908,0 days 00:00:00.442389,2.990739852331362,9.467964445246016,0.5214066171138,COMPLETE
261,0.14133904579397308,2026-04-22 00:10:38.195942,2026-04-22 00:10:38.639347,0 days 00:00:00.443405,5.44150062771438,9.826534280168712,0.39972689633485264,COMPLETE
262,0.14573354560420335,2026-04-22 00:10:38.639381,2026-04-22 00:10:39.091635,0 days 00:00:00.452254,3.4259639154782096,9.630297702431784,0.24517227574725842,COMPLETE
263,0.14717504187614092,2026-04-22 00:10:39.091669,2026-04-22 00:10:39.549873,0 days 00:00:00.458204,3.1454895613680667,9.173386311220964,0.3661111619142077,COMPLETE
