number,value,datetime_start,datetime_complete,duration,params_alpha,params_beta,params_decay_factor,state
264,0.1467444044931632,2026-04-22 00:10:39.549906,2026-04-22 00:10:40.004875,0 days 00:00:00.454969,2.7333783055094805,9.149506347679344,0.36624888960044094,COMPLETE
265,0.14676386202545424,2026-04-22 00:10:40.004910,2026-04-22 00:10:40.457079,0 days 00:00:00.452169,3.132085211459032,9.197019018415322,0.3543584916427669,COMPLETE
266,0.14584857569358234,2026-04-22 00:10:40.457115,2026-04-22 00:10:40.916788,0 days 00:00:00.459673,2.9177296654750964,9.396726845641496,0.3238966332864075,COMPLETE
267,0.1458986495169117,2026-04-22 00:10:40.916822,2026-04-22 00:10:41.363233,0 days 00:00:00.446411,3.204739684472813,9.66323347548345,0.2803263999089838,COMPLETE
268,0.14610850183499496,2026-04-22 00:10:41.363266,2026-04-22 00:10:41.820435,0 days 00:00:00.457169,2.6137030254609335,9.431668620637652,0.3819126591088756,COMPLETE
269,0.14625243826095077,2026-04-22 00:10:41.820469,2026-04-22 00:10:42.259149,0 days 00:00:00.438680,3.0268986838047915,9.60630657797229,0.3518211481948967,COMPLETE
270,0.1432539413840172,2026-04-22 00:10:42.259183,2026-04-22 00:10:42.695574,0 days 00:00:00.436391,2.808818142241604,5.758866612455935,0.4154940084595388,COMPLETE
271,0.14665907368455458,2026-04-22 00:10:42.695611,2026-04-22 00:10:43.165934,0 days 00:00:00.470323,3.304105187865823,9.814596679324607,0.3307492742061268,COMPLETE
272,0.1456988159351811,2026-04-22 00:10:43.165970,2026-04-22 00:10:43.621099,0 days 00:00:00.455129,2.2986243845840786,9.299165772768657,0.3906377824019601,COMPLETE
273,0.14656655908294847,2026-04-22 00:10:43.621132,2026-04-22 00:10:44.078742,0 days 00:00:00.457610,3.738332872181742,9.539620115276563,0.3661896416714967,COMPLETE
274,0.14660233868880648,2026-04-22 00:10:44.078781,2026-04-22 00:10:44.535762,0 days 00:00:00.456981,3.1423796254859426,9.996886344638282,0.42949005957847236,COMPLETE
275,0.14619842590046547,2026-04-22 00:10:44.535797,2026-04-22 00:10:44.995188,0 days 00:00:00.459391,2.9365690122161174,8.939434616570471,0.5540150971902351,COMPLETE
276,0.1463579508834485,2026-04-22 00:10:44.995222,2026-04-22 00:10:44.824407,-1 days +23:59:59.829185,3.483402330541122,9.799276769851865,0.4018895523309185,COMPLETE
277,0.1450878427042826,2026-04-22 00:10:44.824443,2026-04-22 00:10:45.275100,0 days 00:00:00.450657,2.588904818194204,9.669092264416648,0.5223728071704241,COMPLETE
278,0.14597677023348,2026-04-22 00:10:45.275135,2026-04-22 00:10:45.734459,0 days 00:00:00.459324,3.1765592290414912,9.442632492235882,0.37562445319039944,COMPLETE
279,0.14622672200345627,2026-04-22 00:10:45.734494,2026-04-22 00:10:46.199387,0 days 00:00:00.464893,2.8156023380190174,9.828442289617351,0.3455250956058055,COMPLETE
280,0.1390667763061062,2026-04-22 00:10:46.199421,2026-04-22 00:10:46.649313,0 days 00:00:00.449892,3.3496154472327007,4.62441583031949,0.3042698866439887,COMPLETE
281,0.14587792181930304,2026-04-22 00:10:46.649347,2026-04-22 00:10:47.111944,0 days 00:00:00.462597,3.036097113974523,9.668160866513348,0.5048293207975831,COMPLETE
282,0.14384121179262302,2026-04-22 00:10:47.111978,2026-04-22 00:10:47.558812,0 days 00:00:00.446834,0.8071054921179805,9.816238448606867,0.39302723274644125,COMPLETE
283,0.1466784809095073,2026-04-22 00:10:47.558848,2026-04-22 00:10:48.012567,0 days 00:00:00.453719,3.989929158052692,9.994838078636905,0.5425908572814998,COMPLETE
284,0.14558450997111141,2026-04-22 00:10:48.012601,2026-04-22 00:10:48.467214,0 days 00:00:00.454613,3.5550891300208294,9.380060252165805,0.41804961657371675,COMPLETE
285,0.1449348480331731,2026-04-22 00:10:48.467249,2026-04-22 00:10:48.920918,0 days 00:00:00.453669,3.242988790322496,9.55664896465458,0.35755129236157357,COMPLETE
286,0.14593561013560594,2026-04-22 00:10:48.920952,2026-04-22 00:10:49.372024,0 days 00:00:00.451072,2.974665221839004,9.139779523007043,0.4496848693014684,COMPLETE
287,0.14626285139813427,2026-04-22 00:10:49.372058,2026-04-22 00:10:49.829575,0 days 00:00:00.457517,3.707323534578567,9.991868907421603,0.3274499019542448,COMPLETE
288,0.14527762887112156,2026-04-22 00:10:49.829609,2026-04-22 00:10:50.286841,0 days 00:00:00.457232,2.675884177589523,9.7107781073858,0.49428311029888067,COMPLETE
289,0.14618840358800184,2026-04-22 00:10:50.286878,2026-04-22 00:10:50.742073,0 days 00:00:00.455195,3.378831401294949,9.824275366885235,0.37900406826666055,COMPLETE
290,0.12800445473063182,2026-04-22 00:10:50.742106,2026-04-22 00:10:51.190772,0 days 00:00:00.448666,2.4709567511815504,9.571964461098327,0.0581412573681212,COMPLETE
291,0.12303185780395737,2026-04-22 00:10:51.190809,2026-04-22 00:10:51.626787,0 days 00:00:00.435978,3.097979867806353,1.715227996427446,0.40711233113005807,COMPLETE
292,0.14635161765640617,2026-04-22 00:10:51.626820,2026-04-22 00:10:52.062247,0 days 00:00:00.435427,2.8873457880844464,9.387658744171288,0.4740034161596978,COMPLETE
293,0.14642663543007756,2026-04-22 00:10:52.062280,2026-04-22 00:10:52.495111,0 days 00:00:00.432831,3.541754140566816,9.996783243152631,0.4395683078697486,COMPLETE
294,0.14683249398667592,2026-04-22 00:10:52.495144,2026-04-22 00:10:52.939088,0 days 00:00:00.443944,3.255166188728714,9.670503438773395,0.5147173783374527,COMPLETE
295,0.1429951359395832,2026-04-22 00:10:52.939122,2026-04-22 00:10:53.387072,0 days 00:00:00.447950,3.2107794141120203,5.224361686497009,0.5129491130975217,COMPLETE
296,0.14585180820415303,2026-04-22 00:10:53.387105,2026-04-22 00:10:53.860845,0 days 00:00:00.473740,3.3455495064591374,9.600798611164077,0.3447107918568639,COMPLETE
297,0.1454316489359674,2026-04-22 00:10:53.860881,2026-04-22 00:10:54.330363,0 days 00:00:00.469482,3.7751310683162376,9.24737411900961,0.3672153285905563,COMPLETE
298,0.14598557720984007,2026-04-22 00:10:54.330398,2026-04-22 00:10:54.788178,0 days 00:00:00.457780,2.834084826029851,9.834614506789034,0.4911775720519624,COMPLETE
299,0.14705652306977982,2026-04-22 00:10:54.788214,2026-04-22 00:10:55.250912,0 days 00:00:00.462698,3.5201790581993744,9.48845482263367,0.3898869524320226,COMPLETE
300,0.14462203478836053,2026-04-22 00:10:55.250950,2026-04-22 00:10:55.701289,0 days 00:00:00.450339,3.5785785286557457,9.051426822126691,0.3911560943687034,COMPLETE
301,0.14575059923607386,2026-04-22 00:10:55.701324,2026-04-22 00:10:56.168007,0 days 00:00:00.466683,3.902842198915622,9.452018197987389,0.42747407285997235,COMPLETE
302,0.14607337607850754,2026-04-22 00:10:56.168042,2026-04-22 00:10:56.650442,0 days 00:00:00.482400,3.3991637512660176,9.270008517902497,0.39724972502943035,COMPLETE
303,0.14585569939376286,2026-04-22 00:10:56.650478,2026-04-22 00:10:57.110470,0 days 00:00:00.459992,3.030301240835648,9.828448210605226,0.31160925342141266,COMPLETE
304,0.14651748959004218,2026-04-22 00:10:57.110513,2026-04-22 00:10:57.570421,0 days 00:00:00.459908,3.512181209629461,9.514249958617288,0.3678121417792714,COMPLETE
305,0.14713543179346106,2026-04-22 00:10:57.570456,2026-04-22 00:10:58.021786,0 days 00:00:00.451330,3.15976507236936,9.823464909688662,0.41652249015478315,COMPLETE
306,0.146254053170698,2026-04-22 00:10:58.021820,2026-04-22 00:10:58.479700,0 days 00:00:00.457880,2.7178560869271395,9.997449948382707,0.4146877462368818,COMPLETE
307,0.14667483173760773,2026-04-22 00:10:58.479740,2026-04-22 00:10:58.939657,0 days 00:00:00.459917,3.053745650910703,9.639109842565912,0.4268535062646293,COMPLETE
308,0.14584346578117943,2026-04-22 00:10:58.939690,2026-04-22 00:10:59.386814,0 days 00:00:00.447124,3.1661094885902097,9.800847233239672,0.38572015502768053,COMPLETE
309,0.1455643462719583,2026-04-22 00:10:59.386850,2026-04-22 00:10:59.840594,0 days 00:00:00.453744,2.85724718520221,9.386370455071377,0.4507864881525892,COMPLETE
310,0.14644933198454138,2026-04-22 00:10:59.840630,2026-04-22 00:11:00.290249,0 days 00:00:00.449619,3.7071594896141833,9.997090366546729,0.4084023546564595,COMPLETE
311,0.144965493796761,2026-04-22 00:11:00.290285,2026-04-22 00:11:00.744836,0 days 00:00:00.454551,4.153513956692399,9.651795657510593,0.35162818565599097,COMPLETE
312,0.1457398097508029,2026-04-22 00:11:00.744871,2026-04-22 00:11:01.206740,0 days 00:00:00.461869,2.4444029455161544,9.509707555191008,0.33712290758767155,COMPLETE
313,0.13553820100308664,2026-04-22 00:11:01.206774,2026-04-22 00:11:01.654599,0 days 00:00:00.447825,3.2261921751988023,3.5392516562431036,0.37543656531717157,COMPLETE
314,0.1466252052516369,2026-04-22 00:11:01.654636,2026-04-22 00:11:02.130649,0 days 00:00:00.476013,2.9919223255027023,9.852161591660803,0.4319669616510563,COMPLETE
315,0.14595001565074944,2026-04-22 00:11:02.130685,2026-04-22 00:11:02.578865,0 days 00:00:00.448180,2.662119809760386,9.23513488690741,0.39388465992810784,COMPLETE
316,0.1320594081928515,2026-04-22 00:11:02.578902,2026-04-22 00:11:03.033542,0 days 00:00:00.454640,3.41338980370337,2.843153366960318,0.4073938994868048,COMPLETE
317,0.14656302887944866,2026-04-22 00:11:03.033580,2026-04-22 00:11:03.487375,0 days 00:00:00.453795,2.8809761361098705,9.69836270328861,0.4621046343790058,COMPLETE
318,0.14317081152954234,2026-04-22 00:11:03.487409,2026-04-22 00:11:03.966399,0 days 00:00:00.478990,5.076977664909344,9.816816765450682,0.32468108493313536,COMPLETE
319,0.10681600444051575,2026-04-22 00:11:03.966435,2026-04-22 00:11:04.421641,0 days 00:00:00.455206,3.1299104026840983,0.1720795891433653,0.2636760854316969,COMPLETE
320,0.14735544784421803,2026-04-22 00:11:04.421675,2026-04-22 00:11:04.882995,0 days 00:00:00.461320,3.6077353298247696,9.998453809359505,0.3771418437012536,COMPLETE
321,0.11620492007854288,2026-04-22 00:11:04.883029,2026-04-22 00:11:05.336838,0 days 00:00:00.453809,8.43698090549496,9.995365542625006,0.3593105107723041,COMPLETE
322,0.14646745613985193,2026-04-22 00:11:05.336873,2026-04-22 00:11:05.797143,0 days 00:00:00.460270,3.6537322550057336,9.524868032828525,0.3733094258998109,COMPLETE
323,0.14573698332124188,2026-04-22 00:11:05.797176,2026-04-22 00:11:06.251536,0 days 00:00:00.454360,3.9367619409526573,9.659265245483752,0.38628344201549375,COMPLETE
324,0.14406314798247188,2026-04-22 00:11:06.251569,2026-04-22 00:11:06.720585,0 days 00:00:00.469016,2.305743979718599,8.978579302499126,0.34865387979375184,COMPLETE
325,0.1457643686326843,2026-04-22 00:11:06.720620,2026-04-22 00:11:07.194784,0 days 00:00:00.474164,3.2567941352279943,9.358460633792474,0.41245493772116804,COMPLETE
326,0.14589171405801904,2026-04-22 00:11:07.194821,2026-04-22 00:11:07.642927,0 days 00:00:00.448106,3.5709845501081214,9.83591044281514,0.29184723350561664,COMPLETE
327,0.14569862439400902,2026-04-22 00:11:07.642961,2026-04-22 00:11:08.088840,0 days 00:00:00.445879,2.7545432067638793,9.625377264251046,0.372716603101636,COMPLETE
328,0.14637958833362763,2026-04-22 00:11:08.088875,2026-04-22 00:11:08.537201,0 days 00:00:00.448326,3.040851036672506,9.83170926104398,0.43593042435464296,COMPLETE
329,0.1466947328238454,2026-04-22 00:11:08.537236,2026-04-22 00:11:08.989556,0 days 00:00:00.452320,3.337443792549025,9.995471269131562,0.3948753815703396,COMPLETE
330,0.14408266909353604,2026-04-22 00:11:08.989589,2026-04-22 00:11:09.431531,0 days 00:00:00.441942,4.326952250670506,9.43561503306489,0.3361389441264547,COMPLETE
331,0.14596706345556723,2026-04-22 00:11:09.431565,2026-04-22 00:11:09.881799,0 days 00:00:00.450234,2.5786140342245534,9.66844117372704,0.36010123447416403,COMPLETE
332,0.1460323291113629,2026-04-22 00:11:09.881833,2026-04-22 00:11:10.334759,0 days 00:00:00.452926,2.8947087512300054,9.222356532396693,0.42098561590003714,COMPLETE
333,0.14602425142839245,2026-04-22 00:11:10.334792,2026-04-22 00:11:10.784419,0 days 00:00:00.449627,3.074064723182284,9.829924622272259,0.3152246878604517,COMPLETE
334,0.1456465496847882,2026-04-22 00:11:10.784454,2026-04-22 00:11:11.233252,0 days 00:00:00.448798,3.787108510668629,9.508907280622791,0.38715794805219694,COMPLETE
335,0.14666878692843552,2026-04-22 00:11:11.233287,2026-04-22 00:11:11.674884,0 days 00:00:00.441597,3.4720984659803182,9.697075474660107,0.45169218157634416,COMPLETE
336,0.1467828241299551,2026-04-22 00:11:11.674919,2026-04-22 00:11:12.124766,0 days 00:00:00.449847,3.2111408464433158,9.84411916881836,0.40581934263599584,COMPLETE
337,0.14557635672883015,2026-04-22 00:11:12.124801,2026-04-22 00:11:12.581055,0 days 00:00:00.456254,1.950325053917783,9.499606081832825,0.357662043226093,COMPLETE
338,0.14573270337471292,2026-04-22 00:11:12.581092,2026-04-22 00:11:13.033107,0 days 00:00:00.452015,2.7791291847136304,9.664377919492852,0.33618056777350386,COMPLETE
339,0.14590251929303924,2026-04-22 00:11:13.033144,2026-04-22 00:11:13.489346,0 days 00:00:00.456202,3.3313224185367507,9.998230303528556,0.3759907290003316,COMPLETE
340,0.14619413699453565,2026-04-22 00:11:13.489380,2026-04-22 00:11:13.940729,0 days 00:00:00.451349,3.0040548788540478,9.291487111102855,0.42352325339676783,COMPLETE
341,0.14700374325436155,2026-04-22 00:11:13.940764,2026-04-22 00:11:14.403669,0 days 00:00:00.462905,3.544967816551214,9.810662552880045,0.46563814543417187,COMPLETE
342,0.14694060532871425,2026-04-22 00:11:14.403717,2026-04-22 00:11:14.857322,0 days 00:00:00.453605,3.1546213716260936,9.989786700395843,0.4664686216548009,COMPLETE
343,0.14637738009556828,2026-04-22 00:11:14.857367,2026-04-22 00:11:15.323128,0 days 00:00:00.465761,3.576551935436031,9.866449904291834,0.46415313505778116,COMPLETE
344,0.14496292319859472,2026-04-22 00:11:15.323162,2026-04-22 00:11:15.779733,0 days 00:00:00.456571,4.695301974156024,9.974971645277924,0.4752130551917169,COMPLETE
345,0.14668121828986244,2026-04-22 00:11:15.779769,2026-04-22 00:11:16.261019,0 days 00:00:00.481250,3.2112078678357117,7.8854330100814085,0.478775496405695,COMPLETE
346,0.14629946237587785,2026-04-22 00:11:16.261061,2026-04-22 00:11:16.095327,-1 days +23:59:59.834266,3.4426056135660685,9.999790149133634,0.45062960634742183,COMPLETE
347,0.13315019540424566,2026-04-22 00:11:16.095362,2026-04-22 00:11:16.571212,0 days 00:00:00.475850,6.850422942466572,9.663046007330747,0.46401045605961816,COMPLETE
348,0.14481931965356584,2026-04-22 00:11:16.571248,2026-04-22 00:11:17.057745,0 days 00:00:00.486497,3.134480373518096,7.257827442575733,0.49105009604572925,COMPLETE
349,0.14629681800976835,2026-04-22 00:11:17.057781,2026-04-22 00:11:17.529331,0 days 00:00:00.471550,2.8879587853698214,9.510108597854027,0.4341000358559585,COMPLETE
350,0.14550504273296555,2026-04-22 00:11:17.529364,2026-04-22 00:11:17.986795,0 days 00:00:00.457431,2.543398154736654,9.99037531497688,0.4401325471977587,COMPLETE
351,0.14001977152585693,2026-04-22 00:11:17.986830,2026-04-22 00:11:18.446140,0 days 00:00:00.459310,3.3205153675715096,4.385704421541587,0.4842949596619203,COMPLETE
352,0.14529891886448923,2026-04-22 00:11:18.446173,2026-04-22 00:11:18.922029,0 days 00:00:00.475856,3.7867682132771447,9.737175060088314,0.4558164189848068,COMPLETE
353,0.14701790440262827,2026-04-22 00:11:18.922064,2026-04-22 00:11:19.382908,0 days 00:00:00.460844,2.7512371612911473,9.38137813375999,0.39883263305694555,COMPLETE
354,0.14511009114093504,2026-04-22 00:11:19.382946,2026-04-22 00:11:19.839981,0 days 00:00:00.457035,2.2051106164143257,9.066086046328923,0.31701696582564926,COMPLETE
355,0.14618944594190048,2026-04-22 00:11:19.840016,2026-04-22 00:11:20.293965,0 days 00:00:00.453949,2.6680876396246775,9.248727672630716,0.39551665016060666,COMPLETE
356,0.1454336864426085,2026-04-22 00:11:20.294002,2026-04-22 00:11:20.765466,0 days 00:00:00.471464,2.3849029760659537,8.791558072399255,0.47646157497377783,COMPLETE
357,0.14641626814515488,2026-04-22 00:11:20.765501,2026-04-22 00:11:21.217534,0 days 00:00:00.452033,2.7911102051206815,9.383352950051247,0.3502836565854445,COMPLETE
358,0.14655398994067423,2026-04-22 00:11:21.217567,2026-04-22 00:11:21.698606,0 days 00:00:00.481039,2.940237349592,9.137591949292695,0.30110543843122234,COMPLETE
359,0.1465225463903836,2026-04-22 00:11:21.698642,2026-04-22 00:11:22.155134,0 days 00:00:00.456492,3.6210709703288173,9.515290056125616,0.4178412903875197,COMPLETE
360,0.14508281101367254,2026-04-22 00:11:22.155169,2026-04-22 00:11:22.613837,0 days 00:00:00.458668,3.1021038732401007,7.5173923701370695,0.3811765319355114,COMPLETE
361,0.14675572861979955,2026-04-22 00:11:22.613872,2026-04-22 00:11:23.090723,0 days 00:00:00.476851,4.077090783636727,9.698627572597498,0.4455118743398271,COMPLETE
362,0.14636270188821884,2026-04-22 00:11:23.090757,2026-04-22 00:11:23.545781,0 days 00:00:00.455024,2.614264664448904,9.451428581459156,0.32966578219072523,COMPLETE
363,0.1457927345712923,2026-04-22 00:11:23.545817,2026-04-22 00:11:23.999140,0 days 00:00:00.453323,3.39702240648265,8.920857107410457,0.4964158120403477,COMPLETE
364,0.1470300773381907,2026-04-22 00:11:23.999174,2026-04-22 00:11:24.460504,0 days 00:00:00.461330,2.910791266052505,9.67554227495925,0.36365243319672697,COMPLETE
365,0.1454098297102596,2026-04-22 00:11:24.460539,2026-04-22 00:11:24.920558,0 days 00:00:00.460019,2.8048102099314134,9.351321851967706,0.35875906988492945,COMPLETE
366,0.14432740697329144,2026-04-22 00:11:24.920597,2026-04-22 00:11:25.392219,0 days 00:00:00.471622,3.245342182480958,9.575229995657352,0.972961044697115,COMPLETE
367,0.14626625508502264,2026-04-22 00:11:25.392256,2026-04-22 00:11:25.859755,0 days 00:00:00.467499,2.925085212288161,9.196439913962028,0.38003144727978777,COMPLETE
368,0.14602654713943322,2026-04-22 00:11:25.859789,2026-04-22 00:11:26.320225,0 days 00:00:00.460436,2.5171442721742485,9.695901493436134,0.3419730969957156,COMPLETE
369,0.1458597232516915,2026-04-22 00:11:26.320260,2026-04-22 00:11:26.786439,0 days 00:00:00.466179,3.5505681166290084,9.501718464725236,0.3997492749042248,COMPLETE
370,0.1457069140098046,2026-04-22 00:11:26.786473,2026-04-22 00:11:27.256765,0 days 00:00:00.470292,3.162566092300805,9.76235812178816,0.3614313835521117,COMPLETE
371,0.14598190731632385,2026-04-22 00:11:27.256800,2026-04-22 00:11:27.713850,0 days 00:00:00.457050,3.3539623245525902,9.370692490105503,0.407824686407027,COMPLETE
372,0.14604886125287647,2026-04-22 00:11:27.713884,2026-04-22 00:11:28.171898,0 days 00:00:00.458014,2.975272534935119,8.559748192374013,0.36689208946734936,COMPLETE
373,0.1457806663784557,2026-04-22 00:11:28.171933,2026-04-22 00:11:28.645561,0 days 00:00:00.473628,2.7378128804391473,9.784440461547444,0.32684817622669626,COMPLETE
374,0.14542359740444485,2026-04-22 00:11:28.645594,2026-04-22 00:11:29.098978,0 days 00:00:00.453384,3.677708354082622,9.576286219841245,0.38517057742115834,COMPLETE
375,0.14544229105910428,2026-04-22 00:11:29.099012,2026-04-22 00:11:29.545591,0 days 00:00:00.446579,3.897050837524429,9.810001839813651,0.4258842912523121,COMPLETE
376,0.14607155678183895,2026-04-22 00:11:29.545626,2026-04-22 00:11:29.991996,0 days 00:00:00.446370,3.144014374041167,9.06046042291628,0.343799682298948,COMPLETE
377,0.14375761218763766,2026-04-22 00:11:29.992030,2026-04-22 00:11:30.430235,0 days 00:00:00.438205,3.4449650348404743,6.739520411034965,0.3925910162861569,COMPLETE
378,0.14156911710431624,2026-04-22 00:11:30.430269,2026-04-22 00:11:30.878772,0 days 00:00:00.448503,0.09094205458266735,9.554323848902616,0.41272551995898876,COMPLETE
379,0.14652774224214027,2026-04-22 00:11:30.878807,2026-04-22 00:11:31.333633,0 days 00:00:00.454826,2.7530876995538827,9.311211572488508,0.2897426118402422,COMPLETE
380,0.14653120369390632,2026-04-22 00:11:31.333667,2026-04-22 00:11:31.784961,0 days 00:00:00.451294,2.9757408600626842,9.814530405934573,0.3732560339776751,COMPLETE
381,0.1451497954929117,2026-04-22 00:11:31.784996,2026-04-22 00:11:32.237405,0 days 00:00:00.452409,3.3009547577699676,9.628861041667331,0.3510917904750208,COMPLETE
382,0.14588610985444064,2026-04-22 00:11:32.237439,2026-04-22 00:11:32.677807,0 days 00:00:00.440368,2.468529289239007,9.83127401683524,0.43817404389979897,COMPLETE
383,0.146309470058533,2026-04-22 00:11:32.677843,2026-04-22 00:11:33.136739,0 days 00:00:00.458896,3.1740150596880516,9.331718746398392,0.3135488354763017,COMPLETE
384,0.14590476156474547,2026-04-22 00:11:33.136776,2026-04-22 00:11:33.644573,0 days 00:00:00.507797,3.5453756808949586,9.604302808442007,0.3914805290828744,COMPLETE
385,0.1389500926971922,2026-04-22 00:11:33.644607,2026-04-22 00:11:34.105575,0 days 00:00:00.460968,5.8829967477515375,9.819036260717649,0.37011456053744146,COMPLETE
386,0.1463515736870906,2026-04-22 00:11:34.105611,2026-04-22 00:11:34.556560,0 days 00:00:00.450949,2.9413976584296564,9.49418407079145,0.465379277318752,COMPLETE
387,0.13856814641646326,2026-04-22 00:11:34.556606,2026-04-22 00:11:35.003524,0 days 00:00:00.446918,2.6692375522054728,3.830354836458616,0.4056768533484444,COMPLETE
388,0.1462042693854932,2026-04-22 00:11:35.003557,2026-04-22 00:11:35.447459,0 days 00:00:00.443902,3.2963875149753528,9.978270105824976,0.35217261142909007,COMPLETE
389,0.14668506597038503,2026-04-22 00:11:35.447491,2026-04-22 00:11:35.893987,0 days 00:00:00.446496,3.091664748906757,9.67725514394582,0.330698192200687,COMPLETE
390,0.14641273910037172,2026-04-22 00:11:35.894023,2026-04-22 00:11:36.343708,0 days 00:00:00.449685,3.7069424584503397,9.999654934157613,0.4213989300574552,COMPLETE
391,0.14524852272953276,2026-04-22 00:11:36.343742,2026-04-22 00:11:36.790406,0 days 00:00:00.446664,3.4141537998672447,9.686988645271708,0.3757246304592011,COMPLETE
392,0.14586693330598213,2026-04-22 00:11:36.790438,2026-04-22 00:11:37.231740,0 days 00:00:00.441302,2.8591182899489453,9.090452979857412,0.44582811863728566,COMPLETE
393,0.14199005278445562,2026-04-22 00:11:37.231775,2026-04-22 00:11:37.674886,0 days 00:00:00.443111,3.107663014112515,9.38169095895237,0.1449971494319363,COMPLETE
394,0.1174955992399915,2026-04-22 00:11:37.674921,2026-04-22 00:11:38.093787,0 days 00:00:00.418866,3.2881429504401853,1.111319556836214,0.3951093952711256,COMPLETE
395,0.1440900963905945,2026-04-22 00:11:38.093822,2026-04-22 00:11:38.542345,0 days 00:00:00.448523,1.2090864087448692,9.695815356310197,0.3388609911043744,COMPLETE
