number,value,datetime_start,datetime_complete,duration,params_alpha,params_beta,params_decay_factor,state
264,0.1215362569900836,2026-04-21 23:59:41.100161,2026-04-21 23:59:41.557046,0 days 00:00:00.456885,3.9250196151676278,8.221046957440835,0.8102183569272786,COMPLETE
265,0.1205781791020991,2026-04-21 23:59:41.557078,2026-04-21 23:59:42.011120,0 days 00:00:00.454042,3.8057461735200344,8.362250798436667,0.7888827461376482,COMPLETE
266,0.12138511746066244,2026-04-21 23:59:42.011158,2026-04-21 23:59:42.467841,0 days 00:00:00.456683,3.7645795496262737,8.672405357276341,0.8300620056320078,COMPLETE
267,0.12164013437374752,2026-04-21 23:59:42.467873,2026-04-21 23:59:42.923917,0 days 00:00:00.456044,4.050274374574656,8.782636097084028,0.8156820933869119,COMPLETE
268,0.1208945956630804,2026-04-21 23:59:42.923953,2026-04-21 23:59:43.383540,0 days 00:00:00.459587,3.666249801570728,8.5740287046306,0.8425895569250759,COMPLETE
269,0.12058783602163108,2026-04-21 23:59:43.383572,2026-04-21 23:59:43.837308,0 days 00:00:00.453736,4.6847782720997575,8.766127148738116,0.8464821239700623,COMPLETE
270,0.08778398764602646,2026-04-21 23:59:43.837342,2026-04-21 23:59:44.284317,0 days 00:00:00.446975,8.491342612833993,8.920553770367388,0.827678885510456,COMPLETE
271,0.12056500987701689,2026-04-21 23:59:44.284351,2026-04-21 23:59:44.751970,0 days 00:00:00.467619,4.157507131862176,7.966562733283147,0.84685302586217,COMPLETE
272,0.11789896986587735,2026-04-21 23:59:44.752005,2026-04-21 23:59:45.212290,0 days 00:00:00.460285,4.385746464600222,8.405723135311202,0.26500026110224084,COMPLETE
273,0.1213730264553549,2026-04-21 23:59:45.212323,2026-04-21 23:59:45.663907,0 days 00:00:00.451584,3.8492942208127827,8.881082532262372,0.8647377454619772,COMPLETE
274,0.11870882361035683,2026-04-21 23:59:45.663942,2026-04-21 23:59:46.120135,0 days 00:00:00.456193,5.45014820966556,9.00808550303036,0.7960501724115827,COMPLETE
275,0.12130561723498406,2026-04-21 23:59:46.120167,2026-04-21 23:59:46.580235,0 days 00:00:00.460068,3.621325952488192,8.551375835904622,0.814961197669297,COMPLETE
276,0.12126329659787449,2026-04-21 23:59:46.580268,2026-04-21 23:59:47.036991,0 days 00:00:00.456723,3.4793413126859942,8.673845077799132,0.7343236563569326,COMPLETE
277,0.12129059006061539,2026-04-21 23:59:47.037024,2026-04-21 23:59:47.494928,0 days 00:00:00.457904,2.367187878280253,9.16774378830379,0.8574804262195977,COMPLETE
278,0.12131290433633458,2026-04-21 23:59:47.494960,2026-04-21 23:59:47.948269,0 days 00:00:00.453309,3.9643136275309185,9.021364352849371,0.831958595279586,COMPLETE
279,0.12051688522721374,2026-04-21 23:59:47.948301,2026-04-21 23:59:48.408390,0 days 00:00:00.460089,3.414824701596171,8.804005925305917,0.8704693114034161,COMPLETE
280,0.12085218796624685,2026-04-21 23:59:48.408427,2026-04-21 23:59:48.857346,0 days 00:00:00.448919,3.716001438351904,9.360997531350767,0.9952376289020834,COMPLETE
281,0.12143741351186003,2026-04-21 23:59:48.857380,2026-04-21 23:59:49.309652,0 days 00:00:00.452272,3.244272928486748,9.211322359995032,0.7675048718436175,COMPLETE
282,0.12177221152202998,2026-04-21 23:59:49.309684,2026-04-21 23:59:49.761234,0 days 00:00:00.451550,2.545939635235905,8.979786594120164,0.8440727824476804,COMPLETE
283,0.12186609790988738,2026-04-21 23:59:49.761266,2026-04-21 23:59:50.213001,0 days 00:00:00.451735,2.8419251960640284,9.604448115943141,0.8694438195014498,COMPLETE
284,0.12160900106775574,2026-04-21 23:59:50.213034,2026-04-21 23:59:50.666596,0 days 00:00:00.453562,2.8489518383569363,9.657198502155646,0.8729106136335943,COMPLETE
285,0.12136140113769428,2026-04-21 23:59:50.666629,2026-04-21 23:59:51.117621,0 days 00:00:00.450992,2.664763701577731,9.501067620309653,0.895249737763677,COMPLETE
286,0.12056504146823491,2026-04-21 23:59:51.117653,2026-04-21 23:59:51.574103,0 days 00:00:00.456450,2.3311586215365323,9.712231102391419,0.882104563888787,COMPLETE
287,0.12070241248287071,2026-04-21 23:59:51.574137,2026-04-21 23:59:52.022674,0 days 00:00:00.448537,2.953726372226275,9.426445982614467,0.857538811834613,COMPLETE
288,0.12119976241873774,2026-04-21 23:59:52.022706,2026-04-21 23:59:52.476903,0 days 00:00:00.454197,3.205021439123823,9.185981143473038,0.9039527260898172,COMPLETE
289,0.11812393072057914,2026-04-21 23:59:52.476950,2026-04-21 23:59:52.928063,0 days 00:00:00.451113,1.995496742412617,5.853156195756348,0.8646467463684416,COMPLETE
290,0.12125206913180953,2026-04-21 23:59:52.928096,2026-04-21 23:59:53.387602,0 days 00:00:00.459506,2.763540807618394,9.741650603984711,0.9113148652028544,COMPLETE
291,0.12160244752950074,2026-04-21 23:59:53.387635,2026-04-21 23:59:53.838858,0 days 00:00:00.451223,2.5126208097956755,9.532714331419891,0.9750877510658336,COMPLETE
292,0.12081219352505859,2026-04-21 23:59:53.838891,2026-04-21 23:59:54.293006,0 days 00:00:00.454115,3.042274154161953,9.293494808982453,0.8747515288448073,COMPLETE
293,0.12098966720149679,2026-04-21 23:59:54.293040,2026-04-21 23:59:54.751376,0 days 00:00:00.458336,3.3848495550440307,9.83994893173866,0.8456453051884574,COMPLETE
294,0.1213198868832612,2026-04-21 23:59:54.751410,2026-04-21 23:59:55.226801,0 days 00:00:00.475391,2.8339640796096006,9.103683878452129,0.9238797332585658,COMPLETE
295,0.1220273017541082,2026-04-21 23:59:55.226834,2026-04-21 23:59:55.683877,0 days 00:00:00.457043,3.231034149311251,9.57641790213576,0.8894874866827889,COMPLETE
296,0.1219210468994153,2026-04-21 23:59:55.683928,2026-04-21 23:59:56.141553,0 days 00:00:00.457625,3.541157334661377,8.91552818207136,0.8983924258529238,COMPLETE
297,0.12141565218897367,2026-04-21 23:59:56.141586,2026-04-21 23:59:56.590013,0 days 00:00:00.448427,3.5233957257064623,8.944132191943442,0.9012965399388781,COMPLETE
298,0.12115312964491241,2026-04-21 23:59:56.590045,2026-04-21 23:59:57.055906,0 days 00:00:00.465861,3.5781221874011937,8.829739623783544,0.9545829828883369,COMPLETE
299,0.12161149945789371,2026-04-21 23:59:57.055938,2026-04-21 23:59:57.508063,0 days 00:00:00.452125,3.2925310180675984,9.253476287132667,0.9214017671498762,COMPLETE
300,0.12042717958332985,2026-04-21 23:59:57.508100,2026-04-21 23:59:57.957797,0 days 00:00:00.449697,3.417130462580052,6.898784989105549,0.889306164285913,COMPLETE
301,0.12103601103485803,2026-04-21 23:59:57.957831,2026-04-21 23:59:58.415590,0 days 00:00:00.457759,3.1840508891086414,9.09288335210358,0.941836708628984,COMPLETE
302,0.0983703812940254,2026-04-21 23:59:58.415622,2026-04-21 23:59:58.868718,0 days 00:00:00.453096,7.3855040283477305,8.375416975229554,0.8908812474596481,COMPLETE
303,0.12153344693226448,2026-04-21 23:59:58.868751,2026-04-21 23:59:59.335516,0 days 00:00:00.466765,4.075451202785639,8.737720374794288,0.9195441263172444,COMPLETE
304,0.12136025672723023,2026-04-21 23:59:59.335548,2026-04-21 23:59:59.787826,0 days 00:00:00.452278,3.526915722473968,9.357855638843708,0.9839094706774304,COMPLETE
305,0.1222170936514629,2026-04-21 23:59:59.787860,2026-04-22 00:00:00.241332,0 days 00:00:00.453472,3.71325308604127,8.952780851179858,0.9040906586669268,COMPLETE
306,0.12221212946193788,2026-04-22 00:00:00.241365,2026-04-22 00:00:00.697031,0 days 00:00:00.455666,3.784418631704708,8.946101954639836,0.9067020916621324,COMPLETE
307,0.12124229725614181,2026-04-22 00:00:00.697065,2026-04-22 00:00:01.149625,0 days 00:00:00.452560,4.176669973245691,8.533796560994405,0.937282595450903,COMPLETE
308,0.11534803991831048,2026-04-22 00:00:01.149656,2026-04-22 00:00:01.594168,0 days 00:00:00.444512,5.935700227438417,8.888796116107779,0.9098367576735161,COMPLETE
309,0.12158297171502634,2026-04-22 00:00:01.594199,2026-04-22 00:00:02.046137,0 days 00:00:00.451938,3.7964273794490184,8.928143558404594,0.9591252772777731,COMPLETE
310,0.12113749094804625,2026-04-22 00:00:02.046171,2026-04-22 00:00:02.505703,0 days 00:00:00.459532,3.775956618796172,8.663332356832832,0.9075615141003293,COMPLETE
311,0.12164752009012247,2026-04-22 00:00:02.505738,2026-04-22 00:00:02.989978,0 days 00:00:00.484240,3.652847880583525,9.091868922927322,0.9299734987666006,COMPLETE
312,0.12163754723684013,2026-04-22 00:00:02.990014,2026-04-22 00:00:03.462588,0 days 00:00:00.472574,3.8485118195504153,8.85773062742239,0.8956695490772586,COMPLETE
313,0.11265292200816253,2026-04-22 00:00:03.462621,2026-04-22 00:00:03.928057,0 days 00:00:00.465436,4.031903826241785,4.132597515436138,0.8801639598292468,COMPLETE
314,0.10355507402385158,2026-04-22 00:00:03.928090,2026-04-22 00:00:04.373771,0 days 00:00:00.445681,4.457532499866972,2.8890359476437633,0.949291729862944,COMPLETE
315,0.12144542274061434,2026-04-22 00:00:04.373803,2026-04-22 00:00:04.832725,0 days 00:00:00.458922,2.5414194937494883,9.037957918818538,0.9183914755472499,COMPLETE
316,0.1196453795206568,2026-04-22 00:00:04.832759,2026-04-22 00:00:05.290820,0 days 00:00:00.458061,2.2481680620486335,8.26345535528749,0.8943281718602234,COMPLETE
317,0.12109276348116806,2026-04-22 00:00:05.290854,2026-04-22 00:00:05.758686,0 days 00:00:00.467832,3.3240962744095075,8.516541367822613,0.8527113683262524,COMPLETE
318,0.12091800321308771,2026-04-22 00:00:05.758720,2026-04-22 00:00:06.211888,0 days 00:00:00.453168,2.637594623474608,8.779824972379465,0.9677300979998177,COMPLETE
319,0.12179144997197018,2026-04-22 00:00:06.211920,2026-04-22 00:00:06.659209,0 days 00:00:00.447289,3.5866871804568405,9.239817164180959,0.9252696431373301,COMPLETE
320,0.12031707377409656,2026-04-22 00:00:06.659241,2026-04-22 00:00:07.114737,0 days 00:00:00.455496,5.099866866261415,9.056658383095924,0.9424160883436558,COMPLETE
321,0.12123552634827565,2026-04-22 00:00:07.114771,2026-04-22 00:00:07.575542,0 days 00:00:00.460771,2.9478532086354154,8.689067352213765,0.8831912741028323,COMPLETE
322,0.11728336259536674,2026-04-22 00:00:07.575576,2026-04-22 00:00:08.022444,0 days 00:00:00.446868,3.9079036754853687,5.24562258026888,0.8625375669542975,COMPLETE
323,0.1207381767491453,2026-04-22 00:00:08.022475,2026-04-22 00:00:08.478827,0 days 00:00:00.456352,2.7058906315919087,9.228459225425151,0.9050517308706547,COMPLETE
324,0.1207965285302269,2026-04-22 00:00:08.478860,2026-04-22 00:00:08.934881,0 days 00:00:00.456021,3.2732721380609067,8.942574089378894,0.9894251672112634,COMPLETE
325,0.1219223077373703,2026-04-22 00:00:08.934914,2026-04-22 00:00:09.392884,0 days 00:00:00.457970,2.3974813955343346,9.3097962149351,0.8832353267157029,COMPLETE
326,0.12189745424936467,2026-04-22 00:00:09.392918,2026-04-22 00:00:09.851406,0 days 00:00:00.458488,2.3667310479143415,9.162465095692946,0.8832765431162509,COMPLETE
327,0.12066274190044776,2026-04-22 00:00:09.851438,2026-04-22 00:00:10.302720,0 days 00:00:00.451282,2.0794426401876347,8.504970180819834,0.844705802684254,COMPLETE
328,0.12076318243077028,2026-04-22 00:00:10.302753,2026-04-22 00:00:10.753529,0 days 00:00:00.450776,1.8347741073782105,8.782281427063475,0.8684972021874993,COMPLETE
329,0.12041194422434282,2026-04-22 00:00:10.753570,2026-04-22 00:00:11.204712,0 days 00:00:00.451142,2.226564457163825,8.131014959184046,0.9010743690636966,COMPLETE
330,0.12095349651730042,2026-04-22 00:00:11.204744,2026-04-22 00:00:11.664243,0 days 00:00:00.459499,2.3706030423922777,8.944885042995297,0.9150319420520054,COMPLETE
331,0.12063302903347203,2026-04-22 00:00:11.664276,2026-04-22 00:00:12.113880,0 days 00:00:00.449604,2.558544932435404,9.392593466555201,0.856792062354055,COMPLETE
332,0.12151494676360508,2026-04-22 00:00:12.113912,2026-04-22 00:00:12.574049,0 days 00:00:00.460137,2.671715271448145,9.208305550139942,0.888838458263403,COMPLETE
333,0.12121269884343748,2026-04-22 00:00:12.574081,2026-04-22 00:00:12.422590,-1 days +23:59:59.848509,2.9795608654344075,8.653328884536071,0.8682321275287421,COMPLETE
334,0.08422733447990251,2026-04-22 00:00:12.422622,2026-04-22 00:00:12.869199,0 days 00:00:00.446577,2.456753602909676,0.9591185963647231,0.9255034038607638,COMPLETE
335,0.12148064673086852,2026-04-22 00:00:12.869231,2026-04-22 00:00:13.329501,0 days 00:00:00.460270,4.038398311484034,9.025007982190179,0.8333976842828079,COMPLETE
336,0.12123185613562337,2026-04-22 00:00:13.329533,2026-04-22 00:00:13.785827,0 days 00:00:00.456294,3.707261295181497,9.549379576234271,0.8993253538416278,COMPLETE
337,0.12028143959113649,2026-04-22 00:00:13.785860,2026-04-22 00:00:14.238081,0 days 00:00:00.452221,1.4637330060849574,9.326830126874182,0.8808246631080378,COMPLETE
338,0.1207853970253505,2026-04-22 00:00:14.238113,2026-04-22 00:00:14.690439,0 days 00:00:00.452326,4.28791398271993,8.839945157453775,0.8106299101516423,COMPLETE
339,0.12165184838917982,2026-04-22 00:00:14.690471,2026-04-22 00:00:15.162206,0 days 00:00:00.471735,2.7837872635366616,9.063430806444943,0.9362316591144151,COMPLETE
340,0.1207563614463367,2026-04-22 00:00:15.162242,2026-04-22 00:00:15.613338,0 days 00:00:00.451096,3.051802592540364,8.395693489412395,0.8559550397841873,COMPLETE
341,0.12118813422612991,2026-04-22 00:00:15.613370,2026-04-22 00:00:16.063181,0 days 00:00:00.449811,3.526902282082104,9.637108143795897,0.9104931748778212,COMPLETE
342,0.12122063447606186,2026-04-22 00:00:16.063215,2026-04-22 00:00:16.521811,0 days 00:00:00.458596,2.128774101447696,9.343590046294814,0.8416313800466846,COMPLETE
343,0.12134803697437441,2026-04-22 00:00:16.521845,2026-04-22 00:00:16.971674,0 days 00:00:00.449829,2.896269444605208,8.745155479930977,0.8790661103170658,COMPLETE
344,0.12142870635938754,2026-04-22 00:00:16.971706,2026-04-22 00:00:17.453672,0 days 00:00:00.481966,2.4793684500507704,9.16365391045058,0.9346024009215002,COMPLETE
345,0.1217425084716783,2026-04-22 00:00:17.453709,2026-04-22 00:00:17.907449,0 days 00:00:00.453740,3.1388145385498354,9.5310692435792,0.8938299411464115,COMPLETE
346,0.12196013984015316,2026-04-22 00:00:17.907483,2026-04-22 00:00:18.357282,0 days 00:00:00.449799,2.6668421910031297,8.942984174750169,0.8648008253980551,COMPLETE
347,0.11857509267781667,2026-04-22 00:00:18.357314,2026-04-22 00:00:18.806503,0 days 00:00:00.449189,3.455380694248538,6.324844565923531,0.910751788474483,COMPLETE
348,0.12100119600028135,2026-04-22 00:00:18.806534,2026-04-22 00:00:19.260662,0 days 00:00:00.454128,3.7849756548979743,8.596145069140768,0.8691503825096042,COMPLETE
349,0.12204557385898457,2026-04-22 00:00:19.260697,2026-04-22 00:00:19.707720,0 days 00:00:00.447023,2.6700242400322596,9.773736279301179,0.9503922784109011,COMPLETE
350,0.12084475197302894,2026-04-22 00:00:19.707752,2026-04-22 00:00:20.150828,0 days 00:00:00.443076,2.655909618848107,7.477560161860851,0.9637671495356895,COMPLETE
351,0.12071627538564199,2026-04-22 00:00:20.150860,2026-04-22 00:00:20.600144,0 days 00:00:00.449284,2.236675159243468,9.729048839513897,0.948568771635262,COMPLETE
352,0.07976197614045641,2026-04-22 00:00:20.600177,2026-04-22 00:00:21.047655,0 days 00:00:00.447478,9.964606624765267,9.868343576516876,0.9330551937913579,COMPLETE
353,0.12147637668474572,2026-04-22 00:00:21.047688,2026-04-22 00:00:21.492932,0 days 00:00:00.445244,2.436662581658535,9.787525179618804,0.9483612515678777,COMPLETE
354,0.12175095260267069,2026-04-22 00:00:21.492967,2026-04-22 00:00:21.939888,0 days 00:00:00.446921,3.975458513682571,9.471525670389282,0.9169285406142957,COMPLETE
355,0.12157974107390804,2026-04-22 00:00:21.939922,2026-04-22 00:00:22.393713,0 days 00:00:00.453791,2.776800008455179,9.328541545577181,0.9553115805116885,COMPLETE
356,0.12155614274786515,2026-04-22 00:00:22.393759,2026-04-22 00:00:22.851608,0 days 00:00:00.457849,3.672979015786116,9.609049509276216,0.9246923771269218,COMPLETE
357,0.12197303036826125,2026-04-22 00:00:22.851641,2026-04-22 00:00:23.310565,0 days 00:00:00.458924,3.32757913560424,9.26006122154025,0.5931481387509314,COMPLETE
358,0.12167233954439827,2026-04-22 00:00:23.310604,2026-04-22 00:00:23.772848,0 days 00:00:00.462244,3.351024666419743,9.185138521411131,0.891238292019581,COMPLETE
359,0.12166381790145046,2026-04-22 00:00:23.772882,2026-04-22 00:00:24.232399,0 days 00:00:00.459517,3.460073384135062,8.959030919599495,0.6938288275015851,COMPLETE
360,0.12136638407119255,2026-04-22 00:00:24.232433,2026-04-22 00:00:24.687131,0 days 00:00:00.454698,3.7099467679871223,9.356297826185088,0.5850798385882543,COMPLETE
361,0.12121269426691718,2026-04-22 00:00:24.687166,2026-04-22 00:00:25.138076,0 days 00:00:00.450910,3.203039850216819,9.144360183117538,0.8317056278872453,COMPLETE
362,0.11986586118936196,2026-04-22 00:00:25.138111,2026-04-22 00:00:25.610171,0 days 00:00:00.472060,4.094387329005497,8.935703645677354,0.3874018842107872,COMPLETE
363,0.12128979884916732,2026-04-22 00:00:25.610204,2026-04-22 00:00:26.062675,0 days 00:00:00.452471,3.557902689366202,9.410095404840899,0.7845225151825332,COMPLETE
364,0.12169061978320982,2026-04-22 00:00:26.062709,2026-04-22 00:00:26.522812,0 days 00:00:00.460103,3.0493379611120206,9.167983707852086,0.8055538655628582,COMPLETE
365,0.1209909464766349,2026-04-22 00:00:26.522847,2026-04-22 00:00:26.979820,0 days 00:00:00.456973,1.975488154790191,8.847074074038819,0.8985966240826001,COMPLETE
366,0.12148388588752601,2026-04-22 00:00:26.979854,2026-04-22 00:00:27.450749,0 days 00:00:00.470895,3.9230548736045465,9.562800378594197,0.8494612526477865,COMPLETE
367,0.12132884131691757,2026-04-22 00:00:27.450783,2026-04-22 00:00:27.906683,0 days 00:00:00.455900,2.569868430323673,9.299637669170513,0.8775574019154332,COMPLETE
368,0.12068400904624967,2026-04-22 00:00:27.906717,2026-04-22 00:00:28.367535,0 days 00:00:00.460818,3.264625732777208,9.005188819183015,0.3234801580017219,COMPLETE
369,0.12107281835399314,2026-04-22 00:00:28.367568,2026-04-22 00:00:28.822006,0 days 00:00:00.454438,2.8434353950322007,9.73666487114591,0.9046497814562141,COMPLETE
370,0.12101951920979893,2026-04-22 00:00:28.822039,2026-04-22 00:00:29.273323,0 days 00:00:00.451284,2.3940149807804674,9.450559409920492,0.8596155932185942,COMPLETE
371,0.12037364149994313,2026-04-22 00:00:29.273356,2026-04-22 00:00:29.728992,0 days 00:00:00.455636,3.432948080052484,9.126082161374828,0.45317479107205716,COMPLETE
372,0.12155823410252267,2026-04-22 00:00:29.729024,2026-04-22 00:00:30.181405,0 days 00:00:00.452381,3.6846316232643836,8.765679491137256,0.9183716361996666,COMPLETE
373,0.12065527796449305,2026-04-22 00:00:30.181438,2026-04-22 00:00:30.626802,0 days 00:00:00.445364,4.6800504455381615,9.266995836039488,0.8229516677753737,COMPLETE
374,0.11898145956617993,2026-04-22 00:00:30.626835,2026-04-22 00:00:31.085466,0 days 00:00:00.458631,3.147576024899624,9.630113525068703,0.20037037181989653,COMPLETE
375,0.12170978313554315,2026-04-22 00:00:31.085499,2026-04-22 00:00:31.544333,0 days 00:00:00.458834,4.23235124817937,9.862760457823969,0.8837953177406263,COMPLETE
376,0.1207432925816113,2026-04-22 00:00:31.544365,2026-04-22 00:00:31.991601,0 days 00:00:00.447236,2.659787041894109,8.916852502143,0.6557476059513824,COMPLETE
377,0.12135399354704986,2026-04-22 00:00:31.991634,2026-04-22 00:00:32.461124,0 days 00:00:00.469490,2.9983918061254897,9.480370718782817,0.8490515830525033,COMPLETE
378,0.12235867135788475,2026-04-22 00:00:32.461157,2026-04-22 00:00:32.923819,0 days 00:00:00.462662,3.908291188076724,9.019705711157359,0.9298839652875477,COMPLETE
379,0.12091962151508932,2026-04-22 00:00:32.923851,2026-04-22 00:00:33.385735,0 days 00:00:00.461884,3.940040250925424,8.58882641290185,0.9295380796047995,COMPLETE
380,0.09877263535333125,2026-04-22 00:00:33.385773,2026-04-22 00:00:33.853428,0 days 00:00:00.467655,3.8676718065154705,2.1656824284957277,0.9442682172053943,COMPLETE
381,0.12113770206824197,2026-04-22 00:00:33.853463,2026-04-22 00:00:34.307517,0 days 00:00:00.454054,3.6570647847134117,8.758359617247075,0.9061056989116474,COMPLETE
382,0.12119973597477206,2026-04-22 00:00:34.307551,2026-04-22 00:00:34.763806,0 days 00:00:00.456255,4.246516040950885,9.011116143872188,0.9704891029161609,COMPLETE
383,0.12142741137551859,2026-04-22 00:00:34.763838,2026-04-22 00:00:35.223506,0 days 00:00:00.459668,3.4542058322398597,9.061014034069867,0.9295074777792453,COMPLETE
384,0.121081447637356,2026-04-22 00:00:35.223540,2026-04-22 00:00:35.688340,0 days 00:00:00.464800,3.8325063767640914,8.800625696537692,0.9110200353569238,COMPLETE
385,0.12006730465768914,2026-04-22 00:00:35.688383,2026-04-22 00:00:36.151377,0 days 00:00:00.462994,4.072935011955654,9.210201227260276,0.747554701646289,COMPLETE
386,0.12055849787111018,2026-04-22 00:00:36.151411,2026-04-22 00:00:36.610751,0 days 00:00:00.459340,3.640461820843124,7.795447459277484,0.5670906648951456,COMPLETE
387,0.12202224031405948,2026-04-22 00:00:36.610785,2026-04-22 00:00:37.071631,0 days 00:00:00.460846,3.2856940401131416,8.947619958007547,0.6136032112170832,COMPLETE
388,0.12120108372632672,2026-04-22 00:00:37.071663,2026-04-22 00:00:37.547850,0 days 00:00:00.476187,3.292074825377227,9.240554370562512,0.510525459775536,COMPLETE
389,0.12005132149453353,2026-04-22 00:00:37.547885,2026-04-22 00:00:38.001251,0 days 00:00:00.453366,2.1750258169677243,8.414774325415927,0.6325587264461525,COMPLETE
390,0.12053682989113784,2026-04-22 00:00:38.001284,2026-04-22 00:00:38.450200,0 days 00:00:00.448916,4.484247253043286,8.683372355739115,0.6992078536017743,COMPLETE
391,0.12108104682432609,2026-04-22 00:00:38.450233,2026-04-22 00:00:38.915837,0 days 00:00:00.465604,3.3277003303309747,9.090090238078036,0.5985628796646726,COMPLETE
392,0.12107854804985979,2026-04-22 00:00:38.915871,2026-04-22 00:00:39.379732,0 days 00:00:00.463861,2.959093074185937,9.393559708299916,0.6147404280873104,COMPLETE
393,0.12171737772318937,2026-04-22 00:00:39.379766,2026-04-22 00:00:39.836189,0 days 00:00:00.456423,2.562411204325835,8.92222872801885,0.9513740304646064,COMPLETE
394,0.1204052756500903,2026-04-22 00:00:39.836220,2026-04-22 00:00:40.280573,0 days 00:00:00.444353,3.1285982873706946,9.106880712631837,0.6786043720701742,COMPLETE
395,0.09565013737169815,2026-04-22 00:00:40.280605,2026-04-22 00:00:40.725762,0 days 00:00:00.445157,2.8418672471653377,1.7468381520928569,0.8811824148341015,COMPLETE
