number,value,datetime_start,datetime_complete,duration,params_alpha,params_beta,params_decay_factor,state
396,0.08425385673412038,2026-04-22 00:42:50.285400,2026-04-22 00:42:50.698787,0 days 00:00:00.413387,3.7445672936088363,9.9969258314514,0.5258239971911332,COMPLETE
397,0.0840890495237326,2026-04-22 00:42:50.698821,2026-04-22 00:42:51.114887,0 days 00:00:00.416066,3.5891128728882378,8.866141713657964,0.44806768177233963,COMPLETE
398,0.08553274679313724,2026-04-22 00:42:51.114919,2026-04-22 00:42:51.525688,0 days 00:00:00.410769,3.814234835722999,9.112155675689067,0.4652147968300213,COMPLETE
399,0.08528033118510878,2026-04-22 00:42:51.525721,2026-04-22 00:42:51.950902,0 days 00:00:00.425181,3.254664974644567,9.587447553026744,0.5035225077901221,COMPLETE
400,0.08536792046037268,2026-04-22 00:42:51.950935,2026-04-22 00:42:52.370807,0 days 00:00:00.419872,1.3193573542078765,9.321988520639321,0.48920942476253026,COMPLETE
401,0.08325319990627691,2026-04-22 00:42:52.370839,2026-04-22 00:42:52.785030,0 days 00:00:00.414191,4.616717462084067,8.642373951122133,0.5539482559013045,COMPLETE
402,0.0848073757599493,2026-04-22 00:42:52.785063,2026-04-22 00:42:53.198826,0 days 00:00:00.413763,4.199985300146841,8.909490670137732,0.5230666329127434,COMPLETE
403,0.08510734217981734,2026-04-22 00:42:53.198857,2026-04-22 00:42:53.609351,0 days 00:00:00.410494,3.463059721079332,9.198442554007729,0.4697430036076972,COMPLETE
404,0.08454650438029272,2026-04-22 00:42:53.609382,2026-04-22 00:42:54.018192,0 days 00:00:00.408810,3.9264352561402176,9.501818612616535,0.5035173881568927,COMPLETE
405,0.08474522416919779,2026-04-22 00:42:54.018223,2026-04-22 00:42:54.430354,0 days 00:00:00.412131,3.660031242652816,9.729497130029968,0.43220671789486415,COMPLETE
406,0.0843491599642784,2026-04-22 00:42:54.430387,2026-04-22 00:42:54.836462,0 days 00:00:00.406075,3.1463736637772453,9.106450234430413,0.5370561445610209,COMPLETE
407,0.07801197579104494,2026-04-22 00:42:54.836496,2026-04-22 00:42:55.258450,0 days 00:00:00.421954,3.398465171180427,8.829290582811714,0.1088819326387056,COMPLETE
408,0.08390960154880868,2026-04-22 00:42:55.258485,2026-04-22 00:42:55.699566,0 days 00:00:00.441081,4.054155366601432,8.532094217661102,0.48286982736754397,COMPLETE
409,0.07434667872580138,2026-04-22 00:42:55.699597,2026-04-22 00:42:56.111368,0 days 00:00:00.411771,3.7380131186934618,3.2315625749243653,0.45458930762998495,COMPLETE
410,0.08538291483694506,2026-04-22 00:42:56.111400,2026-04-22 00:42:56.524899,0 days 00:00:00.413499,3.0493096079116193,9.403054439970921,0.5132851885719031,COMPLETE
411,0.08526109451152698,2026-04-22 00:42:56.524935,2026-04-22 00:42:56.936167,0 days 00:00:00.411232,3.5201013217940043,9.022724887164625,0.4944894927671985,COMPLETE
412,0.0850887990103345,2026-04-22 00:42:56.936198,2026-04-22 00:42:57.347825,0 days 00:00:00.411627,3.636252911098862,9.288415524449292,0.4664327130984079,COMPLETE
413,0.060759332924674725,2026-04-22 00:42:57.347857,2026-04-22 00:42:57.749345,0 days 00:00:00.401488,4.4425323129717444,1.468706238218501,0.5297228802707294,COMPLETE
414,0.08434849656058988,2026-04-22 00:42:57.749378,2026-04-22 00:42:58.153892,0 days 00:00:00.404514,3.8734776626021263,9.63624927281163,0.5539504955492304,COMPLETE
415,0.08483031364688563,2026-04-22 00:42:58.153924,2026-04-22 00:42:58.559584,0 days 00:00:00.405660,3.2906844848761416,8.829518987828722,0.5056998884216917,COMPLETE
416,0.07415064744667396,2026-04-22 00:42:58.559617,2026-04-22 00:42:58.963226,0 days 00:00:00.403609,6.0202313117444755,9.235718996629334,0.4020392345901616,COMPLETE
417,0.08540938258687081,2026-04-22 00:42:58.963260,2026-04-22 00:42:59.374651,0 days 00:00:00.411391,3.3881792262736923,9.48522940795695,0.4800122111776571,COMPLETE
418,0.08386229870379576,2026-04-22 00:42:59.374684,2026-04-22 00:42:59.779805,0 days 00:00:00.405121,1.8082780095695319,8.691593767329266,0.44431398149328605,COMPLETE
419,0.08404680916636822,2026-04-22 00:42:59.779838,2026-04-22 00:43:00.192144,0 days 00:00:00.412306,2.913534632347449,9.024967116954663,0.5940484373936236,COMPLETE
420,0.08367042842135507,2026-04-22 00:43:00.192176,2026-04-22 00:43:00.613289,0 days 00:00:00.421113,4.258544736035957,8.38546441782715,0.5211745401027063,COMPLETE
421,0.08545719815677079,2026-04-22 00:43:00.613322,2026-04-22 00:43:01.023464,0 days 00:00:00.410142,3.8603163066776673,9.807034625151537,0.49057173115983227,COMPLETE
422,0.08555038282771713,2026-04-22 00:43:01.023496,2026-04-22 00:43:01.439190,0 days 00:00:00.415694,3.228957256641422,9.32935422576738,0.46770159321114124,COMPLETE
423,0.08559267735092171,2026-04-22 00:43:01.439236,2026-04-22 00:43:01.853444,0 days 00:00:00.414208,3.571401930848334,9.04212025658521,0.5104398356400105,COMPLETE
424,0.08341088138128892,2026-04-22 00:43:01.853480,2026-04-22 00:43:02.271895,0 days 00:00:00.418415,4.080288378693913,9.606395649295564,0.5396699329181707,COMPLETE
425,0.08438166548954729,2026-04-22 00:43:02.271928,2026-04-22 00:43:02.680841,0 days 00:00:00.408913,3.7237760464372127,9.191019293318089,0.4468030876038652,COMPLETE
426,0.07945289002157847,2026-04-22 00:43:02.680873,2026-04-22 00:43:03.092203,0 days 00:00:00.411330,3.429031062877808,4.730843162411223,0.48178434379919804,COMPLETE
427,0.0839274045811095,2026-04-22 00:43:03.092236,2026-04-22 00:43:03.502796,0 days 00:00:00.410560,3.0399657559209805,8.802927376719897,0.5702454642739683,COMPLETE
428,0.08395145028737797,2026-04-22 00:43:03.502832,2026-04-22 00:43:03.912926,0 days 00:00:00.410094,3.9214794804710364,9.412419251662998,0.4161139266162536,COMPLETE
429,0.08493577263686546,2026-04-22 00:43:03.912958,2026-04-22 00:43:04.329499,0 days 00:00:00.416541,3.563736023659724,8.971066664954416,0.4981829702152942,COMPLETE
430,0.08398837418955504,2026-04-22 00:43:04.329531,2026-04-22 00:43:04.744471,0 days 00:00:00.414940,2.1436516589828836,8.587582163274542,0.4689244755212058,COMPLETE
431,0.0832744592705907,2026-04-22 00:43:04.744504,2026-04-22 00:43:05.154385,0 days 00:00:00.409881,3.282824479682645,6.556699332615608,0.5243452954623092,COMPLETE
432,0.08170637915886227,2026-04-22 00:43:05.154418,2026-04-22 00:43:05.556449,0 days 00:00:00.402031,3.7703418252571654,5.996542938894884,0.5473174032958212,COMPLETE
433,0.06995021545810919,2026-04-22 00:43:05.556483,2026-04-22 00:43:05.969590,0 days 00:00:00.413107,4.068893649835705,2.45345314147127,0.4988231803764495,COMPLETE
434,0.08567218120672082,2026-04-22 00:43:05.969623,2026-04-22 00:43:06.384890,0 days 00:00:00.415267,3.461573262697508,9.827373356537073,0.4506126025225957,COMPLETE
435,0.0843631737182069,2026-04-22 00:43:06.384923,2026-04-22 00:43:06.788568,0 days 00:00:00.403645,2.8433976964717362,9.231653829408225,0.44658611467616105,COMPLETE
436,0.08532243709042668,2026-04-22 00:43:06.788601,2026-04-22 00:43:07.194599,0 days 00:00:00.405998,3.179644744529249,9.912697232647814,0.43442963060442447,COMPLETE
437,0.08502429739971491,2026-04-22 00:43:07.194632,2026-04-22 00:43:07.602175,0 days 00:00:00.407543,3.43450061201909,9.503524325607978,0.4563274488363654,COMPLETE
438,0.08402689836859266,2026-04-22 00:43:07.602209,2026-04-22 00:43:08.019812,0 days 00:00:00.417603,3.4710489902603934,8.7335098866259,0.42158620042714234,COMPLETE
439,0.08513137439938642,2026-04-22 00:43:08.019846,2026-04-22 00:43:08.430933,0 days 00:00:00.411087,3.044002671850274,9.029502401128948,0.5158178099427058,COMPLETE
440,0.08445206966141579,2026-04-22 00:43:08.430966,2026-04-22 00:43:08.836525,0 days 00:00:00.405559,1.6378568143117689,9.837442636815272,0.4846002723889525,COMPLETE
441,0.08390821281442021,2026-04-22 00:43:08.836559,2026-04-22 00:43:09.270412,0 days 00:00:00.433853,3.6196049898407807,9.344607009407637,0.5411777908996966,COMPLETE
442,0.08508674044101909,2026-04-22 00:43:09.270458,2026-04-22 00:43:09.695517,0 days 00:00:00.425059,3.29044779590597,9.132345420593223,0.5060228604529451,COMPLETE
443,0.08523699800509406,2026-04-22 00:43:09.695552,2026-04-22 00:43:10.110279,0 days 00:00:00.414727,3.667766168407892,8.929129134800228,0.5287311417882486,COMPLETE
444,0.08422213162544591,2026-04-22 00:43:10.110311,2026-04-22 00:43:10.529567,0 days 00:00:00.419256,3.356081798237326,9.587251448165734,0.46842675956796714,COMPLETE
445,0.08497202664460787,2026-04-22 00:43:10.529601,2026-04-22 00:43:10.953550,0 days 00:00:00.423949,3.1808429346341445,9.412422723349776,0.48537844777420336,COMPLETE
446,0.0861840084638468,2026-04-22 00:43:10.953583,2026-04-22 00:43:11.369870,0 days 00:00:00.416287,3.479804697063921,9.988015203139646,0.43501556376098377,COMPLETE
447,0.0858948928496082,2026-04-22 00:43:11.369940,2026-04-22 00:43:11.791417,0 days 00:00:00.421477,3.521879790272896,9.895050213562907,0.4373003254513101,COMPLETE
448,0.08433615688076204,2026-04-22 00:43:11.791451,2026-04-22 00:43:12.211690,0 days 00:00:00.420239,3.8028943149718457,9.928539335078387,0.3932377854129631,COMPLETE
449,0.08497741886103702,2026-04-22 00:43:12.211726,2026-04-22 00:43:12.627063,0 days 00:00:00.415337,3.60655454909483,9.876514977559676,0.3836480571387804,COMPLETE
450,0.08337630006141676,2026-04-22 00:43:12.627095,2026-04-22 00:43:13.038395,0 days 00:00:00.411300,0.8111046969723263,9.958250361101747,0.3355492802314963,COMPLETE
451,0.057075226107647196,2026-04-22 00:43:13.038427,2026-04-22 00:43:13.448151,0 days 00:00:00.409724,8.013133324469326,9.729066521702153,0.41059742704404023,COMPLETE
452,0.08594190438084737,2026-04-22 00:43:13.448188,2026-04-22 00:43:13.858691,0 days 00:00:00.410503,3.718963000895406,9.99343526032117,0.4329693510093834,COMPLETE
453,0.08197409529086021,2026-04-22 00:43:13.858726,2026-04-22 00:43:14.270676,0 days 00:00:00.411950,5.090541641787114,9.764997458858481,0.41962959069994,COMPLETE
454,0.08452275279059888,2026-04-22 00:43:14.270709,2026-04-22 00:43:14.697063,0 days 00:00:00.426354,3.842938502550784,9.941508486573316,0.3709308790197413,COMPLETE
455,0.08451467946684854,2026-04-22 00:43:14.697109,2026-04-22 00:43:15.125461,0 days 00:00:00.428352,3.4704731034363783,9.891810780805393,0.4036850673395194,COMPLETE
456,0.08428675626202635,2026-04-22 00:43:15.125496,2026-04-22 00:43:15.543561,0 days 00:00:00.418065,3.2994255869528835,9.986412406574917,0.42573969863080424,COMPLETE
457,0.08476242676069033,2026-04-22 00:43:15.543594,2026-04-22 00:43:15.958724,0 days 00:00:00.415130,3.635224686921875,9.713620732061683,0.4319196648880955,COMPLETE
458,0.08440171760832901,2026-04-22 00:43:15.958758,2026-04-22 00:43:16.378036,0 days 00:00:00.419278,3.8787643211977434,9.651809624636616,0.43957458718962483,COMPLETE
459,0.08471612235767877,2026-04-22 00:43:16.378069,2026-04-22 00:43:16.786520,0 days 00:00:00.408451,3.4726763966768353,9.99313993834432,0.4064465698811823,COMPLETE
460,0.08164108337496077,2026-04-22 00:43:16.786552,2026-04-22 00:43:17.201690,0 days 00:00:00.415138,4.808923076783167,8.229307960675557,0.45007129075455454,COMPLETE
461,0.08445595225308003,2026-04-22 00:43:17.201723,2026-04-22 00:43:17.612463,0 days 00:00:00.410740,3.736458735406516,9.617821612030863,0.4312398401643637,COMPLETE
462,0.08407003667187085,2026-04-22 00:43:17.612499,2026-04-22 00:43:18.032196,0 days 00:00:00.419697,3.1530183258724716,8.489840211379736,0.4565780900365466,COMPLETE
463,0.08519062612208549,2026-04-22 00:43:18.032228,2026-04-22 00:43:18.448387,0 days 00:00:00.416159,4.2235158466528935,8.702447707775786,0.4812184341790241,COMPLETE
464,0.0459544165186649,2026-04-22 00:43:18.448418,2026-04-22 00:43:18.851345,0 days 00:00:00.402927,9.381837312599972,9.719350909095812,0.30177691550153957,COMPLETE
465,0.08478184209771371,2026-04-22 00:43:18.851378,2026-04-22 00:43:19.256913,0 days 00:00:00.405535,3.3580823874089067,9.4913369170401,0.43607800183109235,COMPLETE
466,0.0841266302736334,2026-04-22 00:43:19.256944,2026-04-22 00:43:19.667012,0 days 00:00:00.410068,3.907214855547241,8.944743387888773,0.4995205124911036,COMPLETE
467,0.08295662106321597,2026-04-22 00:43:19.667046,2026-04-22 00:43:20.074839,0 days 00:00:00.407793,0.18942693135687372,9.965952652385752,0.4208812767135052,COMPLETE
468,0.08475263089658126,2026-04-22 00:43:20.074872,2026-04-22 00:43:20.491949,0 days 00:00:00.417077,3.5769151101439562,9.523838649229354,0.46090071308878655,COMPLETE
469,0.08501276338540774,2026-04-22 00:43:20.491982,2026-04-22 00:43:20.907959,0 days 00:00:00.415977,3.1531290758754538,8.772248456613841,0.5552225068591615,COMPLETE
470,0.08411801566207686,2026-04-22 00:43:20.907992,2026-04-22 00:43:21.339313,0 days 00:00:00.431321,1.495220107124712,9.146467492885197,0.49038932763144977,COMPLETE
471,0.08583206555097332,2026-04-22 00:43:21.339347,2026-04-22 00:43:21.751303,0 days 00:00:00.411956,3.7325711375859836,9.705892866816113,0.5091784589591425,COMPLETE
472,0.014366228234241054,2026-04-22 00:43:21.751337,2026-04-22 00:43:22.184143,0 days 00:00:00.432806,4.035805880890532,9.73377280683155,0.0012468327944051283,COMPLETE
473,0.08456322232321509,2026-04-22 00:43:22.184175,2026-04-22 00:43:21.877781,-1 days +23:59:59.693606,4.354190096413337,9.75151986567703,0.46511914487746636,COMPLETE
474,0.08472350362627404,2026-04-22 00:43:21.877813,2026-04-22 00:43:22.286594,0 days 00:00:00.408781,3.797544966069834,9.512998345530114,0.3659104695327882,COMPLETE
475,0.08301051681411087,2026-04-22 00:43:22.286625,2026-04-22 00:43:22.698274,0 days 00:00:00.411649,3.6422976621943994,9.99135121264026,0.2521101855110892,COMPLETE
476,0.08470658270360458,2026-04-22 00:43:22.698305,2026-04-22 00:43:23.106385,0 days 00:00:00.408080,3.939113037691995,9.633989933124386,0.4502912549779627,COMPLETE
477,0.08527415597077036,2026-04-22 00:43:23.106418,2026-04-22 00:43:23.512146,0 days 00:00:00.405728,4.12749052532066,9.40372062701866,0.5012494651836104,COMPLETE
478,0.08500044694782319,2026-04-22 00:43:23.512179,2026-04-22 00:43:23.931953,0 days 00:00:00.419774,3.6778096617298077,9.997330335164609,0.477306941789139,COMPLETE
479,0.08551343348102881,2026-04-22 00:43:23.931986,2026-04-22 00:43:24.349141,0 days 00:00:00.417155,3.49611166908073,9.571859300000149,0.5062946589631021,COMPLETE
480,0.08545652446243437,2026-04-22 00:43:24.349174,2026-04-22 00:43:24.764682,0 days 00:00:00.415508,3.8749345071885,9.733846223934973,0.4414673702383349,COMPLETE
481,0.07785698731758618,2026-04-22 00:43:24.764714,2026-04-22 00:43:25.172889,0 days 00:00:00.408175,3.4793187450924212,4.285368514997803,0.4800583779724302,COMPLETE
482,0.08275102757939887,2026-04-22 00:43:25.172922,2026-04-22 00:43:25.583694,0 days 00:00:00.410772,3.7614044617239695,9.294084973817103,0.9921283912150403,COMPLETE
483,0.08111149435478981,2026-04-22 00:43:25.583726,2026-04-22 00:43:26.004169,0 days 00:00:00.420443,3.9959086922212057,5.629225720609373,0.5339487747832522,COMPLETE
484,0.08411322101048666,2026-04-22 00:43:26.004202,2026-04-22 00:43:26.411870,0 days 00:00:00.407668,3.636675748442138,9.394122339864207,0.4152479839683348,COMPLETE
485,0.08185511894675532,2026-04-22 00:43:26.411902,2026-04-22 00:43:26.815081,0 days 00:00:00.403179,4.522354413777363,7.742507752549201,0.3941599983969185,COMPLETE
486,0.08427329244950364,2026-04-22 00:43:26.815113,2026-04-22 00:43:27.221160,0 days 00:00:00.406047,3.3850983594646364,9.79333048268803,0.5789330006183921,COMPLETE
487,0.08523958741975414,2026-04-22 00:43:27.221191,2026-04-22 00:43:27.631769,0 days 00:00:00.410578,4.147613058786391,9.184047215848391,0.5162241233855211,COMPLETE
488,0.08349578060045093,2026-04-22 00:43:27.631802,2026-04-22 00:43:28.050320,0 days 00:00:00.418518,3.0106646597711504,9.562876020567485,0.7428127735252283,COMPLETE
489,0.08517663430891806,2026-04-22 00:43:28.050353,2026-04-22 00:43:28.457630,0 days 00:00:00.407277,3.7928626439267408,9.300174847356566,0.4679720552568437,COMPLETE
490,0.08088140410711427,2026-04-22 00:43:28.457664,2026-04-22 00:43:28.867798,0 days 00:00:00.410134,5.44365112529896,9.069008627477691,0.4916901184859461,COMPLETE
491,0.08516173912069983,2026-04-22 00:43:28.867831,2026-04-22 00:43:29.275191,0 days 00:00:00.407360,3.5299116002131576,9.62632105653835,0.4526842537784257,COMPLETE
492,0.08522728099584945,2026-04-22 00:43:29.275224,2026-04-22 00:43:29.682947,0 days 00:00:00.407723,3.2856285344971377,9.440623153613629,0.5085385852410432,COMPLETE
493,0.08411355511956141,2026-04-22 00:43:29.682979,2026-04-22 00:43:30.089511,0 days 00:00:00.406532,1.9872709539397997,9.792043663509482,0.5403704014748932,COMPLETE
494,0.08562285256717281,2026-04-22 00:43:30.089543,2026-04-22 00:43:30.499484,0 days 00:00:00.409941,3.711303054072483,9.148432077004964,0.4850596119764762,COMPLETE
495,0.08404309500068806,2026-04-22 00:43:30.499520,2026-04-22 00:43:30.924313,0 days 00:00:00.424793,4.003996891866804,8.947243469359968,0.4374294546839964,COMPLETE
496,0.08572190171547411,2026-04-22 00:43:30.924344,2026-04-22 00:43:31.335069,0 days 00:00:00.410725,3.516739725072529,9.283305885914563,0.46619735389971645,COMPLETE
497,0.0843406482697016,2026-04-22 00:43:31.335104,2026-04-22 00:43:31.755909,0 days 00:00:00.420805,3.238776657517741,9.7820223303369,0.5253737799795507,COMPLETE
498,0.08344546396156434,2026-04-22 00:43:31.755942,2026-04-22 00:43:32.175496,0 days 00:00:00.419554,4.369291996815679,9.496010900900913,0.5596543981723898,COMPLETE
499,0.08489214449964817,2026-04-22 00:43:32.175529,2026-04-22 00:43:32.582333,0 days 00:00:00.406804,2.926271422753629,8.90515704624505,0.4992342542838401,COMPLETE
