number,value,datetime_start,datetime_complete,duration,params_alpha,params_beta,params_decay_factor,state
396,0.1706656587636573,2026-04-22 00:15:35.409637,2026-04-22 00:15:35.885285,0 days 00:00:00.475648,3.227650352372156,9.39031160642227,0.6016018055860572,COMPLETE
397,0.17128578324638713,2026-04-22 00:15:35.885317,2026-04-22 00:15:36.359662,0 days 00:00:00.474345,2.878436401811526,9.990881478734288,0.6254944040632139,COMPLETE
398,0.1699507946400981,2026-04-22 00:15:36.359694,2026-04-22 00:15:36.840859,0 days 00:00:00.481165,2.7903480415787096,9.904820120536584,0.6199191669012231,COMPLETE
399,0.1696648820636953,2026-04-22 00:15:36.840890,2026-04-22 00:15:37.338112,0 days 00:00:00.497222,2.4402409663807485,9.99323370150584,0.5805314676298641,COMPLETE
400,0.1714029400512059,2026-04-22 00:15:37.338143,2026-04-22 00:15:37.834864,0 days 00:00:00.496721,2.9158662001428413,9.815584996763926,0.6462568447515055,COMPLETE
401,0.1699694690313743,2026-04-22 00:15:37.834896,2026-04-22 00:15:38.303201,0 days 00:00:00.468305,2.610021813677672,9.831472033437787,0.6488239613474261,COMPLETE
402,0.16960488959036493,2026-04-22 00:15:38.303232,2026-04-22 00:15:38.775868,0 days 00:00:00.472636,2.2245789006998584,9.991148210454975,0.6048459192246151,COMPLETE
403,0.17152371989590812,2026-04-22 00:15:38.775900,2026-04-22 00:15:39.252930,0 days 00:00:00.477030,2.878147923233529,9.663830322310126,0.6268448109343262,COMPLETE
404,0.1702407484995984,2026-04-22 00:15:39.252961,2026-04-22 00:15:39.728405,0 days 00:00:00.475444,2.7319722522617456,9.63301188100379,0.6229453697147915,COMPLETE
405,0.17009508187959946,2026-04-22 00:15:39.728437,2026-04-22 00:15:40.200832,0 days 00:00:00.472395,2.8838561153794795,9.552814633694759,0.5818134431152613,COMPLETE
406,0.16961005004078444,2026-04-22 00:15:40.200862,2026-04-22 00:15:40.675851,0 days 00:00:00.474989,2.3765775611233715,9.798961010724403,0.6080327468551935,COMPLETE
407,0.17001156101863873,2026-04-22 00:15:40.675886,2026-04-22 00:15:41.156403,0 days 00:00:00.480517,2.5629598920410186,9.634760275044744,0.547499855190966,COMPLETE
408,0.1701165215871742,2026-04-22 00:15:41.156435,2026-04-22 00:15:41.639730,0 days 00:00:00.483295,2.84903871379123,9.454784411998434,0.6354483190430193,COMPLETE
409,0.17033870946574542,2026-04-22 00:15:41.639762,2026-04-22 00:15:42.117001,0 days 00:00:00.477239,2.971328277011465,9.997091488146408,0.5965543859512701,COMPLETE
410,0.1697168070984152,2026-04-22 00:15:42.117031,2026-04-22 00:15:42.595672,0 days 00:00:00.478641,2.683819876762018,9.734017133629331,0.6224794392093267,COMPLETE
411,0.17046948121748234,2026-04-22 00:15:42.595708,2026-04-22 00:15:43.078218,0 days 00:00:00.482510,3.002036362706366,9.287176424930008,0.5628769400322539,COMPLETE
412,0.17058593704642208,2026-04-22 00:15:43.078248,2026-04-22 00:15:43.560096,0 days 00:00:00.481848,2.5431470442854347,9.504121611436222,0.647510306980513,COMPLETE
413,0.17149077503820603,2026-04-22 00:15:43.560128,2026-04-22 00:15:44.037359,0 days 00:00:00.477231,2.8480863288593583,9.82671811101375,0.6292607604988989,COMPLETE
414,0.16983503610553777,2026-04-22 00:15:44.037391,2026-04-22 00:15:44.527978,0 days 00:00:00.490587,3.0095471730188774,9.995656561749398,0.5914538269702954,COMPLETE
415,0.16916679887167407,2026-04-22 00:15:44.528011,2026-04-22 00:15:45.022819,0 days 00:00:00.494808,2.3207068837158156,9.823289645977825,0.6196965386696122,COMPLETE
416,0.17051903168864732,2026-04-22 00:15:45.022851,2026-04-22 00:15:45.499769,0 days 00:00:00.476918,2.819797171381459,9.744359156562707,0.6033571738992514,COMPLETE
417,0.1707156188371187,2026-04-22 00:15:45.499802,2026-04-22 00:15:45.979143,0 days 00:00:00.479341,3.1411589753654803,9.660194106936594,0.6338867587906923,COMPLETE
418,0.17007488726861203,2026-04-22 00:15:45.979181,2026-04-22 00:15:46.470954,0 days 00:00:00.491773,2.6395977266726938,9.813505064077146,0.5715737318235332,COMPLETE
419,0.17039362058350102,2026-04-22 00:15:46.470986,2026-04-22 00:15:46.956110,0 days 00:00:00.485124,2.9599148862948796,9.603578520890972,0.6647998573687625,COMPLETE
420,0.1706217697967063,2026-04-22 00:15:46.956141,2026-04-22 00:15:47.437686,0 days 00:00:00.481545,3.313203709890318,9.821210756489554,0.622889719244575,COMPLETE
421,0.17058244258694896,2026-04-22 00:15:47.437717,2026-04-22 00:15:47.920045,0 days 00:00:00.482328,3.1089956740366054,9.993471915079127,0.5932963397736456,COMPLETE
422,0.16856280376990315,2026-04-22 00:15:47.920079,2026-04-22 00:15:48.402797,0 days 00:00:00.482718,0.6235608301908382,9.49884042115761,0.6633546607164648,COMPLETE
423,0.1710630430875555,2026-04-22 00:15:48.402829,2026-04-22 00:15:48.896513,0 days 00:00:00.493684,2.8410201209781256,9.660093005474401,0.6383431303391942,COMPLETE
424,0.16976868762405858,2026-04-22 00:15:48.896545,2026-04-22 00:15:49.384719,0 days 00:00:00.488174,3.6726614219951292,9.83219084749036,0.6099387372223425,COMPLETE
425,0.16929940009003103,2026-04-22 00:15:49.384752,2026-04-22 00:15:49.860537,0 days 00:00:00.475785,3.386764872216661,9.494488082669983,0.5792550857991757,COMPLETE
426,0.17031105582115902,2026-04-22 00:15:49.860569,2026-04-22 00:15:50.328167,0 days 00:00:00.467598,2.6453810799726853,9.207236606959894,0.41440061402133843,COMPLETE
427,0.16485171531541298,2026-04-22 00:15:50.328199,2026-04-22 00:15:50.810650,0 days 00:00:00.482451,4.800517746843239,9.638480842073111,0.6539655624631434,COMPLETE
428,0.16650085501636827,2026-04-22 00:15:50.810680,2026-04-22 00:15:51.292125,0 days 00:00:00.481445,3.138858996448199,9.987245198292223,0.1683551682459168,COMPLETE
429,0.17170194833333993,2026-04-22 00:15:51.292160,2026-04-22 00:15:51.773217,0 days 00:00:00.481057,2.935226956078173,9.40087087529133,0.6296323216432613,COMPLETE
430,0.16890063313605164,2026-04-22 00:15:51.773250,2026-04-22 00:15:52.257507,0 days 00:00:00.484257,2.4606378890434173,9.15062686434439,0.6148461250169339,COMPLETE
431,0.17053126827831624,2026-04-22 00:15:52.257539,2026-04-22 00:15:52.742134,0 days 00:00:00.484595,2.7914691928533695,9.407204167345633,0.6295646798169241,COMPLETE
432,0.17003182061649538,2026-04-22 00:15:52.742166,2026-04-22 00:15:53.224669,0 days 00:00:00.482503,2.9711534356780787,9.354125051838682,0.5559451453443179,COMPLETE
433,0.026475271987637022,2026-04-22 00:15:53.224702,2026-04-22 00:15:53.713094,0 days 00:00:00.488392,2.656768809177808,9.795294068390673,0.0017769086517762656,COMPLETE
434,0.16964059459197917,2026-04-22 00:15:53.713127,2026-04-22 00:15:54.191571,0 days 00:00:00.478444,2.8444656171456084,9.105934365543526,0.5955902481319038,COMPLETE
435,0.17004337003885275,2026-04-22 00:15:54.191602,2026-04-22 00:15:54.673785,0 days 00:00:00.482183,2.187674331902709,9.489673058905343,0.6142180899856853,COMPLETE
436,0.1680288776483491,2026-04-22 00:15:54.673817,2026-04-22 00:15:55.151988,0 days 00:00:00.478171,2.417552980901632,8.872663588485674,0.6382888287454546,COMPLETE
437,0.17156444223557699,2026-04-22 00:15:55.152020,2026-04-22 00:15:55.648736,0 days 00:00:00.496716,3.043310711523721,9.679800253881156,0.5850397348339126,COMPLETE
438,0.17095548212479264,2026-04-22 00:15:55.648768,2026-04-22 00:15:56.135602,0 days 00:00:00.486834,2.9108846942327067,9.77050171307986,0.5663526460879396,COMPLETE
439,0.1695644135887365,2026-04-22 00:15:56.135633,2026-04-22 00:15:56.619249,0 days 00:00:00.483616,2.6745429895504866,9.980458068680115,0.5870085500439217,COMPLETE
440,0.17022482287391394,2026-04-22 00:15:56.619280,2026-04-22 00:15:57.102274,0 days 00:00:00.482994,3.0699155407368357,9.706861028659148,0.5451464982356404,COMPLETE
441,0.12991336688799313,2026-04-22 00:15:57.102305,2026-04-22 00:15:57.575221,0 days 00:00:00.472916,8.316123336884178,9.662273888918618,0.5742176314571154,COMPLETE
442,0.16981096980148241,2026-04-22 00:15:57.575254,2026-04-22 00:15:58.056926,0 days 00:00:00.481672,2.5059012448227316,9.852749292208623,0.5993417194863435,COMPLETE
443,0.1702045252559316,2026-04-22 00:15:58.056960,2026-04-22 00:15:58.540969,0 days 00:00:00.484009,3.1729682481793438,9.560023268627782,0.6007135613159634,COMPLETE
444,0.17100489038101127,2026-04-22 00:15:58.541000,2026-04-22 00:15:59.009859,0 days 00:00:00.468859,2.90881658621957,9.98475512156264,0.6190969287787812,COMPLETE
445,0.17019892931387376,2026-04-22 00:15:59.009890,2026-04-22 00:15:59.484133,0 days 00:00:00.474243,2.7231112635613646,9.679451171596284,0.5830486854359855,COMPLETE
446,0.16890477470962809,2026-04-22 00:15:59.484164,2026-04-22 00:15:59.958574,0 days 00:00:00.474410,3.476491744900236,9.335564022222398,0.6257210981116699,COMPLETE
447,0.17052990460584105,2026-04-22 00:15:59.958604,2026-04-22 00:16:00.431103,0 days 00:00:00.472499,3.233663234917666,9.829891513192665,0.5533232992079761,COMPLETE
448,0.1719186456305911,2026-04-22 00:16:00.431133,2026-04-22 00:16:00.916581,0 days 00:00:00.485448,3.012814257463475,9.547373083425233,0.6077651187356551,COMPLETE
449,0.1700488422294198,2026-04-22 00:16:00.916612,2026-04-22 00:16:00.747130,-1 days +23:59:59.830518,2.281101884764087,9.242541004691473,0.6300906605144841,COMPLETE
450,0.17167428141442548,2026-04-22 00:16:00.747161,2026-04-22 00:16:01.223557,0 days 00:00:00.476396,2.9490042510734016,9.481379392051354,0.6425795016567337,COMPLETE
451,0.16953822659715917,2026-04-22 00:16:01.223588,2026-04-22 00:16:01.708133,0 days 00:00:00.484545,3.013259643962758,9.059213313116091,0.642476330023617,COMPLETE
452,0.16996076632887178,2026-04-22 00:16:01.708169,2026-04-22 00:16:02.193433,0 days 00:00:00.485264,2.5771965909721244,9.423931549310463,0.6485794506978464,COMPLETE
453,0.1531947512385586,2026-04-22 00:16:02.193464,2026-04-22 00:16:02.670233,0 days 00:00:00.476769,2.8073228994645265,2.736777826004704,0.5801360542203552,COMPLETE
454,0.1707222339879554,2026-04-22 00:16:02.670264,2026-04-22 00:16:03.142945,0 days 00:00:00.472681,2.992693974579048,9.260150183079617,0.6051039446753483,COMPLETE
455,0.17046962863324228,2026-04-22 00:16:03.142977,2026-04-22 00:16:03.622751,0 days 00:00:00.479774,3.1215805285278613,9.519159990207632,0.6776722320957042,COMPLETE
456,0.16024398427600428,2026-04-22 00:16:03.622783,2026-04-22 00:16:04.096849,0 days 00:00:00.474066,2.5944487645962204,3.8437226897230827,0.6448665253171874,COMPLETE
457,0.16930143713557116,2026-04-22 00:16:04.096887,2026-04-22 00:16:04.571548,0 days 00:00:00.474661,2.8460904944547147,9.097069077987973,0.605333606991018,COMPLETE
458,0.16796346867827938,2026-04-22 00:16:04.571580,2026-04-22 00:16:05.039399,0 days 00:00:00.467819,1.9439867709642558,9.483865039722769,0.6597622190189886,COMPLETE
459,0.1707890268481373,2026-04-22 00:16:05.039430,2026-04-22 00:16:05.510287,0 days 00:00:00.470857,3.218946477342724,9.289400831675438,0.6275703681415562,COMPLETE
460,0.17083100760498138,2026-04-22 00:16:05.510329,2026-04-22 00:16:05.989058,0 days 00:00:00.478729,2.766239378340954,9.57684731427476,0.6135725875756067,COMPLETE
461,0.1686195603919223,2026-04-22 00:16:05.989089,2026-04-22 00:16:06.464043,0 days 00:00:00.474954,3.4451101642301927,8.946511545227844,0.5349492061872939,COMPLETE
462,0.17050018930053823,2026-04-22 00:16:06.464075,2026-04-22 00:16:06.934010,0 days 00:00:00.469935,3.0832778565298855,9.406136035502936,0.39432259523873253,COMPLETE
463,0.16871744723791648,2026-04-22 00:16:06.934041,2026-04-22 00:16:07.403261,0 days 00:00:00.469220,2.4857043445387608,8.679546474554625,0.5723380076317925,COMPLETE
464,0.17129897088788185,2026-04-22 00:16:07.403293,2026-04-22 00:16:07.880162,0 days 00:00:00.476869,2.9749791893705786,9.631998254728492,0.6418601787373998,COMPLETE
465,0.1700338978543558,2026-04-22 00:16:07.880199,2026-04-22 00:16:08.369543,0 days 00:00:00.489344,2.1680061934377353,9.236182248938409,0.6845103586738672,COMPLETE
466,0.16678296201947737,2026-04-22 00:16:08.369574,2026-04-22 00:16:08.847696,0 days 00:00:00.478122,2.7562115843796806,6.077753258452173,0.5914570017645518,COMPLETE
467,0.1708915519682679,2026-04-22 00:16:08.847727,2026-04-22 00:16:09.319360,0 days 00:00:00.471633,3.2838858745421087,9.48627886952958,0.664924449476159,COMPLETE
468,0.17139936194667374,2026-04-22 00:16:09.319392,2026-04-22 00:16:09.792411,0 days 00:00:00.473019,3.051733006684643,9.713977842234574,0.6181876753396468,COMPLETE
469,0.16960083433870807,2026-04-22 00:16:09.792443,2026-04-22 00:16:10.270960,0 days 00:00:00.478517,2.375314076963093,9.801447247056934,0.5920870947455951,COMPLETE
470,0.15555663971790376,2026-04-22 00:16:10.270993,2026-04-22 00:16:10.739829,0 days 00:00:00.468836,5.216026241653505,6.628421344660346,0.6163987298624402,COMPLETE
471,0.17111521971858434,2026-04-22 00:16:10.739860,2026-04-22 00:16:11.215216,0 days 00:00:00.475356,3.0050829585428,9.647853642548709,0.5692769433940315,COMPLETE
472,0.13377889755844263,2026-04-22 00:16:11.215248,2026-04-22 00:16:11.677326,0 days 00:00:00.462078,2.6832441935842057,1.359734124012796,0.615624548821818,COMPLETE
473,0.1709189918649232,2026-04-22 00:16:11.677358,2026-04-22 00:16:12.148294,0 days 00:00:00.470936,2.904394749688524,9.3471775684608,0.6301584478732979,COMPLETE
474,0.17052330932083215,2026-04-22 00:16:12.148327,2026-04-22 00:16:12.624691,0 days 00:00:00.476364,3.0458256750197426,9.837159260543423,0.431871602604356,COMPLETE
475,0.16924557262216827,2026-04-22 00:16:12.624723,2026-04-22 00:16:13.107758,0 days 00:00:00.483035,2.6412017865161515,9.486004729214883,0.5915183962484609,COMPLETE
476,0.16981038239553287,2026-04-22 00:16:13.107789,2026-04-22 00:16:13.587919,0 days 00:00:00.480130,3.1798006058799926,9.099839759418572,0.6051987521757675,COMPLETE
477,0.17114460682936933,2026-04-22 00:16:13.587951,2026-04-22 00:16:14.055520,0 days 00:00:00.467569,2.8333233144612198,9.698800772139569,0.6311759165476893,COMPLETE
478,0.1696834631308679,2026-04-22 00:16:14.055553,2026-04-22 00:16:14.527394,0 days 00:00:00.471841,3.4304883795473544,9.509309688511518,0.5572346770269789,COMPLETE
479,0.1438942262775254,2026-04-22 00:16:14.527425,2026-04-22 00:16:15.006089,0 days 00:00:00.478664,6.96279127592173,9.802641997585216,0.5791365271044701,COMPLETE
480,0.16850412878145807,2026-04-22 00:16:15.006125,2026-04-22 00:16:15.480631,0 days 00:00:00.474506,2.481057117362701,8.24140540290907,0.6482117431186486,COMPLETE
481,0.17068282476544197,2026-04-22 00:16:15.480663,2026-04-22 00:16:15.959043,0 days 00:00:00.478380,2.970314832650984,9.359740514346901,0.6138687592954986,COMPLETE
482,0.16970243066965385,2026-04-22 00:16:15.959075,2026-04-22 00:16:16.431391,0 days 00:00:00.472316,2.7177218125787355,9.99516066050311,0.6349212800834884,COMPLETE
483,0.171663972957628,2026-04-22 00:16:16.431423,2026-04-22 00:16:16.905439,0 days 00:00:00.474016,3.1837233884702045,9.661057077556746,0.6620890853187542,COMPLETE
484,0.16878700415493034,2026-04-22 00:16:16.905474,2026-04-22 00:16:17.390934,0 days 00:00:00.485460,3.577281211678231,9.22365570457811,0.6798320561189823,COMPLETE
485,0.17130734648261353,2026-04-22 00:16:17.390967,2026-04-22 00:16:17.860707,0 days 00:00:00.469740,3.260026376883468,9.669456229685675,0.6621312463026024,COMPLETE
486,0.17085293010129082,2026-04-22 00:16:17.860737,2026-04-22 00:16:18.348366,0 days 00:00:00.487629,3.387675103128424,9.82386282464214,0.7008236331302197,COMPLETE
487,0.1699766719457103,2026-04-22 00:16:18.348399,2026-04-22 00:16:18.830727,0 days 00:00:00.482328,3.1577029562078605,8.902357603978485,0.6633828975341696,COMPLETE
488,0.1690061153005992,2026-04-22 00:16:18.830759,2026-04-22 00:16:19.308215,0 days 00:00:00.477456,3.7512077717645522,9.572389018274444,0.6917932838693701,COMPLETE
489,0.17154673000548848,2026-04-22 00:16:19.308247,2026-04-22 00:16:19.783357,0 days 00:00:00.475110,2.9120852778535067,9.379148051013717,0.6453937884792208,COMPLETE
490,0.16990958123083888,2026-04-22 00:16:19.783389,2026-04-22 00:16:20.263915,0 days 00:00:00.480526,2.834600596431,9.056081607362575,0.6736230526016294,COMPLETE
491,0.16843278515941001,2026-04-22 00:16:20.263947,2026-04-22 00:16:20.743172,0 days 00:00:00.479225,2.079162038628926,9.330001251269467,0.6466764931260708,COMPLETE
492,0.1698619124299295,2026-04-22 00:16:20.743204,2026-04-22 00:16:21.227713,0 days 00:00:00.484509,2.3838722917970343,9.120780050916663,0.6652438813368358,COMPLETE
493,0.17003106274405344,2026-04-22 00:16:21.227744,2026-04-22 00:16:21.711547,0 days 00:00:00.483803,3.1405079239676725,9.337542865597973,0.6479489763384468,COMPLETE
494,0.16910590408665746,2026-04-22 00:16:21.711579,2026-04-22 00:16:22.189802,0 days 00:00:00.478223,2.6155022018949876,7.80012482449477,0.7164623936371595,COMPLETE
495,0.16972703491780425,2026-04-22 00:16:22.189835,2026-04-22 00:16:22.673067,0 days 00:00:00.483232,3.380290615544989,9.494497758605437,0.8379310837360812,COMPLETE
496,0.17063416091415556,2026-04-22 00:16:22.673097,2026-04-22 00:16:23.151788,0 days 00:00:00.478691,2.8131382877562285,9.213977316036772,0.6891163901253228,COMPLETE
497,0.16905399493425277,2026-04-22 00:16:23.151820,2026-04-22 00:16:23.624130,0 days 00:00:00.472310,1.6015708942322446,9.483401571517634,0.6371567826611405,COMPLETE
498,0.16797298145812528,2026-04-22 00:16:23.624160,2026-04-22 00:16:24.103641,0 days 00:00:00.479481,1.2971309856450257,8.583547911164434,0.6529968309693999,COMPLETE
499,0.1711677547634294,2026-04-22 00:16:24.103672,2026-04-22 00:16:24.589749,0 days 00:00:00.486077,3.0406997106941196,9.6071959278151,0.6308193308319217,COMPLETE
