number,value,datetime_start,datetime_complete,duration,params_alpha,params_beta,params_decay_factor,state
132,0.17029963651540955,2026-04-22 00:13:30.339557,2026-04-22 00:13:30.810236,0 days 00:00:00.470679,2.5630477925324437,9.427519484939655,0.46472194812955786,COMPLETE
133,0.1713502066905732,2026-04-22 00:13:30.810270,2026-04-22 00:13:31.287813,0 days 00:00:00.477543,2.2828175682519647,9.751680924207706,0.44985169120339524,COMPLETE
134,0.16937893387379238,2026-04-22 00:13:31.287846,2026-04-22 00:13:31.760227,0 days 00:00:00.472381,2.900943687923822,9.647306243156835,0.5780674335008844,COMPLETE
135,0.16918778771136753,2026-04-22 00:13:31.760260,2026-04-22 00:13:32.246927,0 days 00:00:00.486667,3.6859353369863155,9.764422672377025,0.537823181538293,COMPLETE
136,0.17018803215680295,2026-04-22 00:13:32.246960,2026-04-22 00:13:32.730010,0 days 00:00:00.483050,2.457562313041616,9.817867200033897,0.48380413886052975,COMPLETE
137,0.16878112253361005,2026-04-22 00:13:32.730043,2026-04-22 00:13:33.202152,0 days 00:00:00.472109,1.0053670461149384,9.079685323904119,0.5174329780814637,COMPLETE
138,0.1680514535205806,2026-04-22 00:13:33.202185,2026-04-22 00:13:33.687603,0 days 00:00:00.485418,1.7605252442131014,9.493996050828553,0.6732928968054027,COMPLETE
139,0.16993318629982015,2026-04-22 00:13:33.687635,2026-04-22 00:13:34.171941,0 days 00:00:00.484306,1.9834502882976575,9.988997039199276,0.31486776362718644,COMPLETE
140,0.16856397915860727,2026-04-22 00:13:34.171972,2026-04-22 00:13:34.654104,0 days 00:00:00.482132,3.033027475578555,8.850214368716102,0.4210704115521093,COMPLETE
141,0.17048667753903388,2026-04-22 00:13:34.654137,2026-04-22 00:13:35.133188,0 days 00:00:00.479051,2.286952496571585,9.275490719268543,0.44804966099795007,COMPLETE
142,0.1703336229742953,2026-04-22 00:13:35.133224,2026-04-22 00:13:35.617065,0 days 00:00:00.483841,2.3352352136039163,9.599635996613912,0.4548696296388283,COMPLETE
143,0.16092501693513048,2026-04-22 00:13:35.617098,2026-04-22 00:13:36.108175,0 days 00:00:00.491077,1.4985683469282494,4.7543106467272604,0.395057258054185,COMPLETE
144,0.1704050871236999,2026-04-22 00:13:36.108209,2026-04-22 00:13:36.608385,0 days 00:00:00.500176,2.675193285855257,9.226566635830862,0.5060993038935901,COMPLETE
145,0.1699473784058933,2026-04-22 00:13:36.608418,2026-04-22 00:13:37.099837,0 days 00:00:00.491419,2.62696975598747,9.240995372252032,0.5533366081452047,COMPLETE
146,0.16948578201654824,2026-04-22 00:13:37.099870,2026-04-22 00:13:37.584263,0 days 00:00:00.484393,2.1543139046620983,8.690834279628723,0.5042735335926497,COMPLETE
147,0.16959389416706203,2026-04-22 00:13:37.584297,2026-04-22 00:13:38.075183,0 days 00:00:00.490886,3.245171452197784,9.035298607674209,0.488639282261921,COMPLETE
148,0.1592980804167909,2026-04-22 00:13:38.075215,2026-04-22 00:13:38.561675,0 days 00:00:00.486460,5.514080137945791,9.409136713842125,0.4569206133888673,COMPLETE
149,0.16715502630769455,2026-04-22 00:13:38.561710,2026-04-22 00:13:39.051827,0 days 00:00:00.490117,2.43302187314139,6.049091788252259,0.4322647597064824,COMPLETE
150,0.16965649300131336,2026-04-22 00:13:39.051859,2026-04-22 00:13:39.539718,0 days 00:00:00.487859,1.9093532087825231,9.154050491902748,0.5332783568404464,COMPLETE
151,0.1703265074940173,2026-04-22 00:13:39.539749,2026-04-22 00:13:40.014512,0 days 00:00:00.474763,2.706145508493263,9.81007018263004,0.4735680427800445,COMPLETE
152,0.1703389338268409,2026-04-22 00:13:40.014556,2026-04-22 00:13:40.511503,0 days 00:00:00.496947,2.8361921076604015,9.557175902515889,0.5078412422251017,COMPLETE
153,0.17064097406330722,2026-04-22 00:13:40.511534,2026-04-22 00:13:41.003366,0 days 00:00:00.491832,2.3222439828182035,9.712707841116845,0.4512708628422801,COMPLETE
154,0.16966758584088878,2026-04-22 00:13:41.003400,2026-04-22 00:13:41.486456,0 days 00:00:00.483056,2.1846771689024345,9.399468483435633,0.5622274763953494,COMPLETE
155,0.17085094897151465,2026-04-22 00:13:41.486488,2026-04-22 00:13:41.964386,0 days 00:00:00.477898,1.6976996470505583,9.818599363301802,0.45059758089189306,COMPLETE
156,0.16959063942890729,2026-04-22 00:13:41.964419,2026-04-22 00:13:42.446261,0 days 00:00:00.481842,1.705486927823384,9.878072428365723,0.44647026039174,COMPLETE
157,0.16877846730207455,2026-04-22 00:13:42.446293,2026-04-22 00:13:42.923048,0 days 00:00:00.476755,1.3589613361486628,9.988227048554217,0.35492054505928244,COMPLETE
158,0.16995663529629307,2026-04-22 00:13:42.923083,2026-04-22 00:13:43.397313,0 days 00:00:00.474230,2.0580724437167515,9.617193611999024,0.4156428108734709,COMPLETE
159,0.16968832722081956,2026-04-22 00:13:43.397345,2026-04-22 00:13:43.882705,0 days 00:00:00.485360,1.8279051899764351,9.719978654131017,0.38310754747271186,COMPLETE
160,0.12424627809146056,2026-04-22 00:13:43.882738,2026-04-22 00:13:44.362447,0 days 00:00:00.479709,2.2547894751081943,0.7517912103937539,0.4830289446182115,COMPLETE
161,0.16987518209380642,2026-04-22 00:13:44.362479,2026-04-22 00:13:44.845767,0 days 00:00:00.483288,2.463705584935564,9.284660310620401,0.4594491846254173,COMPLETE
162,0.16934877110497587,2026-04-22 00:13:44.845800,2026-04-22 00:13:45.324926,0 days 00:00:00.479126,1.589729437802181,9.528876112056754,0.4998485882774073,COMPLETE
163,0.16946722266907902,2026-04-22 00:13:45.324957,2026-04-22 00:13:45.813871,0 days 00:00:00.488914,2.598368599403884,9.288837362109476,0.43272858475044923,COMPLETE
164,0.17069574620222241,2026-04-22 00:13:45.813905,2026-04-22 00:13:46.305979,0 days 00:00:00.492074,2.0400444096743326,8.939140345614888,0.5206784112701851,COMPLETE
165,0.1695482298725179,2026-04-22 00:13:46.306013,2026-04-22 00:13:46.843101,0 days 00:00:00.537088,2.0336853149701124,9.04470364847987,0.6226863542462535,COMPLETE
166,0.17028424085789476,2026-04-22 00:13:46.843135,2026-04-22 00:13:47.341672,0 days 00:00:00.498537,1.7747276521692288,9.773728009536802,0.4726837733404285,COMPLETE
167,0.16936334347788956,2026-04-22 00:13:47.341706,2026-04-22 00:13:47.832520,0 days 00:00:00.490814,2.265837451571427,8.928392633543943,0.5793213616364999,COMPLETE
168,0.17002896890185423,2026-04-22 00:13:47.832553,2026-04-22 00:13:48.322108,0 days 00:00:00.489555,1.9392512697221667,9.551812784364545,0.542763028757167,COMPLETE
169,0.16883484036807792,2026-04-22 00:13:48.322141,2026-04-22 00:13:48.806140,0 days 00:00:00.483999,1.523151136078792,8.84532477832497,0.4491972332573917,COMPLETE
170,0.16984323945601798,2026-04-22 00:13:48.806173,2026-04-22 00:13:49.293697,0 days 00:00:00.487524,3.108560357892815,9.182769597963748,0.4071043661163517,COMPLETE
171,0.1706260175149482,2026-04-22 00:13:49.293730,2026-04-22 00:13:49.782432,0 days 00:00:00.488702,2.386206838176535,9.449229654340689,0.5089129068124774,COMPLETE
172,0.17008816285735923,2026-04-22 00:13:49.782470,2026-04-22 00:13:50.270726,0 days 00:00:00.488256,2.1055933215255846,9.786816532543208,0.5112802458729434,COMPLETE
173,0.16976777600949197,2026-04-22 00:13:50.270760,2026-04-22 00:13:50.756020,0 days 00:00:00.485260,2.339624714830676,9.470220915107104,0.4897209669327135,COMPLETE
174,0.16908999259831098,2026-04-22 00:13:50.756052,2026-04-22 00:13:51.236190,0 days 00:00:00.480138,2.5979155929104074,9.98952059262793,0.5187033590433879,COMPLETE
175,0.1699041487076336,2026-04-22 00:13:51.236222,2026-04-22 00:13:51.716031,0 days 00:00:00.479809,2.7643793149085605,9.613267356534383,0.5979178196720152,COMPLETE
176,0.17007639527799612,2026-04-22 00:13:51.716065,2026-04-22 00:13:52.204994,0 days 00:00:00.488929,2.143213060334568,9.366618668663738,0.47055464822444504,COMPLETE
177,0.16950981363142442,2026-04-22 00:13:52.205035,2026-04-22 00:13:52.697954,0 days 00:00:00.492919,1.8745257344571362,9.671909275217036,0.49142560224469095,COMPLETE
178,0.1700162192292939,2026-04-22 00:13:52.697997,2026-04-22 00:13:53.188043,0 days 00:00:00.490046,2.5150532673489834,9.149140561226615,0.5498043636347661,COMPLETE
179,0.16918169780759634,2026-04-22 00:13:53.188076,2026-04-22 00:13:53.679755,0 days 00:00:00.491679,3.377679953764911,8.590966065162196,0.42941562866998767,COMPLETE
180,0.17036168159621928,2026-04-22 00:13:53.679788,2026-04-22 00:13:54.169215,0 days 00:00:00.489427,2.949825348923658,9.809719481967143,0.463037566736262,COMPLETE
181,0.1701448087877746,2026-04-22 00:13:54.169249,2026-04-22 00:13:54.027932,-1 days +23:59:59.858683,2.3444745565464036,9.399742320410544,0.5301387862635066,COMPLETE
182,0.17065786058771254,2026-04-22 00:13:54.027964,2026-04-22 00:13:54.504815,0 days 00:00:00.476851,2.3864537366411707,9.294929759337593,0.5171919881018578,COMPLETE
183,0.17018650402651533,2026-04-22 00:13:54.504847,2026-04-22 00:13:54.984509,0 days 00:00:00.479662,2.032784296432462,9.52649311087992,0.5027923778047996,COMPLETE
184,0.16907306211892958,2026-04-22 00:13:54.984541,2026-04-22 00:13:55.465424,0 days 00:00:00.480883,1.6901383565538004,8.944812883693238,0.48125609152998666,COMPLETE
185,0.16976849524178994,2026-04-22 00:13:55.465458,2026-04-22 00:13:55.947205,0 days 00:00:00.481747,2.2268269004377004,9.269246040500873,0.4471307428501791,COMPLETE
186,0.16925396317535524,2026-04-22 00:13:55.947237,2026-04-22 00:13:56.439541,0 days 00:00:00.492304,2.5161547014930634,9.713057910527471,0.5646910569634649,COMPLETE
187,0.17049526317875033,2026-04-22 00:13:56.439574,2026-04-22 00:13:56.915097,0 days 00:00:00.475523,2.7569804616188978,9.139159888024857,0.5173205240287919,COMPLETE
188,0.17048695583276352,2026-04-22 00:13:56.915129,2026-04-22 00:13:57.405014,0 days 00:00:00.489885,2.8016671214759654,9.49371604478909,0.5454442176685206,COMPLETE
189,0.1595326773386861,2026-04-22 00:13:57.405048,2026-04-22 00:13:57.888590,0 days 00:00:00.483542,2.8493137815680627,3.8483977177323614,0.54347225243911,COMPLETE
190,0.17095629106113186,2026-04-22 00:13:57.888624,2026-04-22 00:13:58.374609,0 days 00:00:00.485985,3.1643492338771204,9.492592930446346,0.5796247068019583,COMPLETE
191,0.16885884851909652,2026-04-22 00:13:58.374644,2026-04-22 00:13:58.866417,0 days 00:00:00.491773,3.524229705670884,9.453297394438653,0.5940305036318044,COMPLETE
192,0.17131078814638487,2026-04-22 00:13:58.866449,2026-04-22 00:13:59.347638,0 days 00:00:00.481189,3.020136814731465,9.658945291681304,0.5639233915130903,COMPLETE
193,0.16992388362026967,2026-04-22 00:13:59.347671,2026-04-22 00:13:59.847589,0 days 00:00:00.499918,3.2288728072676607,9.068902039938884,0.6134924382501179,COMPLETE
194,0.1705582864520982,2026-04-22 00:13:59.847624,2026-04-22 00:14:00.339967,0 days 00:00:00.492343,3.0771581700779462,9.827074930795172,0.577834684712008,COMPLETE
195,0.17099271878541086,2026-04-22 00:14:00.340001,2026-04-22 00:14:00.828298,0 days 00:00:00.488297,3.0105998695798166,9.832545734168706,0.5781882790534207,COMPLETE
196,0.16990889965471345,2026-04-22 00:14:00.828335,2026-04-22 00:14:01.367711,0 days 00:00:00.539376,3.015081170533979,9.972249520332628,0.5741218796935603,COMPLETE
197,0.16900018386406684,2026-04-22 00:14:01.367749,2026-04-22 00:14:01.902854,0 days 00:00:00.535105,3.0060464352701044,7.237253494988949,0.6310800150285767,COMPLETE
198,0.1706364923824191,2026-04-22 00:14:01.902892,2026-04-22 00:14:02.455993,0 days 00:00:00.553101,3.173374148224568,9.846232671862293,0.5696778519900139,COMPLETE
199,0.17069861475350145,2026-04-22 00:14:02.456029,2026-04-22 00:14:02.970481,0 days 00:00:00.514452,3.4205031399502484,9.835253890110524,0.5827030553019671,COMPLETE
200,0.17060850261083635,2026-04-22 00:14:02.970517,2026-04-22 00:14:03.482014,0 days 00:00:00.511497,3.179199746387275,9.997289960215813,0.5896789611117781,COMPLETE
201,0.16839250550715634,2026-04-22 00:14:03.482045,2026-04-22 00:14:03.967587,0 days 00:00:00.485542,3.9114032513202446,9.876534353107008,0.6037117216001942,COMPLETE
202,0.17077557502822605,2026-04-22 00:14:03.967620,2026-04-22 00:14:04.475311,0 days 00:00:00.507691,3.43157073430962,9.990185595881,0.5882834485180843,COMPLETE
203,0.17025571572863885,2026-04-22 00:14:04.475344,2026-04-22 00:14:04.968477,0 days 00:00:00.493133,3.57178926001916,9.971217431964266,0.5735565483503524,COMPLETE
204,0.1689311636650496,2026-04-22 00:14:04.968511,2026-04-22 00:14:05.452854,0 days 00:00:00.484343,3.7656154454904276,9.800013535273589,0.6261067348752465,COMPLETE
205,0.16984547203324668,2026-04-22 00:14:05.452889,2026-04-22 00:14:05.954003,0 days 00:00:00.501114,3.168248200550014,9.994162076150964,0.5878738816393152,COMPLETE
206,0.17050949973388235,2026-04-22 00:14:05.954036,2026-04-22 00:14:06.450362,0 days 00:00:00.496326,3.4575694420479794,9.667665390772072,0.597818435132699,COMPLETE
207,0.16711182499498498,2026-04-22 00:14:06.450399,2026-04-22 00:14:06.962303,0 days 00:00:00.511904,4.100596080862104,9.789528877432529,0.5709512781496389,COMPLETE
208,0.17059822588973264,2026-04-22 00:14:06.962336,2026-04-22 00:14:07.452906,0 days 00:00:00.490570,3.239915754044121,9.60577402438033,0.5853827149872025,COMPLETE
209,0.1697919947475407,2026-04-22 00:14:07.452938,2026-04-22 00:14:07.937296,0 days 00:00:00.484358,3.398440149622945,9.647482046073598,0.6439858083934565,COMPLETE
210,0.1708465925053892,2026-04-22 00:14:07.937327,2026-04-22 00:14:08.415230,0 days 00:00:00.477903,3.2287530397856146,9.819666633778956,0.6108225567268609,COMPLETE
211,0.17107626718421204,2026-04-22 00:14:08.415262,2026-04-22 00:14:08.905617,0 days 00:00:00.490355,3.214788175827691,9.817978028539631,0.6097070907483604,COMPLETE
212,0.1712161872701993,2026-04-22 00:14:08.905651,2026-04-22 00:14:09.397205,0 days 00:00:00.491554,3.298145767846836,9.607539206708722,0.6578091382164752,COMPLETE
213,0.16902625678978433,2026-04-22 00:14:09.397244,2026-04-22 00:14:09.888791,0 days 00:00:00.491547,3.7669790393583646,9.991770562858903,0.6606394445953523,COMPLETE
214,0.17088372492519222,2026-04-22 00:14:09.888824,2026-04-22 00:14:10.369935,0 days 00:00:00.481111,3.332276565476544,9.761818714647381,0.6468815700929005,COMPLETE
215,0.16987459678993524,2026-04-22 00:14:10.369967,2026-04-22 00:14:10.855284,0 days 00:00:00.485317,3.6150038750267317,9.56906528989467,0.6608700079027762,COMPLETE
216,0.17111851469552194,2026-04-22 00:14:10.855317,2026-04-22 00:14:11.340316,0 days 00:00:00.484999,3.2886531071382334,9.751095977241034,0.6349261872521703,COMPLETE
217,0.1690215999206113,2026-04-22 00:14:11.340348,2026-04-22 00:14:11.821368,0 days 00:00:00.481020,3.522621012995323,9.7700728216508,0.6973571344288411,COMPLETE
218,0.17070288922198842,2026-04-22 00:14:11.821415,2026-04-22 00:14:12.303156,0 days 00:00:00.481741,3.3813263139727185,9.758623642313642,0.6061176224719956,COMPLETE
219,0.17090508515390823,2026-04-22 00:14:12.303188,2026-04-22 00:14:12.788868,0 days 00:00:00.485680,3.383486147808716,9.68020467103943,0.641126942335794,COMPLETE
220,0.17011955557836464,2026-04-22 00:14:12.788900,2026-04-22 00:14:13.277494,0 days 00:00:00.488594,3.4007031631492657,9.58963840779744,0.6191233021225415,COMPLETE
221,0.1691225104517763,2026-04-22 00:14:13.277525,2026-04-22 00:14:13.764150,0 days 00:00:00.486625,3.6885197860070655,9.750711513049525,0.6398358549810333,COMPLETE
222,0.1715990473860061,2026-04-22 00:14:13.764183,2026-04-22 00:14:14.251056,0 days 00:00:00.486873,3.373587624354662,9.690660625006847,0.6523450982989563,COMPLETE
223,0.1704399081241979,2026-04-22 00:14:14.251086,2026-04-22 00:14:14.727895,0 days 00:00:00.476809,3.3285173881143244,9.502955643628828,0.6788863039423865,COMPLETE
224,0.17071037455858273,2026-04-22 00:14:14.727928,2026-04-22 00:14:15.207301,0 days 00:00:00.479373,3.4513916695645213,9.811265891233422,0.6525539622917805,COMPLETE
225,0.16834939884335412,2026-04-22 00:14:15.207331,2026-04-22 00:14:15.688504,0 days 00:00:00.481173,3.8755539532740415,9.808165272807743,0.64711163442307,COMPLETE
226,0.1702207189787377,2026-04-22 00:14:15.688537,2026-04-22 00:14:16.175489,0 days 00:00:00.486952,3.38465676858058,9.63309037903147,0.6991392891831498,COMPLETE
227,0.1700794600521488,2026-04-22 00:14:16.175526,2026-04-22 00:14:16.662683,0 days 00:00:00.487157,3.590597289287335,9.998782093529435,0.688002916922718,COMPLETE
228,0.170985650297526,2026-04-22 00:14:16.662714,2026-04-22 00:14:17.156322,0 days 00:00:00.493608,3.2868534589817853,9.791754974730848,0.6517241405555496,COMPLETE
229,0.1711633366099469,2026-04-22 00:14:17.156354,2026-04-22 00:14:17.646636,0 days 00:00:00.490282,3.2423761756435034,9.78719482712343,0.6499300160943239,COMPLETE
230,0.16324989226139097,2026-04-22 00:14:17.646668,2026-04-22 00:14:18.128262,0 days 00:00:00.481594,4.317820907669967,6.729055436410158,0.7281225144327834,COMPLETE
231,0.17062461910461485,2026-04-22 00:14:18.128294,2026-04-22 00:14:18.601347,0 days 00:00:00.473053,3.3267831435137163,9.809258510483938,0.6556880498402328,COMPLETE
232,0.16998849667313204,2026-04-22 00:14:18.601379,2026-04-22 00:14:19.080401,0 days 00:00:00.479022,3.15029238454143,9.793377466224081,0.6350901346990623,COMPLETE
233,0.16963769488694608,2026-04-22 00:14:19.080433,2026-04-22 00:14:19.564734,0 days 00:00:00.484301,3.484187009006235,9.604094913268659,0.6691507019478966,COMPLETE
234,0.17174244230142957,2026-04-22 00:14:19.564770,2026-04-22 00:14:20.060984,0 days 00:00:00.496214,3.0107136160584207,9.841718806437441,0.612986058994633,COMPLETE
235,0.171077205970757,2026-04-22 00:14:20.061015,2026-04-22 00:14:20.535048,0 days 00:00:00.474033,2.9737523011282807,9.998888953297724,0.6181642121622729,COMPLETE
236,0.17066065751687653,2026-04-22 00:14:20.535079,2026-04-22 00:14:21.015958,0 days 00:00:00.480879,2.9900262149686823,9.96748738645678,0.6202374836925787,COMPLETE
237,0.170990562052582,2026-04-22 00:14:21.015990,2026-04-22 00:14:21.495530,0 days 00:00:00.479540,3.0885280224557126,9.544554052041969,0.6541584908696688,COMPLETE
238,0.17218672127332862,2026-04-22 00:14:21.495563,2026-04-22 00:14:21.979485,0 days 00:00:00.483922,2.9737692345812654,9.47482300786568,0.6291548446665332,COMPLETE
239,0.17061481402364922,2026-04-22 00:14:21.979515,2026-04-22 00:14:22.455678,0 days 00:00:00.476163,3.0005100358745063,9.618785024110307,0.6403143301542612,COMPLETE
240,0.17104610508838297,2026-04-22 00:14:22.455708,2026-04-22 00:14:22.939963,0 days 00:00:00.484255,2.9753191166304918,9.416104525605563,0.6708398467627199,COMPLETE
241,0.17068640066960142,2026-04-22 00:14:22.939993,2026-04-22 00:14:23.411923,0 days 00:00:00.471930,2.929966555766202,9.467291506191495,0.6765099944701938,COMPLETE
242,0.1703026798934445,2026-04-22 00:14:23.411956,2026-04-22 00:14:23.888971,0 days 00:00:00.477015,3.178451862037568,9.442269810427986,0.636732756104544,COMPLETE
243,0.17105024433812255,2026-04-22 00:14:23.889002,2026-04-22 00:14:24.366837,0 days 00:00:00.477835,3.0367491100724857,9.553048011966798,0.6632206831345125,COMPLETE
244,0.17066388325736276,2026-04-22 00:14:24.366868,2026-04-22 00:14:24.851494,0 days 00:00:00.484626,2.892589498563935,9.388881315904735,0.6659260578405696,COMPLETE
245,0.17087952685645735,2026-04-22 00:14:24.851525,2026-04-22 00:14:25.338313,0 days 00:00:00.486788,3.059363064101417,9.554421995110937,0.6924220730729141,COMPLETE
246,0.16999382864394744,2026-04-22 00:14:25.338344,2026-04-22 00:14:25.820277,0 days 00:00:00.481933,3.035175343797391,9.537140379359231,0.7176497083447623,COMPLETE
247,0.1711398628630715,2026-04-22 00:14:25.820307,2026-04-22 00:14:25.650923,-1 days +23:59:59.830616,3.0956309681017538,9.34203159913707,0.6825798440404406,COMPLETE
248,0.16981843516223194,2026-04-22 00:14:25.650957,2026-04-22 00:14:26.136980,0 days 00:00:00.486023,2.846296598835398,9.333283169581497,0.6552653343249608,COMPLETE
249,0.16974947378289043,2026-04-22 00:14:26.137011,2026-04-22 00:14:26.649382,0 days 00:00:00.512371,3.1926495979722027,9.348409555422322,0.6751346584249751,COMPLETE
250,0.17057497396836954,2026-04-22 00:14:26.649414,2026-04-22 00:14:27.152416,0 days 00:00:00.503002,2.7361805801793664,9.615852641306281,0.6234768063091772,COMPLETE
251,0.17159408201221668,2026-04-22 00:14:27.152449,2026-04-22 00:14:27.645342,0 days 00:00:00.492893,2.993666145379013,9.465805608730017,0.6527931451401365,COMPLETE
252,0.1713454675108776,2026-04-22 00:14:27.645373,2026-04-22 00:14:28.124393,0 days 00:00:00.479020,3.077214353490181,9.250569832083817,0.6499231865256468,COMPLETE
253,0.17037352969601482,2026-04-22 00:14:28.124425,2026-04-22 00:14:28.621194,0 days 00:00:00.496769,3.012320904280327,9.278395707444938,0.6833579046064951,COMPLETE
254,0.17068188410805457,2026-04-22 00:14:28.621225,2026-04-22 00:14:29.107084,0 days 00:00:00.485859,2.875151705912469,9.423149579189388,0.6293235187491392,COMPLETE
255,0.1698088983419923,2026-04-22 00:14:29.107116,2026-04-22 00:14:29.586547,0 days 00:00:00.479431,3.1057088030746995,9.193841780733402,0.7063557938900293,COMPLETE
256,0.16241126456827237,2026-04-22 00:14:29.586579,2026-04-22 00:14:30.066297,0 days 00:00:00.479718,3.2362680683484495,5.191923473840589,0.6625689412778094,COMPLETE
257,0.17100478623279192,2026-04-22 00:14:30.066340,2026-04-22 00:14:30.547102,0 days 00:00:00.480762,2.756214895803225,9.428294341131807,0.6196586454390149,COMPLETE
258,0.17013150043695444,2026-04-22 00:14:30.547134,2026-04-22 00:14:31.029360,0 days 00:00:00.482226,2.71513121947535,9.182899340229483,0.6141367043668691,COMPLETE
259,0.1702807559015478,2026-04-22 00:14:31.029392,2026-04-22 00:14:31.507652,0 days 00:00:00.478260,2.8783225152106597,9.423896244429974,0.6562978350657419,COMPLETE
260,0.16998569882186956,2026-04-22 00:14:31.507684,2026-04-22 00:14:31.987913,0 days 00:00:00.480229,3.03043463311174,9.501789127393762,0.6121557593375059,COMPLETE
261,0.17049391914178588,2026-04-22 00:14:31.987944,2026-04-22 00:14:32.465183,0 days 00:00:00.477239,2.736122647019873,9.119214787909113,0.6805384431839785,COMPLETE
262,0.17041564884534544,2026-04-22 00:14:32.465220,2026-04-22 00:14:32.947273,0 days 00:00:00.482053,3.1408803076918708,9.370405188601431,0.6364850768964982,COMPLETE
263,0.1129000377431332,2026-04-22 00:14:32.947304,2026-04-22 00:14:33.422982,0 days 00:00:00.475678,6.46400260844876,2.711375281761934,0.6231180226885754,COMPLETE
