number,value,datetime_start,datetime_complete,duration,params_alpha,params_beta,params_decay_factor,state
264,0.05505870205859667,2026-04-22 00:27:48.476166,2026-04-22 00:27:49.145113,0 days 00:00:00.668947,3.340296298237392,1.7946185137010193,0.5288304410493236,COMPLETE
265,0.07626930472854904,2026-04-22 00:27:49.145145,2026-04-22 00:27:49.838357,0 days 00:00:00.693212,3.170799270657109,9.580284490129731,0.49774033870421863,COMPLETE
266,0.07737560217643548,2026-04-22 00:27:49.838388,2026-04-22 00:27:50.528736,0 days 00:00:00.690348,3.473393401749861,9.370661260589523,0.5853735305106876,COMPLETE
267,0.07611605952197595,2026-04-22 00:27:50.528770,2026-04-22 00:27:51.216064,0 days 00:00:00.687294,3.526507439266652,9.056783231971615,0.5929294352733535,COMPLETE
268,0.07634742822547329,2026-04-22 00:27:51.216096,2026-04-22 00:27:51.911603,0 days 00:00:00.695507,3.4314638713555414,9.38725858193282,0.5537049365457063,COMPLETE
269,0.07620896927488828,2026-04-22 00:27:51.911637,2026-04-22 00:27:52.601981,0 days 00:00:00.690344,2.8578709191098493,9.347843702543166,0.5891499570789629,COMPLETE
270,0.07671857875641444,2026-04-22 00:27:52.602015,2026-04-22 00:27:53.290243,0 days 00:00:00.688228,3.580253432613534,9.599853382587565,0.611978586744005,COMPLETE
271,0.07625491642590938,2026-04-22 00:27:53.290276,2026-04-22 00:27:53.988198,0 days 00:00:00.697922,3.081703285068544,9.024513078985965,0.5413371575351249,COMPLETE
272,0.07646543860696625,2026-04-22 00:27:53.988230,2026-04-22 00:27:54.687858,0 days 00:00:00.699628,3.7611985152434118,9.480409166100307,0.5760116352274709,COMPLETE
273,0.07632079663292535,2026-04-22 00:27:54.687891,2026-04-22 00:27:55.375147,0 days 00:00:00.687256,3.392797447069706,9.198434184185825,0.5343815220909689,COMPLETE
274,0.011677042704936415,2026-04-22 00:27:55.375180,2026-04-22 00:27:56.084335,0 days 00:00:00.709155,3.166727711647904,9.634850008521825,0.003543737843705319,COMPLETE
275,0.07686034723374585,2026-04-22 00:27:56.084366,2026-04-22 00:27:56.785616,0 days 00:00:00.701250,3.5273237910612223,9.417588850671132,0.5569971417564306,COMPLETE
276,0.0767609426123544,2026-04-22 00:27:56.785649,2026-04-22 00:27:57.478501,0 days 00:00:00.692852,3.727547987584174,9.603232063641048,0.5083322192305391,COMPLETE
277,0.07691492507381383,2026-04-22 00:27:57.478537,2026-04-22 00:27:58.171001,0 days 00:00:00.692464,3.5274220649373382,9.400810692232621,0.530726362867789,COMPLETE
278,0.07717383310610389,2026-04-22 00:27:58.171034,2026-04-22 00:27:58.861249,0 days 00:00:00.690215,3.6031191477847164,9.659517036717334,0.5524764806390672,COMPLETE
279,0.06064755896659566,2026-04-22 00:27:58.861280,2026-04-22 00:27:59.543096,0 days 00:00:00.681816,5.995617186312089,9.703120088001352,0.5351389520248993,COMPLETE
280,0.07705740466535396,2026-04-22 00:27:59.543128,2026-04-22 00:28:00.229686,0 days 00:00:00.686558,3.8372666224971974,9.634857510052678,0.5596537895864215,COMPLETE
281,0.07631203006178858,2026-04-22 00:28:00.229718,2026-04-22 00:28:00.916551,0 days 00:00:00.686833,3.831976066441693,9.677708638458041,0.6008311418204253,COMPLETE
282,0.07545169438439887,2026-04-22 00:28:00.916583,2026-04-22 00:28:01.595560,0 days 00:00:00.678977,4.214264868222827,9.820447479925688,0.5504541193164008,COMPLETE
283,0.06084136529985967,2026-04-22 00:28:01.595592,2026-04-22 00:28:02.291290,0 days 00:00:00.695698,3.6976371123702707,9.631570629547328,0.09430318938336557,COMPLETE
284,0.07621638810764708,2026-04-22 00:28:02.291366,2026-04-22 00:28:03.003878,0 days 00:00:00.712512,3.9501527946685293,9.829800163571681,0.5824027984444621,COMPLETE
285,0.07608668930161387,2026-04-22 00:28:03.003910,2026-04-22 00:28:03.703206,0 days 00:00:00.699296,3.632168839016265,9.204599351112659,0.5610205750614109,COMPLETE
286,0.0765003807497994,2026-04-22 00:28:03.703238,2026-04-22 00:28:04.400988,0 days 00:00:00.697750,3.884233771398161,9.52680977574647,0.5291107374780987,COMPLETE
287,0.0719695947307736,2026-04-22 00:28:04.401020,2026-04-22 00:28:05.097084,0 days 00:00:00.696064,4.961553278079898,9.991977935700945,0.5867190800731554,COMPLETE
288,0.07687224257064176,2026-04-22 00:28:05.097115,2026-04-22 00:28:05.781360,0 days 00:00:00.684245,3.586446548224352,9.682443018350238,0.5592500184132199,COMPLETE
289,0.07653092316256865,2026-04-22 00:28:05.781392,2026-04-22 00:28:06.465748,0 days 00:00:00.684356,3.2768404646458955,9.806762034068084,0.6208017885255954,COMPLETE
290,0.07652469547392168,2026-04-22 00:28:06.465780,2026-04-22 00:28:07.151163,0 days 00:00:00.685383,3.5385658737682184,8.987953458735046,0.5460625874230336,COMPLETE
291,0.07605526414907114,2026-04-22 00:28:07.151197,2026-04-22 00:28:07.151893,0 days 00:00:00.000696,3.8197760994134504,9.24790999542669,0.5256619293541385,COMPLETE
292,0.0760613789882229,2026-04-22 00:28:07.151924,2026-04-22 00:28:07.838214,0 days 00:00:00.686290,3.265017730930162,9.639429098670863,0.5792177754731183,COMPLETE
293,0.07649279754277331,2026-04-22 00:28:07.838246,2026-04-22 00:28:08.527534,0 days 00:00:00.689288,3.456113646639871,9.470219160248046,0.5520588119838827,COMPLETE
294,0.07579192431719879,2026-04-22 00:28:08.527573,2026-04-22 00:28:09.213006,0 days 00:00:00.685433,4.1158895889932845,9.801481992324875,0.6029996113217199,COMPLETE
295,0.07641613443289268,2026-04-22 00:28:09.213036,2026-04-22 00:28:09.902828,0 days 00:00:00.689792,3.714028230028019,9.424623843729709,0.5189718724596845,COMPLETE
296,0.07633454421961339,2026-04-22 00:28:09.902860,2026-04-22 00:28:10.588188,0 days 00:00:00.685328,3.015217191504232,9.62350984379382,0.5657942163418884,COMPLETE
297,0.07697818695697548,2026-04-22 00:28:10.588220,2026-04-22 00:28:11.272051,0 days 00:00:00.683831,3.199484831453001,9.98209726481585,0.5366052540788339,COMPLETE
298,0.07683609388087458,2026-04-22 00:28:11.272082,2026-04-22 00:28:11.960567,0 days 00:00:00.688485,2.806324282444556,9.963429234938634,0.5113162262388624,COMPLETE
299,0.07645583962873961,2026-04-22 00:28:11.960599,2026-04-22 00:28:12.657994,0 days 00:00:00.697395,3.179179178067258,9.98352870746581,0.5382956034012961,COMPLETE
300,0.03756435752408258,2026-04-22 00:28:12.658027,2026-04-22 00:28:13.339179,0 days 00:00:00.681152,9.883354858525506,9.791995705045402,0.41475752777518016,COMPLETE
301,0.07618538497058888,2026-04-22 00:28:13.339214,2026-04-22 00:28:14.040627,0 days 00:00:00.701413,3.3069654264988824,9.273790054693766,0.5373494919491194,COMPLETE
302,0.07676233298619499,2026-04-22 00:28:14.040659,2026-04-22 00:28:14.729502,0 days 00:00:00.688843,3.0809688442187073,9.997401281213286,0.37774378117044033,COMPLETE
303,0.07681118720374677,2026-04-22 00:28:14.729538,2026-04-22 00:28:15.425654,0 days 00:00:00.696116,3.4281003880781964,9.499009808938837,0.5062573909597294,COMPLETE
304,0.07609836380161904,2026-04-22 00:28:15.425687,2026-04-22 00:28:16.106744,0 days 00:00:00.681057,2.818326452495532,9.064081862258808,0.5818138110138285,COMPLETE
305,0.07652288309524599,2026-04-22 00:28:16.106775,2026-04-22 00:28:16.805977,0 days 00:00:00.699202,3.267724022921406,9.783595725504687,0.5248924636424075,COMPLETE
306,0.07637748858067053,2026-04-22 00:28:16.806009,2026-04-22 00:28:17.490841,0 days 00:00:00.684832,3.831686946982855,9.324796104304273,0.6072335807695349,COMPLETE
307,0.07082543969514186,2026-04-22 00:28:17.490872,2026-04-22 00:28:18.178267,0 days 00:00:00.687395,3.5263628408373506,4.89029602147037,0.5565633653843073,COMPLETE
308,0.07652539435655577,2026-04-22 00:28:18.178300,2026-04-22 00:28:18.873849,0 days 00:00:00.695549,3.11219713164677,9.63110716365149,0.4915649808530682,COMPLETE
309,0.0770255542877599,2026-04-22 00:28:18.873882,2026-04-22 00:28:19.557871,0 days 00:00:00.683989,3.387755159796001,9.798563041736283,0.5806683064038236,COMPLETE
310,0.07643242218971988,2026-04-22 00:28:19.557903,2026-04-22 00:28:20.235231,0 days 00:00:00.677328,3.6643125238328285,9.777509349735656,0.6207747884340777,COMPLETE
311,0.07655274167857032,2026-04-22 00:28:20.235262,2026-04-22 00:28:20.932505,0 days 00:00:00.697243,3.3822035120535476,9.856607929292396,0.5883179357251777,COMPLETE
312,0.0455534030648612,2026-04-22 00:28:20.932537,2026-04-22 00:28:21.603999,0 days 00:00:00.671462,5.36824197395642,2.981421891246222,0.5401514405125994,COMPLETE
313,0.07680716585634732,2026-04-22 00:28:21.604033,2026-04-22 00:28:22.289541,0 days 00:00:00.685508,3.9252203805695483,9.996889229409922,0.5126621058503251,COMPLETE
314,0.07652843673521323,2026-04-22 00:28:22.289578,2026-04-22 00:28:22.978567,0 days 00:00:00.688989,3.509892185465971,9.608834224909982,0.5683897229623907,COMPLETE
315,0.07621995285725805,2026-04-22 00:28:22.978601,2026-04-22 00:28:23.669571,0 days 00:00:00.690970,3.6967358451405743,9.502028718440554,0.598848141411015,COMPLETE
316,0.07670699069179931,2026-04-22 00:28:23.669603,2026-04-22 00:28:24.361937,0 days 00:00:00.692334,3.3592130462208765,9.799953895035944,0.43073560429333935,COMPLETE
317,0.07610858298728103,2026-04-22 00:28:24.361970,2026-04-22 00:28:25.053988,0 days 00:00:00.692018,3.2044868928585237,9.41828778821182,0.529663283253418,COMPLETE
318,0.0757819715406717,2026-04-22 00:28:25.054026,2026-04-22 00:28:25.733182,0 days 00:00:00.679156,3.9768296560891025,9.248394650389153,0.48397539531672207,COMPLETE
319,0.07617675476625563,2026-04-22 00:28:25.733213,2026-04-22 00:28:26.423596,0 days 00:00:00.690383,3.584375888701656,9.68344659049138,0.6585516655099763,COMPLETE
320,0.07575188950689721,2026-04-22 00:28:26.423628,2026-04-22 00:28:27.108916,0 days 00:00:00.685288,3.0569341441165463,9.133998686019291,0.5495084464714353,COMPLETE
321,0.07705638101968305,2026-04-22 00:28:27.108948,2026-04-22 00:28:27.792676,0 days 00:00:00.683728,3.398518946257006,9.821605111052193,0.5035258354276531,COMPLETE
322,0.07679590057792089,2026-04-22 00:28:27.792708,2026-04-22 00:28:28.483246,0 days 00:00:00.690538,3.278096971866474,9.805108331717575,0.5716613481243761,COMPLETE
323,0.07640295634845722,2026-04-22 00:28:28.483283,2026-04-22 00:28:29.184156,0 days 00:00:00.700873,3.798854077088678,9.996714669271986,0.5260007140205908,COMPLETE
324,0.07462082278110341,2026-04-22 00:28:29.184189,2026-04-22 00:28:29.861133,0 days 00:00:00.676944,4.5189842052360465,9.64986224442247,0.590023862733127,COMPLETE
325,0.07647220430483508,2026-04-22 00:28:29.861164,2026-04-22 00:28:30.548428,0 days 00:00:00.687264,3.645249483235987,9.810652738946704,0.5529429477199982,COMPLETE
326,0.07563979615716278,2026-04-22 00:28:30.548462,2026-04-22 00:28:31.231251,0 days 00:00:00.682789,4.178883927025616,9.567652802396179,0.5053592101463855,COMPLETE
327,0.07638442707403835,2026-04-22 00:28:31.231285,2026-04-22 00:28:31.913760,0 days 00:00:00.682475,3.4256436934171033,9.797409259714387,0.6218016111242247,COMPLETE
328,0.04962824101202816,2026-04-22 00:28:31.913790,2026-04-22 00:28:32.592154,0 days 00:00:00.678364,7.083532975496418,9.561204621522656,0.47287321219515943,COMPLETE
329,0.07686413033328258,2026-04-22 00:28:32.592189,2026-04-22 00:28:33.291766,0 days 00:00:00.699577,3.000658740315595,9.837513733001662,0.5347189761236345,COMPLETE
330,0.07623920396786198,2026-04-22 00:28:33.291808,2026-04-22 00:28:34.004380,0 days 00:00:00.712572,3.206269988557361,9.465420006128948,0.5800125225472182,COMPLETE
331,0.07696339475631708,2026-04-22 00:28:34.004412,2026-04-22 00:28:34.700087,0 days 00:00:00.695675,3.780465308741168,9.977558214838231,0.5151289000667418,COMPLETE
332,0.072497106722243,2026-04-22 00:28:34.700120,2026-04-22 00:28:35.391923,0 days 00:00:00.691803,3.9261042618926196,9.9790975133856,0.18901440351046522,COMPLETE
333,0.07660926218314516,2026-04-22 00:28:35.391955,2026-04-22 00:28:36.081167,0 days 00:00:00.689212,3.762972850947853,9.98089955597595,0.4992522814437545,COMPLETE
334,0.07515831785873668,2026-04-22 00:28:36.081199,2026-04-22 00:28:36.763409,0 days 00:00:00.682210,4.072724917559151,9.694355169971507,0.4565987064832841,COMPLETE
335,0.07654245003193319,2026-04-22 00:28:36.763441,2026-04-22 00:28:37.453265,0 days 00:00:00.689824,3.630842049922337,9.783774766845728,0.5163564985257151,COMPLETE
336,0.07660646951281183,2026-04-22 00:28:37.453297,2026-04-22 00:28:38.152015,0 days 00:00:00.698718,3.313755867903795,9.67444153925516,0.5526800200473635,COMPLETE
337,0.07498344915860604,2026-04-22 00:28:38.152049,2026-04-22 00:28:38.877122,0 days 00:00:00.725073,4.297525501301325,9.980717520777533,0.6047823420222198,COMPLETE
338,0.06951154574280533,2026-04-22 00:28:38.877157,2026-04-22 00:28:38.888569,0 days 00:00:00.011412,3.4885366341806736,4.549481612311507,0.48564798679480875,COMPLETE
339,0.07682027379355112,2026-04-22 00:28:38.888601,2026-04-22 00:28:39.592598,0 days 00:00:00.703997,2.9728780993793604,9.627293316424591,0.5646978684682333,COMPLETE
340,0.0766391284055736,2026-04-22 00:28:39.592629,2026-04-22 00:28:40.276453,0 days 00:00:00.683824,3.2322416463889185,9.833586112482422,0.5155610967209328,COMPLETE
341,0.07610105165546051,2026-04-22 00:28:40.276487,2026-04-22 00:28:40.963597,0 days 00:00:00.687110,3.815526996016719,9.518361424351477,0.5436499217545493,COMPLETE
342,0.07688108904571964,2026-04-22 00:28:40.963635,2026-04-22 00:28:41.649281,0 days 00:00:00.685646,3.4678130724174867,9.797864736233386,0.5782379976249171,COMPLETE
343,0.07069830167285933,2026-04-22 00:28:41.649313,2026-04-22 00:28:42.339398,0 days 00:00:00.690085,3.689398931369686,5.240118230658138,0.4355029108261316,COMPLETE
344,0.07649950783535404,2026-04-22 00:28:42.339429,2026-04-22 00:28:43.022730,0 days 00:00:00.683301,3.1507164959518477,9.987217634342276,0.6448125005583297,COMPLETE
345,0.07690806360708044,2026-04-22 00:28:43.022762,2026-04-22 00:28:43.712940,0 days 00:00:00.690178,2.67989670867234,9.33250003733948,0.4731599460299229,COMPLETE
346,0.07594749958654541,2026-04-22 00:28:43.712972,2026-04-22 00:28:44.395263,0 days 00:00:00.682291,4.0041831894552935,9.669044297615923,0.5028508489826283,COMPLETE
347,0.07626834363804355,2026-04-22 00:28:44.395298,2026-04-22 00:28:45.087950,0 days 00:00:00.692652,3.3280589073425846,9.4836050026205,0.6002269711716329,COMPLETE
348,0.07676780002711966,2026-04-22 00:28:45.087993,2026-04-22 00:28:45.774273,0 days 00:00:00.686280,3.5683673377755496,9.992789801641086,0.5501869261300418,COMPLETE
349,0.07649562137484574,2026-04-22 00:28:45.774302,2026-04-22 00:28:46.456044,0 days 00:00:00.681742,2.9479209299820193,9.202307250653647,0.3922847340104321,COMPLETE
350,0.0766207873023034,2026-04-22 00:28:46.456078,2026-04-22 00:28:47.145208,0 days 00:00:00.689130,3.8102548636537215,9.692202340539273,0.5306320015175702,COMPLETE
351,0.07642415152067986,2026-04-22 00:28:47.145239,2026-04-22 00:28:47.832050,0 days 00:00:00.686811,3.3960523285346547,9.80908855234512,0.6232736178265157,COMPLETE
352,0.07600103565213047,2026-04-22 00:28:47.832082,2026-04-22 00:28:48.526833,0 days 00:00:00.694751,3.130641768955888,9.490360561477221,0.5681170594898844,COMPLETE
353,0.07657064684277243,2026-04-22 00:28:48.526868,2026-04-22 00:28:49.222234,0 days 00:00:00.695366,3.6447443074230463,8.985940464754085,0.4915720082425506,COMPLETE
354,0.07662978246668815,2026-04-22 00:28:49.222271,2026-04-22 00:28:49.902861,0 days 00:00:00.680590,3.3308507697690044,9.64645066070513,0.5176632916793399,COMPLETE
355,0.07608689228596585,2026-04-22 00:28:49.902899,2026-04-22 00:28:50.589863,0 days 00:00:00.686964,3.5010425227326127,9.313879135180306,0.5907184221291287,COMPLETE
356,0.07619434893808405,2026-04-22 00:28:50.589894,2026-04-22 00:28:51.273807,0 days 00:00:00.683913,4.038631999434693,9.839870217139447,0.45654627305439444,COMPLETE
357,0.07618422407769129,2026-04-22 00:28:51.273838,2026-04-22 00:28:51.960613,0 days 00:00:00.686775,3.7886072452422246,9.534455770104078,0.5530899985693211,COMPLETE
358,0.07662182868125772,2026-04-22 00:28:51.960644,2026-04-22 00:28:52.643296,0 days 00:00:00.682652,3.1136099880668544,9.811397970545949,0.575346937075685,COMPLETE
359,0.04426420632612637,2026-04-22 00:28:52.643328,2026-04-22 00:28:53.312143,0 days 00:00:00.668815,4.712935273070851,1.1959016999638101,0.5364144745262535,COMPLETE
360,0.0764911398609484,2026-04-22 00:28:53.312174,2026-04-22 00:28:53.997734,0 days 00:00:00.685560,2.7780502753772356,9.99843999679733,0.5171502468944871,COMPLETE
361,0.07445801418239732,2026-04-22 00:28:53.997768,2026-04-22 00:28:54.690994,0 days 00:00:00.693226,3.6243648901090593,7.049779955393914,0.4930222055086878,COMPLETE
362,0.07617069203551928,2026-04-22 00:28:54.691025,2026-04-22 00:28:55.370566,0 days 00:00:00.679541,3.29595464494728,9.31516848137287,0.5649412521784505,COMPLETE
363,0.07692491263255967,2026-04-22 00:28:55.370597,2026-04-22 00:28:56.059843,0 days 00:00:00.689246,3.4848829064486617,9.636517907531916,0.6058775446530443,COMPLETE
364,0.07647173485926788,2026-04-22 00:28:56.059876,2026-04-22 00:28:56.744113,0 days 00:00:00.684237,2.9565874666426972,9.473577664771582,0.6292976695858629,COMPLETE
365,0.07261693039076285,2026-04-22 00:28:56.744146,2026-04-22 00:28:57.425151,0 days 00:00:00.681005,3.881291534081308,6.130832333059067,0.6114995036451184,COMPLETE
366,0.07585741836374359,2026-04-22 00:28:57.425182,2026-04-22 00:28:58.105671,0 days 00:00:00.680489,3.2100335109153835,9.106757893909764,0.5961742677148457,COMPLETE
367,0.07587154137423442,2026-04-22 00:28:58.105705,2026-04-22 00:28:58.800019,0 days 00:00:00.694314,3.4575983381074877,9.650579182757523,0.6402468321007262,COMPLETE
368,0.07700034242547628,2026-04-22 00:28:58.800051,2026-04-22 00:28:59.500948,0 days 00:00:00.700897,3.6971044966636173,9.830125638600533,0.6072620512968875,COMPLETE
369,0.07644506460519182,2026-04-22 00:28:59.500982,2026-04-22 00:29:00.179718,0 days 00:00:00.678736,3.73518384873094,9.823244023777296,0.6286459131225928,COMPLETE
370,0.07593752407482318,2026-04-22 00:29:00.179748,2026-04-22 00:29:00.876314,0 days 00:00:00.696566,4.174699185086526,9.82300090542165,0.6560755205806195,COMPLETE
371,0.07603891597985442,2026-04-22 00:29:00.876347,2026-04-22 00:29:01.559265,0 days 00:00:00.682918,3.8459541444128162,9.395970310690442,0.5958572220370969,COMPLETE
372,0.075923200798696,2026-04-22 00:29:01.559297,2026-04-22 00:29:02.238902,0 days 00:00:00.679605,3.998506142977045,9.993738439399538,0.6019443212948205,COMPLETE
373,0.07640480468953213,2026-04-22 00:29:02.238933,2026-04-22 00:29:02.926962,0 days 00:00:00.688029,3.6135795406994817,9.609547572826333,0.4194400156536046,COMPLETE
374,0.07677237718609539,2026-04-22 00:29:02.926993,2026-04-22 00:29:03.609324,0 days 00:00:00.682331,3.47630470670574,9.763552976090178,0.6182624219365677,COMPLETE
375,0.06332153021035407,2026-04-22 00:29:03.609357,2026-04-22 00:29:04.294593,0 days 00:00:00.685236,5.6941249962535645,9.259224221501182,0.5832094394202709,COMPLETE
376,0.07543552526408205,2026-04-22 00:29:04.294626,2026-04-22 00:29:04.992421,0 days 00:00:00.697795,4.35647939644047,9.52851953920764,0.5713988773452149,COMPLETE
377,0.0765130189620019,2026-04-22 00:29:04.992453,2026-04-22 00:29:05.681852,0 days 00:00:00.689399,3.720644459007983,9.991101362449422,0.6090297345140627,COMPLETE
378,0.07652159652735821,2026-04-22 00:29:05.681885,2026-04-22 00:29:06.360608,0 days 00:00:00.678723,3.379203313665726,8.903379989401078,0.5798434432718467,COMPLETE
379,0.07629493548116398,2026-04-22 00:29:06.360640,2026-04-22 00:29:07.054173,0 days 00:00:00.693533,3.651162679617546,9.699843767440592,0.6157317997976014,COMPLETE
380,0.07583775082023217,2026-04-22 00:29:07.054218,2026-04-22 00:29:07.754882,0 days 00:00:00.700664,3.9513859554044957,9.818135548915931,0.6625767158928173,COMPLETE
381,0.07691646005085648,2026-04-22 00:29:07.754914,2026-04-22 00:29:08.435149,0 days 00:00:00.680235,3.443967688495376,9.49412429501667,0.44568607173857683,COMPLETE
382,0.07670411297162442,2026-04-22 00:29:08.435181,2026-04-22 00:29:09.120676,0 days 00:00:00.685495,3.0925234229432474,9.154138079799298,0.5888812038478694,COMPLETE
383,0.07666107520494769,2026-04-22 00:29:09.120709,2026-04-22 00:29:09.830943,0 days 00:00:00.710234,3.5985944134828487,9.38888758097797,0.5583599167847215,COMPLETE
384,0.07667914779440906,2026-04-22 00:29:09.830974,2026-04-22 00:29:10.537251,0 days 00:00:00.706277,3.3096758368912944,9.673179118208287,0.46192726328425743,COMPLETE
385,0.04487188808705403,2026-04-22 00:29:10.537285,2026-04-22 00:29:10.534125,-1 days +23:59:59.996840,8.208635863821721,9.852091478215321,0.6305005331431474,COMPLETE
386,0.07540051382687935,2026-04-22 00:29:10.534156,2026-04-22 00:29:11.215205,0 days 00:00:00.681049,4.125600310996139,9.638208338182698,0.4786654523924503,COMPLETE
387,0.07664405917357812,2026-04-22 00:29:11.215236,2026-04-22 00:29:11.913476,0 days 00:00:00.698240,2.902286329547561,9.370726803070866,0.5507383531344301,COMPLETE
388,0.0766770869395036,2026-04-22 00:29:11.913509,2026-04-22 00:29:12.619848,0 days 00:00:00.706339,3.7251549594294486,9.993148935389867,0.5897218837173677,COMPLETE
389,0.07619322593531369,2026-04-22 00:29:12.619881,2026-04-22 00:29:13.352965,0 days 00:00:00.733084,3.1168077787819044,9.780090688317078,0.5757254369584058,COMPLETE
390,0.07575625063644904,2026-04-22 00:29:13.352999,2026-04-22 00:29:14.073199,0 days 00:00:00.720200,3.850448033910746,9.562488353292913,0.40656309285331355,COMPLETE
391,0.0661989697637522,2026-04-22 00:29:14.073233,2026-04-22 00:29:14.801387,0 days 00:00:00.728154,3.455129430698736,3.6714257674256547,0.5584524059242015,COMPLETE
392,0.07600240879046767,2026-04-22 00:29:14.801421,2026-04-22 00:29:15.486780,0 days 00:00:00.685359,3.2714124007393584,9.17972076424245,0.36031305971519656,COMPLETE
393,0.07646251684231868,2026-04-22 00:29:15.486812,2026-04-22 00:29:16.170918,0 days 00:00:00.684106,3.5708432465405355,9.994662080078937,0.611120725210464,COMPLETE
394,0.07678063445973658,2026-04-22 00:29:16.170950,2026-04-22 00:29:16.858745,0 days 00:00:00.687795,3.7888173959254527,9.489411383363827,0.5044691500749517,COMPLETE
395,0.07676234608275032,2026-04-22 00:29:16.858777,2026-04-22 00:29:17.554548,0 days 00:00:00.695771,3.2817781214637467,9.72967125968438,0.5344652126455914,COMPLETE
