number,value,datetime_start,datetime_complete,duration,params_alpha,params_beta,params_decay_factor,state
396,0.07183993478890702,2026-04-22 00:03:40.135775,2026-04-22 00:03:40.470368,0 days 00:00:00.334593,2.3144870766970618,9.971021231031587,0.4819797378958714,COMPLETE
397,0.07186914391824456,2026-04-22 00:03:40.470402,2026-04-22 00:03:40.801858,0 days 00:00:00.331456,1.7668100201600896,9.611593125117743,0.6138303816657245,COMPLETE
398,0.0719165688348279,2026-04-22 00:03:40.801890,2026-04-22 00:03:41.135297,0 days 00:00:00.333407,2.1158386681545758,9.632499946769936,0.5875619861604857,COMPLETE
399,0.07159567415946488,2026-04-22 00:03:41.135330,2026-04-22 00:03:41.488892,0 days 00:00:00.353562,1.8730665186890965,9.42419075676605,0.5618698740537056,COMPLETE
400,0.07214403911057311,2026-04-22 00:03:41.488926,2026-04-22 00:03:41.827320,0 days 00:00:00.338394,2.287328006825048,9.282585604847759,0.5220730509321708,COMPLETE
401,0.07106367533573553,2026-04-22 00:03:41.827355,2026-04-22 00:03:42.161782,0 days 00:00:00.334427,1.6538074285038922,9.596426560470547,0.6055954371826175,COMPLETE
402,0.07147142773612097,2026-04-22 00:03:42.161815,2026-04-22 00:03:42.493896,0 days 00:00:00.332081,2.708290694839074,9.298768705285317,0.5471393828144161,COMPLETE
403,0.07128937614322431,2026-04-22 00:03:42.493928,2026-04-22 00:03:42.820490,0 days 00:00:00.326562,2.055478825954584,8.400820557544243,0.587864288610073,COMPLETE
404,0.07103020682547438,2026-04-22 00:03:42.820522,2026-04-22 00:03:43.154116,0 days 00:00:00.333594,2.365301788880309,9.486365659143747,0.49600701688590176,COMPLETE
405,0.06972491487178625,2026-04-22 00:03:43.154149,2026-04-22 00:03:43.487141,0 days 00:00:00.332992,2.13833181926082,8.651858267301096,0.963997347723905,COMPLETE
406,0.07074265703254241,2026-04-22 00:03:43.487173,2026-04-22 00:03:43.825095,0 days 00:00:00.337922,1.9160578325209934,9.246463284029304,0.2773807404308395,COMPLETE
407,0.07160090576005662,2026-04-22 00:03:43.825128,2026-04-22 00:03:44.152063,0 days 00:00:00.326935,1.4412437908195213,8.91905530667155,0.5706255562497943,COMPLETE
408,0.0717281040146509,2026-04-22 00:03:44.152097,2026-04-22 00:03:44.493869,0 days 00:00:00.341772,2.58812353710389,9.748149631525653,0.6281068008310889,COMPLETE
409,0.07005456357229328,2026-04-22 00:03:44.493902,2026-04-22 00:03:44.827064,0 days 00:00:00.333162,1.6961049906356531,9.440393985849992,0.37632311724269013,COMPLETE
410,0.0701180313857963,2026-04-22 00:03:44.827098,2026-04-22 00:03:45.164174,0 days 00:00:00.337076,0.5374108335548948,9.105732691636483,0.616130143066007,COMPLETE
411,0.07199372057339788,2026-04-22 00:03:45.164206,2026-04-22 00:03:45.501936,0 days 00:00:00.337730,2.261994414848555,8.76870345611251,0.5309189663385755,COMPLETE
412,0.07156911672790929,2026-04-22 00:03:45.501968,2026-04-22 00:03:45.843387,0 days 00:00:00.341419,1.9372862426978075,9.265490136658723,0.40966850860607174,COMPLETE
413,0.0722076693748862,2026-04-22 00:03:45.843419,2026-04-22 00:03:46.168488,0 days 00:00:00.325069,2.4042923774932383,9.66389258505665,0.5840287137589933,COMPLETE
414,0.04636650471937244,2026-04-22 00:03:46.168521,2026-04-22 00:03:46.498267,0 days 00:00:00.329746,2.1168074266091295,0.5423199843583939,0.5579502509698673,COMPLETE
415,0.0718695676964841,2026-04-22 00:03:46.498309,2026-04-22 00:03:46.825947,0 days 00:00:00.327638,2.8041384091365256,8.990433716962063,0.6432967495027351,COMPLETE
416,0.07156339735970617,2026-04-22 00:03:46.825978,2026-04-22 00:03:47.156369,0 days 00:00:00.330391,1.8048872895110315,9.992395304443578,0.5967346700787785,COMPLETE
417,0.07225012355507106,2026-04-22 00:03:47.156403,2026-04-22 00:03:47.491780,0 days 00:00:00.335377,2.0222142332704878,9.494635955297923,0.6111125955147503,COMPLETE
418,0.07031765628193339,2026-04-22 00:03:47.491819,2026-04-22 00:03:47.833133,0 days 00:00:00.341314,2.510783909783095,8.571390502537115,0.5713429688190438,COMPLETE
419,0.07146588429541521,2026-04-22 00:03:47.833167,2026-04-22 00:03:48.167822,0 days 00:00:00.334655,1.2849027436559788,8.818156020109368,0.5107211012716844,COMPLETE
420,0.069482057169427,2026-04-22 00:03:48.167855,2026-04-22 00:03:48.510655,0 days 00:00:00.342800,0.06807780118132234,9.161099584952394,0.6318283795796792,COMPLETE
421,0.03775064193748248,2026-04-22 00:03:48.510688,2026-04-22 00:03:48.838330,0 days 00:00:00.327642,8.82622114391749,8.99558351966543,0.5440182145645446,COMPLETE
422,0.07190709676731842,2026-04-22 00:03:48.838364,2026-04-22 00:03:49.172583,0 days 00:00:00.334219,2.285959539627699,9.345536631040382,0.5944087626454216,COMPLETE
423,0.07115888844412839,2026-04-22 00:03:49.172615,2026-04-22 00:03:49.509844,0 days 00:00:00.337229,1.6456295435041817,8.490287499619365,0.5738716755136065,COMPLETE
424,0.07159268117306264,2026-04-22 00:03:49.509880,2026-04-22 00:03:49.845351,0 days 00:00:00.335471,1.9526796490782479,8.73909289683902,0.4691532174872436,COMPLETE
425,0.07154816915064047,2026-04-22 00:03:49.845384,2026-04-22 00:03:50.189827,0 days 00:00:00.344443,2.18714705198334,9.542287853769585,0.6616828175626335,COMPLETE
426,0.07150547783443355,2026-04-22 00:03:50.189860,2026-04-22 00:03:50.524187,0 days 00:00:00.334327,2.6204791860946246,9.762445185717093,0.5524358972405564,COMPLETE
427,0.06463088268889247,2026-04-22 00:03:50.524218,2026-04-22 00:03:50.857689,0 days 00:00:00.333471,3.0628700888919584,3.5594620038024907,0.2957948632723362,COMPLETE
428,0.06900897871626198,2026-04-22 00:03:50.857723,2026-04-22 00:03:51.198069,0 days 00:00:00.340346,1.7848312735383811,5.228985140516615,0.6163610120424419,COMPLETE
429,0.038696777388653056,2026-04-22 00:03:51.198103,2026-04-22 00:03:51.528327,0 days 00:00:00.330224,5.5910914125077955,1.5593585150914864,0.5287596553100867,COMPLETE
430,0.07155316881647143,2026-04-22 00:03:51.528367,2026-04-22 00:03:51.869966,0 days 00:00:00.341599,2.4179432682813826,9.190202207230348,0.6879407214643352,COMPLETE
431,0.07067068630184302,2026-04-22 00:03:51.870003,2026-04-22 00:03:52.206948,0 days 00:00:00.336945,2.1143011919128605,8.116635695188922,0.6454325285901521,COMPLETE
432,0.07134790471628959,2026-04-22 00:03:52.206982,2026-04-22 00:03:52.543186,0 days 00:00:00.336204,1.571516238108286,8.947123438083052,0.6015141290729392,COMPLETE
433,0.07210241296381198,2026-04-22 00:03:52.543227,2026-04-22 00:03:52.873833,0 days 00:00:00.330606,2.278216073969222,9.358026036308505,0.5815893948817711,COMPLETE
434,0.0703001051615588,2026-04-22 00:03:52.873868,2026-04-22 00:03:53.205814,0 days 00:00:00.331946,1.9185112820679453,9.065628166255303,0.3240081705596782,COMPLETE
435,0.04008418648084689,2026-04-22 00:03:53.205845,2026-04-22 00:03:53.534188,0 days 00:00:00.328343,8.026009166686283,8.727406936376704,0.6270671072467767,COMPLETE
436,0.07322215400989016,2026-04-22 00:03:53.534240,2026-04-22 00:03:53.874694,0 days 00:00:00.340454,2.8687232829136056,9.187701941380672,0.5546905368249596,COMPLETE
437,0.07178442997393676,2026-04-22 00:03:53.874726,2026-04-22 00:03:53.563540,-1 days +23:59:59.688814,2.9891663701424056,9.510395450972947,0.5168098129820496,COMPLETE
438,0.07191096749189392,2026-04-22 00:03:53.563573,2026-04-22 00:03:53.905713,0 days 00:00:00.342140,3.1749737665721223,9.26931303225118,0.5450085915324452,COMPLETE
439,0.07204028564062294,2026-04-22 00:03:53.905748,2026-04-22 00:03:54.238354,0 days 00:00:00.332606,2.8536241194014575,9.749571844207987,0.5573718337018058,COMPLETE
440,0.07181528334754664,2026-04-22 00:03:54.238388,2026-04-22 00:03:54.574664,0 days 00:00:00.336276,2.7137047077408907,9.1320373577447,0.4914097158904188,COMPLETE
441,0.07182043644768282,2026-04-22 00:03:54.574697,2026-04-22 00:03:54.908447,0 days 00:00:00.333750,2.864310531815417,9.397578676540386,0.35204232727008056,COMPLETE
442,0.07195537044022955,2026-04-22 00:03:54.908480,2026-04-22 00:03:55.248030,0 days 00:00:00.339550,2.615048797577467,9.641779772168396,0.25834897604699236,COMPLETE
443,0.07183319886164599,2026-04-22 00:03:55.248074,2026-04-22 00:03:55.583762,0 days 00:00:00.335688,3.2443147426198524,9.138918255203091,0.5245935265958176,COMPLETE
444,0.07069242880283527,2026-04-22 00:03:55.583796,2026-04-22 00:03:55.913928,0 days 00:00:00.330132,2.525855711299333,8.867661991549726,0.6011135471772507,COMPLETE
445,0.07184421944026768,2026-04-22 00:03:55.913961,2026-04-22 00:03:56.243377,0 days 00:00:00.329416,2.3621238051754485,9.28199164832506,0.5394997681419176,COMPLETE
446,0.0715096680824483,2026-04-22 00:03:56.243410,2026-04-22 00:03:56.574518,0 days 00:00:00.331108,2.764860791812737,9.462943035087317,0.5692018267955249,COMPLETE
447,0.0716221289469321,2026-04-22 00:03:56.574550,2026-04-22 00:03:56.906103,0 days 00:00:00.331553,2.2359425279231395,8.955138383693487,0.6223755921260017,COMPLETE
448,0.07162501627640948,2026-04-22 00:03:56.906135,2026-04-22 00:03:57.235611,0 days 00:00:00.329476,2.546526693241325,9.138967165742311,0.653359230774577,COMPLETE
449,0.07224283885553855,2026-04-22 00:03:57.235644,2026-04-22 00:03:57.570963,0 days 00:00:00.335319,2.109601280583544,9.643668535602755,0.5878770382664947,COMPLETE
450,0.0693789633553328,2026-04-22 00:03:57.570997,2026-04-22 00:03:57.910125,0 days 00:00:00.339128,4.511158269843968,9.985562952223829,0.5637490313498806,COMPLETE
451,0.07120949681216765,2026-04-22 00:03:57.910157,2026-04-22 00:03:58.252551,0 days 00:00:00.342394,2.338740309339139,9.308868900260483,0.5030060416821613,COMPLETE
452,0.07218838979511663,2026-04-22 00:03:58.252584,2026-04-22 00:03:58.581910,0 days 00:00:00.329326,1.8109496900082003,8.947039411595187,0.6002763708272345,COMPLETE
453,0.07244546241164038,2026-04-22 00:03:58.581941,2026-04-22 00:03:58.910722,0 days 00:00:00.328781,2.041972603610421,9.515156934830427,0.6348873098716062,COMPLETE
454,0.07181530679429055,2026-04-22 00:03:58.910754,2026-04-22 00:03:59.243174,0 days 00:00:00.332420,2.0360849403486614,9.78215640176187,0.6433997725426204,COMPLETE
455,0.07164590726165997,2026-04-22 00:03:59.243208,2026-04-22 00:03:59.582687,0 days 00:00:00.339479,1.5984748589870301,9.538015167363158,0.6343067704339769,COMPLETE
456,0.07106585755883539,2026-04-22 00:03:59.582721,2026-04-22 00:03:59.913692,0 days 00:00:00.330971,1.0645287274280804,9.480671892660261,0.6117824148069991,COMPLETE
457,0.07132447028272947,2026-04-22 00:03:59.913727,2026-04-22 00:04:00.252441,0 days 00:00:00.338714,1.8995891455894092,9.762427593682766,0.672536553228957,COMPLETE
458,0.07163374787953816,2026-04-22 00:04:00.252475,2026-04-22 00:04:00.584572,0 days 00:00:00.332097,2.1471318765256355,9.362392897998614,0.6599715533783412,COMPLETE
459,0.07108450766687169,2026-04-22 00:04:00.584622,2026-04-22 00:04:00.919089,0 days 00:00:00.334467,2.4175192913491896,9.603385375214234,0.6256498664848092,COMPLETE
460,0.04236253355288295,2026-04-22 00:04:00.919122,2026-04-22 00:04:01.244220,0 days 00:00:00.325098,7.601103835303,9.29650067686087,0.5871639335011057,COMPLETE
461,0.07129822402803875,2026-04-22 00:04:01.244252,2026-04-22 00:04:01.580641,0 days 00:00:00.336389,1.4257163091329315,9.137064672181397,0.6128140274027171,COMPLETE
462,0.07129737882231497,2026-04-22 00:04:01.580676,2026-04-22 00:04:01.915573,0 days 00:00:00.334897,1.7706113931744325,9.429273348760816,0.711706921227002,COMPLETE
463,0.07167256652194634,2026-04-22 00:04:01.915605,2026-04-22 00:04:02.251224,0 days 00:00:00.335619,2.0265401052593073,9.866031829223118,0.5501509220824089,COMPLETE
464,0.07202192865881038,2026-04-22 00:04:02.251257,2026-04-22 00:04:02.582975,0 days 00:00:00.331718,2.227533406585438,9.102855302419396,0.6413293129164938,COMPLETE
465,0.07131723416661889,2026-04-22 00:04:02.583008,2026-04-22 00:04:02.915184,0 days 00:00:00.332176,1.9105549028207727,9.64607522457521,0.6873243137630997,COMPLETE
466,0.07004284676691377,2026-04-22 00:04:02.915217,2026-04-22 00:04:03.247645,0 days 00:00:00.332428,2.4937516906153703,8.809650938494533,0.8915496670832432,COMPLETE
467,0.07241129639131096,2026-04-22 00:04:03.247678,2026-04-22 00:04:03.596129,0 days 00:00:00.348451,2.0981481291030897,9.28021174664739,0.5798035006379298,COMPLETE
468,0.07119839162150754,2026-04-22 00:04:03.596162,2026-04-22 00:04:03.934671,0 days 00:00:00.338509,1.7253983363052123,9.476321414485911,0.5349436552638203,COMPLETE
469,0.0590742275802323,2026-04-22 00:04:03.934705,2026-04-22 00:04:04.269503,0 days 00:00:00.334798,2.2792772146594613,2.5160344215676194,0.6029451713145164,COMPLETE
470,0.07126357073850403,2026-04-22 00:04:04.269537,2026-04-22 00:04:04.603067,0 days 00:00:00.333530,2.6195658231838883,9.031796273934146,0.19358434657504672,COMPLETE
471,0.07159880015756419,2026-04-22 00:04:04.603101,2026-04-22 00:04:04.945904,0 days 00:00:00.342803,2.030139292236448,9.226906890680304,0.5664767746510975,COMPLETE
472,0.07046200940711889,2026-04-22 00:04:04.945937,2026-04-22 00:04:05.275431,0 days 00:00:00.329494,2.3984604002150567,8.731107082512803,0.623244987177034,COMPLETE
473,0.06833890733185419,2026-04-22 00:04:05.275465,2026-04-22 00:04:05.612079,0 days 00:00:00.336614,1.5664308757843914,4.841128772051615,0.5183910559084212,COMPLETE
474,0.0715327701568284,2026-04-22 00:04:05.612122,2026-04-22 00:04:05.947526,0 days 00:00:00.335404,1.8247167424728166,9.613153935771651,0.656617926975697,COMPLETE
475,0.07152968765423756,2026-04-22 00:04:05.947560,2026-04-22 00:04:06.284022,0 days 00:00:00.336462,2.2197430078314193,8.963651451871076,0.5905267896790708,COMPLETE
476,0.07133017420690353,2026-04-22 00:04:06.284056,2026-04-22 00:04:06.620196,0 days 00:00:00.336140,1.9839848667281739,9.40699778059082,0.5586134385460056,COMPLETE
477,0.07179438591939737,2026-04-22 00:04:06.620232,2026-04-22 00:04:06.959516,0 days 00:00:00.339284,2.7480570729319234,9.181565519814608,0.6377887664022146,COMPLETE
478,0.06929749560416816,2026-04-22 00:04:06.959549,2026-04-22 00:04:07.300073,0 days 00:00:00.340524,2.209629431703887,5.5364269823660965,0.6135181853127532,COMPLETE
479,0.07176686419649361,2026-04-22 00:04:07.300106,2026-04-22 00:04:07.644228,0 days 00:00:00.344122,1.7046401807957676,8.589875894790527,0.5778782105291118,COMPLETE
480,0.06985853459023357,2026-04-22 00:04:07.644261,2026-04-22 00:04:07.984532,0 days 00:00:00.340271,2.438286681724879,7.171235334041365,0.5423661399138453,COMPLETE
481,0.07202706586235233,2026-04-22 00:04:07.984568,2026-04-22 00:04:08.328318,0 days 00:00:00.343750,1.9444422774918264,9.781191913735396,0.6005842871621041,COMPLETE
482,0.07106558716396631,2026-04-22 00:04:08.328352,2026-04-22 00:04:08.667367,0 days 00:00:00.339015,1.4106142067496987,8.89332769033143,0.563531931192609,COMPLETE
483,0.07185293638844245,2026-04-22 00:04:08.667400,2026-04-22 00:04:09.002023,0 days 00:00:00.334623,2.149613484902002,9.42727530941963,0.5106858139370194,COMPLETE
484,0.07098969587243578,2026-04-22 00:04:09.002068,2026-04-22 00:04:09.337748,0 days 00:00:00.335680,2.980520731232559,9.120103538618679,0.6330454996304842,COMPLETE
485,0.07102200537908629,2026-04-22 00:04:09.337782,2026-04-22 00:04:09.673810,0 days 00:00:00.336028,2.5851880201276978,9.575085455438279,0.15451488374479844,COMPLETE
486,0.07124169719775068,2026-04-22 00:04:09.673844,2026-04-22 00:04:10.007324,0 days 00:00:00.333480,2.3852915820718046,9.99735731098174,0.5870729946824363,COMPLETE
487,0.07162992497273396,2026-04-22 00:04:10.007357,2026-04-22 00:04:10.342270,0 days 00:00:00.334913,1.7870717606244688,9.278268926485193,0.6681291338141635,COMPLETE
488,0.07164429096604595,2026-04-22 00:04:10.342304,2026-04-22 00:04:10.675526,0 days 00:00:00.333222,2.059039359535085,8.781106660186241,0.5268657905815005,COMPLETE
489,0.07276436107105429,2026-04-22 00:04:10.675560,2026-04-22 00:04:11.010440,0 days 00:00:00.334880,2.2542154253203575,9.003539940591537,0.6046081857367209,COMPLETE
490,0.07094323966262257,2026-04-22 00:04:11.010474,2026-04-22 00:04:11.339474,0 days 00:00:00.329000,2.6568477449569095,7.779691912428801,0.6174489109280348,COMPLETE
491,0.07077019640338762,2026-04-22 00:04:11.339509,2026-04-22 00:04:11.683131,0 days 00:00:00.343622,2.333898960587956,8.384374941150618,0.6453287131858,COMPLETE
492,0.07195054792330245,2026-04-22 00:04:11.683165,2026-04-22 00:04:12.040142,0 days 00:00:00.356977,2.8354892240087888,8.610004055409515,0.601830788350541,COMPLETE
493,0.0711397900724154,2026-04-22 00:04:12.040176,2026-04-22 00:04:12.374252,0 days 00:00:00.334076,2.503734780442,8.89921508074621,0.6274385177960389,COMPLETE
494,0.07254845053571601,2026-04-22 00:04:12.374285,2026-04-22 00:04:12.709332,0 days 00:00:00.335047,2.2546085663632036,9.065149826186039,0.6038950997971607,COMPLETE
495,0.07163025191082666,2026-04-22 00:04:12.709364,2026-04-22 00:04:13.043073,0 days 00:00:00.333709,2.1976127057941675,8.955280642662721,0.6138943341525837,COMPLETE
496,0.07208187925685645,2026-04-22 00:04:13.043107,2026-04-22 00:04:13.378462,0 days 00:00:00.335355,2.2285151487860775,9.09211938132358,0.586031681467067,COMPLETE
497,0.07151124859669596,2026-04-22 00:04:13.378495,2026-04-22 00:04:13.708011,0 days 00:00:00.329516,2.066478317251696,8.72288306793367,0.5991409936978438,COMPLETE
498,0.05214055796059079,2026-04-22 00:04:13.708043,2026-04-22 00:04:14.040822,0 days 00:00:00.332779,6.275321093074544,9.054239048728723,0.6408956450847981,COMPLETE
499,0.07224972644665761,2026-04-22 00:04:14.040855,2026-04-22 00:04:14.376519,0 days 00:00:00.335664,2.42482443336234,9.277463938614684,0.6114230714755,COMPLETE
