number,value,datetime_start,datetime_complete,duration,params_alpha,params_beta,params_decay_factor,state
0,0.03173310459478163,2026-04-22 00:01:29.857489,2026-04-22 00:01:30.478694,0 days 00:00:00.621205,5.8808413302650075,3.896722429514994,0.08488550169789633,COMPLETE
1,0.031609009667505544,2026-04-22 00:01:30.478725,2026-04-22 00:01:30.809443,0 days 00:00:00.330718,8.527571247363383,2.53542249835216,0.4306000818685275,COMPLETE
2,0.039284539979944265,2026-04-22 00:01:30.809475,2026-04-22 00:01:31.135534,0 days 00:00:00.326059,6.432620372804903,3.5032845881397767,0.893662045590263,COMPLETE
3,0.03244651417044484,2026-04-22 00:01:31.135567,2026-04-22 00:01:31.470509,0 days 00:00:00.334942,9.449174639982187,3.8259804005775075,0.5265290183613536,COMPLETE
4,0.06900257127712368,2026-04-22 00:01:31.470540,2026-04-22 00:01:31.791516,0 days 00:00:00.320976,1.5895756769142055,6.311527513232555,0.7176429700098306,COMPLETE
5,0.03110064459397814,2026-04-22 00:01:31.791548,2026-04-22 00:01:32.110726,0 days 00:00:00.319178,7.053808155317095,2.3343962943220253,0.14930458567352034,COMPLETE
6,0.05686402689753455,2026-04-22 00:01:32.110758,2026-04-22 00:01:32.442569,0 days 00:00:00.331811,5.449760328508341,8.21152073480047,0.3603093015412394,COMPLETE
7,0.033709326760608053,2026-04-22 00:01:32.442600,2026-04-22 00:01:32.765233,0 days 00:00:00.322633,8.03726823506073,3.0853179391453156,0.6796029547901232,COMPLETE
8,0.052686451058593535,2026-04-22 00:01:32.765265,2026-04-22 00:01:33.092689,0 days 00:00:00.327424,4.4830156326506385,3.3048284542172213,0.9853069756408491,COMPLETE
9,0.035598140895783774,2026-04-22 00:01:33.092726,2026-04-22 00:01:33.423925,0 days 00:00:00.331199,9.296955842586689,8.69034642856273,0.7538946353986696,COMPLETE
10,0.06974603706363323,2026-04-22 00:01:33.423959,2026-04-22 00:01:33.771042,0 days 00:00:00.347083,0.9819956591729176,6.115611313701152,0.663146848715242,COMPLETE
11,0.06935864654275614,2026-04-22 00:01:33.771075,2026-04-22 00:01:34.099183,0 days 00:00:00.328108,0.7904979684967631,6.371317690526663,0.6461451823157618,COMPLETE
12,0.06983418382663467,2026-04-22 00:01:34.099215,2026-04-22 00:01:34.423285,0 days 00:00:00.324070,0.5591538245667769,6.593222087400101,0.6079917626598718,COMPLETE
13,0.06914480899154866,2026-04-22 00:01:34.423316,2026-04-22 00:01:34.756069,0 days 00:00:00.332753,2.814109577475764,6.101387281556114,0.2539634593196155,COMPLETE
14,0.02882760261501101,2026-04-22 00:01:34.756100,2026-04-22 00:01:35.072634,0 days 00:00:00.316534,0.05808529059665002,0.38006572702169183,0.5648111363292243,COMPLETE
15,0.07107708128883893,2026-04-22 00:01:35.072668,2026-04-22 00:01:35.410549,0 days 00:00:00.337881,3.3277229704339706,9.761082620223942,0.8306303075327472,COMPLETE
16,0.07077630372205752,2026-04-22 00:01:35.410581,2026-04-22 00:01:35.743204,0 days 00:00:00.332623,3.3750980323714064,7.542065157971137,0.8472503411343816,COMPLETE
17,0.07144468651906585,2026-04-22 00:01:35.743236,2026-04-22 00:01:36.073823,0 days 00:00:00.330587,3.810215122875987,9.60363801849643,0.846783537498382,COMPLETE
18,0.07132115746278497,2026-04-22 00:01:36.073854,2026-04-22 00:01:36.412661,0 days 00:00:00.338807,4.189728178687568,9.931274898184832,0.8416250192216568,COMPLETE
19,0.07069888875550423,2026-04-22 00:01:36.412694,2026-04-22 00:01:36.746615,0 days 00:00:00.333921,4.206416560196937,9.740695518218068,0.9606801329738804,COMPLETE
20,0.07040549689323126,2026-04-22 00:01:36.746645,2026-04-22 00:01:37.073161,0 days 00:00:00.326516,1.8968770738532288,9.119238278778548,0.7914291083095486,COMPLETE
21,0.07126409883784053,2026-04-22 00:01:37.073192,2026-04-22 00:01:37.407628,0 days 00:00:00.334436,3.1386274187620895,9.776577664009263,0.8804687722028299,COMPLETE
22,0.07022791658690646,2026-04-22 00:01:37.407661,2026-04-22 00:01:37.737980,0 days 00:00:00.330319,2.6232326349641193,7.741997772019409,0.9220957409689603,COMPLETE
23,0.07150996782539307,2026-04-22 00:01:37.738014,2026-04-22 00:01:38.073473,0 days 00:00:00.335459,4.31647460695297,9.79915197717343,0.9975618016030623,COMPLETE
24,0.06839871532590618,2026-04-22 00:01:38.073505,2026-04-22 00:01:38.407886,0 days 00:00:00.334381,4.545897828762736,8.84368120096446,0.9858809905052344,COMPLETE
25,0.07019851326849363,2026-04-22 00:01:38.407919,2026-04-22 00:01:38.737554,0 days 00:00:00.329635,4.0057486204668304,7.402552452669703,0.7775495921075227,COMPLETE
26,0.050824968138846086,2026-04-22 00:01:38.737588,2026-04-22 00:01:39.060568,0 days 00:00:00.322980,5.31862242260147,5.270327001682113,0.45627867347183776,COMPLETE
27,0.05233432576961118,2026-04-22 00:01:39.060606,2026-04-22 00:01:39.402613,0 days 00:00:00.342007,6.4672448660441475,9.075214686360152,0.9983134992053135,COMPLETE
28,0.07081380421924695,2026-04-22 00:01:39.402647,2026-04-22 00:01:39.747733,0 days 00:00:00.345086,2.298904314833173,9.980696423999422,0.8374962768827572,COMPLETE
29,0.07051588770453193,2026-04-22 00:01:39.747768,2026-04-22 00:01:40.100766,0 days 00:00:00.352998,3.77398872976647,8.274717337372051,0.9087030054662074,COMPLETE
30,0.013059595453277062,2026-04-22 00:01:40.100802,2026-04-22 00:01:40.416999,0 days 00:00:00.316197,4.990104778272088,4.590315469103699,0.02689680314315862,COMPLETE
31,0.07044371880146189,2026-04-22 00:01:40.417030,2026-04-22 00:01:40.751311,0 days 00:00:00.334281,2.9633951531881055,9.402418726071893,0.8814639392451672,COMPLETE
32,0.05993930903038745,2026-04-22 00:01:40.751345,2026-04-22 00:01:41.079931,0 days 00:00:00.328586,5.90359465612519,9.972780212071415,0.7324103738678973,COMPLETE
33,0.07046667652187674,2026-04-22 00:01:41.079964,2026-04-22 00:01:41.415013,0 days 00:00:00.335049,3.7192867676761066,8.405096797917725,0.9142793628047616,COMPLETE
34,0.0692055771147808,2026-04-22 00:01:41.415058,2026-04-22 00:01:41.750628,0 days 00:00:00.335570,4.711377308019711,9.28341685211654,0.8047740944484236,COMPLETE
35,0.05466560884940526,2026-04-22 00:01:41.750660,2026-04-22 00:01:42.081270,0 days 00:00:00.330610,5.8957822186216085,7.866138282799071,0.8673591420615245,COMPLETE
36,0.07017628062327007,2026-04-22 00:01:42.081306,2026-04-22 00:01:42.416865,0 days 00:00:00.335559,2.261505228768402,6.943898930001817,0.9179096959549594,COMPLETE
37,0.04966124716421065,2026-04-22 00:01:42.416897,2026-04-22 00:01:42.750492,0 days 00:00:00.333595,1.630582946643607,1.2298426894098062,0.7024702078472402,COMPLETE
38,0.06968062440291092,2026-04-22 00:01:42.750525,2026-04-22 00:01:43.079467,0 days 00:00:00.328942,3.1338007409449573,8.618144170545126,0.9389931203672047,COMPLETE
39,0.04717752693776996,2026-04-22 00:01:43.079499,2026-04-22 00:01:43.414247,0 days 00:00:00.334748,6.8565007907603,9.419808274797674,0.40737768406365865,COMPLETE
40,0.03926659081697363,2026-04-22 00:01:43.414279,2026-04-22 00:01:43.753921,0 days 00:00:00.339642,7.8667808875539205,8.162286043579023,0.5231721111948696,COMPLETE
41,0.07113604070239778,2026-04-22 00:01:43.753953,2026-04-22 00:01:44.086371,0 days 00:00:00.332418,3.785628325542142,9.606992658525012,0.8312192086611666,COMPLETE
42,0.06433049833819716,2026-04-22 00:01:44.086403,2026-04-22 00:01:44.421997,0 days 00:00:00.335594,5.388621431427556,9.513040022999757,0.7614838046491985,COMPLETE
43,0.06904560057447616,2026-04-22 00:01:44.422029,2026-04-22 00:01:44.755930,0 days 00:00:00.333901,4.2367894136088085,8.94578988270219,0.868206500366046,COMPLETE
44,0.07079935120883844,2026-04-22 00:01:44.755963,2026-04-22 00:01:45.092771,0 days 00:00:00.336808,3.5733547165139274,8.70895862928728,0.815855989248683,COMPLETE
45,0.06789945282569573,2026-04-22 00:01:45.092804,2026-04-22 00:01:45.432642,0 days 00:00:00.339838,4.826984506785978,9.935093511666803,0.6168895259500715,COMPLETE
46,0.07017508129235897,2026-04-22 00:01:45.432686,2026-04-22 00:01:45.766690,0 days 00:00:00.334004,2.4219824567176307,7.174041634082427,0.9552080828208411,COMPLETE
47,0.07016303867188667,2026-04-22 00:01:45.766722,2026-04-22 00:01:46.101531,0 days 00:00:00.334809,4.216284550363215,8.055365662180172,0.7086545859555613,COMPLETE
48,0.07148972768310645,2026-04-22 00:01:46.101564,2026-04-22 00:01:46.435278,0 days 00:00:00.333714,3.8815183063411407,9.45952158731939,0.2942559008263723,COMPLETE
49,0.06782734056305008,2026-04-22 00:01:46.435310,2026-04-22 00:01:46.777590,0 days 00:00:00.342280,1.2545932948317837,5.604487899204222,0.2641710841439984,COMPLETE
50,0.03761250207359206,2026-04-22 00:01:46.777622,2026-04-22 00:01:47.104008,0 days 00:00:00.326386,5.281589090324959,4.067004129084628,0.15079689440144395,COMPLETE
51,0.07188209048365182,2026-04-22 00:01:47.104042,2026-04-22 00:01:47.439033,0 days 00:00:00.334991,3.2331259518342765,9.391892963003226,0.2759642024841832,COMPLETE
52,0.07145394100693338,2026-04-22 00:01:47.439067,2026-04-22 00:01:47.174363,-1 days +23:59:59.735296,2.9134386867180657,9.102299662841846,0.3128136745146888,COMPLETE
53,0.07243753373461223,2026-04-22 00:01:47.174394,2026-04-22 00:01:47.509037,0 days 00:00:00.334643,2.7621807378250294,8.962043442490927,0.30674503249228063,COMPLETE
54,0.07053417929191784,2026-04-22 00:01:47.509069,2026-04-22 00:01:47.833767,0 days 00:00:00.324698,1.828271446967052,9.12961202751218,0.3103441943526803,COMPLETE
55,0.0703229732455994,2026-04-22 00:01:47.833802,2026-04-22 00:01:48.165688,0 days 00:00:00.331886,2.7092390653284006,8.454289161457229,0.17095627106932654,COMPLETE
56,0.07218022366642507,2026-04-22 00:01:48.165720,2026-04-22 00:01:48.496804,0 days 00:00:00.331084,2.093484431558767,8.900805377468588,0.3436758045591251,COMPLETE
57,0.0699330663699987,2026-04-22 00:01:48.496835,2026-04-22 00:01:48.831060,0 days 00:00:00.334225,1.2541949567616388,8.750392364952935,0.3453618979488663,COMPLETE
58,0.05631785342577904,2026-04-22 00:01:48.831092,2026-04-22 00:01:49.163474,0 days 00:00:00.332382,3.438818882572549,2.8037206335936524,0.22261245224129486,COMPLETE
59,0.05786836073200752,2026-04-22 00:01:49.163509,2026-04-22 00:01:49.496313,0 days 00:00:00.332804,2.1799563054678806,1.9917693355876134,0.4002280634906033,COMPLETE
60,0.07104135624207657,2026-04-22 00:01:49.496344,2026-04-22 00:01:49.835695,0 days 00:00:00.339351,2.8884930549038446,6.8510612307559775,0.3116018049206978,COMPLETE
61,0.0718046473137575,2026-04-22 00:01:49.835726,2026-04-22 00:01:50.168315,0 days 00:00:00.332589,3.146749911048619,9.191129555334081,0.22321985736306327,COMPLETE
62,0.07057698674878499,2026-04-22 00:01:50.168348,2026-04-22 00:01:50.494824,0 days 00:00:00.326476,3.189518118310948,9.135210620709447,0.21013867448200763,COMPLETE
63,0.07176985461148562,2026-04-22 00:01:50.494858,2026-04-22 00:01:50.822199,0 days 00:00:00.327341,2.6454251188866813,7.671439597320645,0.46245009428168327,COMPLETE
64,0.07164958360455405,2026-04-22 00:01:50.822232,2026-04-22 00:01:51.156956,0 days 00:00:00.334724,2.510307958948117,7.735308142093222,0.48121770511511613,COMPLETE
65,0.07020913339013306,2026-04-22 00:01:51.156990,2026-04-22 00:01:51.489390,0 days 00:00:00.332400,2.0347770570392925,7.675263173835438,0.46954552871006333,COMPLETE
66,0.07103965325351326,2026-04-22 00:01:51.489423,2026-04-22 00:01:51.830695,0 days 00:00:00.341272,2.4749158162283713,7.977845159383915,0.388425940112232,COMPLETE
67,0.06793013654959061,2026-04-22 00:01:51.830729,2026-04-22 00:01:52.158159,0 days 00:00:00.327430,1.488930277994283,8.359538770732675,0.09369567998071537,COMPLETE
68,0.07064916831252765,2026-04-22 00:01:52.158192,2026-04-22 00:01:52.489236,0 days 00:00:00.331044,0.7869736758321162,7.335247785742042,0.36381151921674126,COMPLETE
69,0.07263798156829926,2026-04-22 00:01:52.489268,2026-04-22 00:01:52.821199,0 days 00:00:00.331931,1.8781249890040697,8.63894425845137,0.5623391435771812,COMPLETE
70,0.07069869418175649,2026-04-22 00:01:52.821231,2026-04-22 00:01:53.153862,0 days 00:00:00.332631,0.38396681065705973,8.567244811975925,0.5634942233422818,COMPLETE
71,0.07145487836126477,2026-04-22 00:01:53.153894,2026-04-22 00:01:53.499368,0 days 00:00:00.345474,1.7612964015753763,8.92413138472336,0.44674090844094805,COMPLETE
72,0.0711414034061597,2026-04-22 00:01:53.499442,2026-04-22 00:01:53.851594,0 days 00:00:00.352152,2.536306401670095,7.637530853017262,0.4895525887681582,COMPLETE
73,0.06949311105564852,2026-04-22 00:01:53.851626,2026-04-22 00:01:54.184749,0 days 00:00:00.333123,2.0556834906247583,8.102810625210696,0.26555911650262276,COMPLETE
74,0.031548383698552895,2026-04-22 00:01:54.184785,2026-04-22 00:01:54.512111,0 days 00:00:00.327326,9.89247826775502,6.551540270398656,0.214623502371756,COMPLETE
75,0.07166549941519416,2026-04-22 00:01:54.512144,2026-04-22 00:01:54.843461,0 days 00:00:00.331317,3.3818927520276425,9.295909299134086,0.5513868039995226,COMPLETE
76,0.07202656448791828,2026-04-22 00:01:54.843495,2026-04-22 00:01:55.170871,0 days 00:00:00.327376,1.4106389484070556,8.7838009470538,0.5364738937204728,COMPLETE
77,0.07120729896952427,2026-04-22 00:01:55.170903,2026-04-22 00:01:55.505337,0 days 00:00:00.334434,1.147516009369936,9.312147864985269,0.5599927920599354,COMPLETE
78,0.07184742723408427,2026-04-22 00:01:55.505368,2026-04-22 00:01:55.832112,0 days 00:00:00.326744,1.4233307658574381,8.829869731157997,0.5152630766113148,COMPLETE
79,0.07155382411750894,2026-04-22 00:01:55.832144,2026-04-22 00:01:56.158058,0 days 00:00:00.325914,1.443605886028237,8.798408552215257,0.6067324613972062,COMPLETE
80,0.06991731993707254,2026-04-22 00:01:56.158090,2026-04-22 00:01:56.494637,0 days 00:00:00.336547,0.7805493160323398,8.343558919804119,0.41955473186766057,COMPLETE
81,0.070930079213861,2026-04-22 00:01:56.494670,2026-04-22 00:01:56.820711,0 days 00:00:00.326041,0.33343002356425866,9.706650520742501,0.5276107334847655,COMPLETE
82,0.07159750767168387,2026-04-22 00:01:56.820742,2026-04-22 00:01:57.154962,0 days 00:00:00.334220,1.9965078619142962,9.296999400226516,0.638633382340788,COMPLETE
83,0.07021122875697482,2026-04-22 00:01:57.154994,2026-04-22 00:01:57.489193,0 days 00:00:00.334199,1.011612449828633,8.70476954684668,0.5230984979081943,COMPLETE
84,0.07127665633353515,2026-04-22 00:01:57.489224,2026-04-22 00:01:57.814995,0 days 00:00:00.325771,3.3004285663977497,8.953300501263035,0.5821093065365988,COMPLETE
85,0.07100504394751468,2026-04-22 00:01:57.815026,2026-04-22 00:01:58.142690,0 days 00:00:00.327664,1.5742638328231147,9.623633850883369,0.34451217085266994,COMPLETE
86,0.07143114024291092,2026-04-22 00:01:58.142720,2026-04-22 00:01:58.472217,0 days 00:00:00.329497,2.7486372195100683,8.552314313171966,0.43590253388504663,COMPLETE
87,0.0715714503621529,2026-04-22 00:01:58.472250,2026-04-22 00:01:58.806036,0 days 00:00:00.333786,2.2802244533421683,9.246605686556254,0.6761961587042614,COMPLETE
88,0.07104073603201777,2026-04-22 00:01:58.806068,2026-04-22 00:01:59.146678,0 days 00:00:00.340610,2.964555683284942,8.277478636255061,0.5088570452073593,COMPLETE
89,0.07212968178141306,2026-04-22 00:01:59.146711,2026-04-22 00:01:59.490562,0 days 00:00:00.343851,3.532552033817064,8.949056965904228,0.36639474314518083,COMPLETE
90,0.07008318467610164,2026-04-22 00:01:59.490594,2026-04-22 00:01:59.831887,0 days 00:00:00.341293,1.7945774373768013,7.99218177902604,0.23953239649603672,COMPLETE
91,0.07239221139936326,2026-04-22 00:01:59.831918,2026-04-22 00:02:00.163500,0 days 00:00:00.331582,3.571136315603437,8.949393975319017,0.37891276981875593,COMPLETE
92,0.07162561822023353,2026-04-22 00:02:00.163532,2026-04-22 00:02:00.504259,0 days 00:00:00.340727,3.04273103212421,8.892372293437505,0.369649191031622,COMPLETE
93,0.07037413663975771,2026-04-22 00:02:00.504291,2026-04-22 00:02:00.847449,0 days 00:00:00.343158,4.039870604509389,8.536556448354448,0.28987460486819727,COMPLETE
94,0.07296460273334117,2026-04-22 00:02:00.847481,2026-04-22 00:02:01.178254,0 days 00:00:00.330773,2.6354925968885583,9.675018367030566,0.35040835744189336,COMPLETE
95,0.06997246037870204,2026-04-22 00:02:01.178285,2026-04-22 00:02:01.516721,0 days 00:00:00.338436,3.56073577234484,9.549119958280986,0.18706294574620996,COMPLETE
96,0.07014512714809415,2026-04-22 00:02:01.516752,2026-04-22 00:02:01.848949,0 days 00:00:00.332197,2.3211045221692923,9.840399181316222,0.333790444867393,COMPLETE
97,0.06710151521523078,2026-04-22 00:02:01.848980,2026-04-22 00:02:02.183575,0 days 00:00:00.334595,4.491103526369945,9.045775062744083,0.2917727508437947,COMPLETE
98,0.07171475003434115,2026-04-22 00:02:02.183607,2026-04-22 00:02:02.518568,0 days 00:00:00.334961,3.672071318376654,9.4561501289636,0.3716463217831632,COMPLETE
99,0.07185820730072671,2026-04-22 00:02:02.518600,2026-04-22 00:02:02.852139,0 days 00:00:00.333539,3.142557199807403,9.724051477985084,0.3882993152815338,COMPLETE
100,0.07173653622459565,2026-04-22 00:02:02.852171,2026-04-22 00:02:03.183120,0 days 00:00:00.330949,1.3529891308212274,9.97177610689437,0.3913597337170126,COMPLETE
101,0.07162761322091837,2026-04-22 00:02:03.183152,2026-04-22 00:02:03.523484,0 days 00:00:00.340332,2.7748841277058993,9.739747229491822,0.4237465752306815,COMPLETE
102,0.07129435472762183,2026-04-22 00:02:03.523517,2026-04-22 00:02:03.860885,0 days 00:00:00.337368,2.1378323963758827,8.809759988522558,0.32843719855886483,COMPLETE
103,0.07133492171234711,2026-04-22 00:02:03.860916,2026-04-22 00:02:04.192799,0 days 00:00:00.331883,3.1695225554100164,9.140040164491532,0.26114745631750536,COMPLETE
104,0.07079592711569091,2026-04-22 00:02:04.192831,2026-04-22 00:02:04.528035,0 days 00:00:00.335204,3.9963715665676416,9.509384815862266,0.28586599938739726,COMPLETE
105,0.06893588423786413,2026-04-22 00:02:04.528070,2026-04-22 00:02:04.862426,0 days 00:00:00.334356,1.7146799085463864,8.680419085548774,0.11572350868493492,COMPLETE
106,0.07094150851890647,2026-04-22 00:02:04.862465,2026-04-22 00:02:05.198147,0 days 00:00:00.335682,3.410896771062136,9.022871729708044,0.2381283255382123,COMPLETE
107,0.07058223108937246,2026-04-22 00:02:05.198178,2026-04-22 00:02:05.534242,0 days 00:00:00.336064,1.919587621961784,9.719407104512669,0.354302004779773,COMPLETE
108,0.07169781518560339,2026-04-22 00:02:05.534273,2026-04-22 00:02:05.859513,0 days 00:00:00.325240,2.552457791617973,8.24810185780155,0.3755392126980487,COMPLETE
109,0.07175150482945888,2026-04-22 00:02:05.859545,2026-04-22 00:02:06.189658,0 days 00:00:00.330113,3.110830559772748,9.191184783119521,0.5865582932777431,COMPLETE
110,0.06902056549585169,2026-04-22 00:02:06.189690,2026-04-22 00:02:06.521146,0 days 00:00:00.331456,3.5820908313597766,5.852505846287951,0.3289093642088857,COMPLETE
111,0.07174663370365167,2026-04-22 00:02:06.521180,2026-04-22 00:02:06.861140,0 days 00:00:00.339960,2.8125623225744056,8.489505733144515,0.44888041272443024,COMPLETE
112,0.07117081344576964,2026-04-22 00:02:06.861173,2026-04-22 00:02:07.187973,0 days 00:00:00.326800,2.598730765286512,9.42214893335834,0.41360790739609543,COMPLETE
113,0.0719600500583309,2026-04-22 00:02:07.188004,2026-04-22 00:02:07.528522,0 days 00:00:00.340518,2.3691831664114003,8.899064067249931,0.5056901843911047,COMPLETE
114,0.07180291617880702,2026-04-22 00:02:07.528554,2026-04-22 00:02:07.869662,0 days 00:00:00.341108,2.340013867867815,8.850556149181864,0.507077930813451,COMPLETE
115,0.07167473575106913,2026-04-22 00:02:07.869702,2026-04-22 00:02:08.215824,0 days 00:00:00.346122,3.23616272730854,9.321680643280219,0.4791181919999197,COMPLETE
116,0.07162246759404238,2026-04-22 00:02:08.215856,2026-04-22 00:02:08.545394,0 days 00:00:00.329538,2.1350395514070826,8.925660538602433,0.5448789265242792,COMPLETE
117,0.07160490536947535,2026-04-22 00:02:08.545426,2026-04-22 00:02:08.873484,0 days 00:00:00.328058,1.0896997624900961,9.622209548956652,0.31437447217356446,COMPLETE
118,0.07011836268405082,2026-04-22 00:02:08.873526,2026-04-22 00:02:09.205506,0 days 00:00:00.331980,1.631256396995901,7.906022891926402,0.2714921392723433,COMPLETE
119,0.07090080387142408,2026-04-22 00:02:09.205537,2026-04-22 00:02:09.531596,0 days 00:00:00.326059,2.822021250195603,8.648506665592949,0.19513869561463215,COMPLETE
120,0.07141415917717349,2026-04-22 00:02:09.531628,2026-04-22 00:02:09.869087,0 days 00:00:00.337459,3.865729103540282,8.43218046742862,0.5329032257473337,COMPLETE
121,0.07164292315968897,2026-04-22 00:02:09.869119,2026-04-22 00:02:10.199549,0 days 00:00:00.330430,2.3394582731864104,8.811150856664481,0.5069055024905971,COMPLETE
122,0.0714229251536357,2026-04-22 00:02:10.199581,2026-04-22 00:02:10.530618,0 days 00:00:00.331037,1.9369622947299268,9.120878645560042,0.49685240689724225,COMPLETE
123,0.04624001179877876,2026-04-22 00:02:10.530653,2026-04-22 00:02:10.857844,0 days 00:00:00.327191,3.0074228044338103,0.1965847315386977,0.5793406155584617,COMPLETE
124,0.07075363458867485,2026-04-22 00:02:10.857877,2026-04-22 00:02:11.183546,0 days 00:00:00.325669,2.4425602938642292,8.159033120125628,0.39986485579336006,COMPLETE
125,0.07032051676248789,2026-04-22 00:02:11.183578,2026-04-22 00:02:11.518497,0 days 00:00:00.334919,2.1441609808107507,8.912214364165113,0.46894078649062276,COMPLETE
126,0.06625910437630005,2026-04-22 00:02:11.518529,2026-04-22 00:02:11.851213,0 days 00:00:00.332684,1.3055804182240314,4.412322712851945,0.6186893210241827,COMPLETE
127,0.07107905025405002,2026-04-22 00:02:11.851243,2026-04-22 00:02:12.180350,0 days 00:00:00.329107,2.6533659809406203,9.35377848313318,0.436542318428136,COMPLETE
128,0.07161573967403555,2026-04-22 00:02:12.180383,2026-04-22 00:02:12.511693,0 days 00:00:00.331310,3.4911002733038394,9.883952284651707,0.5088757695574162,COMPLETE
129,0.07137966991582026,2026-04-22 00:02:12.511725,2026-04-22 00:02:12.850479,0 days 00:00:00.338754,2.379718551090618,8.706281242558923,0.23919729515945837,COMPLETE
130,0.07158134009683327,2026-04-22 00:02:12.850512,2026-04-22 00:02:13.176629,0 days 00:00:00.326117,1.6150904856870765,9.58554822156728,0.39027546122756573,COMPLETE
131,0.07180288331114927,2026-04-22 00:02:13.176661,2026-04-22 00:02:13.505659,0 days 00:00:00.328998,2.659947641104252,9.03745352652279,0.4702213198988582,COMPLETE
