number,value,datetime_start,datetime_complete,duration,params_alpha,params_beta,params_decay_factor,state
0,0.17376100935624209,2026-04-22 00:17:47.129976,2026-04-22 00:17:47.969689,0 days 00:00:00.839713,4.393625106325509,0.08633308226575265,0.7668894779503721,COMPLETE
1,0.2011359077508359,2026-04-22 00:17:47.969718,2026-04-22 00:17:48.814467,0 days 00:00:00.844749,5.399640497583039,1.7836657502076092,0.37017500124570757,COMPLETE
2,0.19646168511875622,2026-04-22 00:17:48.814511,2026-04-22 00:17:49.679562,0 days 00:00:00.865051,8.569229322754362,4.850996945386923,0.45112749384407524,COMPLETE
3,0.2523867656860666,2026-04-22 00:17:49.679594,2026-04-22 00:17:50.544807,0 days 00:00:00.865213,5.224409733759611,9.696932631085208,0.4324803707611835,COMPLETE
4,0.17812596626589425,2026-04-22 00:17:50.544838,2026-04-22 00:17:51.396613,0 days 00:00:00.851775,6.814567201937337,1.678096050808221,0.2967863369445187,COMPLETE
5,0.2507461445117886,2026-04-22 00:17:51.396645,2026-04-22 00:17:52.246493,0 days 00:00:00.849848,6.251046408963879,9.592827346630022,0.48595046798302266,COMPLETE
6,0.21387254841800515,2026-04-22 00:17:52.246525,2026-04-22 00:17:53.088712,0 days 00:00:00.842187,5.878234278096172,2.8546069792268813,0.9631595900430628,COMPLETE
7,0.17488662384023843,2026-04-22 00:17:53.088742,2026-04-22 00:17:53.934206,0 days 00:00:00.845464,4.203278526435729,0.16476031457347107,0.7731430236356426,COMPLETE
8,0.2516807279085197,2026-04-22 00:17:53.934237,2026-04-22 00:17:54.770009,0 days 00:00:00.835772,1.4027876788829352,7.892599554726244,0.9651047862513649,COMPLETE
9,0.24251968064648644,2026-04-22 00:17:54.770042,2026-04-22 00:17:55.593506,0 days 00:00:00.823464,1.9971795703733464,5.825019342220336,0.32499622211531776,COMPLETE
10,0.11857967844816235,2026-04-22 00:17:55.593537,2026-04-22 00:17:56.426492,0 days 00:00:00.832955,8.95188678513029,9.147587227031106,0.06126539997636565,COMPLETE
11,0.24716931655894903,2026-04-22 00:17:56.426523,2026-04-22 00:17:57.263639,0 days 00:00:00.837116,0.29966652917224135,7.509321097073862,0.6573982702082555,COMPLETE
12,0.25246769903374383,2026-04-22 00:17:57.263672,2026-04-22 00:17:58.102272,0 days 00:00:00.838600,2.8594232104336954,7.714857295386425,0.9834881077430147,COMPLETE
13,0.21910946633391548,2026-04-22 00:17:58.102304,2026-04-22 00:17:58.931804,0 days 00:00:00.829500,3.082312866181068,7.160300694629408,0.058777595695916895,COMPLETE
14,0.25368498497199066,2026-04-22 00:17:58.931836,2026-04-22 00:17:59.780275,0 days 00:00:00.848439,3.0511681009134373,9.984269934208564,0.6203631280155718,COMPLETE
15,0.24873551247265044,2026-04-22 00:17:59.780306,2026-04-22 00:18:00.623902,0 days 00:00:00.843596,2.964938086088628,5.932628164440804,0.66817344530347,COMPLETE
16,0.25371291263827417,2026-04-22 00:18:00.623933,2026-04-22 00:18:01.469747,0 days 00:00:00.845814,3.3465991247495945,8.337745111843311,0.8442610491670937,COMPLETE
17,0.2488021115641873,2026-04-22 00:18:01.469778,2026-04-22 00:18:02.300767,0 days 00:00:00.830989,0.3507642552257644,8.804765891108195,0.6321968987420561,COMPLETE
18,0.21542246245332805,2026-04-22 00:18:02.300798,2026-04-22 00:18:03.136041,0 days 00:00:00.835243,7.337269842583748,4.330219746537276,0.8755125546466159,COMPLETE
19,0.2529375268740684,2026-04-22 00:18:03.136071,2026-04-22 00:18:03.983829,0 days 00:00:00.847758,3.972502917474061,8.588946591178667,0.586891681800759,COMPLETE
20,0.2501107953872564,2026-04-22 00:18:03.983859,2026-04-22 00:18:04.808439,0 days 00:00:00.824580,1.5969523257490892,6.907395571363306,0.8355657786102265,COMPLETE
21,0.2534741742222943,2026-04-22 00:18:04.808470,2026-04-22 00:18:05.651165,0 days 00:00:00.842695,3.79759539011175,8.33240120250733,0.5701660948211171,COMPLETE
22,0.2541022053230143,2026-04-22 00:18:05.651197,2026-04-22 00:18:06.490677,0 days 00:00:00.839480,3.6095460516586373,9.927261197810862,0.5423585773101008,COMPLETE
23,0.24456490719168872,2026-04-22 00:18:06.490709,2026-04-22 00:18:07.328251,0 days 00:00:00.837542,2.2642963890354073,9.892836044785323,0.1994617475387786,COMPLETE
24,0.2540254338965377,2026-04-22 00:18:07.328283,2026-04-22 00:18:07.459571,0 days 00:00:00.131288,3.434199794230479,9.962879129877559,0.7276968223328663,COMPLETE
25,0.21659616795731304,2026-04-22 00:18:07.459601,2026-04-22 00:18:08.306968,0 days 00:00:00.847367,9.958310375890388,9.038948762448367,0.722664933161354,COMPLETE
26,0.24927865411029285,2026-04-22 00:18:08.307000,2026-04-22 00:18:09.140640,0 days 00:00:00.833640,1.2162308876542256,6.632106951353762,0.862772454323216,COMPLETE
27,0.25259397030328146,2026-04-22 00:18:09.140672,2026-04-22 00:18:09.988355,0 days 00:00:00.847683,4.984511112641597,8.264717619961123,0.518414127079214,COMPLETE
28,0.2545163044651052,2026-04-22 00:18:09.988387,2026-04-22 00:18:10.838572,0 days 00:00:00.850185,3.5695237056171965,9.248801906778674,0.7251888866620707,COMPLETE
29,0.2541558729314151,2026-04-22 00:18:10.838604,2026-04-22 00:18:11.716372,0 days 00:00:00.877768,4.551338675897141,9.197499511191456,0.7416744490034628,COMPLETE
30,0.23947547766774596,2026-04-22 00:18:11.716403,2026-04-22 00:18:12.609485,0 days 00:00:00.893082,2.361278438003188,3.932348053077961,0.7752070905409552,COMPLETE
31,0.2545384053998705,2026-04-22 00:18:12.609518,2026-04-22 00:18:13.533475,0 days 00:00:00.923957,4.732443458020933,9.281289764809829,0.719531245469228,COMPLETE
32,0.25421617395426827,2026-04-22 00:18:13.533510,2026-04-22 00:18:14.487030,0 days 00:00:00.953520,4.484352756486359,9.087036511417276,0.7038973703790079,COMPLETE
33,0.2540118444393133,2026-04-22 00:18:14.487067,2026-04-22 00:18:15.407769,0 days 00:00:00.920702,4.59426519653909,9.231107729401728,0.7102146368364668,COMPLETE
34,0.24834986006892956,2026-04-22 00:18:15.407803,2026-04-22 00:18:16.259654,0 days 00:00:00.851851,4.695741069190902,6.220464887578691,0.9033227181237098,COMPLETE
35,0.2526358408965319,2026-04-22 00:18:16.259687,2026-04-22 00:18:17.121855,0 days 00:00:00.862168,5.314597358771569,9.193299384786805,0.7948768798853685,COMPLETE
36,0.24768324502094657,2026-04-22 00:18:17.121887,2026-04-22 00:18:17.978127,0 days 00:00:00.856240,5.91379618834902,7.732338417354191,0.41917486280066096,COMPLETE
37,0.25130163864734695,2026-04-22 00:18:17.978160,2026-04-22 00:18:18.839945,0 days 00:00:00.861785,6.522035402138046,9.360607688887935,0.6954990151439884,COMPLETE
38,0.23963740143078452,2026-04-22 00:18:18.839977,2026-04-22 00:18:19.690806,0 days 00:00:00.850829,5.627540875496985,5.267918339376019,0.9264965343555754,COMPLETE
39,0.25297675249796525,2026-04-22 00:18:19.690871,2026-04-22 00:18:20.555192,0 days 00:00:00.864321,4.440750774189252,8.741213608413393,0.811433908377377,COMPLETE
40,0.17467579460751123,2026-04-22 00:18:20.555225,2026-04-22 00:18:21.406199,0 days 00:00:00.850974,7.1309940920925285,1.223207270031824,0.46484250769919433,COMPLETE
41,0.25348071359531277,2026-04-22 00:18:21.406231,2026-04-22 00:18:22.270521,0 days 00:00:00.864290,3.7794343680379043,9.398743302472582,0.5371404423700212,COMPLETE
42,0.2514578946639786,2026-04-22 00:18:22.270553,2026-04-22 00:18:23.138826,0 days 00:00:00.868273,5.124646364171195,8.047283911278562,0.5870522559051149,COMPLETE
43,0.2548249784094982,2026-04-22 00:18:23.138860,2026-04-22 00:18:23.998677,0 days 00:00:00.859817,4.1977806094912955,9.462912610065343,0.7475843685752822,COMPLETE
44,0.25136799471174864,2026-04-22 00:18:23.998709,2026-04-22 00:18:24.862251,0 days 00:00:00.863542,4.290317463992933,7.262591948702026,0.7435124060399135,COMPLETE
45,0.25318772499970726,2026-04-22 00:18:24.862286,2026-04-22 00:18:25.743967,0 days 00:00:00.881681,4.688995671405266,8.673846917386216,0.6593550849732961,COMPLETE
46,0.25197967693323575,2026-04-22 00:18:25.744000,2026-04-22 00:18:26.624033,0 days 00:00:00.880033,6.1081219278183205,9.531018397490563,0.7632897096293684,COMPLETE
47,0.21891014926332653,2026-04-22 00:18:26.624066,2026-04-22 00:18:27.471925,0 days 00:00:00.847859,5.531241033374775,2.985952804333664,0.6832456749676329,COMPLETE
48,0.2545256636951817,2026-04-22 00:18:27.471962,2026-04-22 00:18:28.339684,0 days 00:00:00.867722,4.016560388158578,8.88995882518441,0.9268548398122753,COMPLETE
49,0.2530740829086704,2026-04-22 00:18:28.339716,2026-04-22 00:18:29.191714,0 days 00:00:00.851998,2.724461826973395,7.863223173715823,0.9857250797472372,COMPLETE
50,0.2523807041334804,2026-04-22 00:18:29.191748,2026-04-22 00:18:30.081384,0 days 00:00:00.889636,4.152133821862016,7.4006501589366565,0.9358992107598381,COMPLETE
51,0.25388512954996756,2026-04-22 00:18:30.081419,2026-04-22 00:18:30.938728,0 days 00:00:00.857309,4.8770092245051515,8.972560796113395,0.8123724637732411,COMPLETE
52,0.25473106754869695,2026-04-22 00:18:30.938760,2026-04-22 00:18:31.783730,0 days 00:00:00.844970,4.114025124573131,9.604097838217648,0.6316413187629858,COMPLETE
53,0.2544249874297506,2026-04-22 00:18:31.783762,2026-04-22 00:18:32.631457,0 days 00:00:00.847695,3.392098976687602,9.594221547035547,0.6432614720248422,COMPLETE
54,0.25395038514053037,2026-04-22 00:18:32.631490,2026-04-22 00:18:33.516456,0 days 00:00:00.884966,3.1927765737537395,9.612360090767197,0.6190140515083716,COMPLETE
55,0.25204387829046165,2026-04-22 00:18:33.516490,2026-04-22 00:18:34.403086,0 days 00:00:00.886596,2.5537920112613683,8.614056203592455,0.6213334503319985,COMPLETE
56,0.25465159476902255,2026-04-22 00:18:34.403120,2026-04-22 00:18:35.268354,0 days 00:00:00.865234,4.037459311598092,9.689637102794599,0.8962358639797788,COMPLETE
57,0.2525892337927318,2026-04-22 00:18:35.268387,2026-04-22 00:18:36.105972,0 days 00:00:00.837585,3.676762229409927,8.073161974702975,0.8890492906286255,COMPLETE
58,0.25396904663990255,2026-04-22 00:18:36.106003,2026-04-22 00:18:36.966300,0 days 00:00:00.860297,4.117648574756705,8.427100798357987,0.8390381067424434,COMPLETE
59,0.25396285697400744,2026-04-22 00:18:36.966332,2026-04-22 00:18:37.829339,0 days 00:00:00.863007,1.985078549889848,9.621951667773763,0.9261322821828966,COMPLETE
60,0.25582445948893945,2026-04-22 00:18:37.829382,2026-04-22 00:18:38.664124,0 days 00:00:00.834742,3.9238303536477974,9.958766432512565,0.9582070875779901,COMPLETE
61,0.25531518062263986,2026-04-22 00:18:38.664156,2026-04-22 00:18:38.872577,0 days 00:00:00.208421,3.985304811097338,9.948310078056013,0.8703551457546299,COMPLETE
62,0.2547759703209118,2026-04-22 00:18:38.872609,2026-04-22 00:18:39.737377,0 days 00:00:00.864768,3.984887598362898,9.977264151243157,0.9884112008749695,COMPLETE
63,0.2543225324305107,2026-04-22 00:18:39.737410,2026-04-22 00:18:40.616023,0 days 00:00:00.878613,5.1160792432964355,9.962138171369142,0.8674154739334781,COMPLETE
64,0.25486125040884056,2026-04-22 00:18:40.616056,2026-04-22 00:18:41.483670,0 days 00:00:00.867614,3.069918006173941,9.595167411922061,0.9893393604188193,COMPLETE
65,0.2552222119542739,2026-04-22 00:18:41.483705,2026-04-22 00:18:42.391719,0 days 00:00:00.908014,2.9282323613803767,9.73691135963891,0.962086389038948,COMPLETE
66,0.2538863981706534,2026-04-22 00:18:42.391762,2026-04-22 00:18:43.305016,0 days 00:00:00.913254,3.0182283909833885,9.933848747006165,0.9550580827722506,COMPLETE
67,0.25422575469898995,2026-04-22 00:18:43.305049,2026-04-22 00:18:44.169202,0 days 00:00:00.864153,1.9978296903644885,8.934917471140848,0.9981251123786148,COMPLETE
68,0.25257593468642137,2026-04-22 00:18:44.169234,2026-04-22 00:18:45.006467,0 days 00:00:00.837233,1.0038630862400428,9.704681259121246,0.9660836543183741,COMPLETE
69,0.25444025614682514,2026-04-22 00:18:45.006502,2026-04-22 00:18:45.865762,0 days 00:00:00.859260,3.2032448929087867,9.431036038547562,0.9999394605117471,COMPLETE
70,0.25287593511847073,2026-04-22 00:18:45.865794,2026-04-22 00:18:46.765595,0 days 00:00:00.899801,2.7374524604946675,8.385110994533436,0.9512841379379339,COMPLETE
71,0.25451134208821113,2026-04-22 00:18:46.765629,2026-04-22 00:18:47.771786,0 days 00:00:01.006157,3.906137579715188,9.712871268730732,0.9058203860505107,COMPLETE
72,0.25498511683147385,2026-04-22 00:18:47.771822,2026-04-22 00:18:48.664655,0 days 00:00:00.892833,3.4603262021594263,9.989968717648297,0.8867418141231888,COMPLETE
73,0.25436246173205224,2026-04-22 00:18:48.664688,2026-04-22 00:18:49.543614,0 days 00:00:00.878926,3.524719468900246,9.928726307473966,0.8591016816926061,COMPLETE
74,0.2540863970731494,2026-04-22 00:18:49.543648,2026-04-22 00:18:50.399491,0 days 00:00:00.855843,2.455126419956904,9.385168252326793,0.9661625148057748,COMPLETE
75,0.2544593247236282,2026-04-22 00:18:50.399526,2026-04-22 00:18:51.262253,0 days 00:00:00.862727,2.909139619949114,9.985194793504274,0.8289235322372112,COMPLETE
76,0.25403759201437953,2026-04-22 00:18:51.262285,2026-04-22 00:18:52.108733,0 days 00:00:00.846448,4.3417047809474045,9.017013040588871,0.9114285046406476,COMPLETE
77,0.25301548295892573,2026-04-22 00:18:52.108766,2026-04-22 00:18:52.961293,0 days 00:00:00.852527,3.2950601195594422,8.731043877189075,0.8771819609710803,COMPLETE
78,0.24783510355211177,2026-04-22 00:18:52.961333,2026-04-22 00:18:53.836367,0 days 00:00:00.875034,3.7070821614723473,9.704659205931305,0.20994331501601649,COMPLETE
79,0.2539450926758468,2026-04-22 00:18:53.836398,2026-04-22 00:18:54.700904,0 days 00:00:00.864506,2.270784085779263,9.1841304190487,0.7877317809137117,COMPLETE
80,0.25349991064774524,2026-04-22 00:18:54.700938,2026-04-22 00:18:55.573286,0 days 00:00:00.872348,1.6806954522077504,9.497100750233834,0.9642827659533842,COMPLETE
81,0.25493796233284355,2026-04-22 00:18:55.573319,2026-04-22 00:18:56.430334,0 days 00:00:00.857015,4.055393559565583,9.690383851784734,0.889798107033012,COMPLETE
82,0.2542992072689207,2026-04-22 00:18:56.430369,2026-04-22 00:18:57.298289,0 days 00:00:00.867920,3.8080337089279706,9.723524835791306,0.9428971908547423,COMPLETE
83,0.2539841995365693,2026-04-22 00:18:57.298322,2026-04-22 00:18:58.177116,0 days 00:00:00.878794,4.361003503352854,9.38186096213796,0.9809346922584894,COMPLETE
84,0.2542836907470762,2026-04-22 00:18:58.177150,2026-04-22 00:18:59.035283,0 days 00:00:00.858133,3.3645774296491178,9.118489867172983,0.8497733929846782,COMPLETE
85,0.25369789529259446,2026-04-22 00:18:59.035316,2026-04-22 00:18:59.916499,0 days 00:00:00.881183,4.878748012267591,8.904512493611119,0.8215118257454301,COMPLETE
86,0.17962886663440886,2026-04-22 00:18:59.916531,2026-04-22 00:19:00.787401,0 days 00:00:00.870870,3.5535881954932624,0.5466749145866636,0.9140548739798368,COMPLETE
87,0.2226069321056835,2026-04-22 00:19:00.787435,2026-04-22 00:19:01.666246,0 days 00:00:00.878811,4.198969403668897,2.6820118119643857,0.872018054691799,COMPLETE
88,0.2546838676127574,2026-04-22 00:19:01.666280,2026-04-22 00:19:02.524299,0 days 00:00:00.858019,3.0190538812738765,9.969342007341538,0.8946388667555789,COMPLETE
89,0.2541085805083184,2026-04-22 00:19:02.524332,2026-04-22 00:19:03.370780,0 days 00:00:00.846448,2.7736525100298492,8.508305095107744,0.9425289164606282,COMPLETE
90,0.25461629802209057,2026-04-22 00:19:03.370812,2026-04-22 00:19:04.241190,0 days 00:00:00.870378,3.9017933907196065,9.381993515727975,0.7680277615795911,COMPLETE
91,0.2548158146113164,2026-04-22 00:19:04.241226,2026-04-22 00:19:05.103409,0 days 00:00:00.862183,3.068396630464871,9.81026307844092,0.8816119104128866,COMPLETE
92,0.2544179379928647,2026-04-22 00:19:05.103442,2026-04-22 00:19:05.977105,0 days 00:00:00.873663,2.578445875939988,9.748332365959396,0.7992556761679119,COMPLETE
93,0.25471756780730137,2026-04-22 00:19:05.977138,2026-04-22 00:19:06.830446,0 days 00:00:00.853308,4.568850478890537,9.481968366818794,0.9790875509006769,COMPLETE
94,0.0731278636314441,2026-04-22 00:19:06.830479,2026-04-22 00:19:07.654230,0 days 00:00:00.823751,3.1491847211813595,9.185010926548669,0.016396578056017186,COMPLETE
95,0.24498491349734142,2026-04-22 00:19:07.654261,2026-04-22 00:19:08.510928,0 days 00:00:00.856667,7.978074230944918,9.7880837050618,0.9307074829532547,COMPLETE
96,0.24669912088850796,2026-04-22 00:19:08.510960,2026-04-22 00:19:09.354734,0 days 00:00:00.843774,3.5272770738529005,5.253708798484393,0.8918423097635502,COMPLETE
97,0.25419918349608245,2026-04-22 00:19:09.354766,2026-04-22 00:19:10.220437,0 days 00:00:00.865671,3.995545096634268,8.751418812802871,0.8460599072368827,COMPLETE
98,0.2551999346778425,2026-04-22 00:19:10.220468,2026-04-22 00:19:10.427132,0 days 00:00:00.206664,4.2418494034289695,9.540114783272038,0.9783745859001501,COMPLETE
99,0.25353906669547943,2026-04-22 00:19:10.427165,2026-04-22 00:19:11.278726,0 days 00:00:00.851561,3.692247764923486,8.14057203731154,0.973847918681068,COMPLETE
100,0.2549530359833739,2026-04-22 00:19:11.278759,2026-04-22 00:19:12.135406,0 days 00:00:00.856647,5.357795860506203,9.999682279525787,0.9491618730097076,COMPLETE
101,0.2537779314815838,2026-04-22 00:19:12.135437,2026-04-22 00:19:12.993486,0 days 00:00:00.858049,5.3534627372305685,9.993061239531606,0.9218985469752836,COMPLETE
102,0.2540002837166302,2026-04-22 00:19:12.993518,2026-04-22 00:19:13.866867,0 days 00:00:00.873349,5.041553348611094,9.539617489058053,0.9970308876262461,COMPLETE
103,0.25397237260751926,2026-04-22 00:19:13.866899,2026-04-22 00:19:14.769037,0 days 00:00:00.902138,4.7268473000406095,9.298243148320555,0.9521440586894548,COMPLETE
104,0.25344993469922367,2026-04-22 00:19:14.769071,2026-04-22 00:19:15.724156,0 days 00:00:00.955085,5.759192754580979,9.073654661340418,0.8826333575345567,COMPLETE
105,0.2547354763904788,2026-04-22 00:19:15.724189,2026-04-22 00:19:16.664637,0 days 00:00:00.940448,4.330333201443057,9.804523444571222,0.9473778971308747,COMPLETE
106,0.2509908097617492,2026-04-22 00:19:16.664670,2026-04-22 00:19:17.533766,0 days 00:00:00.869096,3.3498708182043364,9.487294287669513,0.36663690972331464,COMPLETE
107,0.25148785821621245,2026-04-22 00:19:17.533800,2026-04-22 00:19:18.402525,0 days 00:00:00.868725,6.4308508382980385,9.735173225939334,0.9120875803270577,COMPLETE
108,0.24246391775055778,2026-04-22 00:19:18.402561,2026-04-22 00:19:19.271645,0 days 00:00:00.869084,2.0611366577255748,4.5146618759874695,0.9743537304825408,COMPLETE
109,0.2540308637595699,2026-04-22 00:19:19.271680,2026-04-22 00:19:20.131471,0 days 00:00:00.859791,4.457387428904111,8.904681102095331,0.9986172589996074,COMPLETE
110,0.2543962121379859,2026-04-22 00:19:20.131502,2026-04-22 00:19:20.997312,0 days 00:00:00.865810,2.9123941903983326,9.241816809974086,0.8608350809096075,COMPLETE
111,0.25466330106207546,2026-04-22 00:19:20.997342,2026-04-22 00:19:21.860631,0 days 00:00:00.863289,4.840093637585667,9.849562695063527,0.9416309452984769,COMPLETE
112,0.25474398738270737,2026-04-22 00:19:21.860663,2026-04-22 00:19:22.726072,0 days 00:00:00.865409,4.287809357208228,9.846813057713382,0.9529794087625029,COMPLETE
113,0.2542247645654554,2026-04-22 00:19:22.726106,2026-04-22 00:19:23.603665,0 days 00:00:00.877559,4.206835686290409,9.613616173039883,0.9249778618129559,COMPLETE
114,0.2549349917593322,2026-04-22 00:19:23.603697,2026-04-22 00:19:24.474196,0 days 00:00:00.870499,3.8422908762279517,9.997035497222294,0.8993090933890704,COMPLETE
115,0.25489283953442093,2026-04-22 00:19:24.474231,2026-04-22 00:19:25.392950,0 days 00:00:00.918719,3.93290315237057,9.513644555522745,0.902720869239136,COMPLETE
116,0.2543542687750155,2026-04-22 00:19:25.392989,2026-04-22 00:19:26.304837,0 days 00:00:00.911848,3.785559287432942,9.414246768367978,0.8872565821034167,COMPLETE
117,0.2542786377021446,2026-04-22 00:19:26.304870,2026-04-22 00:19:27.182125,0 days 00:00:00.877255,3.183723724384544,9.102790503636655,0.8361661906296385,COMPLETE
118,0.25471487825385913,2026-04-22 00:19:27.182157,2026-04-22 00:19:28.029320,0 days 00:00:00.847163,3.4595207095464664,9.573434676883704,0.905168449120094,COMPLETE
119,0.25394907979663023,2026-04-22 00:19:28.029351,2026-04-22 00:19:28.890971,0 days 00:00:00.861620,2.596240813958238,9.321212875126633,0.8678294550014151,COMPLETE
120,0.25367078390198966,2026-04-22 00:19:28.891003,2026-04-22 00:19:29.770870,0 days 00:00:00.879867,3.8603881445172745,8.593547907148427,0.8122348989362429,COMPLETE
121,0.2547506577449478,2026-04-22 00:19:29.770904,2026-04-22 00:19:30.628728,0 days 00:00:00.857824,3.6240404326443816,9.98317091873284,0.9704143412013274,COMPLETE
122,0.25447067950682595,2026-04-22 00:19:30.628763,2026-04-22 00:19:31.499523,0 days 00:00:00.870760,4.110704502771027,9.776017494650969,0.9236835723001952,COMPLETE
123,0.25482610699124947,2026-04-22 00:19:31.499560,2026-04-22 00:19:32.423753,0 days 00:00:00.924193,4.5238349113298515,9.998102965821108,0.9852617796218615,COMPLETE
124,0.254417538714826,2026-04-22 00:19:32.423786,2026-04-22 00:19:33.345173,0 days 00:00:00.921387,4.533740753277943,9.573028774411592,0.8975315443028625,COMPLETE
125,0.24904403051549087,2026-04-22 00:19:33.345206,2026-04-22 00:19:34.260258,0 days 00:00:00.915052,5.17239719951923,6.918426310471037,0.9630804744395665,COMPLETE
126,0.25401818853187286,2026-04-22 00:19:34.260291,2026-04-22 00:19:35.110173,0 days 00:00:00.849882,3.0724702966642266,9.765673000117788,0.9378966349416064,COMPLETE
127,0.25429227020507494,2026-04-22 00:19:35.110205,2026-04-22 00:19:35.971649,0 days 00:00:00.861444,4.645987250835678,9.324260318943455,0.8777995203878537,COMPLETE
128,0.23311307744069518,2026-04-22 00:19:35.971684,2026-04-22 00:19:36.822165,0 days 00:00:00.850481,3.8624897704346317,3.3978864070192616,0.851479223754548,COMPLETE
129,0.2531217098970853,2026-04-22 00:19:36.822203,2026-04-22 00:19:37.689309,0 days 00:00:00.867106,5.474857490458139,9.018226559879412,0.90504682263308,COMPLETE
130,0.2544691353560059,2026-04-22 00:19:37.689342,2026-04-22 00:19:38.544639,0 days 00:00:00.855297,3.365101290430382,9.57566485017563,0.9817917771887548,COMPLETE
131,0.25496912375939446,2026-04-22 00:19:38.544671,2026-04-22 00:19:39.385449,0 days 00:00:00.840778,3.9850278748879138,9.911812392537687,0.9999702492186793,COMPLETE
