number,value,datetime_start,datetime_complete,duration,params_alpha,params_beta,params_decay_factor,state
398,0.25473637110811953,2026-04-22 00:23:21.424372,2026-04-22 00:23:22.272447,0 days 00:00:00.848075,4.6154442422936475,9.686190286097032,0.9430382031657064,COMPLETE
399,0.24403635193305093,2026-04-22 00:23:22.272478,2026-04-22 00:23:23.111746,0 days 00:00:00.839268,4.3879194291305055,5.040386014141129,0.9217452712838621,COMPLETE
400,0.254288786149339,2026-04-22 00:23:23.111788,2026-04-22 00:23:23.304367,0 days 00:00:00.192579,4.877922348252285,9.995101263163946,0.898820484108832,COMPLETE
401,0.25464933382972027,2026-04-22 00:23:23.304399,2026-04-22 00:23:24.157213,0 days 00:00:00.852814,4.015920202511589,9.64688069583766,0.9387214908653457,COMPLETE
402,0.2545426795762519,2026-04-22 00:23:24.157244,2026-04-22 00:23:25.025358,0 days 00:00:00.868114,4.195555220170178,9.994523775500749,0.9607908826161912,COMPLETE
403,0.2536636216597116,2026-04-22 00:23:25.025390,2026-04-22 00:23:25.894492,0 days 00:00:00.869102,5.542791759762869,9.454567939383118,0.8747486873951158,COMPLETE
404,0.252317009836719,2026-04-22 00:23:25.894525,2026-04-22 00:23:26.756542,0 days 00:00:00.862017,4.566136792521767,9.801454608951655,0.34985447517024193,COMPLETE
405,0.24894540919703248,2026-04-22 00:23:26.756585,2026-04-22 00:23:27.598486,0 days 00:00:00.841901,3.924298912800612,6.1241007391636755,0.9156533221998515,COMPLETE
406,0.2539202358548752,2026-04-22 00:23:27.598519,2026-04-22 00:23:28.446214,0 days 00:00:00.847695,4.2611141070011325,9.094807441627493,0.9642021071783456,COMPLETE
407,0.2554955321621034,2026-04-22 00:23:28.446246,2026-04-22 00:23:29.284947,0 days 00:00:00.838701,4.411124031203652,9.668884945791124,0.9387191367179335,COMPLETE
408,0.254779825233732,2026-04-22 00:23:29.284981,2026-04-22 00:23:30.129103,0 days 00:00:00.844122,4.09041404356604,9.353612862802855,0.8979272182716289,COMPLETE
409,0.25350823595916705,2026-04-22 00:23:30.129134,2026-04-22 00:23:31.262407,0 days 00:00:01.133273,3.7453313170926683,9.587408060954123,0.9337573418162541,COMPLETE
410,0.2545695332281962,2026-04-22 00:23:31.262439,2026-04-22 00:23:32.114120,0 days 00:00:00.851681,4.3422194277601935,9.682204093148519,0.9219156825905108,COMPLETE
411,0.2546139890045119,2026-04-22 00:23:32.114154,2026-04-22 00:23:32.970457,0 days 00:00:00.856303,3.97446285343933,9.9970076519032,0.9419187062370796,COMPLETE
412,0.25382866500887724,2026-04-22 00:23:32.970490,2026-04-22 00:23:33.842471,0 days 00:00:00.871981,3.4790844633443907,8.265663568559727,0.9582211244287108,COMPLETE
413,0.1386004739719269,2026-04-22 00:23:33.842504,2026-04-22 00:23:34.687493,0 days 00:00:00.844989,4.477736491710743,9.237570848577045,0.04280933600981923,COMPLETE
414,0.1970550234341801,2026-04-22 00:23:34.687527,2026-04-22 00:23:35.518504,0 days 00:00:00.830977,3.05959709209622,1.2840277588097866,0.8933062765564727,COMPLETE
415,0.2548214076343243,2026-04-22 00:23:35.518536,2026-04-22 00:23:36.361376,0 days 00:00:00.842840,4.126598948735992,9.500256560107442,0.9769786207757305,COMPLETE
416,0.25416499834595424,2026-04-22 00:23:36.361408,2026-04-22 00:23:37.219082,0 days 00:00:00.857674,3.841973192770985,9.995977526021935,0.9455120877448747,COMPLETE
417,0.2550823279052869,2026-04-22 00:23:37.219115,2026-04-22 00:23:38.071156,0 days 00:00:00.852041,4.722729350384478,9.735987357334666,0.9222694007055665,COMPLETE
418,0.25472213956838585,2026-04-22 00:23:38.071192,2026-04-22 00:23:38.916231,0 days 00:00:00.845039,4.278970545733938,9.786519711449364,0.9750291876104311,COMPLETE
419,0.25385389077727377,2026-04-22 00:23:38.916264,2026-04-22 00:23:39.759638,0 days 00:00:00.843374,2.4246603353376246,9.504979838994691,0.9517523004104141,COMPLETE
420,0.25458927377927204,2026-04-22 00:23:39.759671,2026-04-22 00:23:40.597316,0 days 00:00:00.837645,3.6384143641393036,9.70264730188624,0.9105115006308003,COMPLETE
421,0.2418606240211549,2026-04-22 00:23:40.597347,2026-04-22 00:23:41.456524,0 days 00:00:00.859177,8.219015773713851,9.308824055765044,0.980667111613554,COMPLETE
422,0.2540348746685481,2026-04-22 00:23:41.456556,2026-04-22 00:23:42.303976,0 days 00:00:00.847420,4.442552964960404,8.989519364732093,0.8815059094631528,COMPLETE
423,0.24936709225668954,2026-04-22 00:23:42.304008,2026-04-22 00:23:43.162627,0 days 00:00:00.858619,7.351025416142242,9.991995136464661,0.8614657444606144,COMPLETE
424,0.25483775576761686,2026-04-22 00:23:43.162660,2026-04-22 00:23:44.028674,0 days 00:00:00.866014,4.067591870514736,9.828224713754514,0.9381773794463943,COMPLETE
425,0.25448216230178666,2026-04-22 00:23:44.028707,2026-04-22 00:23:44.890070,0 days 00:00:00.861363,3.800345438863713,9.592436195421453,0.961536859444954,COMPLETE
426,0.2509505487270267,2026-04-22 00:23:44.890103,2026-04-22 00:23:45.731795,0 days 00:00:00.841692,5.01768479004318,7.160640832410515,0.9777171011099075,COMPLETE
427,0.2543642823967507,2026-04-22 00:23:45.731827,2026-04-22 00:23:46.580621,0 days 00:00:00.848794,3.340850427181012,9.496057079637646,0.999631762652,COMPLETE
428,0.25327875792173016,2026-04-22 00:23:46.580654,2026-04-22 00:23:47.440232,0 days 00:00:00.859578,4.258016895848104,9.808943391088686,0.44674759381627327,COMPLETE
429,0.2550874509114491,2026-04-22 00:23:47.440274,2026-04-22 00:23:48.283683,0 days 00:00:00.843409,4.664574254715584,9.996114066793028,0.9364375056698669,COMPLETE
430,0.25506952813951833,2026-04-22 00:23:48.283716,2026-04-22 00:23:49.129654,0 days 00:00:00.845938,3.957804505052951,9.650605667215547,0.9147743006702904,COMPLETE
431,0.254755250612323,2026-04-22 00:23:49.129687,2026-04-22 00:23:49.974784,0 days 00:00:00.845097,4.483151204793176,9.42718448558592,0.963012442932323,COMPLETE
432,0.25453795014098934,2026-04-22 00:23:49.974817,2026-04-22 00:23:50.822915,0 days 00:00:00.848098,3.615998052593882,9.7601339641688,0.9489664881463583,COMPLETE
433,0.254715874103278,2026-04-22 00:23:50.822947,2026-04-22 00:23:51.676779,0 days 00:00:00.853832,4.134416599336613,9.239470517461202,0.984680415505323,COMPLETE
434,0.24380121643570915,2026-04-22 00:23:51.676813,2026-04-22 00:23:52.526422,0 days 00:00:00.849609,4.800160370494466,9.805981661546642,0.16168251667038325,COMPLETE
435,0.2548986333304724,2026-04-22 00:23:52.526457,2026-04-22 00:23:53.380921,0 days 00:00:00.854464,4.414306383848579,9.9991953848886,0.9277157821380231,COMPLETE
436,0.2532212939703215,2026-04-22 00:23:53.380953,2026-04-22 00:23:54.226988,0 days 00:00:00.846035,3.8128456204989756,9.59108588003907,0.5351903011207103,COMPLETE
437,0.2545823140475202,2026-04-22 00:23:54.227020,2026-04-22 00:23:54.412498,0 days 00:00:00.185478,4.193118269414965,9.432574840030476,0.9596665762910337,COMPLETE
438,0.24205505484461698,2026-04-22 00:23:54.412531,2026-04-22 00:23:55.260145,0 days 00:00:00.847614,3.4781539966784147,4.404102610941873,0.9098376827614884,COMPLETE
439,0.25526409459271626,2026-04-22 00:23:55.260179,2026-04-22 00:23:56.101268,0 days 00:00:00.841089,3.9464602697336013,9.812912132812302,0.9832153386055397,COMPLETE
440,0.25466147166971337,2026-04-22 00:23:56.101299,2026-04-22 00:23:56.948592,0 days 00:00:00.847293,3.9326984299959014,9.840333530536938,0.982312625363994,COMPLETE
441,0.2547600849835659,2026-04-22 00:23:56.948625,2026-04-22 00:23:57.797107,0 days 00:00:00.848482,3.6772199500555813,9.686450720224224,0.885055121889214,COMPLETE
442,0.255542218970044,2026-04-22 00:23:57.797139,2026-04-22 00:23:58.646417,0 days 00:00:00.849278,3.8725045517745147,9.995564199446704,0.9482098030738133,COMPLETE
443,0.2547948426096659,2026-04-22 00:23:58.646449,2026-04-22 00:23:59.501103,0 days 00:00:00.854654,3.6826586196013453,9.842701008593515,0.9998171022091957,COMPLETE
444,0.25490770629678744,2026-04-22 00:23:59.501135,2026-04-22 00:24:00.344538,0 days 00:00:00.843403,3.8867004322491034,9.8437824801131,0.7984829152787091,COMPLETE
445,0.25487009373482755,2026-04-22 00:24:00.344570,2026-04-22 00:24:01.182982,0 days 00:00:00.838412,3.3941296857446015,9.988078600170729,0.9330302283840066,COMPLETE
446,0.2552683838977284,2026-04-22 00:24:01.183015,2026-04-22 00:24:02.033663,0 days 00:00:00.850648,4.068622950752256,9.996952673026735,0.8973444962478667,COMPLETE
447,0.25450119936017956,2026-04-22 00:24:02.033696,2026-04-22 00:24:02.891836,0 days 00:00:00.858140,3.9976182112538545,9.687092234482924,0.9003673042467987,COMPLETE
448,0.2547453478627016,2026-04-22 00:24:02.891870,2026-04-22 00:24:03.738055,0 days 00:00:00.846185,3.767009105286966,9.9972219154418,0.8828800531568741,COMPLETE
449,0.2538041988639308,2026-04-22 00:24:03.738087,2026-04-22 00:24:04.591575,0 days 00:00:00.853488,3.603540929272549,9.627151603729205,0.8476098130073146,COMPLETE
450,0.25466772553504413,2026-04-22 00:24:04.591608,2026-04-22 00:24:05.450629,0 days 00:00:00.859021,4.048114352792807,9.821662239150776,0.9007565842445526,COMPLETE
451,0.25458957274466165,2026-04-22 00:24:05.450664,2026-04-22 00:24:06.295195,0 days 00:00:00.844531,3.844131695918135,9.83177777308908,0.9158652709455003,COMPLETE
452,0.2543743442478914,2026-04-22 00:24:06.295227,2026-04-22 00:24:07.139694,0 days 00:00:00.844467,3.4782604049953485,9.551256201181069,0.8708529759066884,COMPLETE
453,0.2540462581531829,2026-04-22 00:24:07.139727,2026-04-22 00:24:08.010424,0 days 00:00:00.870697,4.091623422820423,9.998782867699422,0.6053067578351705,COMPLETE
454,0.25460059278704256,2026-04-22 00:24:08.010455,2026-04-22 00:24:08.847346,0 days 00:00:00.836891,3.8620660317269913,9.683646691719925,0.8430267211955891,COMPLETE
455,0.25434977862871755,2026-04-22 00:24:08.847377,2026-04-22 00:24:09.688135,0 days 00:00:00.840758,4.203542181178154,9.31964962382139,0.9340481427507171,COMPLETE
456,0.25390548065331475,2026-04-22 00:24:09.688166,2026-04-22 00:24:10.536753,0 days 00:00:00.848587,3.6734592901397765,9.833045920051587,0.8692872157724395,COMPLETE
457,0.2527148155563371,2026-04-22 00:24:10.536785,2026-04-22 00:24:11.383068,0 days 00:00:00.846283,4.002770504712208,9.533324989448314,0.39928364095036656,COMPLETE
458,0.25451512218399597,2026-04-22 00:24:11.383100,2026-04-22 00:24:12.231182,0 days 00:00:00.848082,4.311879941566165,9.812026225274922,0.9499859007771874,COMPLETE
459,0.2548668240730652,2026-04-22 00:24:12.231215,2026-04-22 00:24:13.081639,0 days 00:00:00.850424,3.7954013744128092,9.658343943395503,0.8942884712572032,COMPLETE
460,0.25498113756936586,2026-04-22 00:24:13.081672,2026-04-22 00:24:13.928251,0 days 00:00:00.846579,4.098450883139537,9.995575577840107,0.9179047983001596,COMPLETE
461,0.2550361084632121,2026-04-22 00:24:13.928285,2026-04-22 00:24:14.783432,0 days 00:00:00.855147,3.504712951037476,9.998592542464014,0.9749592457475246,COMPLETE
462,0.2549600967683843,2026-04-22 00:24:14.783466,2026-04-22 00:24:15.660227,0 days 00:00:00.876761,4.2856313201514356,9.47274158356939,0.9527186186094313,COMPLETE
463,0.2547012480334403,2026-04-22 00:24:15.660260,2026-04-22 00:24:16.517197,0 days 00:00:00.856937,3.943391969337671,9.684553538154438,0.9302342754620067,COMPLETE
464,0.2542319107018759,2026-04-22 00:24:16.517229,2026-04-22 00:24:17.359251,0 days 00:00:00.842022,3.659340464386361,9.271636002429018,0.9997741056169627,COMPLETE
465,0.2517778799589765,2026-04-22 00:24:17.359284,2026-04-22 00:24:18.221126,0 days 00:00:00.861842,4.385663811005148,7.597576364642262,0.974003606668793,COMPLETE
466,0.2538404554124994,2026-04-22 00:24:18.221159,2026-04-22 00:24:19.067417,0 days 00:00:00.846258,3.2439695272777396,8.78819118270815,0.9081414106884963,COMPLETE
467,0.2544429035467888,2026-04-22 00:24:19.067449,2026-04-22 00:24:19.914874,0 days 00:00:00.847425,4.084655533092808,9.80659025901969,0.9455587426706233,COMPLETE
468,0.25462227304877044,2026-04-22 00:24:19.914907,2026-04-22 00:24:20.753115,0 days 00:00:00.838208,3.9187153537295947,9.472835127569613,0.9678148628407042,COMPLETE
469,0.25513600698086764,2026-04-22 00:24:20.753148,2026-04-22 00:24:21.600791,0 days 00:00:00.847643,4.565670187087552,9.656757887208489,0.9301657964545629,COMPLETE
470,0.25500899733715476,2026-04-22 00:24:21.600823,2026-04-22 00:24:22.457832,0 days 00:00:00.857009,4.182725323814534,9.823003431788171,0.963493913625489,COMPLETE
471,0.2544923844833462,2026-04-22 00:24:22.457864,2026-04-22 00:24:23.318976,0 days 00:00:00.861112,3.742526862402158,9.158130440203953,0.8841240214531398,COMPLETE
472,0.2549235775386929,2026-04-22 00:24:23.319008,2026-04-22 00:24:24.165236,0 days 00:00:00.846228,4.35280978679445,9.992391948645999,0.9838959697970545,COMPLETE
473,0.2548597025381822,2026-04-22 00:24:24.165269,2026-04-22 00:24:25.008085,0 days 00:00:00.842816,3.5082265998203686,9.652867010071903,0.9467434845180642,COMPLETE
474,0.2547114630605344,2026-04-22 00:24:25.008117,2026-04-22 00:24:25.864761,0 days 00:00:00.856644,4.042866520701204,9.393742018824174,0.9091610114455977,COMPLETE
475,0.25490035355041946,2026-04-22 00:24:25.864793,2026-04-22 00:24:26.046239,0 days 00:00:00.181446,3.854726946531104,9.998382591491097,0.9855379658867226,COMPLETE
476,0.2529057427913772,2026-04-22 00:24:26.046271,2026-04-22 00:24:26.896156,0 days 00:00:00.849885,4.213477654872955,8.006170712556475,0.9278225529723393,COMPLETE
477,0.2179265119598976,2026-04-22 00:24:26.896188,2026-04-22 00:24:27.727445,0 days 00:00:00.831257,4.4735879106228404,2.5419284063644305,0.9606758789876192,COMPLETE
478,0.2541097817312784,2026-04-22 00:24:27.727477,2026-04-22 00:24:28.586622,0 days 00:00:00.859145,3.7249498770080445,9.8094769788479,0.9489462652122155,COMPLETE
479,0.2542715200700019,2026-04-22 00:24:28.586656,2026-04-22 00:24:29.450321,0 days 00:00:00.863665,4.62311081973001,9.566758891070934,0.892585279168147,COMPLETE
480,0.25456882893491345,2026-04-22 00:24:29.450354,2026-04-22 00:24:30.353511,0 days 00:00:00.903157,4.911278154781956,9.769483028270576,0.9795932709135049,COMPLETE
481,0.2543158360166617,2026-04-22 00:24:30.353547,2026-04-22 00:24:31.321355,0 days 00:00:00.967808,4.061606075481494,9.423131315258848,0.8626564180985626,COMPLETE
482,0.2552183679465216,2026-04-22 00:24:31.321392,2026-04-22 00:24:32.332388,0 days 00:00:01.010996,4.304647057197653,9.831069158732076,0.9212790126245054,COMPLETE
483,0.25501887185334876,2026-04-22 00:24:32.332429,2026-04-22 00:24:33.324197,0 days 00:00:00.991768,3.3085875807344878,9.99754315476539,0.9644285597432273,COMPLETE
484,0.25468390969153654,2026-04-22 00:24:33.324234,2026-04-22 00:24:34.185800,0 days 00:00:00.861566,3.5608067182460994,9.057248471553878,0.9980540982118906,COMPLETE
485,0.2542693948316899,2026-04-22 00:24:34.185833,2026-04-22 00:24:35.052248,0 days 00:00:00.866415,3.92760106664547,9.680392458907608,0.9421153199950619,COMPLETE
486,0.22136383094759252,2026-04-22 00:24:35.052283,2026-04-22 00:24:35.920566,0 days 00:00:00.868283,9.95444720413837,9.532167396391463,0.9779657350874901,COMPLETE
487,0.2540821685018991,2026-04-22 00:24:35.920604,2026-04-22 00:24:36.775591,0 days 00:00:00.854987,5.278656671514922,9.812293750162643,0.9119291319812257,COMPLETE
488,0.2543886548022584,2026-04-22 00:24:36.775625,2026-04-22 00:24:37.649489,0 days 00:00:00.873864,4.182233360842864,9.620531598023314,0.9994802186411723,COMPLETE
489,0.2543346521818232,2026-04-22 00:24:37.649522,2026-04-22 00:24:38.508443,0 days 00:00:00.858921,4.453897140373003,9.299861051675673,0.9489871672656052,COMPLETE
490,0.2549777910122203,2026-04-22 00:24:38.508475,2026-04-22 00:24:39.353324,0 days 00:00:00.844849,3.8379079286074442,9.825393367899464,0.9640537112471106,COMPLETE
491,0.2540337410954849,2026-04-22 00:24:39.353357,2026-04-22 00:24:40.197683,0 days 00:00:00.844326,4.750197615437448,9.538060575333882,0.898005436387007,COMPLETE
492,0.2550297945083205,2026-04-22 00:24:40.197714,2026-04-22 00:24:41.051376,0 days 00:00:00.853662,4.031834355472302,9.823910593577349,0.933685471227449,COMPLETE
493,0.2543201524645126,2026-04-22 00:24:41.051408,2026-04-22 00:24:41.910085,0 days 00:00:00.858677,3.704654526341126,9.63168365408273,0.9759237566598589,COMPLETE
494,0.2550789929615521,2026-04-22 00:24:41.910119,2026-04-22 00:24:42.776728,0 days 00:00:00.866609,4.342303177377851,9.99417669580442,0.7739051191295956,COMPLETE
495,0.25376220125588583,2026-04-22 00:24:42.776763,2026-04-22 00:24:43.677900,0 days 00:00:00.901137,3.47866881677718,9.358539069719903,0.8252226706206083,COMPLETE
496,0.25495623172030757,2026-04-22 00:24:43.677934,2026-04-22 00:24:44.541061,0 days 00:00:00.863127,4.5796955783788755,9.69574988372798,0.9234320676691431,COMPLETE
497,0.2549740904776675,2026-04-22 00:24:44.541094,2026-04-22 00:24:45.420083,0 days 00:00:00.878989,4.126540147036832,9.814698384886578,0.9533455718344308,COMPLETE
498,0.254721946805113,2026-04-22 00:24:45.420116,2026-04-22 00:24:46.303480,0 days 00:00:00.883364,3.8628605325053686,9.464951305731482,0.9998201993366106,COMPLETE
499,0.25505747288385233,2026-04-22 00:24:46.303514,2026-04-22 00:24:47.194641,0 days 00:00:00.891127,4.201186975998895,9.988464697753665,0.8819261787636445,COMPLETE
