number,value,datetime_start,datetime_complete,duration,params_alpha,params_beta,params_decay_factor,state
132,0.25532576328474654,2026-04-22 00:19:39.385481,2026-04-22 00:19:40.238771,0 days 00:00:00.853290,3.994791955072322,9.998985752703225,0.9587994685257748,COMPLETE
133,0.25486832549336547,2026-04-22 00:19:40.238803,2026-04-22 00:19:41.080428,0 days 00:00:00.841625,4.025732409042967,9.980881795743274,0.9598413908291122,COMPLETE
134,0.2551717296816344,2026-04-22 00:19:41.080459,2026-04-22 00:19:41.961345,0 days 00:00:00.880886,3.998496130293596,9.919056802698428,0.9575417235778935,COMPLETE
135,0.2552449293622637,2026-04-22 00:19:41.961382,2026-04-22 00:19:42.169131,0 days 00:00:00.207749,3.6511379248696603,9.998833352810006,0.9565735585241948,COMPLETE
136,0.25510329460306946,2026-04-22 00:19:42.169164,2026-04-22 00:19:43.103471,0 days 00:00:00.934307,3.977415878392873,9.99806048855072,0.9502422077042623,COMPLETE
137,0.24877715449164098,2026-04-22 00:19:43.103507,2026-04-22 00:19:44.076284,0 days 00:00:00.972777,3.7116592406059277,5.9871934069531,0.934491369485876,COMPLETE
138,0.254751650268565,2026-04-22 00:19:44.076318,2026-04-22 00:19:44.960965,0 days 00:00:00.884647,3.5561515070976135,9.792043274590217,0.9544180177408241,COMPLETE
139,0.254417589649156,2026-04-22 00:19:44.960999,2026-04-22 00:19:45.844222,0 days 00:00:00.883223,4.006374495783307,9.65941677117791,0.9203395236380113,COMPLETE
140,0.2542740409514531,2026-04-22 00:19:45.844255,2026-04-22 00:19:46.710881,0 days 00:00:00.866626,4.25571841095582,9.401033045022299,0.936276748629645,COMPLETE
141,0.2548406522615955,2026-04-22 00:19:46.710914,2026-04-22 00:19:47.601270,0 days 00:00:00.890356,3.9425598511358646,9.962442608382263,0.971045214395551,COMPLETE
142,0.2547881032699471,2026-04-22 00:19:47.601303,2026-04-22 00:19:48.467737,0 days 00:00:00.866434,3.705093644696454,9.808372285159525,0.9573851396391416,COMPLETE
143,0.25510243732797855,2026-04-22 00:19:48.467770,2026-04-22 00:19:49.320064,0 days 00:00:00.852294,3.994913165643116,9.993897433579585,0.9064253347429764,COMPLETE
144,0.2545821393656297,2026-04-22 00:19:49.320097,2026-04-22 00:19:50.176003,0 days 00:00:00.855906,4.35269826289404,9.651644610800489,0.9127087424770394,COMPLETE
145,0.2541852807860881,2026-04-22 00:19:50.176035,2026-04-22 00:19:51.022277,0 days 00:00:00.846242,3.415154962068409,9.248240412915298,0.8988680474935953,COMPLETE
146,0.25478648950022004,2026-04-22 00:19:51.022316,2026-04-22 00:19:51.888768,0 days 00:00:00.866452,4.152211347592453,9.99011412332332,0.9385497649809208,COMPLETE
147,0.24871167720825962,2026-04-22 00:19:51.888800,2026-04-22 00:19:52.755116,0 days 00:00:00.866316,4.903749269437684,9.502005077954726,0.24736551994436412,COMPLETE
148,0.2552930570854452,2026-04-22 00:19:52.755150,2026-04-22 00:19:53.605621,0 days 00:00:00.850471,3.5895200619423444,9.779679727725574,0.9878998005970225,COMPLETE
149,0.25431059687194707,2026-04-22 00:19:53.605651,2026-04-22 00:19:54.460190,0 days 00:00:00.854539,3.6019616042664278,9.79877867927766,0.9593854653585836,COMPLETE
150,0.2551962376244497,2026-04-22 00:19:54.460224,2026-04-22 00:19:55.390406,0 days 00:00:00.930182,3.825571665173121,9.727286597549314,0.9942964215403667,COMPLETE
151,0.2545002039306091,2026-04-22 00:19:55.390446,2026-04-22 00:19:56.240915,0 days 00:00:00.850469,3.291571491262206,9.721348757682694,0.992906271279589,COMPLETE
152,0.254386443945637,2026-04-22 00:19:56.240948,2026-04-22 00:19:57.097645,0 days 00:00:00.856697,3.800167997896264,9.809832554291837,0.9954549127607285,COMPLETE
153,0.254553318542532,2026-04-22 00:19:57.097676,2026-04-22 00:19:57.956661,0 days 00:00:00.858985,4.140313871726714,9.973858569880312,0.975107387649521,COMPLETE
154,0.25450797672863584,2026-04-22 00:19:57.956693,2026-04-22 00:19:58.802028,0 days 00:00:00.845335,3.5872332935772464,9.416933179942593,0.9443192628761148,COMPLETE
155,0.25446957360950617,2026-04-22 00:19:58.802063,2026-04-22 00:19:59.656132,0 days 00:00:00.854069,4.424974174276097,9.661567159170774,0.976936031992204,COMPLETE
156,0.23691386180809793,2026-04-22 00:19:59.656165,2026-04-22 00:20:00.529684,0 days 00:00:00.873519,3.758553924562757,9.23278120459913,0.10973921623424254,COMPLETE
157,0.254391855293431,2026-04-22 00:20:00.529716,2026-04-22 00:20:01.371879,0 days 00:00:00.842163,3.2677318807892317,9.670905604481023,0.9235372506974613,COMPLETE
158,0.2547133664908821,2026-04-22 00:20:01.371911,2026-04-22 00:20:02.231172,0 days 00:00:00.859261,3.4610416920721154,9.992472380634236,0.9969689449531846,COMPLETE
159,0.2543547427607511,2026-04-22 00:20:02.231202,2026-04-22 00:20:03.069419,0 days 00:00:00.838217,4.0094795440442965,9.49272471979444,0.9484324945111883,COMPLETE
160,0.2552817269645277,2026-04-22 00:20:03.069460,2026-04-22 00:20:03.923340,0 days 00:00:00.853880,4.772461709234746,9.808282675031231,0.971165947347406,COMPLETE
161,0.25416128558753776,2026-04-22 00:20:03.923371,2026-04-22 00:20:04.767157,0 days 00:00:00.843786,4.2808264626711034,9.790681162507015,0.9688723407480611,COMPLETE
162,0.25460139612981775,2026-04-22 00:20:04.767189,2026-04-22 00:20:05.616950,0 days 00:00:00.849761,4.662993239166627,9.992231113078466,0.93378508529806,COMPLETE
163,0.254684721979685,2026-04-22 00:20:05.616983,2026-04-22 00:20:06.464521,0 days 00:00:00.847538,3.894064905230261,9.613543189839767,0.9976842727172369,COMPLETE
164,0.2554696000550264,2026-04-22 00:20:06.464553,2026-04-22 00:20:07.311960,0 days 00:00:00.847407,4.43866705616396,9.785557263141058,0.9631603122273831,COMPLETE
165,0.2535568368161597,2026-04-22 00:20:07.311993,2026-04-22 00:20:08.158044,0 days 00:00:00.846051,4.9657444134111435,9.323977187126335,0.9705170089179198,COMPLETE
166,0.20892789683524057,2026-04-22 00:20:08.158076,2026-04-22 00:20:08.984136,0 days 00:00:00.826060,4.44721245765338,2.0026588038367614,0.9562873336930005,COMPLETE
167,0.2544895445584283,2026-04-22 00:20:08.984168,2026-04-22 00:20:09.828411,0 days 00:00:00.844243,4.782193888380191,9.763559058387361,0.9789013268171253,COMPLETE
168,0.2543318152350094,2026-04-22 00:20:09.828443,2026-04-22 00:20:10.664047,0 days 00:00:00.835604,4.154796266940184,9.121950557525468,0.999617766999129,COMPLETE
169,0.22579792185167163,2026-04-22 00:20:10.664079,2026-04-22 00:20:11.523519,0 days 00:00:00.859440,9.616829047667334,9.498132084094431,0.9217342724246641,COMPLETE
170,0.25367597926700197,2026-04-22 00:20:11.523554,2026-04-22 00:20:12.390649,0 days 00:00:00.867095,5.924932805265436,9.774371093282745,0.9467135730960081,COMPLETE
171,0.254742285657097,2026-04-22 00:20:12.390680,2026-04-22 00:20:13.224660,0 days 00:00:00.833980,3.776768188003257,9.845880060244998,0.916900656610423,COMPLETE
172,0.2546528057366058,2026-04-22 00:20:13.224693,2026-04-22 00:20:13.411670,0 days 00:00:00.186977,4.09478105516972,9.58580600457261,0.8841003437945024,COMPLETE
173,0.25523403942976397,2026-04-22 00:20:13.411701,2026-04-22 00:20:14.253026,0 days 00:00:00.841325,4.59732087842845,9.995910231403526,0.9587062967080601,COMPLETE
174,0.25519715963730505,2026-04-22 00:20:14.253059,2026-04-22 00:20:15.110809,0 days 00:00:00.857750,4.585273815176487,9.823334884928975,0.9630989485072011,COMPLETE
175,0.2544976563758069,2026-04-22 00:20:15.110842,2026-04-22 00:20:15.994893,0 days 00:00:00.884051,5.124583812811447,9.992819325371363,0.9638217291088798,COMPLETE
176,0.25414286513845413,2026-04-22 00:20:15.994925,2026-04-22 00:20:16.844057,0 days 00:00:00.849132,5.32089612948978,9.40771876474662,0.9771508182524858,COMPLETE
177,0.254625654724955,2026-04-22 00:20:16.844088,2026-04-22 00:20:17.705126,0 days 00:00:00.861038,4.640159304423207,9.8045188552473,0.9429840772241591,COMPLETE
178,0.25446699215376134,2026-04-22 00:20:17.705158,2026-04-22 00:20:18.562398,0 days 00:00:00.857240,4.4658011666901825,9.591435394250398,0.9772566703780284,COMPLETE
179,0.2549970869379361,2026-04-22 00:20:18.562430,2026-04-22 00:20:19.404356,0 days 00:00:00.841926,4.846117442996816,9.997909776092108,0.9567329190558655,COMPLETE
180,0.25336397021152424,2026-04-22 00:20:19.404389,2026-04-22 00:20:20.255043,0 days 00:00:00.850654,4.845021661951332,9.248875752309116,0.4993946334133322,COMPLETE
181,0.25508887007366166,2026-04-22 00:20:20.255074,2026-04-22 00:20:21.096432,0 days 00:00:00.841358,4.332344453965311,9.838913212688572,0.9593483288282809,COMPLETE
182,0.25482182449331076,2026-04-22 00:20:21.096464,2026-04-22 00:20:21.958711,0 days 00:00:00.862247,4.373982578311941,9.759942278998174,0.9578237847682942,COMPLETE
183,0.25423910600160743,2026-04-22 00:20:21.958743,2026-04-22 00:20:22.823615,0 days 00:00:00.864872,4.630974599540065,9.598556730218538,0.9320797291897782,COMPLETE
184,0.25400109313514313,2026-04-22 00:20:22.823648,2026-04-22 00:20:23.669059,0 days 00:00:00.845411,4.305105187030906,9.861609083718804,0.9814753115161966,COMPLETE
185,0.2544355054320359,2026-04-22 00:20:23.669093,2026-04-22 00:20:24.515314,0 days 00:00:00.846221,4.554591255639935,9.44411600756187,0.9624818670089311,COMPLETE
186,0.2547180216120035,2026-04-22 00:20:24.515346,2026-04-22 00:20:25.362469,0 days 00:00:00.847123,5.011586534562964,9.82860222744575,0.9995546496939222,COMPLETE
187,0.25415473585311477,2026-04-22 00:20:25.362503,2026-04-22 00:20:26.204992,0 days 00:00:00.842489,4.224314465476557,9.987158934403435,0.9282626760697344,COMPLETE
188,0.25442395238659093,2026-04-22 00:20:26.205025,2026-04-22 00:20:27.052804,0 days 00:00:00.847779,4.730722060558262,9.623323185270767,0.9500456393156569,COMPLETE
189,0.2550393527345506,2026-04-22 00:20:27.052835,2026-04-22 00:20:27.886618,0 days 00:00:00.833783,3.965244539466591,9.791865518161167,0.9798135053927715,COMPLETE
190,0.25437973155370075,2026-04-22 00:20:27.886650,2026-04-22 00:20:28.735260,0 days 00:00:00.848610,3.640757275970976,9.35725616877148,0.9694016760347622,COMPLETE
191,0.2541990009743179,2026-04-22 00:20:28.735295,2026-04-22 00:20:29.580187,0 days 00:00:00.844892,3.9972871633730738,9.758135958752652,0.9814019577887841,COMPLETE
192,0.2547726781901018,2026-04-22 00:20:29.580220,2026-04-22 00:20:30.419439,0 days 00:00:00.839219,4.202213377507743,9.995060544169156,0.9444684830922065,COMPLETE
193,0.2538672884691069,2026-04-22 00:20:30.419471,2026-04-22 00:20:31.279656,0 days 00:00:00.860185,3.9790131052022497,9.63248187672737,0.983042389198709,COMPLETE
194,0.2547159197815489,2026-04-22 00:20:31.279690,2026-04-22 00:20:32.134196,0 days 00:00:00.854506,4.463264256449989,9.806529761463795,0.9987282794473851,COMPLETE
195,0.2550177892040429,2026-04-22 00:20:32.134229,2026-04-22 00:20:32.973312,0 days 00:00:00.839083,3.7414116224025418,9.99863124798915,0.9589540917606948,COMPLETE
196,0.2549156888264918,2026-04-22 00:20:32.973344,2026-04-22 00:20:33.837300,0 days 00:00:00.863956,3.54461795013899,9.534135654968239,0.9170871612478178,COMPLETE
197,0.25406155588819024,2026-04-22 00:20:33.837331,2026-04-22 00:20:34.674322,0 days 00:00:00.836991,3.8071783391951732,9.71089318014688,0.957710526721944,COMPLETE
198,0.25464353459519556,2026-04-22 00:20:34.674362,2026-04-22 00:20:35.515719,0 days 00:00:00.841357,4.318582948462116,9.993433994724096,0.9335210912439553,COMPLETE
199,0.25461451161765114,2026-04-22 00:20:35.515755,2026-04-22 00:20:36.361484,0 days 00:00:00.845729,3.6824007987931004,9.462786281033535,0.9563081475850799,COMPLETE
200,0.2548878786100211,2026-04-22 00:20:36.361517,2026-04-22 00:20:37.205002,0 days 00:00:00.843485,3.4714309932418823,9.781618106863927,0.9088183093424307,COMPLETE
201,0.2549584393364384,2026-04-22 00:20:37.205034,2026-04-22 00:20:38.045574,0 days 00:00:00.840540,4.053771719573374,9.999129462388275,0.9753959961108757,COMPLETE
202,0.25329049454475905,2026-04-22 00:20:38.045607,2026-04-22 00:20:38.895985,0 days 00:00:00.850378,3.8683896903577617,9.796297762003821,0.424253606644709,COMPLETE
203,0.2501871378456971,2026-04-22 00:20:38.896018,2026-04-22 00:20:39.748131,0 days 00:00:00.852113,4.124634165865472,6.429740797832455,0.9634298434860885,COMPLETE
204,0.254699703876717,2026-04-22 00:20:39.748169,2026-04-22 00:20:40.597808,0 days 00:00:00.849639,4.529605138653583,9.577419315764299,0.9348299940566605,COMPLETE
205,0.2545028560854441,2026-04-22 00:20:40.597841,2026-04-22 00:20:41.437202,0 days 00:00:00.839361,3.93545417124666,9.824661840171919,0.9780140443634495,COMPLETE
206,0.2550241229593273,2026-04-22 00:20:41.437233,2026-04-22 00:20:42.299142,0 days 00:00:00.861909,4.2753586442767535,9.637349299927576,0.9472510078326567,COMPLETE
207,0.25497436423922876,2026-04-22 00:20:42.299174,2026-04-22 00:20:43.152641,0 days 00:00:00.853467,4.721672618829132,9.61876408215528,0.9438596679573079,COMPLETE
208,0.25468065354207625,2026-04-22 00:20:43.152674,2026-04-22 00:20:43.995618,0 days 00:00:00.842944,4.336169111747567,9.312289633899466,0.9174346948355835,COMPLETE
209,0.25463467688735736,2026-04-22 00:20:43.995650,2026-04-22 00:20:44.840998,0 days 00:00:00.845348,4.885698594072395,9.663667485295163,0.9576439603169951,COMPLETE
210,0.2548726948410429,2026-04-22 00:20:44.841030,2026-04-22 00:20:45.023003,0 days 00:00:00.181973,3.240811052964089,9.42412021438866,0.9335065773257014,COMPLETE
211,0.2543500540424335,2026-04-22 00:20:45.023041,2026-04-22 00:20:45.882649,0 days 00:00:00.859608,4.665876435941296,9.67067954824138,0.945458077102725,COMPLETE
212,0.25486259307449133,2026-04-22 00:20:45.882681,2026-04-22 00:20:46.734603,0 days 00:00:00.851922,4.770564113230765,9.834058057767024,0.963786820945401,COMPLETE
213,0.2540017473805727,2026-04-22 00:20:46.734638,2026-04-22 00:20:47.599251,0 days 00:00:00.864613,4.215054795220125,9.596227436145755,0.9437532645585767,COMPLETE
214,0.2548586332110718,2026-04-22 00:20:47.599284,2026-04-22 00:20:48.448447,0 days 00:00:00.849163,4.463539072853626,9.992919506939366,0.9800998373031412,COMPLETE
215,0.25446955614326133,2026-04-22 00:20:48.448479,2026-04-22 00:20:49.297524,0 days 00:00:00.849045,3.6478606606508848,9.788637703795732,0.9183485056735077,COMPLETE
216,0.25392446655115414,2026-04-22 00:20:49.297555,2026-04-22 00:20:50.148877,0 days 00:00:00.851322,4.986695355714711,9.138681145142534,0.9589430092732811,COMPLETE
217,0.255544416620066,2026-04-22 00:20:50.148907,2026-04-22 00:20:50.995913,0 days 00:00:00.847006,3.801579723342325,9.999689611545351,0.9056843035529468,COMPLETE
218,0.25525594984732325,2026-04-22 00:20:50.995945,2026-04-22 00:20:51.849683,0 days 00:00:00.853738,3.877288666860588,9.84155201306953,0.9038054981579098,COMPLETE
219,0.25505973849476427,2026-04-22 00:20:51.849715,2026-04-22 00:20:52.704378,0 days 00:00:00.854663,3.750252762724521,9.999227985175922,0.9021715506639912,COMPLETE
220,0.2547132088609069,2026-04-22 00:20:52.704412,2026-04-22 00:20:53.560460,0 days 00:00:00.856048,3.7936030259683613,9.476324887663043,0.8952403130551263,COMPLETE
221,0.25388471198817436,2026-04-22 00:20:53.560490,2026-04-22 00:20:54.409455,0 days 00:00:00.848965,4.046376669157896,9.841729146395489,0.9079035070841354,COMPLETE
222,0.25513193692170977,2026-04-22 00:20:54.409488,2026-04-22 00:20:55.251620,0 days 00:00:00.842132,3.8082762266038777,9.803817705482084,0.93178898222607,COMPLETE
223,0.2541164412616377,2026-04-22 00:20:55.251653,2026-04-22 00:20:56.102457,0 days 00:00:00.850804,3.7402621164205407,9.753187536591469,0.9261976775160046,COMPLETE
224,0.2547623829114282,2026-04-22 00:20:56.102489,2026-04-22 00:20:56.945820,0 days 00:00:00.843331,3.9209209761757133,9.814556439359581,0.8749149352667766,COMPLETE
225,0.2551509691288067,2026-04-22 00:20:56.945852,2026-04-22 00:20:57.792949,0 days 00:00:00.847097,4.17149864979925,9.997991306548174,0.9091074376469227,COMPLETE
226,0.25421778941103185,2026-04-22 00:20:57.792981,2026-04-22 00:20:58.635853,0 days 00:00:00.842872,4.23757243662523,9.626634910905445,0.9015893371675254,COMPLETE
227,0.2540674638461781,2026-04-22 00:20:58.635886,2026-04-22 00:20:59.470052,0 days 00:00:00.834166,4.112563080695069,9.813090300684522,0.9216931918222151,COMPLETE
228,0.25387976105252924,2026-04-22 00:20:59.470084,2026-04-22 00:21:00.317141,0 days 00:00:00.847057,4.316708342353522,9.506003982875889,0.8716986064041913,COMPLETE
229,0.25507940714837424,2026-04-22 00:21:00.317173,2026-04-22 00:21:01.157207,0 days 00:00:00.840034,3.919435444380766,9.993045780165511,0.9358759059830226,COMPLETE
230,0.2551062747008178,2026-04-22 00:21:01.157240,2026-04-22 00:21:02.008237,0 days 00:00:00.850997,3.452868120695917,9.984118654637934,0.9099420493147873,COMPLETE
231,0.25470652424361506,2026-04-22 00:21:02.008269,2026-04-22 00:21:02.874839,0 days 00:00:00.866570,3.4905821785768425,9.83328174621283,0.8925504985318878,COMPLETE
232,0.2540154415445192,2026-04-22 00:21:02.874871,2026-04-22 00:21:03.716212,0 days 00:00:00.841341,3.9278730138670257,9.981691758884548,0.9141293966294867,COMPLETE
233,0.25422015663329434,2026-04-22 00:21:03.716244,2026-04-22 00:21:04.564287,0 days 00:00:00.848043,3.589965360841762,9.986055735972153,0.8602821363636285,COMPLETE
234,0.254594700897743,2026-04-22 00:21:04.564320,2026-04-22 00:21:05.412208,0 days 00:00:00.847888,3.7759513258798676,9.759016492129733,0.9275334180735626,COMPLETE
235,0.2547174832242991,2026-04-22 00:21:05.412240,2026-04-22 00:21:06.258332,0 days 00:00:00.846092,3.312283031445775,9.820062574498198,0.9778811941029576,COMPLETE
236,0.2549916528468588,2026-04-22 00:21:06.258364,2026-04-22 00:21:07.099454,0 days 00:00:00.841090,4.028619598402557,9.995023859356017,0.9008347183062304,COMPLETE
237,0.25169059380990527,2026-04-22 00:21:07.099487,2026-04-22 00:21:07.926906,0 days 00:00:00.827419,0.6204475968470433,9.659823435618346,0.9383629310501251,COMPLETE
238,0.2537813278116092,2026-04-22 00:21:07.926940,2026-04-22 00:21:08.770295,0 days 00:00:00.843355,3.8390741065505654,9.463905713362424,0.9747698092093495,COMPLETE
239,0.2549737128370698,2026-04-22 00:21:08.770329,2026-04-22 00:21:09.616594,0 days 00:00:00.846265,3.5649581184309196,9.994118272338802,0.8842144811540973,COMPLETE
240,0.2521860445701476,2026-04-22 00:21:09.616625,2026-04-22 00:21:10.488645,0 days 00:00:00.872020,4.08285799583409,9.690019574072439,0.37923920616197043,COMPLETE
241,0.25539815017292966,2026-04-22 00:21:10.488680,2026-04-22 00:21:11.335811,0 days 00:00:00.847131,4.184842206823137,9.668283136771944,0.9444686925163954,COMPLETE
242,0.2543508333971127,2026-04-22 00:21:11.335843,2026-04-22 00:21:12.184697,0 days 00:00:00.848854,3.8797306220949026,9.831185290193694,0.9840989853370358,COMPLETE
243,0.2547152083392878,2026-04-22 00:21:12.184728,2026-04-22 00:21:13.066655,0 days 00:00:00.881927,4.121872975840953,9.686310003725403,0.937506931407989,COMPLETE
244,0.25485802712078937,2026-04-22 00:21:13.066688,2026-04-22 00:21:13.942185,0 days 00:00:00.875497,3.660821859236269,9.802029126448728,0.9188630157853996,COMPLETE
245,0.2547116332326587,2026-04-22 00:21:13.942219,2026-04-22 00:21:14.825506,0 days 00:00:00.883287,4.35026247271649,9.528117490157188,0.9634730737478165,COMPLETE
246,0.25447451728227743,2026-04-22 00:21:14.825540,2026-04-22 00:21:15.693418,0 days 00:00:00.867878,3.990762916740877,9.797331556083861,0.9422887636360603,COMPLETE
247,0.2547171863918274,2026-04-22 00:21:15.693453,2026-04-22 00:21:16.539434,0 days 00:00:00.845981,3.3729358000645737,9.983533079476762,0.910807703417012,COMPLETE
248,0.25414804156290727,2026-04-22 00:21:16.539467,2026-04-22 00:21:16.730607,0 days 00:00:00.191140,4.4706646339307055,9.345069782350016,0.9984673979042344,COMPLETE
249,0.2547931343667514,2026-04-22 00:21:16.730640,2026-04-22 00:21:17.588432,0 days 00:00:00.857792,4.156891823849229,9.634986172911477,0.9657342762321203,COMPLETE
250,0.25517129316852927,2026-04-22 00:21:17.588464,2026-04-22 00:21:18.431581,0 days 00:00:00.843117,3.846387158233612,9.995929938691647,0.9426350960970813,COMPLETE
251,0.23960373304497518,2026-04-22 00:21:18.431613,2026-04-22 00:21:19.258992,0 days 00:00:00.827379,3.723168039357437,4.0393128241582605,0.9327394047042802,COMPLETE
252,0.2547578056610902,2026-04-22 00:21:19.259023,2026-04-22 00:21:20.102495,0 days 00:00:00.843472,2.8759275430494937,9.993405325018307,0.8972965646214367,COMPLETE
253,0.2476502068529653,2026-04-22 00:21:20.102527,2026-04-22 00:21:20.934622,0 days 00:00:00.832095,3.537009437521163,5.517367188841776,0.9448983388450047,COMPLETE
254,0.2545315812969473,2026-04-22 00:21:20.934656,2026-04-22 00:21:21.781815,0 days 00:00:00.847159,3.790253536140563,9.831534587594392,0.9528812228022048,COMPLETE
255,0.2550708637039039,2026-04-22 00:21:21.781847,2026-04-22 00:21:22.650272,0 days 00:00:00.868425,4.221445485295504,9.992628283535783,0.9324309326584185,COMPLETE
256,0.2542454968029864,2026-04-22 00:21:22.650312,2026-04-22 00:21:23.497058,0 days 00:00:00.846746,4.460487393535171,9.536755901439244,0.9247491918538562,COMPLETE
257,0.17531651036174004,2026-04-22 00:21:23.497090,2026-04-22 00:21:24.320012,0 days 00:00:00.822922,4.312595369041676,0.22281769462880963,0.9636792891352675,COMPLETE
258,0.25417157827329545,2026-04-22 00:21:24.320046,2026-04-22 00:21:25.158795,0 days 00:00:00.838749,4.178998758012981,9.674255441752717,0.9439067292124824,COMPLETE
259,0.2550081328261596,2026-04-22 00:21:25.158830,2026-04-22 00:21:26.009304,0 days 00:00:00.850474,4.5562261456049304,9.825270852987083,0.9274768888559148,COMPLETE
260,0.25426945876713225,2026-04-22 00:21:26.009335,2026-04-22 00:21:26.855169,0 days 00:00:00.845834,3.9814495160293037,9.350723994645067,0.9827621649469902,COMPLETE
261,0.2544981172874979,2026-04-22 00:21:26.855200,2026-04-22 00:21:27.692314,0 days 00:00:00.837114,4.161583061030662,9.518827008223653,0.9593647341695636,COMPLETE
262,0.2550397298644887,2026-04-22 00:21:27.692346,2026-04-22 00:21:28.529108,0 days 00:00:00.836762,3.8716783768204763,9.985489845789118,0.9171156109280164,COMPLETE
263,0.2542737888751433,2026-04-22 00:21:28.529140,2026-04-22 00:21:29.367338,0 days 00:00:00.838198,4.4183517336601446,9.669375462561309,0.5506250499548055,COMPLETE
264,0.25488928558191115,2026-04-22 00:21:29.367371,2026-04-22 00:21:30.214593,0 days 00:00:00.847222,4.212053407878861,9.814076914491434,0.938789937128915,COMPLETE
