number,value,datetime_start,datetime_complete,duration,params_alpha,params_beta,params_decay_factor,state
265,0.25483720541038174,2026-04-22 00:21:30.214626,2026-04-22 00:21:31.064161,0 days 00:00:00.849535,3.0947682704865196,9.620724478962835,0.982012641878935,COMPLETE
266,0.2439557432619205,2026-04-22 00:21:31.064193,2026-04-22 00:21:31.915102,0 days 00:00:00.850909,3.4252815162123933,4.776529740120068,0.9614359804618624,COMPLETE
267,0.25473676911002824,2026-04-22 00:21:31.915135,2026-04-22 00:21:32.761914,0 days 00:00:00.846779,4.024925757499885,9.991229262485568,0.8867502481542076,COMPLETE
268,0.2539101156264751,2026-04-22 00:21:32.761946,2026-04-22 00:21:33.634196,0 days 00:00:00.872250,4.583888725426264,9.827286516806362,0.4704226565047998,COMPLETE
269,0.25532575376711275,2026-04-22 00:21:33.634230,2026-04-22 00:21:34.490681,0 days 00:00:00.856451,3.6642862920715036,9.38765476004452,0.9282357621307369,COMPLETE
270,0.25416503303133525,2026-04-22 00:21:34.490716,2026-04-22 00:21:35.330548,0 days 00:00:00.839832,3.5776406818933086,9.302091055849912,0.911415076591667,COMPLETE
271,0.25433270492217963,2026-04-22 00:21:35.330580,2026-04-22 00:21:36.174200,0 days 00:00:00.843620,3.695426611767071,9.475476130028932,0.9478059644907051,COMPLETE
272,0.254499892568385,2026-04-22 00:21:36.174232,2026-04-22 00:21:37.021798,0 days 00:00:00.847566,3.2186926865502974,9.22274478044471,0.9982241839333141,COMPLETE
273,0.25437218638615644,2026-04-22 00:21:37.021829,2026-04-22 00:21:37.872976,0 days 00:00:00.851147,3.894705607621953,9.610054482715467,0.9701885907333346,COMPLETE
274,0.25492323052935256,2026-04-22 00:21:37.873012,2026-04-22 00:21:38.731186,0 days 00:00:00.858174,3.4027101880767483,9.682468972747326,0.8744993178507058,COMPLETE
275,0.2434183957374701,2026-04-22 00:21:38.731219,2026-04-22 00:21:39.578665,0 days 00:00:00.847446,7.996821221822721,9.475512016822659,0.9526626009646593,COMPLETE
276,0.25504602394814235,2026-04-22 00:21:39.578699,2026-04-22 00:21:40.428107,0 days 00:00:00.849408,3.600360521369933,9.79731505987123,0.9249908605831747,COMPLETE
277,0.25486252864419107,2026-04-22 00:21:40.428140,2026-04-22 00:21:41.267253,0 days 00:00:00.839113,3.8802484461973172,9.776516852332074,0.9810327361286849,COMPLETE
278,0.255627783860922,2026-04-22 00:21:41.267286,2026-04-22 00:21:42.122319,0 days 00:00:00.855033,4.030918006294225,9.998053895763343,0.896273860826577,COMPLETE
279,0.23997545489108404,2026-04-22 00:21:42.122350,2026-04-22 00:21:42.989064,0 days 00:00:00.866714,4.101570484216979,9.412630133016584,0.13276621599662003,COMPLETE
280,0.2546969278251438,2026-04-22 00:21:42.989097,2026-04-22 00:21:43.856735,0 days 00:00:00.867638,4.438662597486342,9.657881488806481,0.8480284340787776,COMPLETE
281,0.25444680663897684,2026-04-22 00:21:43.856768,2026-04-22 00:21:44.702499,0 days 00:00:00.845731,3.6604470348684184,9.839199040009548,0.8994485634349184,COMPLETE
282,0.2545854975090825,2026-04-22 00:21:44.702531,2026-04-22 00:21:45.541605,0 days 00:00:00.839074,4.036819251362,9.505255344188642,0.8888929534648166,COMPLETE
283,0.2553753619434769,2026-04-22 00:21:45.541638,2026-04-22 00:21:46.397329,0 days 00:00:00.855691,4.269343249881554,9.819060573857929,0.9994676544317425,COMPLETE
284,0.2547733532050165,2026-04-22 00:21:46.397363,2026-04-22 00:21:47.258038,0 days 00:00:00.860675,3.501854372587211,9.137718269652462,0.9875324237154767,COMPLETE
285,0.25438134415796465,2026-04-22 00:21:47.258070,2026-04-22 00:21:48.109455,0 days 00:00:00.851385,3.775641583905839,9.649798591345455,0.8620279730882168,COMPLETE
286,0.2508953097911335,2026-04-22 00:21:48.109487,2026-04-22 00:21:48.266369,0 days 00:00:00.156882,4.697288305763549,9.344114917815844,0.3044065084450064,COMPLETE
287,0.2548805962085751,2026-04-22 00:21:48.266402,2026-04-22 00:21:49.105620,0 days 00:00:00.839218,4.139556457046487,9.993811842527263,0.99763664147059,COMPLETE
288,0.25489757793825324,2026-04-22 00:21:49.105653,2026-04-22 00:21:49.959058,0 days 00:00:00.853405,4.317940199329223,9.999508426170411,0.9699199218580616,COMPLETE
289,0.2548444704758891,2026-04-22 00:21:49.959090,2026-04-22 00:21:50.795067,0 days 00:00:00.835977,3.892260052979289,9.693336586447582,0.9998758108419908,COMPLETE
290,0.25485000188103063,2026-04-22 00:21:50.795100,2026-04-22 00:21:51.639698,0 days 00:00:00.844598,3.326967785894697,9.833444924094044,0.9149989627115602,COMPLETE
291,0.25422038658580065,2026-04-22 00:21:51.639737,2026-04-22 00:21:52.484929,0 days 00:00:00.845192,3.7088596068447197,9.538427097154152,0.9685239836191762,COMPLETE
292,0.2548092854353056,2026-04-22 00:21:52.484961,2026-04-22 00:21:53.337980,0 days 00:00:00.853019,4.58489019903553,9.814759254073993,0.9086666240891864,COMPLETE
293,0.21383366149691244,2026-04-22 00:21:53.338012,2026-04-22 00:21:54.180831,0 days 00:00:00.842819,4.0685042614231355,2.2068192343079476,0.9449755964360848,COMPLETE
294,0.2544551038403997,2026-04-22 00:21:54.180865,2026-04-22 00:21:55.014236,0 days 00:00:00.833371,2.976661298188311,9.644722110678,0.979582912677738,COMPLETE
295,0.1949786393081346,2026-04-22 00:21:55.014268,2026-04-22 00:21:55.841625,0 days 00:00:00.827357,3.8575424089638557,1.1651646897036771,0.8790320291374609,COMPLETE
296,0.2525981551556004,2026-04-22 00:21:55.841656,2026-04-22 00:21:56.680408,0 days 00:00:00.838752,2.6694644435933084,7.510201409775226,0.9321551157014546,COMPLETE
297,0.25440494218284776,2026-04-22 00:21:56.680440,2026-04-22 00:21:57.528667,0 days 00:00:00.848227,4.340732312280297,9.369488201964142,0.9550424985292005,COMPLETE
298,0.25339447999476283,2026-04-22 00:21:57.528700,2026-04-22 00:21:58.413125,0 days 00:00:00.884425,2.3600865595422382,9.788555557557526,0.999858509589719,COMPLETE
299,0.2544585115234909,2026-04-22 00:21:58.413157,2026-04-22 00:21:59.261041,0 days 00:00:00.847884,3.466740475509706,9.556967853942117,0.9069510846091554,COMPLETE
300,0.25431936445975367,2026-04-22 00:21:59.261075,2026-04-22 00:22:00.109011,0 days 00:00:00.847936,4.161421409375388,8.923360793706268,0.9712169641399234,COMPLETE
301,0.25495066900962726,2026-04-22 00:22:00.109044,2026-04-22 00:22:00.959935,0 days 00:00:00.850891,3.693672428295497,9.99444391455833,0.9270206584585181,COMPLETE
302,0.2538620205228314,2026-04-22 00:22:00.959967,2026-04-22 00:22:01.824611,0 days 00:00:00.864644,3.9795330946677923,9.792968372466381,0.5863868208290488,COMPLETE
303,0.25492556869546223,2026-04-22 00:22:01.824650,2026-04-22 00:22:02.698134,0 days 00:00:00.873484,4.508827430264843,9.22633491791654,0.9479105286525881,COMPLETE
304,0.2516636272927566,2026-04-22 00:22:02.698168,2026-04-22 00:22:03.577745,0 days 00:00:00.879577,3.155857033890948,6.958707948031538,0.9662343485884195,COMPLETE
305,0.25493263195450444,2026-04-22 00:22:03.577779,2026-04-22 00:22:04.435016,0 days 00:00:00.857237,4.221986529424921,9.654420633161063,0.8977787579305607,COMPLETE
306,0.2552802730379231,2026-04-22 00:22:04.435049,2026-04-22 00:22:05.277238,0 days 00:00:00.842189,3.8691380794824117,9.989772888842799,0.9313262153821903,COMPLETE
307,0.2543132104425131,2026-04-22 00:22:05.277270,2026-04-22 00:22:06.118816,0 days 00:00:00.841546,3.5588277203436,9.46677245171656,0.9406014651111884,COMPLETE
308,0.25466389958542446,2026-04-22 00:22:06.118849,2026-04-22 00:22:06.960447,0 days 00:00:00.841598,3.806976372525906,9.813560691140735,0.9720589441473595,COMPLETE
309,0.2553926189240883,2026-04-22 00:22:06.960492,2026-04-22 00:22:07.803034,0 days 00:00:00.842542,3.9651030341555624,9.825961042533336,0.952274515934734,COMPLETE
310,0.2547157759529086,2026-04-22 00:22:07.803066,2026-04-22 00:22:08.655635,0 days 00:00:00.852569,3.7042913166925624,9.566255790674921,0.9268824377240007,COMPLETE
311,0.25528366742551967,2026-04-22 00:22:08.655697,2026-04-22 00:22:09.495267,0 days 00:00:00.839570,4.325827530740543,9.80566914187011,0.9798564622825768,COMPLETE
312,0.2538900137002675,2026-04-22 00:22:09.495301,2026-04-22 00:22:10.339848,0 days 00:00:00.844547,4.817853655715818,9.404066861017213,0.9708637628636928,COMPLETE
313,0.2555117192980026,2026-04-22 00:22:10.339879,2026-04-22 00:22:11.193021,0 days 00:00:00.853142,4.626915686500405,9.702975189798913,0.9846737353914963,COMPLETE
314,0.2542539686107744,2026-04-22 00:22:11.193053,2026-04-22 00:22:12.039762,0 days 00:00:00.846709,4.536156826527681,9.130204655295396,0.6727215063982288,COMPLETE
315,0.2542314406115471,2026-04-22 00:22:12.039801,2026-04-22 00:22:12.888030,0 days 00:00:00.848229,5.184335111869477,9.64601556044743,0.98581852084743,COMPLETE
316,0.25392529460726615,2026-04-22 00:22:12.888062,2026-04-22 00:22:13.734726,0 days 00:00:00.846664,4.69753635294655,9.377781667843797,0.9874749734418625,COMPLETE
317,0.2544107268518937,2026-04-22 00:22:13.734759,2026-04-22 00:22:14.588984,0 days 00:00:00.854225,4.434853887559664,9.685813917496336,0.998832537158419,COMPLETE
318,0.25377878643662033,2026-04-22 00:22:14.589015,2026-04-22 00:22:15.429205,0 days 00:00:00.840190,5.07526265182643,9.80781909982353,0.9574780266962706,COMPLETE
319,0.25392776248807924,2026-04-22 00:22:15.429237,2026-04-22 00:22:16.270612,0 days 00:00:00.841375,4.894885076411548,9.52121718026565,0.9810097648727671,COMPLETE
320,0.25390190087886566,2026-04-22 00:22:16.270645,2026-04-22 00:22:17.103707,0 days 00:00:00.833062,4.28254918896437,9.215834946323243,0.9582176050890429,COMPLETE
321,0.25526740199816395,2026-04-22 00:22:17.103740,2026-04-22 00:22:17.956609,0 days 00:00:00.852869,4.563381484028253,9.766865982317977,0.9989262915727118,COMPLETE
322,0.2547641322534468,2026-04-22 00:22:17.956641,2026-04-22 00:22:18.814922,0 days 00:00:00.858281,4.580658414052898,9.534736508474568,0.9981099498013273,COMPLETE
323,0.254987812738612,2026-04-22 00:22:18.814956,2026-04-22 00:22:19.652968,0 days 00:00:00.838012,4.650753872814931,9.69448632366977,0.9843041931022881,COMPLETE
324,0.25407142599032034,2026-04-22 00:22:19.653001,2026-04-22 00:22:19.787832,0 days 00:00:00.134831,4.900277935419024,9.346828776380809,0.9991114737597487,COMPLETE
325,0.22359775852034736,2026-04-22 00:22:19.787864,2026-04-22 00:22:20.635686,0 days 00:00:00.847822,4.778304022780929,3.0759469604783973,0.9730760390711751,COMPLETE
326,0.25457299033278347,2026-04-22 00:22:20.635719,2026-04-22 00:22:21.494292,0 days 00:00:00.858573,4.390304600771258,9.804984466115839,0.9615115781859329,COMPLETE
327,0.2541981032876346,2026-04-22 00:22:21.494326,2026-04-22 00:22:22.335416,0 days 00:00:00.841090,4.3436543476538345,9.541102570145576,0.9812214992862006,COMPLETE
328,0.2551185694907568,2026-04-22 00:22:22.335449,2026-04-22 00:22:23.193169,0 days 00:00:00.857720,4.651004774742716,9.800056193966643,0.9499202506277752,COMPLETE
329,0.25060424005773646,2026-04-22 00:22:23.193202,2026-04-22 00:22:24.033572,0 days 00:00:00.840370,0.06921686991483789,9.999436202296206,0.9767812145344847,COMPLETE
330,0.25357972158634495,2026-04-22 00:22:24.033612,2026-04-22 00:22:24.873282,0 days 00:00:00.839670,1.5271704280511518,9.622823722761165,0.9591037903280516,COMPLETE
331,0.2548077128007199,2026-04-22 00:22:24.873314,2026-04-22 00:22:25.723215,0 days 00:00:00.849901,4.120623986282933,9.36348158985624,0.9995956183012941,COMPLETE
332,0.25513265800983126,2026-04-22 00:22:25.723247,2026-04-22 00:22:26.560816,0 days 00:00:00.837569,4.364458531714683,9.820673333439405,0.9523550015148331,COMPLETE
333,0.25366577602485624,2026-04-22 00:22:26.560848,2026-04-22 00:22:27.403657,0 days 00:00:00.842809,4.03152752927231,8.992393230684849,0.9765430211894788,COMPLETE
334,0.2542027167641577,2026-04-22 00:22:27.403689,2026-04-22 00:22:28.261317,0 days 00:00:00.857628,4.535568787780265,9.67425067777649,0.939811937918151,COMPLETE
335,0.2551949248610207,2026-04-22 00:22:28.261350,2026-04-22 00:22:29.103640,0 days 00:00:00.842290,4.227063226203444,9.805528927415722,0.9669368406138021,COMPLETE
336,0.25528208489484616,2026-04-22 00:22:29.103672,2026-04-22 00:22:29.945158,0 days 00:00:00.841486,4.258809241552661,9.43705358318866,0.9802007289275215,COMPLETE
337,0.25456757219375187,2026-04-22 00:22:29.945190,2026-04-22 00:22:30.808315,0 days 00:00:00.863125,4.747355545730062,9.132757621955657,0.9995069331731412,COMPLETE
338,0.25506499061500476,2026-04-22 00:22:30.808348,2026-04-22 00:22:31.666035,0 days 00:00:00.857687,4.444347267597922,9.273788262190294,0.9814342767013152,COMPLETE
339,0.2541091592337026,2026-04-22 00:22:31.666067,2026-04-22 00:22:32.512597,0 days 00:00:00.846530,2.1167617491702,9.445373152741357,0.9691663271612556,COMPLETE
340,0.25357048961582196,2026-04-22 00:22:32.512630,2026-04-22 00:22:33.363563,0 days 00:00:00.850933,4.993527952950116,9.483446398998883,0.9804680812252982,COMPLETE
341,0.25477005508194045,2026-04-22 00:22:33.363595,2026-04-22 00:22:34.244917,0 days 00:00:00.881322,4.270149153823657,9.653540218484334,0.9998316620210312,COMPLETE
342,0.253916213143308,2026-04-22 00:22:34.244948,2026-04-22 00:22:35.085177,0 days 00:00:00.840229,4.235217724144615,9.309150777733064,0.9645771905885994,COMPLETE
343,0.2540445084195115,2026-04-22 00:22:35.085209,2026-04-22 00:22:35.929670,0 days 00:00:00.844461,4.465727896509913,9.622236594651907,0.9531004722707126,COMPLETE
344,0.25449628320916423,2026-04-22 00:22:35.929702,2026-04-22 00:22:36.779343,0 days 00:00:00.849641,4.675849831326558,9.814936676447012,0.9825078828310754,COMPLETE
345,0.25483605679176713,2026-04-22 00:22:36.779376,2026-04-22 00:22:37.620750,0 days 00:00:00.841374,4.144664199404441,9.495724767563072,0.9668977894020169,COMPLETE
346,0.2544549453451799,2026-04-22 00:22:37.620784,2026-04-22 00:22:38.479352,0 days 00:00:00.858568,4.2949708175288155,9.044948739631582,0.9355545669707033,COMPLETE
347,0.2544343375787917,2026-04-22 00:22:38.479383,2026-04-22 00:22:39.360927,0 days 00:00:00.881544,4.038301933043781,9.775854449182109,0.9826589466470165,COMPLETE
348,0.2542365470630555,2026-04-22 00:22:39.360960,2026-04-22 00:22:40.262816,0 days 00:00:00.901856,4.598829774906307,9.657763950719312,0.9999734209340905,COMPLETE
349,0.2543052815244334,2026-04-22 00:22:40.262849,2026-04-22 00:22:41.122060,0 days 00:00:00.859211,4.417636603360307,9.259267296351334,0.9500738241991585,COMPLETE
350,0.25318706567715005,2026-04-22 00:22:41.122093,2026-04-22 00:22:41.984662,0 days 00:00:00.862569,4.838041498786201,8.7439283385672,0.9665934491557733,COMPLETE
351,0.2549851130278683,2026-04-22 00:22:41.984695,2026-04-22 00:22:42.827665,0 days 00:00:00.842970,3.98482808407263,9.822749958754827,0.9302576903501322,COMPLETE
352,0.25382151606421377,2026-04-22 00:22:42.827698,2026-04-22 00:22:43.677736,0 days 00:00:00.850038,4.203186409795308,9.445988321969516,0.9495031337426413,COMPLETE
353,0.254577052837421,2026-04-22 00:22:43.677768,2026-04-22 00:22:44.536984,0 days 00:00:00.859216,5.059238123893445,9.997674842366031,0.9746455549182866,COMPLETE
354,0.2540563019802097,2026-04-22 00:22:44.537025,2026-04-22 00:22:45.378504,0 days 00:00:00.841479,3.9130181944182705,9.56854018124676,0.928175477553517,COMPLETE
355,0.2543306344053056,2026-04-22 00:22:45.378536,2026-04-22 00:22:46.225082,0 days 00:00:00.846546,4.522679260088377,9.824756932487487,0.980933475435623,COMPLETE
356,0.25506854621791325,2026-04-22 00:22:46.225115,2026-04-22 00:22:47.072566,0 days 00:00:00.847451,4.1612892769767456,9.708631195180757,0.9608165274039323,COMPLETE
357,0.2308432508965917,2026-04-22 00:22:47.072599,2026-04-22 00:22:47.945626,0 days 00:00:00.873027,9.24854766577317,9.404069591932982,0.9412735435307915,COMPLETE
358,0.2543619307763822,2026-04-22 00:22:47.945658,2026-04-22 00:22:48.815802,0 days 00:00:00.870144,4.363935401675522,9.82582613211452,0.9838041673138769,COMPLETE
359,0.2537875457304529,2026-04-22 00:22:48.815836,2026-04-22 00:22:49.665310,0 days 00:00:00.849474,5.27376944170561,9.615021463301968,0.9611720952707828,COMPLETE
360,0.25499371720179903,2026-04-22 00:22:49.665343,2026-04-22 00:22:50.510172,0 days 00:00:00.844829,3.664702912847066,9.996246606361915,0.920977120018852,COMPLETE
361,0.25462590281745423,2026-04-22 00:22:50.510205,2026-04-22 00:22:51.363846,0 days 00:00:00.853641,4.714382159600504,9.827615123255056,0.694946394405746,COMPLETE
362,0.25448619470363254,2026-04-22 00:22:51.363882,2026-04-22 00:22:51.549521,0 days 00:00:00.185639,3.931837860589872,9.17441576135117,0.945695888031877,COMPLETE
363,0.25471514700481523,2026-04-22 00:22:51.549554,2026-04-22 00:22:52.404209,0 days 00:00:00.854655,4.07594030585484,9.491109978883987,0.9857615057541033,COMPLETE
364,0.25506241949240804,2026-04-22 00:22:52.404251,2026-04-22 00:22:53.264097,0 days 00:00:00.859846,4.293574662140591,9.71552420209268,0.9582773869251507,COMPLETE
365,0.0731278636314441,2026-04-22 00:22:53.264130,2026-04-22 00:22:54.091510,0 days 00:00:00.827380,3.8417088930170027,9.82692105198264,0.008546373926400064,COMPLETE
366,0.24973245771686386,2026-04-22 00:22:54.091543,2026-04-22 00:22:54.933682,0 days 00:00:00.842139,4.54618433942972,6.563832512836945,0.9256190943912368,COMPLETE
367,0.25395972561594604,2026-04-22 00:22:54.933715,2026-04-22 00:22:55.774635,0 days 00:00:00.840920,1.8235728843657615,9.995410688845915,0.9981283837968734,COMPLETE
368,0.2548936294782114,2026-04-22 00:22:55.774669,2026-04-22 00:22:56.637249,0 days 00:00:00.862580,3.6061127260099552,9.585019481076479,0.9781088119619156,COMPLETE
369,0.2527523039958489,2026-04-22 00:22:56.637282,2026-04-22 00:22:57.487743,0 days 00:00:00.850461,4.837439855352144,7.828494302612791,0.9446608249387686,COMPLETE
370,0.25446918787550404,2026-04-22 00:22:57.487776,2026-04-22 00:22:58.334465,0 days 00:00:00.846689,4.112910860487137,9.347495238767106,0.9657240515700664,COMPLETE
371,0.2541041735806789,2026-04-22 00:22:58.334500,2026-04-22 00:22:59.181262,0 days 00:00:00.846762,3.306884150375924,9.645709891204733,0.8886814397360652,COMPLETE
372,0.2550822416448985,2026-04-22 00:22:59.181296,2026-04-22 00:23:00.032155,0 days 00:00:00.850859,4.420056144514577,9.831578610415567,0.9988831863989374,COMPLETE
373,0.25396078141098966,2026-04-22 00:23:00.032188,2026-04-22 00:23:00.888715,0 days 00:00:00.856527,3.78507537184484,9.466715768660919,0.7463354626249203,COMPLETE
374,0.25376654792731607,2026-04-22 00:23:00.888747,2026-04-22 00:23:01.736988,0 days 00:00:00.848241,4.248576551126583,8.938249830423047,0.6441284627210204,COMPLETE
375,0.25487961039483803,2026-04-22 00:23:01.737021,2026-04-22 00:23:02.584607,0 days 00:00:00.847586,3.997185148913829,9.82896667710752,0.8246783749467423,COMPLETE
376,0.25477710236171786,2026-04-22 00:23:02.584641,2026-04-22 00:23:03.453123,0 days 00:00:00.868482,4.6267467629746575,9.64766199994845,0.916230417133432,COMPLETE
377,0.2545182374459276,2026-04-22 00:23:03.453164,2026-04-22 00:23:04.323238,0 days 00:00:00.870074,3.5187422634395675,9.325282891485866,0.9705051087824113,COMPLETE
378,0.2340537627484161,2026-04-22 00:23:04.323272,2026-04-22 00:23:05.160450,0 days 00:00:00.837178,4.157161717837565,3.5299534587968155,0.9423977869921214,COMPLETE
379,0.25492830101487196,2026-04-22 00:23:05.160481,2026-04-22 00:23:06.005028,0 days 00:00:00.844547,3.867220211984781,9.841835565018405,0.9635009678311482,COMPLETE
380,0.2556083785528199,2026-04-22 00:23:06.005059,2026-04-22 00:23:06.861289,0 days 00:00:00.856230,4.424798813612687,9.979918520432987,0.9817811527480621,COMPLETE
381,0.2542176173831011,2026-04-22 00:23:06.861321,2026-04-22 00:23:07.703933,0 days 00:00:00.842612,4.793736925595524,9.992978629059106,0.9852760280205288,COMPLETE
382,0.25263395033441216,2026-04-22 00:23:07.703966,2026-04-22 00:23:08.562049,0 days 00:00:00.858083,1.1557772052120976,9.594180572687806,0.9325001401198971,COMPLETE
383,0.25483033609093503,2026-04-22 00:23:08.562083,2026-04-22 00:23:09.416165,0 days 00:00:00.854082,4.500348050629205,9.987575657240889,0.8701403772977291,COMPLETE
384,0.25431288831224447,2026-04-22 00:23:09.416198,2026-04-22 00:23:10.277787,0 days 00:00:00.861589,2.836791469322184,9.685300573658427,0.9998673435998697,COMPLETE
385,0.2545093692639946,2026-04-22 00:23:10.277819,2026-04-22 00:23:11.128267,0 days 00:00:00.850448,4.436857579318615,9.155074683635558,0.980354294047335,COMPLETE
386,0.25449471399923673,2026-04-22 00:23:11.128301,2026-04-22 00:23:11.984727,0 days 00:00:00.856426,4.937751262386507,9.988403601917879,0.9493640672498365,COMPLETE
387,0.2548266813507764,2026-04-22 00:23:11.984770,2026-04-22 00:23:12.857688,0 days 00:00:00.872918,3.664861039244372,9.468941136892012,0.9055427553713787,COMPLETE
388,0.2542382515827067,2026-04-22 00:23:12.857723,2026-04-22 00:23:13.701574,0 days 00:00:00.843851,4.649076928051536,9.687210975209002,0.9526737708336663,COMPLETE
389,0.25441400379790235,2026-04-22 00:23:13.701606,2026-04-22 00:23:14.560009,0 days 00:00:00.858403,3.2565281559020893,9.831001840540074,0.9808190496798181,COMPLETE
390,0.25432136425254076,2026-04-22 00:23:14.560042,2026-04-22 00:23:15.421443,0 days 00:00:00.861401,5.103711004445817,9.513319729070608,0.9999643777629948,COMPLETE
391,0.2416007540453319,2026-04-22 00:23:15.421475,2026-04-22 00:23:16.272673,0 days 00:00:00.851198,4.060626200211882,5.68523547442161,0.26003990791741505,COMPLETE
392,0.25525084326095704,2026-04-22 00:23:16.272708,2026-04-22 00:23:17.116114,0 days 00:00:00.843406,4.374226839129936,9.69435119143664,0.9209688337460202,COMPLETE
393,0.24975193412310093,2026-04-22 00:23:17.116146,2026-04-22 00:23:17.991881,0 days 00:00:00.875735,6.8288646126794905,9.258789284754831,0.8857766379679105,COMPLETE
394,0.25490286684679175,2026-04-22 00:23:17.991915,2026-04-22 00:23:18.863591,0 days 00:00:00.871676,4.497239504487185,9.83975158151564,0.9199269461875758,COMPLETE
395,0.25443427329595264,2026-04-22 00:23:18.863623,2026-04-22 00:23:19.715634,0 days 00:00:00.852011,4.288906810939096,9.592131546087804,0.8520230410204326,COMPLETE
396,0.2546070853274364,2026-04-22 00:23:19.715665,2026-04-22 00:23:20.569308,0 days 00:00:00.853643,4.747078121869256,9.835457265119148,0.9055929959693367,COMPLETE
397,0.2551010384985875,2026-04-22 00:23:20.569341,2026-04-22 00:23:21.424340,0 days 00:00:00.854999,4.337830391310199,9.408746372341692,0.928658929972109,COMPLETE
