number,value,datetime_start,datetime_complete,duration,params_alpha,params_beta,params_decay_factor,state
399,0.5526114793618058,2026-04-22 00:47:55.328655,2026-04-22 00:47:55.506478,0 days 00:00:00.177823,3.799960400102756,9.145444388988903,0.20802305426843468,COMPLETE
400,0.5511365423638054,2026-04-22 00:47:55.506511,2026-04-22 00:47:55.685188,0 days 00:00:00.178677,4.329191143023394,9.822761372532957,0.47531598942192044,COMPLETE
401,0.5467916902414632,2026-04-22 00:47:55.685220,2026-04-22 00:47:55.864153,0 days 00:00:00.178933,4.921946320380428,8.882036730968895,0.13644009887455757,COMPLETE
402,0.5505254277493863,2026-04-22 00:47:55.864187,2026-04-22 00:47:56.042003,0 days 00:00:00.177816,5.320566463611548,7.567064481362646,0.23220569686590778,COMPLETE
403,0.5532427123645929,2026-04-22 00:47:56.042034,2026-04-22 00:47:56.222757,0 days 00:00:00.180723,4.637625082994739,9.642905637900931,0.19380923344733736,COMPLETE
404,0.5520809090931944,2026-04-22 00:47:56.222790,2026-04-22 00:47:56.403409,0 days 00:00:00.180619,3.295839817877486,9.346149369866648,0.2568474317593389,COMPLETE
405,0.5406921842810388,2026-04-22 00:47:56.403441,2026-04-22 00:47:56.574517,0 days 00:00:00.171076,0.2763335497034429,4.984464510419184,0.15973922804401594,COMPLETE
406,0.5527712628712312,2026-04-22 00:47:56.574550,2026-04-22 00:47:56.757129,0 days 00:00:00.182579,4.45534223158611,9.840902075170503,0.22164761329155824,COMPLETE
407,0.5518031344631364,2026-04-22 00:47:56.757162,2026-04-22 00:47:56.940079,0 days 00:00:00.182917,4.99126770339023,9.490878695599122,0.1742921244996047,COMPLETE
408,0.5482153632792969,2026-04-22 00:47:56.940112,2026-04-22 00:47:57.120923,0 days 00:00:00.180811,6.035406278353175,9.034265730574303,0.27036890341261544,COMPLETE
409,0.552329229004267,2026-04-22 00:47:57.120955,2026-04-22 00:47:57.301304,0 days 00:00:00.180349,4.184891293322285,9.265185193907644,0.23910392189957508,COMPLETE
410,0.5535140497903137,2026-04-22 00:47:57.301337,2026-04-22 00:47:57.493052,0 days 00:00:00.191715,4.771120179150583,9.671998271762792,0.2019650355955829,COMPLETE
411,0.5531397153561154,2026-04-22 00:47:57.493086,2026-04-22 00:47:57.679386,0 days 00:00:00.186300,4.555713390029863,9.846468145774931,0.21600845722070505,COMPLETE
412,0.5522111213821039,2026-04-22 00:47:57.679419,2026-04-22 00:47:57.857920,0 days 00:00:00.178501,4.0131968723929425,9.992486386218197,0.18351926292643064,COMPLETE
413,0.5527537566421948,2026-04-22 00:47:57.857953,2026-04-22 00:47:58.054008,0 days 00:00:00.196055,5.159323811232344,9.999954345059997,0.3138401188040426,COMPLETE
414,0.5526915469936993,2026-04-22 00:47:58.054043,2026-04-22 00:47:58.241732,0 days 00:00:00.187689,4.72501668161571,9.459825723580844,0.25229993007015983,COMPLETE
415,0.5503531298283273,2026-04-22 00:47:58.241764,2026-04-22 00:47:58.430044,0 days 00:00:00.188280,4.349599911585307,5.515946627534096,0.22837088846567313,COMPLETE
416,0.5517478167672266,2026-04-22 00:47:58.430078,2026-04-22 00:47:58.619143,0 days 00:00:00.189065,4.9806853543937795,9.659264943710458,0.29124653337029105,COMPLETE
417,0.5506182942938697,2026-04-22 00:47:58.619177,2026-04-22 00:47:58.799782,0 days 00:00:00.180605,4.547842536470068,9.1906754152143,0.36191893329673486,COMPLETE
418,0.551096023576545,2026-04-22 00:47:58.799815,2026-04-22 00:47:58.980536,0 days 00:00:00.180721,5.435583085182832,8.789863779322163,0.2029348477996928,COMPLETE
419,0.5506578176348306,2026-04-22 00:47:58.980570,2026-04-22 00:47:59.154939,0 days 00:00:00.174369,2.1931099123543607,9.349391156059442,0.2407377472371944,COMPLETE
420,0.5504439456560344,2026-04-22 00:47:59.154972,2026-04-22 00:47:59.331129,0 days 00:00:00.176157,4.239718180394825,9.66377742463926,0.1527768769978078,COMPLETE
421,0.5531379511513008,2026-04-22 00:47:59.331164,2026-04-22 00:47:59.517976,0 days 00:00:00.186812,4.831659707440431,8.975926194116848,0.26619408573115055,COMPLETE
422,0.5527153215240257,2026-04-22 00:47:59.518030,2026-04-22 00:47:59.713699,0 days 00:00:00.195669,4.431085050319557,9.494347108556696,0.1865428726746268,COMPLETE
423,0.553935970940623,2026-04-22 00:47:59.713736,2026-04-22 00:47:59.901371,0 days 00:00:00.187635,4.667085527580144,9.690069439204999,0.21466502578783225,COMPLETE
424,0.5318590024035731,2026-04-22 00:47:59.901404,2026-04-22 00:48:00.092640,0 days 00:00:00.191236,4.594174519137963,9.182345861653536,0.09360727055955856,COMPLETE
425,0.4855773067916881,2026-04-22 00:48:00.092675,2026-04-22 00:48:00.285040,0 days 00:00:00.192365,3.9318795210882507,0.5756134137400393,0.1996867682760828,COMPLETE
426,0.5519199884583813,2026-04-22 00:48:00.285076,2026-04-22 00:48:00.483177,0 days 00:00:00.198101,4.214773948472212,9.360511379506935,0.17135502921748424,COMPLETE
427,0.552653237850997,2026-04-22 00:48:00.483215,2026-04-22 00:48:00.680462,0 days 00:00:00.197247,5.053320474220797,9.997154804004259,0.23434734551534322,COMPLETE
428,0.5532433115356266,2026-04-22 00:48:00.680498,2026-04-22 00:48:00.875680,0 days 00:00:00.195182,4.465419680631935,9.655792507828824,0.21126040285872336,COMPLETE
429,0.5539760029654524,2026-04-22 00:48:00.875716,2026-04-22 00:48:01.065203,0 days 00:00:00.189487,4.7197569890060125,9.080635304236514,0.24810204896113153,COMPLETE
430,0.5525217954943551,2026-04-22 00:48:01.065236,2026-04-22 00:48:01.250156,0 days 00:00:00.184920,4.743922791409658,9.496961730258183,0.27945614174566813,COMPLETE
431,0.549085071739493,2026-04-22 00:48:01.250192,2026-04-22 00:48:01.440006,0 days 00:00:00.189814,4.583218947586885,9.100881408789576,0.6956515924150116,COMPLETE
432,0.33942320389907094,2026-04-22 00:48:01.440039,2026-04-22 00:48:01.619107,0 days 00:00:00.179068,7.93554882998767,2.739182129292109,0.2538255905459513,COMPLETE
433,0.5526529894802339,2026-04-22 00:48:01.619139,2026-04-22 00:48:01.800222,0 days 00:00:00.181083,4.321471040508132,9.777270185227081,0.1868713193116262,COMPLETE
434,0.5528088224665773,2026-04-22 00:48:01.800254,2026-04-22 00:48:01.976284,0 days 00:00:00.176030,4.065434194904984,9.326382456650702,0.22621464392708496,COMPLETE
435,0.5531066687742335,2026-04-22 00:48:01.976318,2026-04-22 00:48:02.157457,0 days 00:00:00.181139,4.953688483785192,9.587150394614971,0.25691677230650456,COMPLETE
436,0.5496533320037835,2026-04-22 00:48:02.157490,2026-04-22 00:48:02.333835,0 days 00:00:00.176345,5.284899889958203,7.9693660360211735,0.21735701991951206,COMPLETE
437,0.5507470291273364,2026-04-22 00:48:02.333865,2026-04-22 00:48:02.510477,0 days 00:00:00.176612,4.636664601507807,8.927578674346881,0.14637816806046655,COMPLETE
438,0.5533948223425807,2026-04-22 00:48:02.510509,2026-04-22 00:48:02.684472,0 days 00:00:00.173963,4.364409041410951,9.99880698300926,0.24279707700869815,COMPLETE
439,0.5524629117252612,2026-04-22 00:48:02.684505,2026-04-22 00:48:02.859753,0 days 00:00:00.175248,3.6553768539380513,9.783837871526963,0.2023673659482709,COMPLETE
440,0.5507034863497436,2026-04-22 00:48:02.859788,2026-04-22 00:48:03.039808,0 days 00:00:00.180020,5.122398146470003,8.681274261605235,0.1768763667580964,COMPLETE
441,0.5533188236000287,2026-04-22 00:48:03.039842,2026-04-22 00:48:03.216033,0 days 00:00:00.176191,4.867617125070322,8.334072053310113,0.28031853174022975,COMPLETE
442,0.5533616319068906,2026-04-22 00:48:03.216065,2026-04-22 00:48:03.393276,0 days 00:00:00.177211,4.665864593930212,9.238339333279006,0.22943553000663414,COMPLETE
443,0.5534193617621498,2026-04-22 00:48:03.393310,2026-04-22 00:48:03.568069,0 days 00:00:00.174759,4.429257115809948,9.495870761858884,0.19509655939346277,COMPLETE
444,0.5530714601427957,2026-04-22 00:48:03.568103,2026-04-22 00:48:03.743438,0 days 00:00:00.175335,4.229702403215891,9.657088918429352,0.2501983488378342,COMPLETE
445,0.5528280526439601,2026-04-22 00:48:03.743470,2026-04-22 00:48:03.923179,0 days 00:00:00.179709,4.868815083100319,9.04683449114255,0.29889972124149955,COMPLETE
446,0.5518915618481519,2026-04-22 00:48:03.923212,2026-04-22 00:48:04.101229,0 days 00:00:00.178017,4.604507880487028,9.770763748256858,0.16182610301983286,COMPLETE
447,0.5528271778903091,2026-04-22 00:48:04.101262,2026-04-22 00:48:04.281807,0 days 00:00:00.180545,3.9248234050912365,9.364935693360279,0.20941018079118762,COMPLETE
448,0.5528486226861514,2026-04-22 00:48:04.281839,2026-04-22 00:48:04.459653,0 days 00:00:00.177814,5.211323578876547,9.833009226772859,0.2671139892899662,COMPLETE
449,0.5525737668911719,2026-04-22 00:48:04.459685,2026-04-22 00:48:04.635781,0 days 00:00:00.176096,5.561017234108243,9.557075251406879,0.23673855711370023,COMPLETE
450,0.5529656189162249,2026-04-22 00:48:04.635815,2026-04-22 00:48:04.815521,0 days 00:00:00.179706,4.741175157341252,8.864580175859349,0.21670090079219317,COMPLETE
451,0.553388140225646,2026-04-22 00:48:04.815554,2026-04-22 00:48:04.998485,0 days 00:00:00.182931,4.450582487126299,9.995524400468494,0.1873081234078592,COMPLETE
452,0.5524638012870315,2026-04-22 00:48:04.998516,2026-04-22 00:48:05.189237,0 days 00:00:00.190721,4.1636126324191425,9.14156631586936,0.23300424182877222,COMPLETE
453,0.45986645643153445,2026-04-22 00:48:05.189273,2026-04-22 00:48:05.365014,0 days 00:00:00.175741,4.960093178778306,3.897371865643043,0.12151407364697377,COMPLETE
454,0.5523380449919482,2026-04-22 00:48:05.365048,2026-04-22 00:48:05.544402,0 days 00:00:00.179354,4.479600826148315,9.421498555079946,0.16975504144488585,COMPLETE
455,0.5531312155732064,2026-04-22 00:48:05.544436,2026-04-22 00:48:05.732001,0 days 00:00:00.187565,4.7623086429040775,9.681851439806445,0.2015949168107744,COMPLETE
456,0.553482887758896,2026-04-22 00:48:05.732034,2026-04-22 00:48:05.910362,0 days 00:00:00.178328,5.096472941470265,8.557324432471104,0.25969003767300974,COMPLETE
457,0.5524735772055609,2026-04-22 00:48:05.910394,2026-04-22 00:48:05.350065,-1 days +23:59:59.439671,4.2777464554960964,9.25233436924765,0.220887480380673,COMPLETE
458,0.5533235314189853,2026-04-22 00:48:05.350109,2026-04-22 00:48:05.533096,0 days 00:00:00.182987,4.613977545015515,9.780474699592864,0.24343630513907075,COMPLETE
459,0.5528462181120691,2026-04-22 00:48:05.533130,2026-04-22 00:48:05.714340,0 days 00:00:00.181210,5.307198896898024,9.542106641144535,0.1835661532514282,COMPLETE
460,0.5520792696505792,2026-04-22 00:48:05.714371,2026-04-22 00:48:05.895115,0 days 00:00:00.180744,4.885908513223449,9.036771052090339,0.2055358618522952,COMPLETE
461,0.5512101821920273,2026-04-22 00:48:05.895150,2026-04-22 00:48:06.076376,0 days 00:00:00.181226,4.1289783255623735,9.83837418926643,0.32842654241775754,COMPLETE
462,0.553333600966328,2026-04-22 00:48:06.076409,2026-04-22 00:48:06.254576,0 days 00:00:00.178167,4.425829888473517,9.375461236499534,0.27703393347476163,COMPLETE
463,0.5531823590257365,2026-04-22 00:48:06.254609,2026-04-22 00:48:06.434222,0 days 00:00:00.179613,4.647669746861391,9.999397959433226,0.22522562415596126,COMPLETE
464,0.5489357661461287,2026-04-22 00:48:06.434261,2026-04-22 00:48:06.616370,0 days 00:00:00.182109,4.984441968294478,9.623362727287038,0.1433839587906841,COMPLETE
465,0.5524645948624104,2026-04-22 00:48:06.616405,2026-04-22 00:48:06.793550,0 days 00:00:00.177145,4.8087630151861225,8.82345903325163,0.24587990863572062,COMPLETE
466,0.553349041284302,2026-04-22 00:48:06.793583,2026-04-22 00:48:06.973500,0 days 00:00:00.179917,4.3202188401387644,9.24052838969153,0.19109392366892242,COMPLETE
467,0.5494583611003614,2026-04-22 00:48:06.973533,2026-04-22 00:48:07.151281,0 days 00:00:00.177748,5.724728200503105,9.528038131990888,0.20968940729753316,COMPLETE
468,0.5520155487662582,2026-04-22 00:48:07.151315,2026-04-22 00:48:07.330347,0 days 00:00:00.179032,3.8552871211590536,9.747847193733186,0.16769989784329176,COMPLETE
469,0.5523597610061375,2026-04-22 00:48:07.330379,2026-04-22 00:48:07.504813,0 days 00:00:00.174434,4.52576101492535,9.845558241193073,0.2635400482334813,COMPLETE
470,0.553541378907386,2026-04-22 00:48:07.504846,2026-04-22 00:48:07.689337,0 days 00:00:00.184491,5.0604768025519595,9.364154673639588,0.2300765116737077,COMPLETE
471,0.4067523699190677,2026-04-22 00:48:07.689369,2026-04-22 00:48:07.874968,0 days 00:00:00.185599,9.170438748800578,9.032284618599531,0.3005709647027812,COMPLETE
472,0.5526136580860337,2026-04-22 00:48:07.875003,2026-04-22 00:48:08.053362,0 days 00:00:00.178359,5.401058728536633,9.63065733560302,0.20358675915151833,COMPLETE
473,0.5528824085934904,2026-04-22 00:48:08.053394,2026-04-22 00:48:08.230969,0 days 00:00:00.177575,4.052952816218612,9.198439882290124,0.24320100305665032,COMPLETE
474,0.5495379725850685,2026-04-22 00:48:08.231003,2026-04-22 00:48:08.414155,0 days 00:00:00.183152,4.709265760828077,9.502517132741596,0.7293703221849568,COMPLETE
475,0.5530713756471247,2026-04-22 00:48:08.414189,2026-04-22 00:48:08.592839,0 days 00:00:00.178650,4.454263058436902,9.840190433714826,0.18607749822325786,COMPLETE
476,0.5534586131401285,2026-04-22 00:48:08.592872,2026-04-22 00:48:08.775463,0 days 00:00:00.182591,4.858583119639308,9.68355778981426,0.22573953817197234,COMPLETE
477,0.2728178791496794,2026-04-22 00:48:08.775496,2026-04-22 00:48:08.945790,0 days 00:00:00.170294,4.636948508617851,9.405896460455647,0.010130494162345516,COMPLETE
478,0.5526145734561166,2026-04-22 00:48:08.945823,2026-04-22 00:48:09.123905,0 days 00:00:00.178082,4.275266120913264,9.990099154751853,0.2676324319880678,COMPLETE
479,0.5484451603824841,2026-04-22 00:48:09.123938,2026-04-22 00:48:09.305590,0 days 00:00:00.181652,5.15783896186404,8.773890417090422,0.1675651270153792,COMPLETE
480,0.5532506696563086,2026-04-22 00:48:09.305622,2026-04-22 00:48:09.480443,0 days 00:00:00.174821,4.517501429095852,9.092362515374264,0.21431770689184437,COMPLETE
481,0.5538864347012977,2026-04-22 00:48:09.480475,2026-04-22 00:48:09.658119,0 days 00:00:00.177644,4.93083305828216,9.71683203099155,0.24991272390330146,COMPLETE
482,0.5530266430901682,2026-04-22 00:48:09.658151,2026-04-22 00:48:09.836886,0 days 00:00:00.178735,5.291620960568526,9.789180017743464,0.25452024755424113,COMPLETE
483,0.5521825667628492,2026-04-22 00:48:09.836919,2026-04-22 00:48:10.014971,0 days 00:00:00.178052,4.935518833882692,9.638290389224286,0.28606516884746214,COMPLETE
484,0.553233862472015,2026-04-22 00:48:10.015003,2026-04-22 00:48:10.192131,0 days 00:00:00.177128,5.013536792537718,9.860549214394805,0.24715250080981918,COMPLETE
485,0.5530014263019815,2026-04-22 00:48:10.192164,2026-04-22 00:48:10.367367,0 days 00:00:00.175203,5.500012252013159,9.997423511467424,0.2665267374935303,COMPLETE
486,0.5524360034874234,2026-04-22 00:48:10.367400,2026-04-22 00:48:10.543117,0 days 00:00:00.175717,5.190465311046525,9.542250062961005,0.19361835538877448,COMPLETE
487,0.5509295787936854,2026-04-22 00:48:10.543150,2026-04-22 00:48:10.719035,0 days 00:00:00.175885,4.79118012382718,9.704849042358902,0.14884552330847722,COMPLETE
488,0.5519579548339352,2026-04-22 00:48:10.719068,2026-04-22 00:48:10.897147,0 days 00:00:00.178079,4.765879985901651,9.50816183431081,0.39279655621201126,COMPLETE
489,0.5533236202590833,2026-04-22 00:48:10.897180,2026-04-22 00:48:11.076496,0 days 00:00:00.179316,5.1709610431138024,9.997538340294284,0.2144347871935839,COMPLETE
490,0.5469771499417543,2026-04-22 00:48:11.076529,2026-04-22 00:48:11.247514,0 days 00:00:00.170985,3.472894917736279,9.708238465174018,0.8451906593650791,COMPLETE
491,0.553494369969143,2026-04-22 00:48:11.247547,2026-04-22 00:48:11.423588,0 days 00:00:00.176041,4.948363848334379,9.32985962355361,0.2875993106963312,COMPLETE
492,0.5542832509870109,2026-04-22 00:48:11.423621,2026-04-22 00:48:11.597727,0 days 00:00:00.174106,4.675864483849733,9.788734127387395,0.2394460992970194,COMPLETE
493,0.5519329427104563,2026-04-22 00:48:11.597760,2026-04-22 00:48:11.776362,0 days 00:00:00.178602,4.727133663506327,9.479248154536,0.2503387764781024,COMPLETE
494,0.5415983281682243,2026-04-22 00:48:11.776395,2026-04-22 00:48:11.948226,0 days 00:00:00.171831,4.376016057915575,3.2320033869046085,0.2732468339311284,COMPLETE
495,0.5521765053636492,2026-04-22 00:48:11.948259,2026-04-22 00:48:12.122129,0 days 00:00:00.173870,4.635985438371189,9.834335697501771,0.3080538832724523,COMPLETE
496,0.5529107380726931,2026-04-22 00:48:12.122161,2026-04-22 00:48:12.302712,0 days 00:00:00.180551,5.03025278866993,9.3464370544844,0.23833246944090902,COMPLETE
497,0.5535039441850087,2026-04-22 00:48:12.302745,2026-04-22 00:48:12.488528,0 days 00:00:00.185783,4.860977324829803,9.63017823784716,0.2573316857837571,COMPLETE
498,0.5539359341653349,2026-04-22 00:48:12.488565,2026-04-22 00:48:12.667063,0 days 00:00:00.178498,4.5420748430462226,9.993248158875785,0.2413552660440003,COMPLETE
499,0.5531781806048938,2026-04-22 00:48:12.667094,2026-04-22 00:48:12.843978,0 days 00:00:00.176884,4.204339166419398,9.858702464967745,0.285883910137045,COMPLETE
