number,value,datetime_start,datetime_complete,duration,params_alpha,params_beta,params_decay_factor,state
133,0.5531708948021332,2026-04-22 00:47:07.009700,2026-04-22 00:47:07.190460,0 days 00:00:00.180760,5.2870719927161245,9.290930097328784,0.26320135107905784,COMPLETE
134,0.5519848794981672,2026-04-22 00:47:07.190493,2026-04-22 00:47:07.364485,0 days 00:00:00.173992,4.261100410506448,9.976778784120013,0.3468512368755522,COMPLETE
135,0.5528723335908801,2026-04-22 00:47:07.364519,2026-04-22 00:47:07.545924,0 days 00:00:00.181405,5.181419831147287,9.491988903919848,0.3267392337536519,COMPLETE
136,0.5531053661231818,2026-04-22 00:47:07.545957,2026-04-22 00:47:07.724625,0 days 00:00:00.178668,4.77245101657962,9.69598190719881,0.2331832726054719,COMPLETE
137,0.5528167130704804,2026-04-22 00:47:07.724658,2026-04-22 00:47:07.903423,0 days 00:00:00.178765,5.098489864842469,9.122649698545263,0.2934714545973226,COMPLETE
138,0.5516366900013377,2026-04-22 00:47:07.903455,2026-04-22 00:47:08.086454,0 days 00:00:00.182999,5.556876390391833,9.406920800658437,0.2667502787016896,COMPLETE
139,0.5494742828848268,2026-04-22 00:47:08.086487,2026-04-22 00:47:08.271863,0 days 00:00:00.185376,4.912154823647473,9.811416125643413,0.6223534036532055,COMPLETE
140,0.5531855574990022,2026-04-22 00:47:08.271895,2026-04-22 00:47:08.456145,0 days 00:00:00.184250,4.517406233481078,9.299498675773087,0.21108677872410564,COMPLETE
141,0.5526044093484106,2026-04-22 00:47:08.456180,2026-04-22 00:47:08.636670,0 days 00:00:00.180490,4.035229877111806,8.838406052975124,0.19158702440502698,COMPLETE
142,0.5535738126468234,2026-04-22 00:47:08.636704,2026-04-22 00:47:08.819488,0 days 00:00:00.182784,4.297401782736511,9.585328538106111,0.17016038499351807,COMPLETE
143,0.5527941978691708,2026-04-22 00:47:08.819520,2026-04-22 00:47:09.001787,0 days 00:00:00.182267,4.6346713871134515,9.641069923931745,0.17324136754126698,COMPLETE
144,0.5539215092952886,2026-04-22 00:47:09.001820,2026-04-22 00:47:09.179689,0 days 00:00:00.177869,4.327481950454764,9.479415057017837,0.24626451395694218,COMPLETE
145,0.5520024580174505,2026-04-22 00:47:09.179721,2026-04-22 00:47:09.356751,0 days 00:00:00.177030,4.202858960307392,9.51961022155813,0.2520817243523584,COMPLETE
146,0.5540430596933836,2026-04-22 00:47:09.356784,2026-04-22 00:47:09.540898,0 days 00:00:00.184114,4.38278646703635,9.992246798604251,0.23079358726973215,COMPLETE
147,0.5529517262376195,2026-04-22 00:47:09.540931,2026-04-22 00:47:09.723789,0 days 00:00:00.182858,3.8435259479164303,9.797118567519826,0.2877743834654743,COMPLETE
148,0.5522342991166325,2026-04-22 00:47:09.723822,2026-04-22 00:47:09.905293,0 days 00:00:00.181471,4.406170926044119,9.979528940152457,0.22702282944740956,COMPLETE
149,0.5528539678305632,2026-04-22 00:47:09.905327,2026-04-22 00:47:10.086840,0 days 00:00:00.181513,4.21772533896983,9.660244104192365,0.30726845359626626,COMPLETE
150,0.5535019993013996,2026-04-22 00:47:10.086873,2026-04-22 00:47:10.266742,0 days 00:00:00.179869,4.912894621644365,9.296293913110027,0.24628598658014522,COMPLETE
151,0.553373289229461,2026-04-22 00:47:10.266775,2026-04-22 00:47:10.450024,0 days 00:00:00.183249,4.823537398161429,9.314265814670948,0.24741237849087577,COMPLETE
152,0.5523208623447557,2026-04-22 00:47:10.450058,2026-04-22 00:47:10.629497,0 days 00:00:00.179439,5.030757817121353,9.047127861952612,0.27276819830044063,COMPLETE
153,0.5530226918481321,2026-04-22 00:47:10.629529,2026-04-22 00:47:10.812079,0 days 00:00:00.182550,5.352583712081173,9.78161320993176,0.22177093387601982,COMPLETE
154,0.5522889594006519,2026-04-22 00:47:10.812112,2026-04-22 00:47:10.991510,0 days 00:00:00.179398,4.537111101497229,9.473855000020526,0.20716797460922315,COMPLETE
155,0.5524208807275477,2026-04-22 00:47:10.991542,2026-04-22 00:47:11.171396,0 days 00:00:00.179854,4.399800881835185,9.231954156293497,0.24112281885167894,COMPLETE
156,0.47185158545928635,2026-04-22 00:47:11.171428,2026-04-22 00:47:11.346943,0 days 00:00:00.175515,4.036980119686599,0.09935053859566523,0.2614773104678761,COMPLETE
157,0.5522914343824312,2026-04-22 00:47:11.346976,2026-04-22 00:47:11.525119,0 days 00:00:00.178143,4.6798376089206135,9.980162517106306,0.17900584314597556,COMPLETE
158,0.5470826844636786,2026-04-22 00:47:11.525155,2026-04-22 00:47:11.703661,0 days 00:00:00.178506,4.898893336688503,9.559004358851048,0.9990935714867528,COMPLETE
159,0.5527824947160659,2026-04-22 00:47:11.703694,2026-04-22 00:47:11.891518,0 days 00:00:00.187824,4.3166074691267795,9.80305342561432,0.20375371332344547,COMPLETE
160,0.5531576617342189,2026-04-22 00:47:11.891551,2026-04-22 00:47:12.068686,0 days 00:00:00.177135,3.69518020061373,8.964583422241352,0.2810356617588567,COMPLETE
161,0.552508958306371,2026-04-22 00:47:12.068719,2026-04-22 00:47:12.251517,0 days 00:00:00.182798,4.594941133751332,9.414372777575561,0.2337732052530404,COMPLETE
162,0.5494608368331559,2026-04-22 00:47:12.251551,2026-04-22 00:47:12.439424,0 days 00:00:00.187873,5.19594761987743,9.63345940093165,0.1570047624250935,COMPLETE
163,0.5529683549741036,2026-04-22 00:47:12.439457,2026-04-22 00:47:12.621713,0 days 00:00:00.182256,4.999004030610457,9.208617127448163,0.19156520565692092,COMPLETE
164,0.5496661901485435,2026-04-22 00:47:12.621751,2026-04-22 00:47:12.806497,0 days 00:00:00.184746,4.71368545572365,6.250379341426443,0.22650290130418596,COMPLETE
165,0.5525828099324905,2026-04-22 00:47:12.806531,2026-04-22 00:47:12.996810,0 days 00:00:00.190279,4.122776108797478,9.513319414199893,0.25138177141497947,COMPLETE
166,0.5535195785302327,2026-04-22 00:47:12.996843,2026-04-22 00:47:13.176974,0 days 00:00:00.180131,4.412194222053762,9.996974246617675,0.20790039781703695,COMPLETE
167,0.5537070091675186,2026-04-22 00:47:13.177008,2026-04-22 00:47:13.364357,0 days 00:00:00.187349,4.461400189546504,9.990381287770647,0.2099728281333149,COMPLETE
168,0.5487767965158625,2026-04-22 00:47:13.364390,2026-04-22 00:47:13.551350,0 days 00:00:00.186960,4.366313084657314,9.969693231329796,0.8031013649752174,COMPLETE
169,0.5520927149395941,2026-04-22 00:47:13.551398,2026-04-22 00:47:13.726846,0 days 00:00:00.175448,3.8099216883605584,9.813591781838344,0.2608109588150619,COMPLETE
170,0.5529232805033938,2026-04-22 00:47:13.726879,2026-04-22 00:47:13.922015,0 days 00:00:00.195136,3.942320636508013,9.386488651063768,0.20889147324424173,COMPLETE
171,0.5531698698711831,2026-04-22 00:47:13.922050,2026-04-22 00:47:14.111018,0 days 00:00:00.188968,4.554297079754128,9.757733919716937,0.2329138896371156,COMPLETE
172,0.5524541089597194,2026-04-22 00:47:14.111049,2026-04-22 00:47:14.294118,0 days 00:00:00.183069,4.820224609464402,9.652698524206851,0.17722731426481636,COMPLETE
173,0.5531431739308653,2026-04-22 00:47:14.294152,2026-04-22 00:47:14.478790,0 days 00:00:00.184638,5.09410140581878,9.986573304218338,0.20130406456102606,COMPLETE
174,0.5523380013717667,2026-04-22 00:47:14.478823,2026-04-22 00:47:14.659071,0 days 00:00:00.180248,4.228682666776871,9.661018563492176,0.21455034567756417,COMPLETE
175,0.5520501259457814,2026-04-22 00:47:14.659104,2026-04-22 00:47:14.836179,0 days 00:00:00.177075,4.467466720074605,9.180550579009779,0.14904492676515904,COMPLETE
176,0.5527530163939587,2026-04-22 00:47:14.836213,2026-04-22 00:47:15.014162,0 days 00:00:00.177949,4.827298559066815,9.430261642125565,0.27964259234282207,COMPLETE
177,0.5531409123174498,2026-04-22 00:47:15.014195,2026-04-22 00:47:15.197336,0 days 00:00:00.183141,5.392963762559685,9.829013093701057,0.2543162172193931,COMPLETE
178,0.5526179491080222,2026-04-22 00:47:15.197368,2026-04-22 00:47:15.381694,0 days 00:00:00.184326,4.5939930926529975,9.574806400126112,0.3042887068085689,COMPLETE
179,0.5525629096450498,2026-04-22 00:47:15.381730,2026-04-22 00:47:15.568783,0 days 00:00:00.187053,4.075882250147378,9.045838853816102,0.2349591908732661,COMPLETE
180,0.5522076877679516,2026-04-22 00:47:15.568816,2026-04-22 00:47:15.746576,0 days 00:00:00.177760,4.322143812579481,9.29606574939545,0.1712248969370873,COMPLETE
181,0.5531817149041829,2026-04-22 00:47:15.746607,2026-04-22 00:47:15.926642,0 days 00:00:00.180035,4.7383801586168035,9.818036105718413,0.1915842658548512,COMPLETE
182,0.5533612724741063,2026-04-22 00:47:15.926685,2026-04-22 00:47:16.106709,0 days 00:00:00.180024,4.997755033970978,9.5131699514785,0.222644733887463,COMPLETE
183,0.5538110701204473,2026-04-22 00:47:16.106743,2026-04-22 00:47:16.289353,0 days 00:00:00.182610,4.494465026236671,9.986794460857785,0.2006393708375291,COMPLETE
184,0.55224065448355,2026-04-22 00:47:16.289387,2026-04-22 00:47:16.475514,0 days 00:00:00.186127,4.445887203916474,9.84603172389655,0.2495620458506834,COMPLETE
185,0.5517779330379669,2026-04-22 00:47:16.475548,2026-04-22 00:47:16.662550,0 days 00:00:00.187002,5.190376063886728,9.974281908265057,0.19801204305998618,COMPLETE
186,0.5530635384139287,2026-04-22 00:47:16.662582,2026-04-22 00:47:16.843643,0 days 00:00:00.181061,4.229370746280974,9.673167982514304,0.26986200822567474,COMPLETE
187,0.5532132072242583,2026-04-22 00:47:16.843678,2026-04-22 00:47:17.023034,0 days 00:00:00.179356,4.625912922855928,9.321253313557147,0.22153374191702277,COMPLETE
188,0.55161375643572,2026-04-22 00:47:17.023066,2026-04-22 00:47:17.202135,0 days 00:00:00.179069,4.918043254082698,9.998537500247696,0.16216916971956963,COMPLETE
189,0.5532447518136511,2026-04-22 00:47:17.202186,2026-04-22 00:47:17.380495,0 days 00:00:00.178309,4.411163511493215,9.685488869161448,0.24440848701577556,COMPLETE
190,0.5486427049645772,2026-04-22 00:47:17.380527,2026-04-22 00:47:17.562055,0 days 00:00:00.181528,4.728924612375748,9.483394843091709,0.13289026275011273,COMPLETE
191,0.5525937248956418,2026-04-22 00:47:17.562088,2026-04-22 00:47:17.742515,0 days 00:00:00.180427,4.56954709489414,9.673862853416713,0.18536049842865385,COMPLETE
192,0.5530075425874297,2026-04-22 00:47:17.742548,2026-04-22 00:47:17.921520,0 days 00:00:00.178972,4.04743414851454,9.374472234828605,0.21739871237253217,COMPLETE
193,0.5536348349247501,2026-04-22 00:47:17.921552,2026-04-22 00:47:18.106270,0 days 00:00:00.184718,4.822032640907229,9.112762354020315,0.20815871358680405,COMPLETE
194,0.5501563356458501,2026-04-22 00:47:18.106302,2026-04-22 00:47:18.289745,0 days 00:00:00.183443,5.55442691386947,9.069674400476934,0.20254462752235042,COMPLETE
195,0.552148796056673,2026-04-22 00:47:18.289778,2026-04-22 00:47:18.473269,0 days 00:00:00.183491,5.091324968154538,8.912906257357816,0.23692426659729635,COMPLETE
196,0.5526175112383549,2026-04-22 00:47:18.473303,2026-04-22 00:47:18.649772,0 days 00:00:00.176469,4.8912136931165335,9.18012759119744,0.26512602457442985,COMPLETE
197,0.5512602122898821,2026-04-22 00:47:18.649806,2026-04-22 00:47:18.837813,0 days 00:00:00.188007,5.348173612551383,9.997719125303819,0.17629491611511702,COMPLETE
198,0.5525573026762808,2026-04-22 00:47:18.837845,2026-04-22 00:47:19.018844,0 days 00:00:00.180999,4.310355587105709,9.527644762661172,0.21294163696977095,COMPLETE
199,0.47885766315628026,2026-04-22 00:47:19.018878,2026-04-22 00:47:19.207860,0 days 00:00:00.188982,7.99993021869466,9.80134466726083,0.2439181723109788,COMPLETE
200,0.5530544155025436,2026-04-22 00:47:19.207895,2026-04-22 00:47:19.393165,0 days 00:00:00.185270,4.830057926952212,9.26867457507923,0.2855117462474039,COMPLETE
201,0.5530559476742308,2026-04-22 00:47:19.393199,2026-04-22 00:47:19.581713,0 days 00:00:00.188514,4.570710731684285,9.635132433563669,0.1908213988483375,COMPLETE
202,0.5535681862580594,2026-04-22 00:47:19.581746,2026-04-22 00:47:19.762950,0 days 00:00:00.181204,4.452762414330679,9.448608613738653,0.22597952529763654,COMPLETE
203,0.5531888638128833,2026-04-22 00:47:19.762984,2026-04-22 00:47:19.949573,0 days 00:00:00.186589,4.253925025195037,9.457799337365106,0.22208662701753626,COMPLETE
204,0.554279670495265,2026-04-22 00:47:19.949607,2026-04-22 00:47:20.135600,0 days 00:00:00.185993,4.535184381947885,9.795958253443695,0.24020041314988982,COMPLETE
205,0.5528584752578132,2026-04-22 00:47:20.135634,2026-04-22 00:47:20.319056,0 days 00:00:00.183422,4.439191682436801,8.77823421473216,0.2596332833960127,COMPLETE
206,0.5519222464156491,2026-04-22 00:47:20.319089,2026-04-22 00:47:20.506856,0 days 00:00:00.187767,3.981285419397978,9.77532201687016,0.23721914059657667,COMPLETE
207,0.5532735342219087,2026-04-22 00:47:20.506889,2026-04-22 00:47:20.702335,0 days 00:00:00.195446,4.707439918301243,9.42469194434208,0.23010236275370688,COMPLETE
208,0.5520753396374979,2026-04-22 00:47:20.702369,2026-04-22 00:47:20.896158,0 days 00:00:00.193789,5.032145241952057,9.187501630447262,0.2756088859754683,COMPLETE
209,0.552204199259658,2026-04-22 00:47:20.896191,2026-04-22 00:47:21.079933,0 days 00:00:00.183742,4.180012776554919,9.830255499180048,0.20357450229512813,COMPLETE
210,0.5494613691079263,2026-04-22 00:47:21.080009,2026-04-22 00:47:21.259469,0 days 00:00:00.179460,4.47976773452308,5.2674941355738,0.2493288588199681,COMPLETE
211,0.5531255318727927,2026-04-22 00:47:21.259502,2026-04-22 00:47:21.446895,0 days 00:00:00.187393,4.712077717271943,9.587585894182688,0.21046061271197078,COMPLETE
212,0.5539595765150536,2026-04-22 00:47:21.446928,2026-04-22 00:47:21.629089,0 days 00:00:00.182161,4.874372692692166,9.805693874633716,0.18486599470073434,COMPLETE
213,0.5526543527287925,2026-04-22 00:47:21.629122,2026-04-22 00:47:21.808066,0 days 00:00:00.178944,4.9737988752852385,9.800981267745783,0.22601708351775285,COMPLETE
214,0.5528113881797933,2026-04-22 00:47:21.808099,2026-04-22 00:47:21.994308,0 days 00:00:00.186209,4.527082295123917,9.569551898486527,0.16604757120450148,COMPLETE
215,0.5540125197835369,2026-04-22 00:47:21.994339,2026-04-22 00:47:22.178457,0 days 00:00:00.184118,5.2367838819361445,9.994072460360584,0.25489354674162573,COMPLETE
216,0.5531815577315766,2026-04-22 00:47:22.178489,2026-04-22 00:47:22.365826,0 days 00:00:00.187337,5.667314805316244,9.986836065406333,0.2620200291281749,COMPLETE
217,0.5532811820553555,2026-04-22 00:47:22.365859,2026-04-22 00:47:22.552884,0 days 00:00:00.187025,5.3488394748790835,9.992122897826345,0.2055661350601304,COMPLETE
218,0.5322098102626913,2026-04-22 00:47:22.552917,2026-04-22 00:47:22.735902,0 days 00:00:00.182985,5.183576544514231,3.5101075627607985,0.29574072647906374,COMPLETE
219,0.5501051283460817,2026-04-22 00:47:22.735935,2026-04-22 00:47:22.916793,0 days 00:00:00.180858,5.844449649205729,9.763442655968163,0.4759915161064698,COMPLETE
220,0.5529867358534785,2026-04-22 00:47:22.916825,2026-04-22 00:47:23.105349,0 days 00:00:00.188524,4.850879624185744,9.998433030117848,0.17591923020365619,COMPLETE
221,0.5522489907877977,2026-04-22 00:47:23.105383,2026-04-22 00:47:23.287632,0 days 00:00:00.182249,4.370896109713277,9.640094166088929,0.2424195181114105,COMPLETE
222,0.5537627339421709,2026-04-22 00:47:23.287667,2026-04-22 00:47:23.465723,0 days 00:00:00.178056,4.74382909972031,9.334989409643663,0.22819524617487041,COMPLETE
223,0.5535765146887754,2026-04-22 00:47:23.465755,2026-04-22 00:47:23.656477,0 days 00:00:00.190722,5.066846221685996,9.387637418928243,0.21796295608379518,COMPLETE
224,0.5531742677847887,2026-04-22 00:47:23.656512,2026-04-22 00:47:23.836073,0 days 00:00:00.179561,5.125460626147175,9.352899809904251,0.2233756805770947,COMPLETE
225,0.5496396392739564,2026-04-22 00:47:23.836106,2026-04-22 00:47:24.018605,0 days 00:00:00.182499,5.42847681735367,9.077566519037942,0.19036590194495762,COMPLETE
226,0.5527021904356174,2026-04-22 00:47:24.018638,2026-04-22 00:47:24.204046,0 days 00:00:00.185408,4.8148521520332865,9.334303977788725,0.263748539797188,COMPLETE
227,0.553971160146254,2026-04-22 00:47:24.204081,2026-04-22 00:47:24.401025,0 days 00:00:00.196944,5.2614972405030285,9.770940324178724,0.20931578742111123,COMPLETE
228,0.5533749461696522,2026-04-22 00:47:24.401058,2026-04-22 00:47:24.589839,0 days 00:00:00.188781,4.954961225582999,9.781264292466076,0.21007275895507735,COMPLETE
229,0.5516004593824707,2026-04-22 00:47:24.589872,2026-04-22 00:47:24.776815,0 days 00:00:00.186943,4.609004045332015,9.781064097877511,0.14640849281534318,COMPLETE
230,0.5519053637362912,2026-04-22 00:47:24.776849,2026-04-22 00:47:24.956672,0 days 00:00:00.179823,5.224768680257609,9.652175157156718,0.18999903700552614,COMPLETE
231,0.5509059939137011,2026-04-22 00:47:24.956706,2026-04-22 00:47:25.139302,0 days 00:00:00.182596,5.565182229272184,9.492418023940601,0.23092031450004163,COMPLETE
232,0.5527384050597469,2026-04-22 00:47:25.139334,2026-04-22 00:47:25.323588,0 days 00:00:00.184254,5.195631843087829,9.244486983515639,0.21007244047005288,COMPLETE
233,0.5532607398602943,2026-04-22 00:47:25.323633,2026-04-22 00:47:25.508584,0 days 00:00:00.184951,4.979546249515198,9.995509438249016,0.24067050182761257,COMPLETE
234,0.5519700871898163,2026-04-22 00:47:25.508618,2026-04-22 00:47:25.692925,0 days 00:00:00.184307,5.359090033160245,9.43108659769726,0.2538153889923624,COMPLETE
235,0.5535361783683936,2026-04-22 00:47:25.692958,2026-04-22 00:47:25.879242,0 days 00:00:00.186284,4.801694439944266,9.811650513980096,0.22306975034560667,COMPLETE
236,0.5534407282778779,2026-04-22 00:47:25.879275,2026-04-22 00:47:26.062487,0 days 00:00:00.183212,4.754194842561526,9.795023652635953,0.21281549097049238,COMPLETE
237,0.5521207742717703,2026-04-22 00:47:26.062519,2026-04-22 00:47:26.245481,0 days 00:00:00.182962,4.31980620217693,9.804994153362507,0.1774476170443459,COMPLETE
238,0.5534283887475016,2026-04-22 00:47:26.245515,2026-04-22 00:47:26.435047,0 days 00:00:00.189532,4.5026646565564405,9.629745587685921,0.2207992202548388,COMPLETE
239,0.5528045802756177,2026-04-22 00:47:26.435079,2026-04-22 00:47:26.623678,0 days 00:00:00.188599,4.177153106049029,9.623422017319458,0.19960801072538245,COMPLETE
240,0.5529772539984456,2026-04-22 00:47:26.623722,2026-04-22 00:47:26.809358,0 days 00:00:00.185636,4.830334532779677,9.826715116716338,0.2730425275351823,COMPLETE
241,0.5535120900270629,2026-04-22 00:47:26.809391,2026-04-22 00:47:26.990021,0 days 00:00:00.180630,5.082948902914357,9.428180142649243,0.23784566081241357,COMPLETE
242,0.5541756405075586,2026-04-22 00:47:26.990052,2026-04-22 00:47:27.170928,0 days 00:00:00.180876,5.01268364191026,9.174433759034448,0.24899640841610823,COMPLETE
243,0.5527227688123422,2026-04-22 00:47:27.170960,2026-04-22 00:47:27.349446,0 days 00:00:00.178486,4.9853881147343815,8.937193711679374,0.23268450107933827,COMPLETE
244,0.5529987795189055,2026-04-22 00:47:27.349480,2026-04-22 00:47:27.526109,0 days 00:00:00.176629,5.091876676445005,9.152585922968871,0.25188931137866183,COMPLETE
245,0.5530600825795556,2026-04-22 00:47:27.526141,2026-04-22 00:47:27.707899,0 days 00:00:00.181758,4.692890168616612,9.344755062642372,0.19580545247313666,COMPLETE
246,0.5532640897933613,2026-04-22 00:47:27.707931,2026-04-22 00:47:27.888466,0 days 00:00:00.180535,4.998678953124645,9.487362023016214,0.22675835209112838,COMPLETE
247,0.5520750910344594,2026-04-22 00:47:27.888498,2026-04-22 00:47:28.068250,0 days 00:00:00.179752,4.815676085005728,9.858622429065946,0.16466976789579216,COMPLETE
248,0.5528935111068322,2026-04-22 00:47:28.068283,2026-04-22 00:47:28.248461,0 days 00:00:00.180178,5.254661989221532,9.12389082097398,0.21822870858102816,COMPLETE
249,0.5530542273409396,2026-04-22 00:47:28.248494,2026-04-22 00:47:28.424469,0 days 00:00:00.175975,4.609511266373029,9.987862126644218,0.25335007723893366,COMPLETE
250,0.5538823452951831,2026-04-22 00:47:28.424503,2026-04-22 00:47:28.599616,0 days 00:00:00.175113,4.478373617756106,8.92291453230611,0.18931751828523538,COMPLETE
251,0.5529664259831396,2026-04-22 00:47:28.599649,2026-04-22 00:47:28.789462,0 days 00:00:00.189813,4.455939782364591,8.73549822065946,0.18586224323048028,COMPLETE
252,0.55138211034502,2026-04-22 00:47:28.789497,2026-04-22 00:47:28.969414,0 days 00:00:00.179917,4.588731488335927,8.999014643673101,0.19979244188776712,COMPLETE
253,0.5518665372735474,2026-04-22 00:47:28.969448,2026-04-22 00:47:29.150478,0 days 00:00:00.181030,4.8385083719671975,9.251915221609654,0.1622423870298938,COMPLETE
254,0.5525032439503161,2026-04-22 00:47:29.150510,2026-04-22 00:47:29.333523,0 days 00:00:00.183013,4.367075146125189,8.899824759312363,0.2096106481087286,COMPLETE
255,0.5536856809534001,2026-04-22 00:47:29.333563,2026-04-22 00:47:29.518367,0 days 00:00:00.184804,4.6971979004288205,9.66547985953363,0.2254118007512734,COMPLETE
256,0.5527175411538906,2026-04-22 00:47:29.518418,2026-04-22 00:47:29.701171,0 days 00:00:00.182753,4.525675775559798,9.6774812719957,0.17988618726802622,COMPLETE
257,0.5531452308316925,2026-04-22 00:47:29.701204,2026-04-22 00:47:29.883853,0 days 00:00:00.182649,4.253580385952599,9.818135472615566,0.2254164079375486,COMPLETE
258,0.5533611201862272,2026-04-22 00:47:29.883888,2026-04-22 00:47:30.066024,0 days 00:00:00.182136,4.70588865025463,9.577452044126671,0.19495596496067139,COMPLETE
259,0.5520552258915292,2026-04-22 00:47:30.066057,2026-04-22 00:47:30.249460,0 days 00:00:00.183403,4.38290940911512,9.842618225356214,0.15062819590092805,COMPLETE
260,0.5535489324485782,2026-04-22 00:47:30.249493,2026-04-22 00:47:30.433352,0 days 00:00:00.183859,4.833303882485862,9.984469713624359,0.21532840525945746,COMPLETE
261,0.5526866734741054,2026-04-22 00:47:30.433387,2026-04-22 00:47:30.618884,0 days 00:00:00.185497,4.703712924176505,9.91141677962228,0.1808604011656088,COMPLETE
262,0.5534512677029062,2026-04-22 00:47:30.618918,2026-04-22 00:47:30.805178,0 days 00:00:00.186260,4.523279547618732,9.678055341724399,0.20934825982383287,COMPLETE
263,0.5508255432495983,2026-04-22 00:47:30.805212,2026-04-22 00:47:30.991968,0 days 00:00:00.186756,4.193846162190327,5.763871355125723,0.21752587425441441,COMPLETE
264,0.5533174029908176,2026-04-22 00:47:30.992002,2026-04-22 00:47:31.170739,0 days 00:00:00.178737,4.86948620974194,9.970509327640366,0.1963751926165292,COMPLETE
265,0.5529716625787018,2026-04-22 00:47:31.170772,2026-04-22 00:47:31.356679,0 days 00:00:00.185907,4.652539204607097,9.704269063199236,0.1704337260390989,COMPLETE
