number,value,datetime_start,datetime_complete,duration,params_alpha,params_beta,params_decay_factor,state
266,0.5533702926484225,2026-04-22 00:47:31.356718,2026-04-22 00:47:31.536630,0 days 00:00:00.179912,4.429348404165511,9.837720903709151,0.22541944271472775,COMPLETE
267,0.5532567252056017,2026-04-22 00:47:31.536663,2026-04-22 00:47:31.717717,0 days 00:00:00.181054,4.886780361663709,9.998272695205378,0.2778651219309504,COMPLETE
268,0.5469745298838229,2026-04-22 00:47:31.717751,2026-04-22 00:47:31.900132,0 days 00:00:00.182381,5.062984426338021,9.554261828104405,0.1345529160093747,COMPLETE
269,0.5530766810230235,2026-04-22 00:47:31.900166,2026-04-22 00:47:32.077816,0 days 00:00:00.177650,4.718011724036938,9.990430904517648,0.2547073404574622,COMPLETE
270,0.5528473440126841,2026-04-22 00:47:32.077849,2026-04-22 00:47:32.255073,0 days 00:00:00.177224,4.037220043779232,9.400825023266055,0.203123524847922,COMPLETE
271,0.5528443578574831,2026-04-22 00:47:32.255106,2026-04-22 00:47:32.440981,0 days 00:00:00.185875,4.335871132335784,9.724791451558747,0.1851759084212877,COMPLETE
272,0.5542082161957207,2026-04-22 00:47:32.441013,2026-04-22 00:47:32.628644,0 days 00:00:00.187631,4.571381338395674,9.14787553558419,0.2334427579871854,COMPLETE
273,0.553014373527875,2026-04-22 00:47:32.628679,2026-04-22 00:47:32.814618,0 days 00:00:00.185939,4.857987735238583,9.046668539353298,0.24092691792388637,COMPLETE
274,0.5486148204864099,2026-04-22 00:47:32.814651,2026-04-22 00:47:32.993966,0 days 00:00:00.179315,1.7004710773221996,9.21047058394244,0.5441771121482935,COMPLETE
275,0.5483691304874025,2026-04-22 00:47:32.994000,2026-04-22 00:47:33.179729,0 days 00:00:00.185729,4.5903968492928175,8.80319482865286,0.8750864027034215,COMPLETE
276,0.5527450018529119,2026-04-22 00:47:33.179763,2026-04-22 00:47:33.366873,0 days 00:00:00.187110,5.292676754516024,9.304105023655769,0.23161261454361484,COMPLETE
277,0.5529195677604689,2026-04-22 00:47:33.366908,2026-04-22 00:47:33.550087,0 days 00:00:00.183179,5.045903708565529,8.62834625966372,0.2646492696898427,COMPLETE
278,0.5524503515581336,2026-04-22 00:47:33.550120,2026-04-22 00:47:33.744377,0 days 00:00:00.194257,4.724518196399504,9.018230836930574,0.2899137346283276,COMPLETE
279,0.3826776937483201,2026-04-22 00:47:33.744414,2026-04-22 00:47:33.947981,0 days 00:00:00.203567,9.525661374189163,9.53207351756469,0.22671477948764127,COMPLETE
280,0.551490057530444,2026-04-22 00:47:33.948016,2026-04-22 00:47:34.140235,0 days 00:00:00.192219,4.150269419102259,9.19859496089952,0.4064380636505499,COMPLETE
281,0.5519090335961184,2026-04-22 00:47:34.140268,2026-04-22 00:47:34.327811,0 days 00:00:00.187543,4.517148833536473,9.434010616138405,0.16395297350643484,COMPLETE
282,0.5078524492614181,2026-04-22 00:47:34.327843,2026-04-22 00:47:33.776895,-1 days +23:59:59.449052,4.918676181577645,2.181931332564255,0.24926089506850604,COMPLETE
283,0.5486224739826125,2026-04-22 00:47:33.776928,2026-04-22 00:47:33.963820,0 days 00:00:00.186892,5.143709259965945,6.6810233365822125,0.2144324406376626,COMPLETE
284,0.5534885121778168,2026-04-22 00:47:33.963854,2026-04-22 00:47:34.148812,0 days 00:00:00.184958,4.715689446419325,9.573244795094062,0.2631347140795621,COMPLETE
285,0.5522285927226132,2026-04-22 00:47:34.148847,2026-04-22 00:47:34.331391,0 days 00:00:00.182544,4.38047173933795,9.689896803679902,0.1956755164922214,COMPLETE
286,0.5527996664380646,2026-04-22 00:47:34.331425,2026-04-22 00:47:34.512090,0 days 00:00:00.180665,4.527903510939848,8.848572594487916,0.23079829853561398,COMPLETE
287,0.5518425450845176,2026-04-22 00:47:34.512123,2026-04-22 00:47:34.695244,0 days 00:00:00.183121,4.862858769529473,9.36102696122848,0.18038772874995584,COMPLETE
288,0.552509269767816,2026-04-22 00:47:34.695276,2026-04-22 00:47:34.880486,0 days 00:00:00.185210,4.228659509785661,9.134086220850135,0.2465967232654961,COMPLETE
289,0.534760357603027,2026-04-22 00:47:34.880520,2026-04-22 00:47:35.063804,0 days 00:00:00.183284,5.3170474210347685,9.811759149046203,0.11504452725421169,COMPLETE
290,0.5535252071718296,2026-04-22 00:47:35.063837,2026-04-22 00:47:35.247165,0 days 00:00:00.183328,4.620068810147549,9.648108621658483,0.21259932805008144,COMPLETE
291,0.5368305592861999,2026-04-22 00:47:35.247199,2026-04-22 00:47:35.434782,0 days 00:00:00.187583,3.833589598158779,2.9057178554747214,0.6552217659777435,COMPLETE
292,0.5529265828726032,2026-04-22 00:47:35.434817,2026-04-22 00:47:35.634386,0 days 00:00:00.199569,5.040976114661217,9.492898508313386,0.27452409341937056,COMPLETE
293,0.5523006630000111,2026-04-22 00:47:35.634421,2026-04-22 00:47:35.838637,0 days 00:00:00.204216,4.819363051493227,8.386853165936738,0.23477694587873363,COMPLETE
294,0.5516441232503095,2026-04-22 00:47:35.838673,2026-04-22 00:47:36.039183,0 days 00:00:00.200510,4.071687488764075,9.256954655409816,0.14530540829147656,COMPLETE
295,0.5532331486876244,2026-04-22 00:47:36.039218,2026-04-22 00:47:36.264884,0 days 00:00:00.225666,4.392631435212162,9.751448385472104,0.19824440621382491,COMPLETE
296,0.5527217977744051,2026-04-22 00:47:36.264924,2026-04-22 00:47:36.468686,0 days 00:00:00.203762,5.203304550417482,8.973904830476174,0.2214311887371922,COMPLETE
297,0.2722111366515495,2026-04-22 00:47:36.468722,2026-04-22 00:47:36.647149,0 days 00:00:00.178427,4.601255655789627,9.429102817451241,0.027019611944099686,COMPLETE
298,0.5491192787548761,2026-04-22 00:47:36.647184,2026-04-22 00:47:36.835170,0 days 00:00:00.187986,5.412572538429184,9.825715879463349,0.16452666913342756,COMPLETE
299,0.5528212282845321,2026-04-22 00:47:36.835203,2026-04-22 00:47:37.028648,0 days 00:00:00.193445,4.986981138274448,9.628295175297053,0.2591791180429741,COMPLETE
300,0.5370200081511672,2026-04-22 00:47:37.028682,2026-04-22 00:47:37.213623,0 days 00:00:00.184941,4.799406149987691,3.923232586965802,0.20857514448029074,COMPLETE
301,0.5529801532553202,2026-04-22 00:47:37.213662,2026-04-22 00:47:37.413217,0 days 00:00:00.199555,4.327215075559034,9.291522433175968,0.1843298953800947,COMPLETE
302,0.5534501851645677,2026-04-22 00:47:37.413252,2026-04-22 00:47:37.601104,0 days 00:00:00.187852,4.532520846255378,9.991283204741638,0.23910979149031653,COMPLETE
303,0.551611635514614,2026-04-22 00:47:37.601138,2026-04-22 00:47:37.782302,0 days 00:00:00.181164,4.682664007169291,9.639561968449135,0.30993390140921284,COMPLETE
304,0.5534272330237914,2026-04-22 00:47:37.782342,2026-04-22 00:47:37.964161,0 days 00:00:00.181819,5.007773041531354,9.812232565567061,0.2860919467413746,COMPLETE
305,0.548378563480567,2026-04-22 00:47:37.964194,2026-04-22 00:47:38.142862,0 days 00:00:00.178668,4.183384076343395,4.636806284380247,0.21868440894822977,COMPLETE
306,0.5533838586190263,2026-04-22 00:47:38.142895,2026-04-22 00:47:38.335267,0 days 00:00:00.192372,5.201610998722184,9.458570862596424,0.24958752272852883,COMPLETE
307,0.5533623917827178,2026-04-22 00:47:38.335304,2026-04-22 00:47:38.517551,0 days 00:00:00.182247,4.805278089109196,9.125241287937872,0.19548492777352566,COMPLETE
308,0.5504863059783931,2026-04-22 00:47:38.517586,2026-04-22 00:47:38.703256,0 days 00:00:00.185670,5.5760064872818695,8.835205619251823,0.23131485849185401,COMPLETE
309,0.5514014382451283,2026-04-22 00:47:38.703307,2026-04-22 00:47:38.884831,0 days 00:00:00.181524,4.493188160283482,9.839267089435955,0.1702883456878811,COMPLETE
310,0.5526242923787478,2026-04-22 00:47:38.884864,2026-04-22 00:47:39.068131,0 days 00:00:00.183267,3.9913545986153505,9.990658899107725,0.2668572036256656,COMPLETE
311,0.5531102535135978,2026-04-22 00:47:39.068166,2026-04-22 00:47:39.255083,0 days 00:00:00.186917,4.294485753834174,9.509744627997566,0.2147914996668586,COMPLETE
312,0.5526623389751115,2026-04-22 00:47:39.255118,2026-04-22 00:47:39.453619,0 days 00:00:00.198501,4.976039203983125,9.100288316722258,0.1908063562071746,COMPLETE
313,0.524232754683697,2026-04-22 00:47:39.453654,2026-04-22 00:47:39.646526,0 days 00:00:00.192872,7.113526164436315,9.677540288881685,0.2473475319999873,COMPLETE
314,0.5548011162752013,2026-04-22 00:47:39.646560,2026-04-22 00:47:39.831648,0 days 00:00:00.185088,4.671289194817922,9.323676852676858,0.20599925559811502,COMPLETE
315,0.5519643626703794,2026-04-22 00:47:39.831681,2026-04-22 00:47:40.018419,0 days 00:00:00.186738,4.554187270013227,9.275067332672434,0.16198222752429914,COMPLETE
316,0.5529971808895823,2026-04-22 00:47:40.018452,2026-04-22 00:47:40.212771,0 days 00:00:00.194319,4.375667388472925,8.625795362278755,0.20140862149098848,COMPLETE
317,0.5522053807289742,2026-04-22 00:47:40.212802,2026-04-22 00:47:40.402970,0 days 00:00:00.190168,4.681247558041037,8.993282258570481,0.17923772588445439,COMPLETE
318,0.5502461030486709,2026-04-22 00:47:40.403002,2026-04-22 00:47:40.584925,0 days 00:00:00.181923,4.122449425639702,9.37766567921181,0.15329767559737076,COMPLETE
319,0.4055785113698425,2026-04-22 00:47:40.584958,2026-04-22 00:47:40.759599,0 days 00:00:00.174641,5.129587637942542,0.3064614553702061,0.2109420820393252,COMPLETE
320,0.5531422159084951,2026-04-22 00:47:40.759632,2026-04-22 00:47:40.940769,0 days 00:00:00.181137,4.477614479339552,9.187573662634685,0.23901472743630037,COMPLETE
321,0.5524713993112869,2026-04-22 00:47:40.940802,2026-04-22 00:47:41.138892,0 days 00:00:00.198090,5.422759928703539,9.471745306340777,0.27687298427805007,COMPLETE
322,0.5532594653797122,2026-04-22 00:47:41.138925,2026-04-22 00:47:41.333023,0 days 00:00:00.194098,4.888483609548232,9.63383623184999,0.18959557329312557,COMPLETE
323,0.5527985458238922,2026-04-22 00:47:41.333057,2026-04-22 00:47:41.517082,0 days 00:00:00.184025,4.690534451210147,8.857046443238515,0.25783796914096857,COMPLETE
324,0.5252022809917373,2026-04-22 00:47:41.517116,2026-04-22 00:47:41.696729,0 days 00:00:00.179613,4.242473403589707,9.285473640120017,0.07842786921096294,COMPLETE
325,0.5536247644895024,2026-04-22 00:47:41.696759,2026-04-22 00:47:41.874735,0 days 00:00:00.177976,4.551057586279976,9.06236939982669,0.22811899122173238,COMPLETE
326,0.5535411472091393,2026-04-22 00:47:41.874769,2026-04-22 00:47:42.053222,0 days 00:00:00.178453,3.8777048711704754,9.01906807244849,0.23153913437057722,COMPLETE
327,0.5536471226630681,2026-04-22 00:47:42.053253,2026-04-22 00:47:42.232868,0 days 00:00:00.179615,4.40850725032191,8.819942552424964,0.24988008277067764,COMPLETE
328,0.550210753678783,2026-04-22 00:47:42.232900,2026-04-22 00:47:42.410492,0 days 00:00:00.177592,4.317881057789377,8.411749491150962,0.13625040646566,COMPLETE
329,0.5534474381026074,2026-04-22 00:47:42.410527,2026-04-22 00:47:42.590078,0 days 00:00:00.179551,4.497546582586639,8.6179028538925,0.2946541060989209,COMPLETE
330,0.5518086794218406,2026-04-22 00:47:42.590110,2026-04-22 00:47:42.766183,0 days 00:00:00.176073,4.158003711131515,8.967084120395212,0.20244615264247634,COMPLETE
331,0.5526103133088176,2026-04-22 00:47:42.766215,2026-04-22 00:47:42.943996,0 days 00:00:00.177781,3.642940610961357,8.74425022235004,0.24135414287020937,COMPLETE
332,0.5522372749434229,2026-04-22 00:47:42.944029,2026-04-22 00:47:43.124340,0 days 00:00:00.180311,4.4257813398051145,9.073589440573057,0.22424904810529603,COMPLETE
333,0.549076282336497,2026-04-22 00:47:43.124373,2026-04-22 00:47:43.304815,0 days 00:00:00.180442,4.0064863061045415,8.739641343119848,0.7701237051417046,COMPLETE
334,0.5532530631448191,2026-04-22 00:47:43.304847,2026-04-22 00:47:43.486741,0 days 00:00:00.181894,4.638230025353253,9.194788824590098,0.18068604988878947,COMPLETE
335,0.5519632252596318,2026-04-22 00:47:43.486773,2026-04-22 00:47:43.661789,0 days 00:00:00.175016,4.330106056338357,9.432018535885845,0.26880037373753296,COMPLETE
336,0.5525175962562257,2026-04-22 00:47:43.661820,2026-04-22 00:47:43.849188,0 days 00:00:00.187368,4.59807024958503,8.920418169122248,0.2073330145338771,COMPLETE
337,0.5530985440254361,2026-04-22 00:47:43.849222,2026-04-22 00:47:44.039621,0 days 00:00:00.190399,4.49223771088971,9.57047000070665,0.23395129745283774,COMPLETE
338,0.5188568117295475,2026-04-22 00:47:44.039655,2026-04-22 00:47:44.238024,0 days 00:00:00.198369,4.15529231196032,1.52315100578363,0.2510528560782809,COMPLETE
339,0.5524955390293631,2026-04-22 00:47:44.238065,2026-04-22 00:47:44.454645,0 days 00:00:00.216580,4.71851765275655,9.304244389682385,0.17665966798926577,COMPLETE
340,0.55218854815856,2026-04-22 00:47:44.454681,2026-04-22 00:47:44.653254,0 days 00:00:00.198573,4.918784850650584,9.079727651716606,0.21765624779660636,COMPLETE
341,0.5530898124637083,2026-04-22 00:47:44.653288,2026-04-22 00:47:44.845381,0 days 00:00:00.192093,4.445033561542549,9.72870271387063,0.19633301218220442,COMPLETE
342,0.5506613975589684,2026-04-22 00:47:44.845435,2026-04-22 00:47:45.039584,0 days 00:00:00.194149,4.703167724895778,9.44917771471077,0.15343236912855113,COMPLETE
343,0.5531834367805357,2026-04-22 00:47:45.039618,2026-04-22 00:47:45.231671,0 days 00:00:00.192053,4.255706991983093,9.639630912461966,0.2518000102558843,COMPLETE
344,0.5533366601913524,2026-04-22 00:47:45.231706,2026-04-22 00:47:45.424798,0 days 00:00:00.193092,4.589470950751615,9.216757610585546,0.2286248177523857,COMPLETE
345,0.42007181062390764,2026-04-22 00:47:45.424834,2026-04-22 00:47:45.622002,0 days 00:00:00.197168,8.658719765988222,8.52184140968656,0.28018253991469394,COMPLETE
346,0.551954999451685,2026-04-22 00:47:45.622036,2026-04-22 00:47:45.806299,0 days 00:00:00.184263,4.010527214614667,6.311508770022907,0.1982922164944602,COMPLETE
347,0.551779612267053,2026-04-22 00:47:45.806342,2026-04-22 00:47:45.994826,0 days 00:00:00.188484,4.995401285371018,8.903328319238069,0.3231848755323694,COMPLETE
348,0.552738372255412,2026-04-22 00:47:45.994859,2026-04-22 00:47:46.174280,0 days 00:00:00.179421,4.788232210113711,9.996744494427878,0.21733317608851202,COMPLETE
349,0.552214933588399,2026-04-22 00:47:46.174314,2026-04-22 00:47:46.356482,0 days 00:00:00.182168,4.340756766449688,6.972347848533712,0.1717284600539957,COMPLETE
350,0.5527928952737796,2026-04-22 00:47:46.356513,2026-04-22 00:47:46.536367,0 days 00:00:00.179854,4.541594073933068,9.780108476718514,0.25922910090653245,COMPLETE
351,0.5526211739776952,2026-04-22 00:47:46.536400,2026-04-22 00:47:46.713231,0 days 00:00:00.176831,4.873542684743968,8.171167758555697,0.23707670815048246,COMPLETE
352,0.5524149929279877,2026-04-22 00:47:46.713262,2026-04-22 00:47:46.892801,0 days 00:00:00.179539,5.105456565345654,9.442939520154859,0.19004220584522646,COMPLETE
353,0.5531055999676305,2026-04-22 00:47:46.892836,2026-04-22 00:47:47.072229,0 days 00:00:00.179393,4.225901655673654,9.600670011187539,0.21230893769523143,COMPLETE
354,0.5530402022780255,2026-04-22 00:47:47.072262,2026-04-22 00:47:47.255329,0 days 00:00:00.183067,4.665821638055276,9.324033249726766,0.24040601624434507,COMPLETE
355,0.5484507892309927,2026-04-22 00:47:47.255360,2026-04-22 00:47:47.428073,0 days 00:00:00.172713,1.0238374794987477,9.118194664724612,0.27666110719397247,COMPLETE
356,0.5536265083414967,2026-04-22 00:47:47.428106,2026-04-22 00:47:47.617944,0 days 00:00:00.189838,3.8171244934422623,9.770235930556694,0.2035688511138618,COMPLETE
357,0.5529830458640365,2026-04-22 00:47:47.617975,2026-04-22 00:47:47.795715,0 days 00:00:00.177740,3.73550112829316,9.803252935710672,0.1720691611510036,COMPLETE
358,0.5522785775764201,2026-04-22 00:47:47.795747,2026-04-22 00:47:47.979719,0 days 00:00:00.183972,3.850846875090575,9.996445806887467,0.1461443687248325,COMPLETE
359,0.5513871327548808,2026-04-22 00:47:47.979752,2026-04-22 00:47:48.164912,0 days 00:00:00.185160,3.4665676559904406,9.743930020847806,0.19541166586666595,COMPLETE
360,0.5526032918723139,2026-04-22 00:47:48.164946,2026-04-22 00:47:48.348053,0 days 00:00:00.183107,5.22607315283716,9.599432096720491,0.2089944479089091,COMPLETE
361,0.5497394872051719,2026-04-22 00:47:48.348088,2026-04-22 00:47:48.531883,0 days 00:00:00.183795,3.5650147316734464,9.807076293991454,0.1192833429459933,COMPLETE
362,0.5525554877591105,2026-04-22 00:47:48.531919,2026-04-22 00:47:48.720335,0 days 00:00:00.188416,3.9332400478024065,8.800627512315673,0.18152795940957037,COMPLETE
363,0.5532986498712378,2026-04-22 00:47:48.720385,2026-04-22 00:47:48.903297,0 days 00:00:00.182912,4.971125031776758,9.51826654811328,0.29916999198244615,COMPLETE
364,0.5521903054458006,2026-04-22 00:47:48.903331,2026-04-22 00:47:49.086255,0 days 00:00:00.182924,5.709920704207242,9.81033800033143,0.2530344227783506,COMPLETE
365,0.5526316503164492,2026-04-22 00:47:49.086287,2026-04-22 00:47:49.278272,0 days 00:00:00.191985,4.8053052476197955,9.991781894122491,0.22661849748809199,COMPLETE
366,0.5482287495921697,2026-04-22 00:47:49.278305,2026-04-22 00:47:49.461020,0 days 00:00:00.182715,5.305962496938791,9.26527901037072,0.1611340362205298,COMPLETE
367,0.5528332987058475,2026-04-22 00:47:49.461053,2026-04-22 00:47:49.638863,0 days 00:00:00.177810,4.388734156663567,9.636588133230799,0.20280903233938033,COMPLETE
368,0.5527184279503136,2026-04-22 00:47:49.638897,2026-04-22 00:47:49.812440,0 days 00:00:00.173543,4.101007482582941,7.363630544750558,0.23931204544926407,COMPLETE
369,0.5510474420873399,2026-04-22 00:47:49.812471,2026-04-22 00:47:49.987086,0 days 00:00:00.174615,4.645185267104309,9.128453431454098,0.608332118500489,COMPLETE
370,0.5518639123141399,2026-04-22 00:47:49.987118,2026-04-22 00:47:50.172732,0 days 00:00:00.185614,5.033494053492157,9.412483853189482,0.1878294025858477,COMPLETE
371,0.5535771791890923,2026-04-22 00:47:50.172768,2026-04-22 00:47:50.363563,0 days 00:00:00.190795,4.797081475945513,9.801695295613419,0.21919626783144086,COMPLETE
372,0.5522981316404574,2026-04-22 00:47:50.363597,2026-04-22 00:47:50.543536,0 days 00:00:00.179939,4.861756017248008,9.664241276527248,0.26437091799625634,COMPLETE
373,0.5531017643426858,2026-04-22 00:47:50.543568,2026-04-22 00:47:50.724457,0 days 00:00:00.180889,5.180065740250674,9.811580373875552,0.22375539567651262,COMPLETE
374,0.5524481968582609,2026-04-22 00:47:50.724498,2026-04-22 00:47:50.905496,0 days 00:00:00.180998,5.497065011335427,9.802980683703119,0.2129643616192637,COMPLETE
375,0.5532005811346762,2026-04-22 00:47:50.905529,2026-04-22 00:47:51.085233,0 days 00:00:00.179704,4.765153482541815,8.932986258980762,0.24524252185325474,COMPLETE
376,0.5529546150534167,2026-04-22 00:47:51.085265,2026-04-22 00:47:51.263802,0 days 00:00:00.178537,5.016912397633415,9.865477809304972,0.22672471311011,COMPLETE
377,0.5526966686621767,2026-04-22 00:47:51.263873,2026-04-22 00:47:51.441757,0 days 00:00:00.177884,4.59138785564171,8.68573969736565,0.2691046266213244,COMPLETE
378,0.5514806639320393,2026-04-22 00:47:51.441790,2026-04-22 00:47:51.622170,0 days 00:00:00.180380,3.1210092759799175,9.992993188508178,0.2084523177805936,COMPLETE
379,0.5530443387141131,2026-04-22 00:47:51.622208,2026-04-22 00:47:51.797509,0 days 00:00:00.175301,4.820561640705721,9.379400110852398,0.23871149529227773,COMPLETE
380,0.5544495326846725,2026-04-22 00:47:51.797541,2026-04-22 00:47:51.974481,0 days 00:00:00.176940,4.5431381622571445,9.544055494859824,0.19001818186088626,COMPLETE
381,0.5506687133068494,2026-04-22 00:47:51.974514,2026-04-22 00:47:52.153774,0 days 00:00:00.179260,4.457320611602711,9.619079353076634,0.5132886214101794,COMPLETE
382,0.553303112764886,2026-04-22 00:47:52.153807,2026-04-22 00:47:52.338505,0 days 00:00:00.184698,4.57876751233209,9.575457718360015,0.19245589448810074,COMPLETE
383,0.5530546817054303,2026-04-22 00:47:52.338538,2026-04-22 00:47:52.520360,0 days 00:00:00.181822,4.286368661260125,9.989013301964453,0.18265193406856028,COMPLETE
384,0.5526990370643843,2026-04-22 00:47:52.520394,2026-04-22 00:47:52.712149,0 days 00:00:00.191755,4.6723465230706,9.77792867499514,0.2508750496295411,COMPLETE
385,0.54916484275673,2026-04-22 00:47:52.712183,2026-04-22 00:47:52.891379,0 days 00:00:00.179196,4.40421459851988,9.142616608652329,0.5709736882486023,COMPLETE
386,0.5481268573844765,2026-04-22 00:47:52.891411,2026-04-22 00:47:53.076155,0 days 00:00:00.184744,4.864817160361892,6.079637168174855,0.2015459019578667,COMPLETE
387,0.5529604069911089,2026-04-22 00:47:53.076190,2026-04-22 00:47:53.268547,0 days 00:00:00.192357,4.526194719368446,9.54867307353764,0.16160650928968873,COMPLETE
388,0.5526395029314399,2026-04-22 00:47:53.268581,2026-04-22 00:47:53.451480,0 days 00:00:00.182899,4.133401176838719,9.785442371351904,0.2186872157112812,COMPLETE
389,0.5522725528628283,2026-04-22 00:47:53.451512,2026-04-22 00:47:53.652065,0 days 00:00:00.200553,2.730113428476492,9.355346486153751,0.29152405280168836,COMPLETE
390,0.5534948514623892,2026-04-22 00:47:53.652098,2026-04-22 00:47:53.838523,0 days 00:00:00.186425,4.720450082454529,9.000172890009802,0.25998305749300377,COMPLETE
391,0.5531864768108425,2026-04-22 00:47:53.838564,2026-04-22 00:47:54.023938,0 days 00:00:00.185374,4.4856816636395,9.676104391480552,0.2322061371327849,COMPLETE
392,0.5522686206062491,2026-04-22 00:47:54.023970,2026-04-22 00:47:54.215396,0 days 00:00:00.191426,4.93444105822832,9.263192022605288,0.19554198058296768,COMPLETE
393,0.5518430080171934,2026-04-22 00:47:54.215429,2026-04-22 00:47:54.400124,0 days 00:00:00.184695,4.69600647619681,9.511703063890685,0.17751567493060172,COMPLETE
394,0.5527144139393229,2026-04-22 00:47:54.400160,2026-04-22 00:47:54.591086,0 days 00:00:00.190926,4.311098284584644,8.505504870677495,0.2784969574537145,COMPLETE
395,0.5526802596100634,2026-04-22 00:47:54.591123,2026-04-22 00:47:54.787174,0 days 00:00:00.196051,4.093836162180982,9.793110828457834,0.2168711675080048,COMPLETE
396,0.5505732606351018,2026-04-22 00:47:54.787209,2026-04-22 00:47:54.971224,0 days 00:00:00.184015,5.143075929346927,9.980451133630565,0.4324501253965458,COMPLETE
397,0.553556439514965,2026-04-22 00:47:54.971258,2026-04-22 00:47:55.153735,0 days 00:00:00.182477,4.538629637581256,9.508590069996945,0.24493235307209238,COMPLETE
398,0.5467923644033444,2026-04-22 00:47:55.153767,2026-04-22 00:47:55.328623,0 days 00:00:00.174856,4.781594548833397,8.723199197336204,0.914473176028977,COMPLETE
