number,value,datetime_start,datetime_complete,duration,params_alpha,params_beta,params_decay_factor,state
0,0.5515373625735436,2026-04-22 00:46:43.455305,2026-04-22 00:46:43.722776,0 days 00:00:00.267471,5.057351624237706,7.531827179702367,0.28079823308520757,COMPLETE
1,0.5476006957469891,2026-04-22 00:46:43.722807,2026-04-22 00:46:43.893543,0 days 00:00:00.170736,2.290080726544704,5.673566353942139,0.42946992990188426,COMPLETE
2,0.4980749163647999,2026-04-22 00:46:43.893577,2026-04-22 00:46:44.282943,0 days 00:00:00.389366,1.458242885491845,1.2668894010859066,0.9079878016363331,COMPLETE
3,0.5331406623942595,2026-04-22 00:46:44.282974,2026-04-22 00:46:44.453250,0 days 00:00:00.170276,0.8579841692109058,2.8745614031193876,0.5883079800055365,COMPLETE
4,0.4411960935345967,2026-04-22 00:46:44.453284,2026-04-22 00:46:44.629050,0 days 00:00:00.175766,8.348802557190755,7.305975955921866,0.5191601988526623,COMPLETE
5,0.5497156354122796,2026-04-22 00:46:44.629083,2026-04-22 00:46:44.797986,0 days 00:00:00.168903,1.6840281201604879,6.336087083189529,0.3797869725220673,COMPLETE
6,0.5187396155971383,2026-04-22 00:46:44.798019,2026-04-22 00:46:44.965236,0 days 00:00:00.167217,1.48581851340436,1.7975590770389804,0.7433107456232418,COMPLETE
7,0.32172571555683976,2026-04-22 00:46:44.965269,2026-04-22 00:46:45.136981,0 days 00:00:00.171712,8.432503680094944,0.9919525884722458,0.5198111339437927,COMPLETE
8,0.5245364316408112,2026-04-22 00:46:45.137013,2026-04-22 00:46:45.309260,0 days 00:00:00.172247,3.895047963767877,2.4427716649715903,0.8851725160308523,COMPLETE
9,0.3414505806694413,2026-04-22 00:46:45.309292,2026-04-22 00:46:45.477567,0 days 00:00:00.168275,8.711118790255881,2.650369877904455,0.6080846719870269,COMPLETE
10,0.485430705548438,2026-04-22 00:46:45.477599,2026-04-22 00:46:45.659282,0 days 00:00:00.181683,5.6774454310086195,9.921674795880516,0.08658791705167757,COMPLETE
11,0.5484785407594673,2026-04-22 00:46:45.659318,2026-04-22 00:46:45.846540,0 days 00:00:00.187222,5.708492203411259,7.582138043078204,0.2554716759093201,COMPLETE
12,0.5508082357499053,2026-04-22 00:46:45.846573,2026-04-22 00:46:46.025022,0 days 00:00:00.178449,3.7817376349665435,5.115033512081604,0.2817896901672104,COMPLETE
13,0.5472035145217127,2026-04-22 00:46:46.025054,2026-04-22 00:46:46.205663,0 days 00:00:00.180609,4.042455796244997,4.623575955155844,0.1754596100121007,COMPLETE
14,0.5385784686726522,2026-04-22 00:46:46.205696,2026-04-22 00:46:46.386836,0 days 00:00:00.181140,6.70650832703316,8.903838821896802,0.3078736305689739,COMPLETE
15,0.2728178791496794,2026-04-22 00:46:46.386870,2026-04-22 00:46:46.554050,0 days 00:00:00.167180,3.457452159916598,4.215922458442717,0.009613461850165206,COMPLETE
16,0.4716340539684951,2026-04-22 00:46:46.554094,2026-04-22 00:46:46.732664,0 days 00:00:00.178570,7.013550242678834,7.427871226009696,0.1964780347755138,COMPLETE
17,0.538927182951217,2026-04-22 00:46:46.732696,2026-04-22 00:46:46.905238,0 days 00:00:00.172542,0.044726065261122105,4.2623157405635865,0.35689708298484435,COMPLETE
18,0.5478109998829873,2026-04-22 00:46:46.905271,2026-04-22 00:46:47.081478,0 days 00:00:00.176207,2.8907350044308493,8.494752569325835,0.11246742037749821,COMPLETE
19,0.3344923104254485,2026-04-22 00:46:47.081510,2026-04-22 00:46:47.260407,0 days 00:00:00.178897,9.86289473361977,5.994799291774306,0.2635048172849944,COMPLETE
20,0.5379461230000266,2026-04-22 00:46:47.260442,2026-04-22 00:46:47.435704,0 days 00:00:00.175262,4.509864639652273,3.4150387525396697,0.7060187673969763,COMPLETE
21,0.5503010094494385,2026-04-22 00:46:47.435737,2026-04-22 00:46:47.616999,0 days 00:00:00.181262,5.147671691232779,6.38465288187378,0.4265995528666676,COMPLETE
22,0.5481657127399471,2026-04-22 00:46:47.617032,2026-04-22 00:46:47.789849,0 days 00:00:00.172817,5.160910610964232,5.331391275534811,0.45769440444618364,COMPLETE
23,0.531126333492053,2026-04-22 00:46:47.789879,2026-04-22 00:46:47.968509,0 days 00:00:00.178630,6.434196820743377,6.660447013075268,0.35543266335451285,COMPLETE
24,0.5527116267890354,2026-04-22 00:46:47.968542,2026-04-22 00:46:48.151027,0 days 00:00:00.182485,4.87190810894752,8.347164203284821,0.2053367837253091,COMPLETE
25,0.5524649817605473,2026-04-22 00:46:48.151058,2026-04-22 00:46:48.333950,0 days 00:00:00.182892,3.0071826844304805,8.731873290884433,0.193707242509203,COMPLETE
26,0.2728178791496794,2026-04-22 00:46:48.333984,2026-04-22 00:46:48.510662,0 days 00:00:00.176678,2.699142925908752,8.78338999561394,0.003531451479576203,COMPLETE
27,0.47936989033495664,2026-04-22 00:46:48.510695,2026-04-22 00:46:48.691173,0 days 00:00:00.180478,7.459481713458844,9.605693862778747,0.17732566379117337,COMPLETE
28,0.4468972243657329,2026-04-22 00:46:48.691208,2026-04-22 00:46:48.874560,0 days 00:00:00.183352,5.706340755689727,8.248490775041814,0.08509110080629359,COMPLETE
29,0.5531667667847889,2026-04-22 00:46:48.874594,2026-04-22 00:46:49.055549,0 days 00:00:00.180955,4.59785808474749,9.138595302272222,0.20469461724838905,COMPLETE
30,0.5529756504905102,2026-04-22 00:46:49.055581,2026-04-22 00:46:49.243746,0 days 00:00:00.188165,4.708106453366183,9.24635485560779,0.21722833960157412,COMPLETE
31,0.5533944497534873,2026-04-22 00:46:49.243778,2026-04-22 00:46:49.426023,0 days 00:00:00.182245,4.6286875503135505,9.560575314558154,0.19329673471978404,COMPLETE
32,0.3970705277104543,2026-04-22 00:46:49.426057,2026-04-22 00:46:49.602831,0 days 00:00:00.176774,4.551047053341128,0.044730111953905194,0.15036559665154808,COMPLETE
33,0.5534653357863515,2026-04-22 00:46:49.602863,2026-04-22 00:46:49.784874,0 days 00:00:00.182011,4.658549775456829,9.527115967451445,0.2254197478285941,COMPLETE
34,0.37453818430645797,2026-04-22 00:46:49.784907,2026-04-22 00:46:49.962760,0 days 00:00:00.177853,5.870735569258194,9.335843460978644,0.062127605946811715,COMPLETE
35,0.5524176662202851,2026-04-22 00:46:49.962791,2026-04-22 00:46:50.149257,0 days 00:00:00.186466,4.315262077076914,9.417070621748877,0.2986479152299675,COMPLETE
36,0.5518513498278544,2026-04-22 00:46:50.149293,2026-04-22 00:46:50.334512,0 days 00:00:00.185219,3.239843409220043,7.922840350703059,0.2370384508310726,COMPLETE
37,0.5488034423105453,2026-04-22 00:46:50.334547,2026-04-22 00:46:50.514131,0 days 00:00:00.179584,2.220469603066351,9.859296126008363,0.12548269010115284,COMPLETE
38,0.5516029454481909,2026-04-22 00:46:50.514163,2026-04-22 00:46:50.690256,0 days 00:00:00.176093,5.163414401076276,7.063546347206454,0.33153166714203297,COMPLETE
39,0.548315915612519,2026-04-22 00:46:50.690289,2026-04-22 00:46:50.868884,0 days 00:00:00.178595,6.2692877989321865,9.197691377411546,0.39799759854267436,COMPLETE
40,0.5043149335554353,2026-04-22 00:46:50.868917,2026-04-22 00:46:51.057332,0 days 00:00:00.188415,7.592958608474284,8.077109874378017,0.47276219764655086,COMPLETE
41,0.5537079881725065,2026-04-22 00:46:51.057367,2026-04-22 00:46:51.253219,0 days 00:00:00.195852,4.50390551296838,9.154808849591705,0.23919713749203705,COMPLETE
42,0.5536921287123732,2026-04-22 00:46:51.253254,2026-04-22 00:46:51.445994,0 days 00:00:00.192740,4.776837398509467,9.99723947395201,0.241261897780688,COMPLETE
43,0.5509799265645963,2026-04-22 00:46:51.446027,2026-04-22 00:46:51.633720,0 days 00:00:00.187693,4.212385898273848,9.9778132727606,0.1323609389183317,COMPLETE
44,0.5468318525103233,2026-04-22 00:46:51.633753,2026-04-22 00:46:51.814634,0 days 00:00:00.180881,3.7354168218643813,9.03169180751305,0.9626808916928081,COMPLETE
45,0.5496493220285018,2026-04-22 00:46:51.814667,2026-04-22 00:46:51.989120,0 days 00:00:00.174453,5.4438119086256,7.869613661476561,0.5681028040519162,COMPLETE
46,0.5508478998602527,2026-04-22 00:46:51.989152,2026-04-22 00:46:52.160073,0 days 00:00:00.170921,2.004914680562501,9.546250490306365,0.2505255736093457,COMPLETE
47,0.46999639942613314,2026-04-22 00:46:52.160107,2026-04-22 00:46:52.335589,0 days 00:00:00.175482,3.492586994923702,8.67424997310843,0.052926176149909965,COMPLETE
48,0.5495507902970403,2026-04-22 00:46:52.335623,2026-04-22 00:46:52.521493,0 days 00:00:00.185870,6.175969030852736,9.745715702007368,0.30156720305317064,COMPLETE
49,0.552359065556084,2026-04-22 00:46:52.521547,2026-04-22 00:46:52.701899,0 days 00:00:00.180352,4.029515778463091,9.977164470784217,0.15149483480429343,COMPLETE
50,0.5489697368133559,2026-04-22 00:46:52.701932,2026-04-22 00:46:52.874900,0 days 00:00:00.172968,2.586755545785694,7.10074296021287,0.4063612029692155,COMPLETE
51,0.5533287198189901,2026-04-22 00:46:52.874933,2026-04-22 00:46:53.053648,0 days 00:00:00.178715,4.731691876865976,9.148587179416307,0.21711921164263567,COMPLETE
52,0.55360000760863,2026-04-22 00:46:53.053681,2026-04-22 00:46:53.235881,0 days 00:00:00.182200,4.7311208947154615,9.040783053833604,0.24075389665587013,COMPLETE
53,0.5528556082145577,2026-04-22 00:46:53.235915,2026-04-22 00:46:53.422248,0 days 00:00:00.186333,5.4238695130704375,8.80643428439303,0.26869468026908483,COMPLETE
54,0.5523880201723033,2026-04-22 00:46:53.422281,2026-04-22 00:46:53.600512,0 days 00:00:00.178231,4.938945984798526,8.352140997705858,0.3352575508040535,COMPLETE
55,0.5523660431215919,2026-04-22 00:46:53.600544,2026-04-22 00:46:53.784267,0 days 00:00:00.183723,3.845411495942353,7.705845533708592,0.24535501874197127,COMPLETE
56,0.5520298538190205,2026-04-22 00:46:53.784300,2026-04-22 00:46:53.969855,0 days 00:00:00.185555,4.349170366495831,9.431367423879095,0.1572375599220826,COMPLETE
57,0.46496585238612054,2026-04-22 00:46:53.969891,2026-04-22 00:46:54.149460,0 days 00:00:00.179569,6.016138499518776,9.012713912406356,0.09485288613412254,COMPLETE
58,0.5514423068872237,2026-04-22 00:46:54.149495,2026-04-22 00:46:54.324167,0 days 00:00:00.174672,5.474242168445253,8.506517035970726,0.3740931226219205,COMPLETE
59,0.551655847182362,2026-04-22 00:46:54.324200,2026-04-22 00:46:54.506259,0 days 00:00:00.182059,3.538900527585727,9.584900035357052,0.285236489834237,COMPLETE
60,0.544278686893353,2026-04-22 00:46:54.506293,2026-04-22 00:46:54.682703,0 days 00:00:00.176410,1.0962454744034615,7.590066079769338,0.8013124187031653,COMPLETE
61,0.5530543209913376,2026-04-22 00:46:54.682736,2026-04-22 00:46:54.862526,0 days 00:00:00.179790,4.736121746980841,9.063021829005454,0.22220174578385515,COMPLETE
62,0.5530801748610663,2026-04-22 00:46:54.862559,2026-04-22 00:46:55.039897,0 days 00:00:00.177338,4.960766299923951,9.123606029310718,0.1869510195120113,COMPLETE
63,0.5531830871163465,2026-04-22 00:46:55.039930,2026-04-22 00:46:55.221064,0 days 00:00:00.181134,4.1263605743867,9.632494716772115,0.2265707524086379,COMPLETE
64,0.5515570830126088,2026-04-22 00:46:55.221097,2026-04-22 00:46:55.396604,0 days 00:00:00.175507,3.144440534407891,9.960592154691867,0.3221098861497036,COMPLETE
65,0.5534939928822581,2026-04-22 00:46:55.396638,2026-04-22 00:46:55.574103,0 days 00:00:00.177465,3.979468696615531,9.585112560952803,0.26818057201173046,COMPLETE
66,0.47218976569933724,2026-04-22 00:46:55.574133,2026-04-22 00:46:55.757965,0 days 00:00:00.183832,5.325292162325163,3.2992317554981003,0.1711547802773613,COMPLETE
67,0.5532696917207063,2026-04-22 00:46:55.757999,2026-04-22 00:46:55.936862,0 days 00:00:00.178863,4.443175038766227,8.583317820113152,0.27751171838960026,COMPLETE
68,0.46572470891571727,2026-04-22 00:46:55.936895,2026-04-22 00:46:56.116532,0 days 00:00:00.179637,6.664640904370574,9.396384427509982,0.11297410206491297,COMPLETE
69,0.5513592129169942,2026-04-22 00:46:56.116568,2026-04-22 00:46:56.292685,0 days 00:00:00.176117,3.648941634920387,8.081149321009296,0.3541924917696664,COMPLETE
70,0.476817631623836,2026-04-22 00:46:56.292717,2026-04-22 00:46:56.475928,0 days 00:00:00.183211,3.9530169430371185,8.903551248869695,0.05823653097064538,COMPLETE
71,0.5528067358690646,2026-04-22 00:46:56.475962,2026-04-22 00:46:56.663616,0 days 00:00:00.187654,4.487721543891185,8.491649160991667,0.26898069081338,COMPLETE
72,0.5516494254330762,2026-04-22 00:46:56.663651,2026-04-22 00:46:56.845756,0 days 00:00:00.182105,4.7641510193749275,8.685213523511532,0.28045744675525597,COMPLETE
73,0.5530897490832838,2026-04-22 00:46:56.845799,2026-04-22 00:46:57.022880,0 days 00:00:00.177081,4.2229552974464655,9.685092188820558,0.20652382955871101,COMPLETE
74,0.5531664654368714,2026-04-22 00:46:57.022912,2026-04-22 00:46:57.198954,0 days 00:00:00.176042,5.006893838959027,9.2422233817504,0.308665978107432,COMPLETE
75,0.552305410893201,2026-04-22 00:46:57.198985,2026-04-22 00:46:57.381963,0 days 00:00:00.182978,5.709014166566819,9.669478533855504,0.23757012479805947,COMPLETE
76,0.5532895711347712,2026-04-22 00:46:57.381996,2026-04-22 00:46:57.573651,0 days 00:00:00.191655,3.3437070293906874,8.668390887022667,0.19013854088632423,COMPLETE
77,0.530771123679601,2026-04-22 00:46:57.573685,2026-04-22 00:46:57.748760,0 days 00:00:00.175075,3.2964370545889796,2.166607951309449,0.1799856934339253,COMPLETE
78,0.5154858887947649,2026-04-22 00:46:57.748792,2026-04-22 00:46:57.929599,0 days 00:00:00.180807,5.197207048368553,5.677699596319032,0.14068808533569443,COMPLETE
79,0.5372652620091984,2026-04-22 00:46:57.929632,2026-04-22 00:46:58.116657,0 days 00:00:00.187025,3.9137670410335095,8.245279327764498,0.08701506903485673,COMPLETE
80,0.54947362702893,2026-04-22 00:46:58.116690,2026-04-22 00:46:58.298004,0 days 00:00:00.181314,4.648759860347202,9.383922674854375,0.6823267205843284,COMPLETE
81,0.5527458139692056,2026-04-22 00:46:58.298036,2026-04-22 00:46:58.484514,0 days 00:00:00.186478,4.418075880631006,8.613531914417116,0.2572751368081282,COMPLETE
82,0.5520772766646455,2026-04-22 00:46:58.484546,2026-04-22 00:46:58.665655,0 days 00:00:00.181109,4.371830082129012,8.91870509267877,0.19833030194402088,COMPLETE
83,0.5522139184771053,2026-04-22 00:46:58.665688,2026-04-22 00:46:58.844451,0 days 00:00:00.178763,3.45324374792552,9.8195665495012,0.22208292276480224,COMPLETE
84,0.5503342140636016,2026-04-22 00:46:58.844484,2026-04-22 00:46:59.029198,0 days 00:00:00.184714,4.855292119481014,9.254453088253621,0.15784680524076794,COMPLETE
85,0.550349731741235,2026-04-22 00:46:59.029230,2026-04-22 00:46:59.208561,0 days 00:00:00.179331,2.640276307537406,8.084943092099627,0.28735249039737126,COMPLETE
86,0.551587790531124,2026-04-22 00:46:59.208594,2026-04-22 00:46:59.384718,0 days 00:00:00.176124,2.949396410405927,8.770872548437922,0.3409006872899359,COMPLETE
87,0.553132486304241,2026-04-22 00:46:59.384752,2026-04-22 00:46:59.567002,0 days 00:00:00.182250,4.105902103988566,9.478765012671012,0.24575405103169576,COMPLETE
88,0.2757156578150006,2026-04-22 00:46:59.567036,2026-04-22 00:46:59.736909,0 days 00:00:00.169873,9.44750569732856,8.484534402825089,0.040514036485744365,COMPLETE
89,0.5505984404250445,2026-04-22 00:46:59.736942,2026-04-22 00:46:59.915802,0 days 00:00:00.178860,3.7276049915646894,6.795636714155004,0.43876988540621464,COMPLETE
90,0.5524987905743742,2026-04-22 00:46:59.915836,2026-04-22 00:47:00.093443,0 days 00:00:00.177607,5.048309245308293,9.791770051119368,0.37506904478933845,COMPLETE
91,0.552692192005087,2026-04-22 00:47:00.093475,2026-04-22 00:47:00.277387,0 days 00:00:00.183912,4.28536639856947,9.564414871502484,0.21590316669050816,COMPLETE
92,0.5527143567039474,2026-04-22 00:47:00.277418,2026-04-22 00:47:00.449982,0 days 00:00:00.172564,4.1122179421229985,9.066243996248524,0.22964024311159686,COMPLETE
93,0.5529327780886272,2026-04-22 00:47:00.450015,2026-04-22 00:47:00.630908,0 days 00:00:00.180893,4.631946867842547,9.735723599670466,0.1703426674690442,COMPLETE
94,0.5509468957869558,2026-04-22 00:47:00.630940,2026-04-22 00:47:00.814921,0 days 00:00:00.183981,5.578283994827266,9.268513155974412,0.2640526101075812,COMPLETE
95,0.5511555667732482,2026-04-22 00:47:00.814953,2026-04-22 00:47:00.992503,0 days 00:00:00.177550,3.8683160434954287,9.960465808890664,0.12644566163756255,COMPLETE
96,0.5493948551753554,2026-04-22 00:47:00.992535,2026-04-22 00:47:01.171365,0 days 00:00:00.178830,5.27677578648798,8.848063277584844,0.18355088741492642,COMPLETE
97,0.5519682686601652,2026-04-22 00:47:01.171398,2026-04-22 00:47:01.356669,0 days 00:00:00.185271,3.3735712485908804,9.421378861898555,0.3107073727322494,COMPLETE
98,0.550961378711808,2026-04-22 00:47:01.356702,2026-04-22 00:47:01.539361,0 days 00:00:00.182659,4.526974020754453,7.830203460733422,0.5324533642558162,COMPLETE
99,0.5516765553217974,2026-04-22 00:47:01.539396,2026-04-22 00:47:01.723909,0 days 00:00:00.184513,4.106477828474934,7.3102034727351155,0.2020178453692817,COMPLETE
100,0.5384751126759414,2026-04-22 00:47:01.723942,2026-04-22 00:47:01.936470,0 days 00:00:00.212528,3.6614085628364874,4.828722233852436,0.10800984997538762,COMPLETE
101,0.5528703336568465,2026-04-22 00:47:01.936504,2026-04-22 00:47:02.124503,0 days 00:00:00.187999,4.814806967209026,9.010627952054294,0.23422722393097736,COMPLETE
102,0.5528843121503466,2026-04-22 00:47:02.124536,2026-04-22 00:47:02.305489,0 days 00:00:00.180953,4.535489124654199,9.578119864395328,0.21324238655135036,COMPLETE
103,0.479858379754378,2026-04-22 00:47:02.305532,2026-04-22 00:47:02.484721,0 days 00:00:00.179189,5.085754752226721,1.3272631141763558,0.2933402977089557,COMPLETE
104,0.5408881766828673,2026-04-22 00:47:02.484754,2026-04-22 00:47:02.669100,0 days 00:00:00.184346,5.828996338254124,9.202822066549087,0.1674983694214442,COMPLETE
105,0.5529497550432381,2026-04-22 00:47:02.669145,2026-04-22 00:47:02.850084,0 days 00:00:00.180939,4.260354733268695,8.283866222612222,0.26818945532333505,COMPLETE
106,0.5397104916839373,2026-04-22 00:47:02.850117,2026-04-22 00:47:02.313594,-1 days +23:59:59.463477,5.367060202378191,8.688693274789483,0.14106528443738156,COMPLETE
107,0.5528068306116747,2026-04-22 00:47:02.313627,2026-04-22 00:47:02.496275,0 days 00:00:00.182648,3.066737440730199,9.102966815613417,0.2506576962854635,COMPLETE
108,0.5537116911397841,2026-04-22 00:47:02.496308,2026-04-22 00:47:02.676863,0 days 00:00:00.180555,4.723999751677857,9.773207594990472,0.19151040573440187,COMPLETE
109,0.5534322072397772,2026-04-22 00:47:02.676897,2026-04-22 00:47:02.855529,0 days 00:00:00.178632,4.70068488984724,9.752874007362582,0.1917999736536935,COMPLETE
110,0.5530355283035554,2026-04-22 00:47:02.855563,2026-04-22 00:47:03.034385,0 days 00:00:00.178822,4.82721286305256,9.97222155668032,0.18427654010740405,COMPLETE
111,0.5450231306399242,2026-04-22 00:47:03.034424,2026-04-22 00:47:03.207495,0 days 00:00:00.173071,0.14539523308537738,9.59064394485022,0.23040950969195742,COMPLETE
112,0.5539264591856528,2026-04-22 00:47:03.207528,2026-04-22 00:47:03.390776,0 days 00:00:00.183248,4.642955728134061,9.73343143249248,0.20305104040963823,COMPLETE
113,0.5529744799686278,2026-04-22 00:47:03.390807,2026-04-22 00:47:03.583926,0 days 00:00:00.193119,4.671388127347255,9.797818169193654,0.1937185182365649,COMPLETE
114,0.5524510078133532,2026-04-22 00:47:03.583958,2026-04-22 00:47:03.767053,0 days 00:00:00.183095,4.985341447962225,9.348434076312193,0.3167029832607511,COMPLETE
115,0.535999558923452,2026-04-22 00:47:03.767085,2026-04-22 00:47:03.941371,0 days 00:00:00.174286,4.412692739335957,4.173702663749411,0.153742493025995,COMPLETE
116,0.5531231351645975,2026-04-22 00:47:03.941401,2026-04-22 00:47:04.120612,0 days 00:00:00.179211,3.937935908107435,8.911141805030278,0.2762030854045027,COMPLETE
117,0.5394362966743731,2026-04-22 00:47:04.120647,2026-04-22 00:47:04.304346,0 days 00:00:00.183699,5.24884927266668,9.771160460565646,0.12022795767043724,COMPLETE
118,0.5530989758075672,2026-04-22 00:47:04.304378,2026-04-22 00:47:04.486442,0 days 00:00:00.182064,4.750401860627225,9.384091141665415,0.20379626817909566,COMPLETE
119,0.5534958508592235,2026-04-22 00:47:04.486474,2026-04-22 00:47:04.667802,0 days 00:00:00.181328,5.519496879500588,9.537913601632374,0.24200108313137433,COMPLETE
120,0.549974545219495,2026-04-22 00:47:04.667834,2026-04-22 00:47:04.850735,0 days 00:00:00.182901,5.972207266138429,9.550146413774186,0.25237134280320966,COMPLETE
121,0.5513843303987118,2026-04-22 00:47:04.850767,2026-04-22 00:47:05.032369,0 days 00:00:00.181602,5.557798219795523,9.225980697391782,0.21847896005668396,COMPLETE
122,0.552642186028571,2026-04-22 00:47:05.032402,2026-04-22 00:47:05.207052,0 days 00:00:00.174650,4.964979049105672,9.819385107518231,0.29267120080551284,COMPLETE
123,0.5513815295234894,2026-04-22 00:47:05.207083,2026-04-22 00:47:05.388284,0 days 00:00:00.181201,4.450270864350587,8.566656898321598,0.1710322199853295,COMPLETE
124,0.5534869809911468,2026-04-22 00:47:05.388317,2026-04-22 00:47:05.574298,0 days 00:00:00.185981,5.169783097945386,9.443133672762292,0.23787036940291206,COMPLETE
125,0.5452025512085518,2026-04-22 00:47:05.574332,2026-04-22 00:47:05.755837,0 days 00:00:00.181505,6.2306377524004315,9.443685976355589,0.24539818405015684,COMPLETE
126,0.5486068686054962,2026-04-22 00:47:05.755870,2026-04-22 00:47:05.934035,0 days 00:00:00.178165,5.727745468823136,9.991297948718978,0.19077419835724066,COMPLETE
127,0.5491434870115766,2026-04-22 00:47:05.934069,2026-04-22 00:47:06.118248,0 days 00:00:00.184179,5.158539242441533,9.10989962139688,0.1551782317826166,COMPLETE
128,0.540042912600091,2026-04-22 00:47:06.118280,2026-04-22 00:47:06.293945,0 days 00:00:00.175665,5.467013764837911,9.719479731878835,0.13623372201409542,COMPLETE
129,0.5531116302788572,2026-04-22 00:47:06.293977,2026-04-22 00:47:06.476073,0 days 00:00:00.182096,4.924709280199567,8.928017405721201,0.21444518872887053,COMPLETE
130,0.5534431485923403,2026-04-22 00:47:06.476106,2026-04-22 00:47:06.653225,0 days 00:00:00.177119,4.649503005015655,9.565291524252654,0.24027117407948498,COMPLETE
131,0.5532361228031395,2026-04-22 00:47:06.653256,2026-04-22 00:47:06.830040,0 days 00:00:00.176784,4.652052563289111,9.598850229482759,0.2395112944892868,COMPLETE
132,0.5535575235960217,2026-04-22 00:47:06.830074,2026-04-22 00:47:07.009666,0 days 00:00:00.179592,5.167521884610746,9.282089517523021,0.25876396666926643,COMPLETE
